Message              : ソフトウェア保護サービスの 2126-03-24T20:37:37Z の再起動をスケジュールしました。理由: RulesEngine。
Id                   : 16384
Version              : 0
Qualifiers           : 16384
Level                : 4
Task                 : 0
Opcode               : 0
Keywords             : 36028797018963968
RecordId             : 27811
ProviderName         : Microsoft-Windows-Security-SPP
ProviderId           : e23b33b0-c8c9-472c-a5f9-f2bdfea0f156
LogName              : Application
ProcessId            : 266628
ThreadId             : 0
MachineName          : DESKTOP-HUU77M6
UserId               : 
TimeCreated          : 2026/04/18 土曜日 5:37:37
ActivityId           : 
RelatedActivityId    : 
ContainerLog         : Application
MatchedQueryIds      : {}
Bookmark             : System.Diagnostics.Eventing.Reader.EventBookmark
LevelDisplayName     : 情報
OpcodeDisplayName    : 
TaskDisplayName      : 
KeywordsDisplayNames : {クラシック}
Properties           : {System.Diagnostics.Eventing.Reader.EventProperty, System.Diagnostics.Eventing.Reader.EventProperty}

Message              : オフライン ダウンレベルの移行が成功しました。
Id                   : 16394
Version              : 0
Qualifiers           : 49152
Level                : 4
Task                 : 0
Opcode               : 0
Keywords             : 36028797018963968
RecordId             : 27810
ProviderName         : Microsoft-Windows-Security-SPP
ProviderId           : e23b33b0-c8c9-472c-a5f9-f2bdfea0f156
LogName              : Application
ProcessId            : 266628
ThreadId             : 0
MachineName          : DESKTOP-HUU77M6
UserId               : 
TimeCreated          : 2026/04/18 土曜日 5:37:07
ActivityId           : 
RelatedActivityId    : 
ContainerLog         : Application
MatchedQueryIds      : {}
Bookmark             : System.Diagnostics.Eventing.Reader.EventBookmark
LevelDisplayName     : 情報
OpcodeDisplayName    : 
TaskDisplayName      : 
KeywordsDisplayNames : {クラシック}
Properties           : {}

Message              : 障害バケット 、種類 0
                       イベント名: crashpad_log
                       応答: 使用不可
                       Cab ID: 0
                       
                       問題の署名:
                       P1: MicrosoftEdgeUpdate.exe
                       P2: 1.3.229.3
                       P3: InstallError|copilot
                       P4: 0x80040905
                       P5: 
                       P6: 
                       P7: 
                       P8: 
                       P9: 
                       P10: 
                       
                       添付ファイル:
                       \\?\C:\ProgramData\Microsoft\EdgeUpdate\Log\MicrosoftEdgeUpdate.log
                       \\?\C:\Windows\SystemTemp\msedge_installer.log
                       
                       これらのファイルは次の場所にある可能性があります:
                       NULL
                       
                       分析記号: 
                       解決策を再確認中: 0
                       レポート ID: 1bdf67ed-6225-45c7-9ddd-ad6fd62c0549
                       レポートの状態: 268697600
                       ハッシュされたバケット: 
                       Cab GUID: 0
Id                   : 1001
Version              : 0
Qualifiers           : 
Level                : 4
Task                 : 0
Opcode               : 0
Keywords             : -9223372036854775808
RecordId             : 27809
ProviderName         : Windows Error Reporting
ProviderId           : 0ead09bd-2157-539a-8d6d-c87f95b64d70
LogName              : Application
ProcessId            : 156096
ThreadId             : 116188
MachineName          : DESKTOP-HUU77M6
UserId               : S-1-5-18
TimeCreated          : 2026/04/18 土曜日 5:31:23
ActivityId           : 
RelatedActivityId    : 
ContainerLog         : Application
MatchedQueryIds      : {}
Bookmark             : System.Diagnostics.Eventing.Reader.EventBookmark
LevelDisplayName     : 情報
OpcodeDisplayName    : 情報
TaskDisplayName      : 
KeywordsDisplayNames : {}
Properties           : {System.Diagnostics.Eventing.Reader.EventProperty, System.Diagnostics.Eventing.Reader.EventProperty, System.Diagnostics.Eventing.Reader.EventProperty, System.Diagnostics.Eventing.Reader.EventProperty…}

Message              : 障害バケット 1927553643478403836、種類 5
                       イベント名: crashpad_log
                       応答: 使用不可
                       Cab ID: 0
                       
                       問題の署名:
                       P1: MicrosoftEdgeUpdate.exe
                       P2: 1.3.229.3
                       P3: InstallError|copilot
                       P4: 0x80040905
                       P5: 
                       P6: 
                       P7: 
                       P8: 
                       P9: 
                       P10: 
                       
                       添付ファイル:
                       \\?\C:\ProgramData\Microsoft\EdgeUpdate\Log\MicrosoftEdgeUpdate.log
                       \\?\C:\Windows\SystemTemp\msedge_installer.log
                       \\?\C:\ProgramData\Microsoft\Windows\WER\Temp\WER.b69f19bc-5711-41b2-a66b-28c43280666d.tmp.WERInternalMetadata.xml
                       \\?\C:\ProgramData\Microsoft\Windows\WER\Temp\WER.5278f690-9816-4879-afa3-46e3403c17b9.tmp.csv
                       \\?\C:\ProgramData\Microsoft\Windows\WER\Temp\WER.6efb269d-d264-47cf-912a-831bcb306ddd.tmp.txt
                       \\?\C:\ProgramData\Microsoft\Windows\WER\Temp\WER.04a59e55-3708-4030-98cb-6ffe5336e5d6.tmp.xml
                       
                       これらのファイルは次の場所にある可能性があります:
                       \\?\C:\ProgramData\Microsoft\Windows\WER\ReportArchive\NonCritical_MicrosoftEdgeUpd_a51cc173b0aee1bb13c5fe239582254e5d4466_00000000_1bdf67ed-6225-45c7-9ddd-ad6fd62c0549
                       
                       分析記号: 
                       解決策を再確認中: 0
                       レポート ID: 1bdf67ed-6225-45c7-9ddd-ad6fd62c0549
                       レポートの状態: 268435456
                       ハッシュされたバケット: 69f9a5a97ff6a7903ac00bd37d0a4afc
                       Cab GUID: 0
Id                   : 1001
Version              : 0
Qualifiers           : 
Level                : 4
Task                 : 0
Opcode               : 0
Keywords             : -9223372036854775808
RecordId             : 27808
ProviderName         : Windows Error Reporting
ProviderId           : 0ead09bd-2157-539a-8d6d-c87f95b64d70
LogName              : Application
ProcessId            : 36188
ThreadId             : 40592
MachineName          : DESKTOP-HUU77M6
UserId               : S-1-5-18
TimeCreated          : 2026/04/18 土曜日 5:31:23
ActivityId           : 
RelatedActivityId    : 
ContainerLog         : Application
MatchedQueryIds      : {}
Bookmark             : System.Diagnostics.Eventing.Reader.EventBookmark
LevelDisplayName     : 情報
OpcodeDisplayName    : 情報
TaskDisplayName      : 
KeywordsDisplayNames : {}
Properties           : {System.Diagnostics.Eventing.Reader.EventProperty, System.Diagnostics.Eventing.Reader.EventProperty, System.Diagnostics.Eventing.Reader.EventProperty, System.Diagnostics.Eventing.Reader.EventProperty…}

Message              : Service stopped.
Id                   : 0
Version              : 0
Qualifiers           : 0
Level                : 4
Task                 : 0
Opcode               : 0
Keywords             : 36028797018963968
RecordId             : 27807
ProviderName         : edgeupdate
ProviderId           : 
LogName              : Application
ProcessId            : 66400
ThreadId             : 0
MachineName          : DESKTOP-HUU77M6
UserId               : 
TimeCreated          : 2026/04/18 土曜日 5:31:24
ActivityId           : 
RelatedActivityId    : 
ContainerLog         : Application
MatchedQueryIds      : {}
Bookmark             : System.Diagnostics.Eventing.Reader.EventBookmark
LevelDisplayName     : 情報
OpcodeDisplayName    : 情報
TaskDisplayName      : なし
KeywordsDisplayNames : {クラシック}
Properties           : {System.Diagnostics.Eventing.Reader.EventProperty}

Message              : ソフトウェア保護サービスの 2126-03-24T20:08:21Z の再起動をスケジュールしました。理由: RulesEngine。
Id                   : 16384
Version              : 0
Qualifiers           : 16384
Level                : 4
Task                 : 0
Opcode               : 0
Keywords             : 36028797018963968
RecordId             : 27806
ProviderName         : Microsoft-Windows-Security-SPP
ProviderId           : e23b33b0-c8c9-472c-a5f9-f2bdfea0f156
LogName              : Application
ProcessId            : 103384
ThreadId             : 0
MachineName          : DESKTOP-HUU77M6
UserId               : 
TimeCreated          : 2026/04/18 土曜日 5:08:21
ActivityId           : 
RelatedActivityId    : 
ContainerLog         : Application
MatchedQueryIds      : {}
Bookmark             : System.Diagnostics.Eventing.Reader.EventBookmark
LevelDisplayName     : 情報
OpcodeDisplayName    : 
TaskDisplayName      : 
KeywordsDisplayNames : {クラシック}
Properties           : {System.Diagnostics.Eventing.Reader.EventProperty, System.Diagnostics.Eventing.Reader.EventProperty}

Message              : オフライン ダウンレベルの移行が成功しました。
Id                   : 16394
Version              : 0
Qualifiers           : 49152
Level                : 4
Task                 : 0
Opcode               : 0
Keywords             : 36028797018963968
RecordId             : 27805
ProviderName         : Microsoft-Windows-Security-SPP
ProviderId           : e23b33b0-c8c9-472c-a5f9-f2bdfea0f156
LogName              : Application
ProcessId            : 103384
ThreadId             : 0
MachineName          : DESKTOP-HUU77M6
UserId               : 
TimeCreated          : 2026/04/18 土曜日 5:07:51
ActivityId           : 
RelatedActivityId    : 
ContainerLog         : Application
MatchedQueryIds      : {}
Bookmark             : System.Diagnostics.Eventing.Reader.EventBookmark
LevelDisplayName     : 情報
OpcodeDisplayName    : 
TaskDisplayName      : 
KeywordsDisplayNames : {クラシック}
Properties           : {}

Message              : ソフトウェア保護サービスの 2126-03-24T19:38:27Z の再起動をスケジュールしました。理由: RulesEngine。
Id                   : 16384
Version              : 0
Qualifiers           : 16384
Level                : 4
Task                 : 0
Opcode               : 0
Keywords             : 36028797018963968
RecordId             : 27804
ProviderName         : Microsoft-Windows-Security-SPP
ProviderId           : e23b33b0-c8c9-472c-a5f9-f2bdfea0f156
LogName              : Application
ProcessId            : 52084
ThreadId             : 0
MachineName          : DESKTOP-HUU77M6
UserId               : 
TimeCreated          : 2026/04/18 土曜日 4:38:27
ActivityId           : 
RelatedActivityId    : 
ContainerLog         : Application
MatchedQueryIds      : {}
Bookmark             : System.Diagnostics.Eventing.Reader.EventBookmark
LevelDisplayName     : 情報
OpcodeDisplayName    : 
TaskDisplayName      : 
KeywordsDisplayNames : {クラシック}
Properties           : {System.Diagnostics.Eventing.Reader.EventProperty, System.Diagnostics.Eventing.Reader.EventProperty}

Message              : オフライン ダウンレベルの移行が成功しました。
Id                   : 16394
Version              : 0
Qualifiers           : 49152
Level                : 4
Task                 : 0
Opcode               : 0
Keywords             : 36028797018963968
RecordId             : 27803
ProviderName         : Microsoft-Windows-Security-SPP
ProviderId           : e23b33b0-c8c9-472c-a5f9-f2bdfea0f156
LogName              : Application
ProcessId            : 52084
ThreadId             : 0
MachineName          : DESKTOP-HUU77M6
UserId               : 
TimeCreated          : 2026/04/18 土曜日 4:37:55
ActivityId           : 
RelatedActivityId    : 
ContainerLog         : Application
MatchedQueryIds      : {}
Bookmark             : System.Diagnostics.Eventing.Reader.EventBookmark
LevelDisplayName     : 情報
OpcodeDisplayName    : 
TaskDisplayName      : 
KeywordsDisplayNames : {クラシック}
Properties           : {}

Message              : ソフトウェア保護サービスの 2126-03-24T19:35:39Z の再起動をスケジュールしました。理由: RulesEngine。
Id                   : 16384
Version              : 0
Qualifiers           : 16384
Level                : 4
Task                 : 0
Opcode               : 0
Keywords             : 36028797018963968
RecordId             : 27802
ProviderName         : Microsoft-Windows-Security-SPP
ProviderId           : e23b33b0-c8c9-472c-a5f9-f2bdfea0f156
LogName              : Application
ProcessId            : 46876
ThreadId             : 0
MachineName          : DESKTOP-HUU77M6
UserId               : 
TimeCreated          : 2026/04/18 土曜日 4:35:39
ActivityId           : 
RelatedActivityId    : 
ContainerLog         : Application
MatchedQueryIds      : {}
Bookmark             : System.Diagnostics.Eventing.Reader.EventBookmark
LevelDisplayName     : 情報
OpcodeDisplayName    : 
TaskDisplayName      : 
KeywordsDisplayNames : {クラシック}
Properties           : {System.Diagnostics.Eventing.Reader.EventProperty, System.Diagnostics.Eventing.Reader.EventProperty}

Message              : オフライン ダウンレベルの移行が成功しました。
Id                   : 16394
Version              : 0
Qualifiers           : 49152
Level                : 4
Task                 : 0
Opcode               : 0
Keywords             : 36028797018963968
RecordId             : 27801
ProviderName         : Microsoft-Windows-Security-SPP
ProviderId           : e23b33b0-c8c9-472c-a5f9-f2bdfea0f156
LogName              : Application
ProcessId            : 46876
ThreadId             : 0
MachineName          : DESKTOP-HUU77M6
UserId               : 
TimeCreated          : 2026/04/18 土曜日 4:35:09
ActivityId           : 
RelatedActivityId    : 
ContainerLog         : Application
MatchedQueryIds      : {}
Bookmark             : System.Diagnostics.Eventing.Reader.EventBookmark
LevelDisplayName     : 情報
OpcodeDisplayName    : 
TaskDisplayName      : 
KeywordsDisplayNames : {クラシック}
Properties           : {}

Message              : Service stopped.
Id                   : 0
Version              : 0
Qualifiers           : 0
Level                : 4
Task                 : 0
Opcode               : 0
Keywords             : 36028797018963968
RecordId             : 27800
ProviderName         : edgeupdate
ProviderId           : 
LogName              : Application
ProcessId            : 98756
ThreadId             : 0
MachineName          : DESKTOP-HUU77M6
UserId               : 
TimeCreated          : 2026/04/18 土曜日 4:31:22
ActivityId           : 
RelatedActivityId    : 
ContainerLog         : Application
MatchedQueryIds      : {}
Bookmark             : System.Diagnostics.Eventing.Reader.EventBookmark
LevelDisplayName     : 情報
OpcodeDisplayName    : 情報
TaskDisplayName      : なし
KeywordsDisplayNames : {クラシック}
Properties           : {System.Diagnostics.Eventing.Reader.EventProperty}

Message              : ソフトウェア保護サービスの 2126-03-24T19:25:31Z の再起動をスケジュールしました。理由: RulesEngine。
Id                   : 16384
Version              : 0
Qualifiers           : 16384
Level                : 4
Task                 : 0
Opcode               : 0
Keywords             : 36028797018963968
RecordId             : 27799
ProviderName         : Microsoft-Windows-Security-SPP
ProviderId           : e23b33b0-c8c9-472c-a5f9-f2bdfea0f156
LogName              : Application
ProcessId            : 61464
ThreadId             : 0
MachineName          : DESKTOP-HUU77M6
UserId               : 
TimeCreated          : 2026/04/18 土曜日 4:25:31
ActivityId           : 
RelatedActivityId    : 
ContainerLog         : Application
MatchedQueryIds      : {}
Bookmark             : System.Diagnostics.Eventing.Reader.EventBookmark
LevelDisplayName     : 情報
OpcodeDisplayName    : 
TaskDisplayName      : 
KeywordsDisplayNames : {クラシック}
Properties           : {System.Diagnostics.Eventing.Reader.EventProperty, System.Diagnostics.Eventing.Reader.EventProperty}

Message              : オフライン ダウンレベルの移行が成功しました。
Id                   : 16394
Version              : 0
Qualifiers           : 49152
Level                : 4
Task                 : 0
Opcode               : 0
Keywords             : 36028797018963968
RecordId             : 27798
ProviderName         : Microsoft-Windows-Security-SPP
ProviderId           : e23b33b0-c8c9-472c-a5f9-f2bdfea0f156
LogName              : Application
ProcessId            : 61464
ThreadId             : 0
MachineName          : DESKTOP-HUU77M6
UserId               : 
TimeCreated          : 2026/04/18 土曜日 4:25:00
ActivityId           : 
RelatedActivityId    : 
ContainerLog         : Application
MatchedQueryIds      : {}
Bookmark             : System.Diagnostics.Eventing.Reader.EventBookmark
LevelDisplayName     : 情報
OpcodeDisplayName    : 
TaskDisplayName      : 
KeywordsDisplayNames : {クラシック}
Properties           : {}

Message              : ソフトウェア保護サービスの 2126-03-24T19:02:23Z の再起動をスケジュールしました。理由: RulesEngine。
Id                   : 16384
Version              : 0
Qualifiers           : 16384
Level                : 4
Task                 : 0
Opcode               : 0
Keywords             : 36028797018963968
RecordId             : 27797
ProviderName         : Microsoft-Windows-Security-SPP
ProviderId           : e23b33b0-c8c9-472c-a5f9-f2bdfea0f156
LogName              : Application
ProcessId            : 247228
ThreadId             : 0
MachineName          : DESKTOP-HUU77M6
UserId               : 
TimeCreated          : 2026/04/18 土曜日 4:02:23
ActivityId           : 
RelatedActivityId    : 
ContainerLog         : Application
MatchedQueryIds      : {}
Bookmark             : System.Diagnostics.Eventing.Reader.EventBookmark
LevelDisplayName     : 情報
OpcodeDisplayName    : 
TaskDisplayName      : 
KeywordsDisplayNames : {クラシック}
Properties           : {System.Diagnostics.Eventing.Reader.EventProperty, System.Diagnostics.Eventing.Reader.EventProperty}

Message              : オフライン ダウンレベルの移行が成功しました。
Id                   : 16394
Version              : 0
Qualifiers           : 49152
Level                : 4
Task                 : 0
Opcode               : 0
Keywords             : 36028797018963968
RecordId             : 27796
ProviderName         : Microsoft-Windows-Security-SPP
ProviderId           : e23b33b0-c8c9-472c-a5f9-f2bdfea0f156
LogName              : Application
ProcessId            : 247228
ThreadId             : 0
MachineName          : DESKTOP-HUU77M6
UserId               : 
TimeCreated          : 2026/04/18 土曜日 4:01:53
ActivityId           : 
RelatedActivityId    : 
ContainerLog         : Application
MatchedQueryIds      : {}
Bookmark             : System.Diagnostics.Eventing.Reader.EventBookmark
LevelDisplayName     : 情報
OpcodeDisplayName    : 
TaskDisplayName      : 
KeywordsDisplayNames : {クラシック}
Properties           : {}

Message              : プログラム dllhost.exe バージョン 10.0.26100.7705 は Windows との対話を停止し、閉じられました。問題に関する詳細情報が利用可能かどうかを参照するには、セキュリティとメンテナンスのコントロール パネルで問題の履歴を確認してください。
                       
Id                   : 1002
Version              : 0
Qualifiers           : 
Level                : 2
Task                 : 101
Opcode               : 0
Keywords             : -9223372036854775808
RecordId             : 27795
ProviderName         : Application Hang
ProviderId           : c631c3dc-c676-59e4-2db3-5c0af00f9675
LogName              : Application
ProcessId            : 135456
ThreadId             : 98068
MachineName          : DESKTOP-HUU77M6
UserId               : S-1-5-18
TimeCreated          : 2026/04/18 土曜日 3:42:41
ActivityId           : 
RelatedActivityId    : 
ContainerLog         : Application
MatchedQueryIds      : {}
Bookmark             : System.Diagnostics.Eventing.Reader.EventBookmark
LevelDisplayName     : エラー
OpcodeDisplayName    : 情報
TaskDisplayName      : ハング イベント
KeywordsDisplayNames : {}
Properties           : {System.Diagnostics.Eventing.Reader.EventProperty, System.Diagnostics.Eventing.Reader.EventProperty, System.Diagnostics.Eventing.Reader.EventProperty, System.Diagnostics.Eventing.Reader.EventProperty…}

Message              : 障害バケット 1785500264751107337、種類 5
                       イベント名: MoAppHang
                       応答: 使用不可
                       Cab ID: 0
                       
                       問題の署名:
                       P1: Microsoft.OneDriveSync_26051.316.4.0_neutral__8wekyb3d8bbwe
                       P2: praid:OneDrive
                       P3: 10.0.26100.7705
                       P4: 7866ff59
                       P5: 463a
                       P6: 2097152
                       P7: 
                       P8: 
                       P9: 
                       P10: 
                       
                       添付ファイル:
                       \\?\C:\ProgramData\Microsoft\Windows\WER\Temp\WER.86783bb8-36b0-4317-bd26-84703c10698c.tmp.WERInternalMetadata.xml
                       \\?\C:\ProgramData\Microsoft\Windows\WER\Temp\WER.4ce18c7d-102c-4fc8-83ad-8bb17560bc24.tmp.csv
                       \\?\C:\ProgramData\Microsoft\Windows\WER\Temp\WER.d265fd61-4f72-45ce-ac35-817b5a2af581.tmp.txt
                       \\?\C:\ProgramData\Microsoft\Windows\WER\Temp\WER.836141e2-ba1f-4cfa-b62f-657c060ba026.tmp.xml
                       
                       これらのファイルは次の場所にある可能性があります:
                       \\?\C:\ProgramData\Microsoft\Windows\WER\ReportArchive\AppHang_Microsoft.OneDri_7578a61c12c1cb9b632b8ef7d7fbb05fb9449c_5a5126db_4c484a9f-a69e-4cd1-81ab-f994ab129327
                       
                       分析記号: 
                       解決策を再確認中: 0
                       レポート ID: bc4c6ea6-8e00-41b8-8d1a-32bdd8053925
                       レポートの状態: 268435456
                       ハッシュされたバケット: 9fae32a94e7bddd228c75f07e2db0d09
                       Cab GUID: 0
Id                   : 1001
Version              : 0
Qualifiers           : 
Level                : 4
Task                 : 0
Opcode               : 0
Keywords             : -9223372036854775808
RecordId             : 27794
ProviderName         : Windows Error Reporting
ProviderId           : 0ead09bd-2157-539a-8d6d-c87f95b64d70
LogName              : Application
ProcessId            : 70164
ThreadId             : 255740
MachineName          : DESKTOP-HUU77M6
UserId               : S-1-5-21-4281057113-1115555198-1931880163-1001
TimeCreated          : 2026/04/18 土曜日 3:42:41
ActivityId           : 
RelatedActivityId    : 
ContainerLog         : Application
MatchedQueryIds      : {}
Bookmark             : System.Diagnostics.Eventing.Reader.EventBookmark
LevelDisplayName     : 情報
OpcodeDisplayName    : 情報
TaskDisplayName      : 
KeywordsDisplayNames : {}
Properties           : {System.Diagnostics.Eventing.Reader.EventProperty, System.Diagnostics.Eventing.Reader.EventProperty, System.Diagnostics.Eventing.Reader.EventProperty, System.Diagnostics.Eventing.Reader.EventProperty…}

Message              : 
Id                   : 2562
Version              : 0
Qualifiers           : 0
Level                : 4
Task                 : 0
Opcode               : 0
Keywords             : 36028797018963968
RecordId             : 27793
ProviderName         : Microsoft-Windows-AppXDeploymentServer/Operational
ProviderId           : 
LogName              : Application
ProcessId            : 164596
ThreadId             : 0
MachineName          : DESKTOP-HUU77M6
UserId               : 
TimeCreated          : 2026/04/18 土曜日 3:42:41
ActivityId           : 
RelatedActivityId    : 
ContainerLog         : Application
MatchedQueryIds      : {}
Bookmark             : System.Diagnostics.Eventing.Reader.EventBookmark
LevelDisplayName     : 
OpcodeDisplayName    : 
TaskDisplayName      : 
KeywordsDisplayNames : 
Properties           : {System.Diagnostics.Eventing.Reader.EventProperty, System.Diagnostics.Eventing.Reader.EventProperty, System.Diagnostics.Eventing.Reader.EventProperty, System.Diagnostics.Eventing.Reader.EventProperty}

Message              : Service stopped.
Id                   : 0
Version              : 0
Qualifiers           : 0
Level                : 4
Task                 : 0
Opcode               : 0
Keywords             : 36028797018963968
RecordId             : 27792
ProviderName         : edgeupdate
ProviderId           : 
LogName              : Application
ProcessId            : 187252
ThreadId             : 0
MachineName          : DESKTOP-HUU77M6
UserId               : 
TimeCreated          : 2026/04/18 土曜日 3:31:22
ActivityId           : 
RelatedActivityId    : 
ContainerLog         : Application
MatchedQueryIds      : {}
Bookmark             : System.Diagnostics.Eventing.Reader.EventBookmark
LevelDisplayName     : 情報
OpcodeDisplayName    : 情報
TaskDisplayName      : なし
KeywordsDisplayNames : {クラシック}
Properties           : {System.Diagnostics.Eventing.Reader.EventProperty}

Message              : ソフトウェア保護サービスの 2126-03-24T18:17:35Z の再起動をスケジュールしました。理由: RulesEngine。
Id                   : 16384
Version              : 0
Qualifiers           : 16384
Level                : 4
Task                 : 0
Opcode               : 0
Keywords             : 36028797018963968
RecordId             : 27791
ProviderName         : Microsoft-Windows-Security-SPP
ProviderId           : e23b33b0-c8c9-472c-a5f9-f2bdfea0f156
LogName              : Application
ProcessId            : 34736
ThreadId             : 0
MachineName          : DESKTOP-HUU77M6
UserId               : 
TimeCreated          : 2026/04/18 土曜日 3:17:35
ActivityId           : 
RelatedActivityId    : 
ContainerLog         : Application
MatchedQueryIds      : {}
Bookmark             : System.Diagnostics.Eventing.Reader.EventBookmark
LevelDisplayName     : 情報
OpcodeDisplayName    : 
TaskDisplayName      : 
KeywordsDisplayNames : {クラシック}
Properties           : {System.Diagnostics.Eventing.Reader.EventProperty, System.Diagnostics.Eventing.Reader.EventProperty}

Message              : オフライン ダウンレベルの移行が成功しました。
Id                   : 16394
Version              : 0
Qualifiers           : 49152
Level                : 4
Task                 : 0
Opcode               : 0
Keywords             : 36028797018963968
RecordId             : 27790
ProviderName         : Microsoft-Windows-Security-SPP
ProviderId           : e23b33b0-c8c9-472c-a5f9-f2bdfea0f156
LogName              : Application
ProcessId            : 34736
ThreadId             : 0
MachineName          : DESKTOP-HUU77M6
UserId               : 
TimeCreated          : 2026/04/18 土曜日 3:17:04
ActivityId           : 
RelatedActivityId    : 
ContainerLog         : Application
MatchedQueryIds      : {}
Bookmark             : System.Diagnostics.Eventing.Reader.EventBookmark
LevelDisplayName     : 情報
OpcodeDisplayName    : 
TaskDisplayName      : 
KeywordsDisplayNames : {クラシック}
Properties           : {}


