
Message              : プログラム GOM.exe バージョン 2.3.117.5387 は Windows との対話を停止し、閉じられました。問題に関する詳細情報が利用可能かどうかを参照するには、セキュリティとメンテナンスのコントロール パネルで問題の履歴を確認してください。
                       
Id                   : 1002
Version              : 0
Qualifiers           : 
Level                : 2
Task                 : 101
Opcode               : 0
Keywords             : -9223372036854775808
RecordId             : 27989
ProviderName         : Application Hang
ProviderId           : c631c3dc-c676-59e4-2db3-5c0af00f9675
LogName              : Application
ProcessId            : 82296
ThreadId             : 173740
MachineName          : DESKTOP-HUU77M6
UserId               : S-1-5-18
TimeCreated          : 2026/04/19 日曜日 3:13:56
ActivityId           : 
RelatedActivityId    : 
ContainerLog         : Application
MatchedQueryIds      : {}
Bookmark             : System.Diagnostics.Eventing.Reader.EventBookmark
LevelDisplayName     : エラー
OpcodeDisplayName    : 情報
TaskDisplayName      : ハング イベント
KeywordsDisplayNames : {}
Properties           : {System.Diagnostics.Eventing.Reader.EventProperty, System.Diagnostics.Eventing.Reader.EventProperty, System.Diagnostics.Eventing.Reader.EventProperty, System.Diagnostics.Eventing.Reader.EventProperty…}

Message              : 障害バケット 、種類 0
                       イベント名: AppHangB1
                       応答: 使用不可
                       Cab ID: 0
                       
                       問題の署名:
                       P1: GOM.exe
                       P2: 2.3.117.5387
                       P3: 69b8a028
                       P4: 0e32
                       P5: 134217728
                       P6: 
                       P7: 
                       P8: 
                       P9: 
                       P10: 
                       
                       添付ファイル:
                       \\?\C:\ProgramData\Microsoft\Windows\WER\Temp\WER.3ee6f71a-48e7-480a-89f8-c43d726161b3.tmp.WERInternalMetadata.xml
                       \\?\C:\ProgramData\Microsoft\Windows\WER\Temp\WER.8d95ee63-2b18-45de-8fb9-1a95c97c3c8e.tmp.csv
                       \\?\C:\ProgramData\Microsoft\Windows\WER\Temp\WER.93f6a793-2384-4d1c-9eaf-1c64e8cc03c6.tmp.txt
                       \\?\C:\Users\infin\AppData\Local\Temp\WER.644f650f-300e-4de0-9163-e0f3610f2e5a.tmp.appcompat.txt
                       \\?\C:\ProgramData\Microsoft\Windows\WER\Temp\WER.c68b7923-21ed-47e6-b595-5bc88d0783c3.tmp.xml
                       
                       これらのファイルは次の場所にある可能性があります:
                       NULL
                       
                       分析記号: 
                       解決策を再確認中: 0
                       レポート ID: bea16138-7161-4ce6-abed-0dfd067209ba
                       レポートの状態: 97
                       ハッシュされたバケット: 
                       Cab GUID: 0
Id                   : 1001
Version              : 0
Qualifiers           : 
Level                : 4
Task                 : 0
Opcode               : 0
Keywords             : -9223372036854775808
RecordId             : 27988
ProviderName         : Windows Error Reporting
ProviderId           : 0ead09bd-2157-539a-8d6d-c87f95b64d70
LogName              : Application
ProcessId            : 140100
ThreadId             : 267620
MachineName          : DESKTOP-HUU77M6
UserId               : S-1-5-21-4281057113-1115555198-1931880163-1001
TimeCreated          : 2026/04/19 日曜日 3:13:56
ActivityId           : 
RelatedActivityId    : 
ContainerLog         : Application
MatchedQueryIds      : {}
Bookmark             : System.Diagnostics.Eventing.Reader.EventBookmark
LevelDisplayName     : 情報
OpcodeDisplayName    : 情報
TaskDisplayName      : 
KeywordsDisplayNames : {}
Properties           : {System.Diagnostics.Eventing.Reader.EventProperty, System.Diagnostics.Eventing.Reader.EventProperty, System.Diagnostics.Eventing.Reader.EventProperty, System.Diagnostics.Eventing.Reader.EventProperty…}

Message              : ソフトウェア保護サービスの 2126-03-25T17:48:24Z の再起動をスケジュールしました。理由: RulesEngine。
Id                   : 16384
Version              : 0
Qualifiers           : 16384
Level                : 4
Task                 : 0
Opcode               : 0
Keywords             : 36028797018963968
RecordId             : 27987
ProviderName         : Microsoft-Windows-Security-SPP
ProviderId           : e23b33b0-c8c9-472c-a5f9-f2bdfea0f156
LogName              : Application
ProcessId            : 56228
ThreadId             : 0
MachineName          : DESKTOP-HUU77M6
UserId               : 
TimeCreated          : 2026/04/19 日曜日 2:48:24
ActivityId           : 
RelatedActivityId    : 
ContainerLog         : Application
MatchedQueryIds      : {}
Bookmark             : System.Diagnostics.Eventing.Reader.EventBookmark
LevelDisplayName     : 情報
OpcodeDisplayName    : 
TaskDisplayName      : 
KeywordsDisplayNames : {クラシック}
Properties           : {System.Diagnostics.Eventing.Reader.EventProperty, System.Diagnostics.Eventing.Reader.EventProperty}

Message              : オフライン ダウンレベルの移行が成功しました。
Id                   : 16394
Version              : 0
Qualifiers           : 49152
Level                : 4
Task                 : 0
Opcode               : 0
Keywords             : 36028797018963968
RecordId             : 27986
ProviderName         : Microsoft-Windows-Security-SPP
ProviderId           : e23b33b0-c8c9-472c-a5f9-f2bdfea0f156
LogName              : Application
ProcessId            : 56228
ThreadId             : 0
MachineName          : DESKTOP-HUU77M6
UserId               : 
TimeCreated          : 2026/04/19 日曜日 2:47:54
ActivityId           : 
RelatedActivityId    : 
ContainerLog         : Application
MatchedQueryIds      : {}
Bookmark             : System.Diagnostics.Eventing.Reader.EventBookmark
LevelDisplayName     : 情報
OpcodeDisplayName    : 
TaskDisplayName      : 
KeywordsDisplayNames : {クラシック}
Properties           : {}

Message              : Service stopped.
Id                   : 0
Version              : 0
Qualifiers           : 0
Level                : 4
Task                 : 0
Opcode               : 0
Keywords             : 36028797018963968
RecordId             : 27985
ProviderName         : edgeupdate
ProviderId           : 
LogName              : Application
ProcessId            : 98920
ThreadId             : 0
MachineName          : DESKTOP-HUU77M6
UserId               : 
TimeCreated          : 2026/04/19 日曜日 2:31:23
ActivityId           : 
RelatedActivityId    : 
ContainerLog         : Application
MatchedQueryIds      : {}
Bookmark             : System.Diagnostics.Eventing.Reader.EventBookmark
LevelDisplayName     : 情報
OpcodeDisplayName    : 情報
TaskDisplayName      : なし
KeywordsDisplayNames : {クラシック}
Properties           : {System.Diagnostics.Eventing.Reader.EventProperty}

Message              : ソフトウェア保護サービスの 2126-03-25T17:27:06Z の再起動をスケジュールしました。理由: RulesEngine。
Id                   : 16384
Version              : 0
Qualifiers           : 16384
Level                : 4
Task                 : 0
Opcode               : 0
Keywords             : 36028797018963968
RecordId             : 27984
ProviderName         : Microsoft-Windows-Security-SPP
ProviderId           : e23b33b0-c8c9-472c-a5f9-f2bdfea0f156
LogName              : Application
ProcessId            : 70880
ThreadId             : 0
MachineName          : DESKTOP-HUU77M6
UserId               : 
TimeCreated          : 2026/04/19 日曜日 2:27:06
ActivityId           : 
RelatedActivityId    : 
ContainerLog         : Application
MatchedQueryIds      : {}
Bookmark             : System.Diagnostics.Eventing.Reader.EventBookmark
LevelDisplayName     : 情報
OpcodeDisplayName    : 
TaskDisplayName      : 
KeywordsDisplayNames : {クラシック}
Properties           : {System.Diagnostics.Eventing.Reader.EventProperty, System.Diagnostics.Eventing.Reader.EventProperty}

Message              : オフライン ダウンレベルの移行が成功しました。
Id                   : 16394
Version              : 0
Qualifiers           : 49152
Level                : 4
Task                 : 0
Opcode               : 0
Keywords             : 36028797018963968
RecordId             : 27983
ProviderName         : Microsoft-Windows-Security-SPP
ProviderId           : e23b33b0-c8c9-472c-a5f9-f2bdfea0f156
LogName              : Application
ProcessId            : 70880
ThreadId             : 0
MachineName          : DESKTOP-HUU77M6
UserId               : 
TimeCreated          : 2026/04/19 日曜日 2:26:36
ActivityId           : 
RelatedActivityId    : 
ContainerLog         : Application
MatchedQueryIds      : {}
Bookmark             : System.Diagnostics.Eventing.Reader.EventBookmark
LevelDisplayName     : 情報
OpcodeDisplayName    : 
TaskDisplayName      : 
KeywordsDisplayNames : {クラシック}
Properties           : {}

Message              : ソフトウェア保護サービスの 2126-03-25T17:11:26Z の再起動をスケジュールしました。理由: RulesEngine。
Id                   : 16384
Version              : 0
Qualifiers           : 16384
Level                : 4
Task                 : 0
Opcode               : 0
Keywords             : 36028797018963968
RecordId             : 27982
ProviderName         : Microsoft-Windows-Security-SPP
ProviderId           : e23b33b0-c8c9-472c-a5f9-f2bdfea0f156
LogName              : Application
ProcessId            : 77016
ThreadId             : 0
MachineName          : DESKTOP-HUU77M6
UserId               : 
TimeCreated          : 2026/04/19 日曜日 2:11:26
ActivityId           : 
RelatedActivityId    : 
ContainerLog         : Application
MatchedQueryIds      : {}
Bookmark             : System.Diagnostics.Eventing.Reader.EventBookmark
LevelDisplayName     : 情報
OpcodeDisplayName    : 
TaskDisplayName      : 
KeywordsDisplayNames : {クラシック}
Properties           : {System.Diagnostics.Eventing.Reader.EventProperty, System.Diagnostics.Eventing.Reader.EventProperty}

Message              : オフライン ダウンレベルの移行が成功しました。
Id                   : 16394
Version              : 0
Qualifiers           : 49152
Level                : 4
Task                 : 0
Opcode               : 0
Keywords             : 36028797018963968
RecordId             : 27981
ProviderName         : Microsoft-Windows-Security-SPP
ProviderId           : e23b33b0-c8c9-472c-a5f9-f2bdfea0f156
LogName              : Application
ProcessId            : 77016
ThreadId             : 0
MachineName          : DESKTOP-HUU77M6
UserId               : 
TimeCreated          : 2026/04/19 日曜日 2:10:56
ActivityId           : 
RelatedActivityId    : 
ContainerLog         : Application
MatchedQueryIds      : {}
Bookmark             : System.Diagnostics.Eventing.Reader.EventBookmark
LevelDisplayName     : 情報
OpcodeDisplayName    : 
TaskDisplayName      : 
KeywordsDisplayNames : {クラシック}
Properties           : {}

Message              : 拇印 a4 af 32 42 97 92 fc 94 bf 06 88 e3 21 7e 5d b1 31 94 cf f0 の ローカル システム の証明書の有効期限がまもなく切れるか、既に切れています。
Id                   : 64
Version              : 0
Qualifiers           : 32768
Level                : 3
Task                 : 0
Opcode               : 0
Keywords             : 36028797018963968
RecordId             : 27980
ProviderName         : Microsoft-Windows-CertificateServicesClient-AutoEnrollment
ProviderId           : f0db7ef8-b6f3-4005-9937-feb77b9e1b43
LogName              : Application
ProcessId            : 212252
ThreadId             : 0
MachineName          : DESKTOP-HUU77M6
UserId               : 
TimeCreated          : 2026/04/19 日曜日 1:56:08
ActivityId           : 
RelatedActivityId    : 
ContainerLog         : Application
MatchedQueryIds      : {}
Bookmark             : System.Diagnostics.Eventing.Reader.EventBookmark
LevelDisplayName     : 警告
OpcodeDisplayName    : 
TaskDisplayName      : 
KeywordsDisplayNames : {クラシック}
Properties           : {System.Diagnostics.Eventing.Reader.EventProperty, System.Diagnostics.Eventing.Reader.EventProperty}

Message              : ソフトウェア保護サービスの 2126-03-25T16:53:39Z の再起動をスケジュールしました。理由: RulesEngine。
Id                   : 16384
Version              : 0
Qualifiers           : 16384
Level                : 4
Task                 : 0
Opcode               : 0
Keywords             : 36028797018963968
RecordId             : 27979
ProviderName         : Microsoft-Windows-Security-SPP
ProviderId           : e23b33b0-c8c9-472c-a5f9-f2bdfea0f156
LogName              : Application
ProcessId            : 85108
ThreadId             : 0
MachineName          : DESKTOP-HUU77M6
UserId               : 
TimeCreated          : 2026/04/19 日曜日 1:53:39
ActivityId           : 
RelatedActivityId    : 
ContainerLog         : Application
MatchedQueryIds      : {}
Bookmark             : System.Diagnostics.Eventing.Reader.EventBookmark
LevelDisplayName     : 情報
OpcodeDisplayName    : 
TaskDisplayName      : 
KeywordsDisplayNames : {クラシック}
Properties           : {System.Diagnostics.Eventing.Reader.EventProperty, System.Diagnostics.Eventing.Reader.EventProperty}

Message              : オフライン ダウンレベルの移行が成功しました。
Id                   : 16394
Version              : 0
Qualifiers           : 49152
Level                : 4
Task                 : 0
Opcode               : 0
Keywords             : 36028797018963968
RecordId             : 27978
ProviderName         : Microsoft-Windows-Security-SPP
ProviderId           : e23b33b0-c8c9-472c-a5f9-f2bdfea0f156
LogName              : Application
ProcessId            : 85108
ThreadId             : 0
MachineName          : DESKTOP-HUU77M6
UserId               : 
TimeCreated          : 2026/04/19 日曜日 1:53:09
ActivityId           : 
RelatedActivityId    : 
ContainerLog         : Application
MatchedQueryIds      : {}
Bookmark             : System.Diagnostics.Eventing.Reader.EventBookmark
LevelDisplayName     : 情報
OpcodeDisplayName    : 
TaskDisplayName      : 
KeywordsDisplayNames : {クラシック}
Properties           : {}

Message              : ソフトウェア保護サービスの 2126-03-25T16:50:35Z の再起動をスケジュールしました。理由: RulesEngine。
Id                   : 16384
Version              : 0
Qualifiers           : 16384
Level                : 4
Task                 : 0
Opcode               : 0
Keywords             : 36028797018963968
RecordId             : 27977
ProviderName         : Microsoft-Windows-Security-SPP
ProviderId           : e23b33b0-c8c9-472c-a5f9-f2bdfea0f156
LogName              : Application
ProcessId            : 159468
ThreadId             : 0
MachineName          : DESKTOP-HUU77M6
UserId               : 
TimeCreated          : 2026/04/19 日曜日 1:50:35
ActivityId           : 
RelatedActivityId    : 
ContainerLog         : Application
MatchedQueryIds      : {}
Bookmark             : System.Diagnostics.Eventing.Reader.EventBookmark
LevelDisplayName     : 情報
OpcodeDisplayName    : 
TaskDisplayName      : 
KeywordsDisplayNames : {クラシック}
Properties           : {System.Diagnostics.Eventing.Reader.EventProperty, System.Diagnostics.Eventing.Reader.EventProperty}

Message              : オフライン ダウンレベルの移行が成功しました。
Id                   : 16394
Version              : 0
Qualifiers           : 49152
Level                : 4
Task                 : 0
Opcode               : 0
Keywords             : 36028797018963968
RecordId             : 27976
ProviderName         : Microsoft-Windows-Security-SPP
ProviderId           : e23b33b0-c8c9-472c-a5f9-f2bdfea0f156
LogName              : Application
ProcessId            : 159468
ThreadId             : 0
MachineName          : DESKTOP-HUU77M6
UserId               : 
TimeCreated          : 2026/04/19 日曜日 1:50:05
ActivityId           : 
RelatedActivityId    : 
ContainerLog         : Application
MatchedQueryIds      : {}
Bookmark             : System.Diagnostics.Eventing.Reader.EventBookmark
LevelDisplayName     : 情報
OpcodeDisplayName    : 
TaskDisplayName      : 
KeywordsDisplayNames : {クラシック}
Properties           : {}

Message              : ソフトウェア保護サービスの 2126-03-25T16:31:52Z の再起動をスケジュールしました。理由: RulesEngine。
Id                   : 16384
Version              : 0
Qualifiers           : 16384
Level                : 4
Task                 : 0
Opcode               : 0
Keywords             : 36028797018963968
RecordId             : 27975
ProviderName         : Microsoft-Windows-Security-SPP
ProviderId           : e23b33b0-c8c9-472c-a5f9-f2bdfea0f156
LogName              : Application
ProcessId            : 200860
ThreadId             : 0
MachineName          : DESKTOP-HUU77M6
UserId               : 
TimeCreated          : 2026/04/19 日曜日 1:31:52
ActivityId           : 
RelatedActivityId    : 
ContainerLog         : Application
MatchedQueryIds      : {}
Bookmark             : System.Diagnostics.Eventing.Reader.EventBookmark
LevelDisplayName     : 情報
OpcodeDisplayName    : 
TaskDisplayName      : 
KeywordsDisplayNames : {クラシック}
Properties           : {System.Diagnostics.Eventing.Reader.EventProperty, System.Diagnostics.Eventing.Reader.EventProperty}

Message              : 障害バケット 、種類 0
                       イベント名: crashpad_log
                       応答: 使用不可
                       Cab ID: 0
                       
                       問題の署名:
                       P1: MicrosoftEdgeUpdate.exe
                       P2: 1.3.229.3
                       P3: InstallError|copilot
                       P4: 0x80040905
                       P5: 
                       P6: 
                       P7: 
                       P8: 
                       P9: 
                       P10: 
                       
                       添付ファイル:
                       \\?\C:\ProgramData\Microsoft\EdgeUpdate\Log\MicrosoftEdgeUpdate.log
                       \\?\C:\Windows\SystemTemp\msedge_installer.log
                       
                       これらのファイルは次の場所にある可能性があります:
                       NULL
                       
                       分析記号: 
                       解決策を再確認中: 0
                       レポート ID: 99d4fce6-37cf-411b-b6e0-f0bbd7dfa502
                       レポートの状態: 268697600
                       ハッシュされたバケット: 
                       Cab GUID: 0
Id                   : 1001
Version              : 0
Qualifiers           : 
Level                : 4
Task                 : 0
Opcode               : 0
Keywords             : -9223372036854775808
RecordId             : 27974
ProviderName         : Windows Error Reporting
ProviderId           : 0ead09bd-2157-539a-8d6d-c87f95b64d70
LogName              : Application
ProcessId            : 169572
ThreadId             : 2612
MachineName          : DESKTOP-HUU77M6
UserId               : S-1-5-18
TimeCreated          : 2026/04/19 日曜日 1:31:24
ActivityId           : 
RelatedActivityId    : 
ContainerLog         : Application
MatchedQueryIds      : {}
Bookmark             : System.Diagnostics.Eventing.Reader.EventBookmark
LevelDisplayName     : 情報
OpcodeDisplayName    : 情報
TaskDisplayName      : 
KeywordsDisplayNames : {}
Properties           : {System.Diagnostics.Eventing.Reader.EventProperty, System.Diagnostics.Eventing.Reader.EventProperty, System.Diagnostics.Eventing.Reader.EventProperty, System.Diagnostics.Eventing.Reader.EventProperty…}

Message              : 障害バケット 1927553643478403836、種類 5
                       イベント名: crashpad_log
                       応答: 使用不可
                       Cab ID: 0
                       
                       問題の署名:
                       P1: MicrosoftEdgeUpdate.exe
                       P2: 1.3.229.3
                       P3: InstallError|copilot
                       P4: 0x80040905
                       P5: 
                       P6: 
                       P7: 
                       P8: 
                       P9: 
                       P10: 
                       
                       添付ファイル:
                       \\?\C:\ProgramData\Microsoft\EdgeUpdate\Log\MicrosoftEdgeUpdate.log
                       \\?\C:\Windows\SystemTemp\msedge_installer.log
                       \\?\C:\ProgramData\Microsoft\Windows\WER\Temp\WER.f1805aa6-14a9-4315-ad8e-de1cee5c7f43.tmp.WERInternalMetadata.xml
                       \\?\C:\ProgramData\Microsoft\Windows\WER\Temp\WER.286231a6-640c-486e-8e1f-c5e8d5bc8c70.tmp.csv
                       \\?\C:\ProgramData\Microsoft\Windows\WER\Temp\WER.28b1f300-7ca5-4961-8ac1-c4a3555bbb1a.tmp.txt
                       \\?\C:\ProgramData\Microsoft\Windows\WER\Temp\WER.b4e5c96f-d25d-452b-aa66-dd6bd07abae9.tmp.xml
                       
                       これらのファイルは次の場所にある可能性があります:
                       \\?\C:\ProgramData\Microsoft\Windows\WER\ReportArchive\NonCritical_MicrosoftEdgeUpd_a51cc173b0aee1bb13c5fe239582254e5d4466_00000000_99d4fce6-37cf-411b-b6e0-f0bbd7dfa502
                       
                       分析記号: 
                       解決策を再確認中: 0
                       レポート ID: 99d4fce6-37cf-411b-b6e0-f0bbd7dfa502
                       レポートの状態: 268435456
                       ハッシュされたバケット: 69f9a5a97ff6a7903ac00bd37d0a4afc
                       Cab GUID: 0
Id                   : 1001
Version              : 0
Qualifiers           : 
Level                : 4
Task                 : 0
Opcode               : 0
Keywords             : -9223372036854775808
RecordId             : 27973
ProviderName         : Windows Error Reporting
ProviderId           : 0ead09bd-2157-539a-8d6d-c87f95b64d70
LogName              : Application
ProcessId            : 140696
ThreadId             : 213244
MachineName          : DESKTOP-HUU77M6
UserId               : S-1-5-18
TimeCreated          : 2026/04/19 日曜日 1:31:24
ActivityId           : 
RelatedActivityId    : 
ContainerLog         : Application
MatchedQueryIds      : {}
Bookmark             : System.Diagnostics.Eventing.Reader.EventBookmark
LevelDisplayName     : 情報
OpcodeDisplayName    : 情報
TaskDisplayName      : 
KeywordsDisplayNames : {}
Properties           : {System.Diagnostics.Eventing.Reader.EventProperty, System.Diagnostics.Eventing.Reader.EventProperty, System.Diagnostics.Eventing.Reader.EventProperty, System.Diagnostics.Eventing.Reader.EventProperty…}

Message              : Service stopped.
Id                   : 0
Version              : 0
Qualifiers           : 0
Level                : 4
Task                 : 0
Opcode               : 0
Keywords             : 36028797018963968
RecordId             : 27972
ProviderName         : edgeupdate
ProviderId           : 
LogName              : Application
ProcessId            : 215740
ThreadId             : 0
MachineName          : DESKTOP-HUU77M6
UserId               : 
TimeCreated          : 2026/04/19 日曜日 1:31:24
ActivityId           : 
RelatedActivityId    : 
ContainerLog         : Application
MatchedQueryIds      : {}
Bookmark             : System.Diagnostics.Eventing.Reader.EventBookmark
LevelDisplayName     : 情報
OpcodeDisplayName    : 情報
TaskDisplayName      : なし
KeywordsDisplayNames : {クラシック}
Properties           : {System.Diagnostics.Eventing.Reader.EventProperty}

Message              : オフライン ダウンレベルの移行が成功しました。
Id                   : 16394
Version              : 0
Qualifiers           : 49152
Level                : 4
Task                 : 0
Opcode               : 0
Keywords             : 36028797018963968
RecordId             : 27971
ProviderName         : Microsoft-Windows-Security-SPP
ProviderId           : e23b33b0-c8c9-472c-a5f9-f2bdfea0f156
LogName              : Application
ProcessId            : 200860
ThreadId             : 0
MachineName          : DESKTOP-HUU77M6
UserId               : 
TimeCreated          : 2026/04/19 日曜日 1:31:21
ActivityId           : 
RelatedActivityId    : 
ContainerLog         : Application
MatchedQueryIds      : {}
Bookmark             : System.Diagnostics.Eventing.Reader.EventBookmark
LevelDisplayName     : 情報
OpcodeDisplayName    : 
TaskDisplayName      : 
KeywordsDisplayNames : {クラシック}
Properties           : {}

Message              : ソフトウェア保護サービスの 2126-03-25T16:01:07Z の再起動をスケジュールしました。理由: RulesEngine。
Id                   : 16384
Version              : 0
Qualifiers           : 16384
Level                : 4
Task                 : 0
Opcode               : 0
Keywords             : 36028797018963968
RecordId             : 27970
ProviderName         : Microsoft-Windows-Security-SPP
ProviderId           : e23b33b0-c8c9-472c-a5f9-f2bdfea0f156
LogName              : Application
ProcessId            : 62760
ThreadId             : 0
MachineName          : DESKTOP-HUU77M6
UserId               : 
TimeCreated          : 2026/04/19 日曜日 1:01:07
ActivityId           : 
RelatedActivityId    : 
ContainerLog         : Application
MatchedQueryIds      : {}
Bookmark             : System.Diagnostics.Eventing.Reader.EventBookmark
LevelDisplayName     : 情報
OpcodeDisplayName    : 
TaskDisplayName      : 
KeywordsDisplayNames : {クラシック}
Properties           : {System.Diagnostics.Eventing.Reader.EventProperty, System.Diagnostics.Eventing.Reader.EventProperty}

Message              : オフライン ダウンレベルの移行が成功しました。
Id                   : 16394
Version              : 0
Qualifiers           : 49152
Level                : 4
Task                 : 0
Opcode               : 0
Keywords             : 36028797018963968
RecordId             : 27969
ProviderName         : Microsoft-Windows-Security-SPP
ProviderId           : e23b33b0-c8c9-472c-a5f9-f2bdfea0f156
LogName              : Application
ProcessId            : 62760
ThreadId             : 0
MachineName          : DESKTOP-HUU77M6
UserId               : 
TimeCreated          : 2026/04/19 日曜日 1:00:37
ActivityId           : 
RelatedActivityId    : 
ContainerLog         : Application
MatchedQueryIds      : {}
Bookmark             : System.Diagnostics.Eventing.Reader.EventBookmark
LevelDisplayName     : 情報
OpcodeDisplayName    : 
TaskDisplayName      : 
KeywordsDisplayNames : {クラシック}
Properties           : {}

Message              : アイドル タイムアウトにより VSS サービスをシャットダウンしています。 
Id                   : 8224
Version              : 0
Qualifiers           : 0
Level                : 4
Task                 : 0
Opcode               : 0
Keywords             : 36028797018963968
RecordId             : 27968
ProviderName         : VSS
ProviderId           : 
LogName              : Application
ProcessId            : 43648
ThreadId             : 0
MachineName          : DESKTOP-HUU77M6
UserId               : 
TimeCreated          : 2026/04/19 日曜日 0:45:26
ActivityId           : 
RelatedActivityId    : 
ContainerLog         : Application
MatchedQueryIds      : {}
Bookmark             : System.Diagnostics.Eventing.Reader.EventBookmark
LevelDisplayName     : 情報
OpcodeDisplayName    : 情報
TaskDisplayName      : なし
KeywordsDisplayNames : {クラシック}
Properties           : {System.Diagnostics.Eventing.Reader.EventProperty, System.Diagnostics.Eventing.Reader.EventProperty}

Message              : Scoping successfully completed for shadowcopy \\?\GLOBALROOT\Device\HarddiskVolumeShadowCopy20.
Id                   : 8302
Version              : 0
Qualifiers           : 
Level                : 4
Task                 : 0
Opcode               : 0
Keywords             : -9223372036854775808
RecordId             : 27967
ProviderName         : Microsoft-Windows-System-Restore
ProviderId           : 126cdb97-d346-4894-8a34-658da5eea1b6
LogName              : Application
ProcessId            : 247364
ThreadId             : 43856
MachineName          : DESKTOP-HUU77M6
UserId               : S-1-5-18
TimeCreated          : 2026/04/19 日曜日 0:43:52
ActivityId           : 
RelatedActivityId    : 
ContainerLog         : Application
MatchedQueryIds      : {}
Bookmark             : System.Diagnostics.Eventing.Reader.EventBookmark
LevelDisplayName     : 情報
OpcodeDisplayName    : 情報
TaskDisplayName      : 
KeywordsDisplayNames : {}
Properties           : {System.Diagnostics.Eventing.Reader.EventProperty, System.Diagnostics.Eventing.Reader.EventProperty, System.Diagnostics.Eventing.Reader.EventProperty, System.Diagnostics.Eventing.Reader.EventProperty…}

Message              : Scoping completed for shadowcopy \\?\GLOBALROOT\Device\HarddiskVolumeShadowCopy20.
Id                   : 8301
Version              : 0
Qualifiers           : 
Level                : 4
Task                 : 0
Opcode               : 2
Keywords             : -9223090561878065151
RecordId             : 27966
ProviderName         : Microsoft-Windows-System-Restore
ProviderId           : 126cdb97-d346-4894-8a34-658da5eea1b6
LogName              : Application
ProcessId            : 247364
ThreadId             : 43856
MachineName          : DESKTOP-HUU77M6
UserId               : S-1-5-18
TimeCreated          : 2026/04/19 日曜日 0:43:52
ActivityId           : 
RelatedActivityId    : 
ContainerLog         : Application
MatchedQueryIds      : {}
Bookmark             : System.Diagnostics.Eventing.Reader.EventBookmark
LevelDisplayName     : 情報
OpcodeDisplayName    : 情報
TaskDisplayName      : 
KeywordsDisplayNames : {Performance, Response Time}
Properties           : {System.Diagnostics.Eventing.Reader.EventProperty, System.Diagnostics.Eventing.Reader.EventProperty, System.Diagnostics.Eventing.Reader.EventProperty, System.Diagnostics.Eventing.Reader.EventProperty…}

Message              : ソフトウェア保護サービスの 2126-03-25T15:42:48Z の再起動をスケジュールしました。理由: RulesEngine。
Id                   : 16384
Version              : 0
Qualifiers           : 16384
Level                : 4
Task                 : 0
Opcode               : 0
Keywords             : 36028797018963968
RecordId             : 27965
ProviderName         : Microsoft-Windows-Security-SPP
ProviderId           : e23b33b0-c8c9-472c-a5f9-f2bdfea0f156
LogName              : Application
ProcessId            : 261952
ThreadId             : 0
MachineName          : DESKTOP-HUU77M6
UserId               : 
TimeCreated          : 2026/04/19 日曜日 0:42:49
ActivityId           : 
RelatedActivityId    : 
ContainerLog         : Application
MatchedQueryIds      : {}
Bookmark             : System.Diagnostics.Eventing.Reader.EventBookmark
LevelDisplayName     : 情報
OpcodeDisplayName    : 
TaskDisplayName      : 
KeywordsDisplayNames : {クラシック}
Properties           : {System.Diagnostics.Eventing.Reader.EventProperty, System.Diagnostics.Eventing.Reader.EventProperty}

Message              : Scoping started for shadowcopy \\?\GLOBALROOT\Device\HarddiskVolumeShadowCopy20.
Id                   : 8300
Version              : 0
Qualifiers           : 
Level                : 4
Task                 : 0
Opcode               : 1
Keywords             : -9223090561878065151
RecordId             : 27964
ProviderName         : Microsoft-Windows-System-Restore
ProviderId           : 126cdb97-d346-4894-8a34-658da5eea1b6
LogName              : Application
ProcessId            : 247364
ThreadId             : 43856
MachineName          : DESKTOP-HUU77M6
UserId               : S-1-5-18
TimeCreated          : 2026/04/19 日曜日 0:42:27
ActivityId           : 
RelatedActivityId    : 
ContainerLog         : Application
MatchedQueryIds      : {}
Bookmark             : System.Diagnostics.Eventing.Reader.EventBookmark
LevelDisplayName     : 情報
OpcodeDisplayName    : 情報
TaskDisplayName      : 
KeywordsDisplayNames : {Performance, Response Time}
Properties           : {System.Diagnostics.Eventing.Reader.EventProperty}

Message              : オフライン ダウンレベルの移行が成功しました。
Id                   : 16394
Version              : 0
Qualifiers           : 49152
Level                : 4
Task                 : 0
Opcode               : 0
Keywords             : 36028797018963968
RecordId             : 27963
ProviderName         : Microsoft-Windows-Security-SPP
ProviderId           : e23b33b0-c8c9-472c-a5f9-f2bdfea0f156
LogName              : Application
ProcessId            : 261952
ThreadId             : 0
MachineName          : DESKTOP-HUU77M6
UserId               : 
TimeCreated          : 2026/04/19 日曜日 0:42:18
ActivityId           : 
RelatedActivityId    : 
ContainerLog         : Application
MatchedQueryIds      : {}
Bookmark             : System.Diagnostics.Eventing.Reader.EventBookmark
LevelDisplayName     : 情報
OpcodeDisplayName    : 
TaskDisplayName      : 
KeywordsDisplayNames : {クラシック}
Properties           : {}

Message              : ソフトウェア保護サービスの 2126-03-25T15:41:27Z の再起動をスケジュールしました。理由: RulesEngine。
Id                   : 16384
Version              : 0
Qualifiers           : 16384
Level                : 4
Task                 : 0
Opcode               : 0
Keywords             : 36028797018963968
RecordId             : 27962
ProviderName         : Microsoft-Windows-Security-SPP
ProviderId           : e23b33b0-c8c9-472c-a5f9-f2bdfea0f156
LogName              : Application
ProcessId            : 103968
ThreadId             : 0
MachineName          : DESKTOP-HUU77M6
UserId               : 
TimeCreated          : 2026/04/19 日曜日 0:41:27
ActivityId           : 
RelatedActivityId    : 
ContainerLog         : Application
MatchedQueryIds      : {}
Bookmark             : System.Diagnostics.Eventing.Reader.EventBookmark
LevelDisplayName     : 情報
OpcodeDisplayName    : 
TaskDisplayName      : 
KeywordsDisplayNames : {クラシック}
Properties           : {System.Diagnostics.Eventing.Reader.EventProperty, System.Diagnostics.Eventing.Reader.EventProperty}

Message              : 復元ポイントが作成されました (プロセス = C:\WINDOWS\system32\svchost.exe -k netsvcs -p -s wuauserv; 説明 = Windows Update)。
Id                   : 8194
Version              : 0
Qualifiers           : 0
Level                : 4
Task                 : 0
Opcode               : 0
Keywords             : 36028797018963968
RecordId             : 27961
ProviderName         : System Restore
ProviderId           : 
LogName              : Application
ProcessId            : 31068
ThreadId             : 0
MachineName          : DESKTOP-HUU77M6
UserId               : 
TimeCreated          : 2026/04/19 日曜日 0:41:10
ActivityId           : 
RelatedActivityId    : 
ContainerLog         : Application
MatchedQueryIds      : {}
Bookmark             : System.Diagnostics.Eventing.Reader.EventBookmark
LevelDisplayName     : 情報
OpcodeDisplayName    : 情報
TaskDisplayName      : なし
KeywordsDisplayNames : {クラシック}
Properties           : {System.Diagnostics.Eventing.Reader.EventProperty, System.Diagnostics.Eventing.Reader.EventProperty, System.Diagnostics.Eventing.Reader.EventProperty}

Message              : ボリューム シャドウ コピー サービス情報: スナップショット セット {f83ac941-d690-4b2f-b8b7-7866d67371ec}.
                        のスナップショット作成が開始されました プロセス コマンド ライン: C:\WINDOWS\system32\svchost.exe -k netsvcs -p -s wuauserv
                        プロセス呼び出し元スタック:
                        Process[0]: svchost.exe
                        Process[1]: services.exe
                        Process[2]: wininit.exe
                       
Id                   : 8231
Version              : 0
Qualifiers           : 0
Level                : 4
Task                 : 0
Opcode               : 0
Keywords             : 36028797018963968
RecordId             : 27960
ProviderName         : VSS
ProviderId           : 
LogName              : Application
ProcessId            : 31068
ThreadId             : 0
MachineName          : DESKTOP-HUU77M6
UserId               : 
TimeCreated          : 2026/04/19 日曜日 0:41:08
ActivityId           : 
RelatedActivityId    : 
ContainerLog         : Application
MatchedQueryIds      : {}
Bookmark             : System.Diagnostics.Eventing.Reader.EventBookmark
LevelDisplayName     : 情報
OpcodeDisplayName    : 情報
TaskDisplayName      : なし
KeywordsDisplayNames : {クラシック}
Properties           : {System.Diagnostics.Eventing.Reader.EventProperty, System.Diagnostics.Eventing.Reader.EventProperty, System.Diagnostics.Eventing.Reader.EventProperty, System.Diagnostics.Eventing.Reader.EventProperty…}

Message              : オフライン ダウンレベルの移行が成功しました。
Id                   : 16394
Version              : 0
Qualifiers           : 49152
Level                : 4
Task                 : 0
Opcode               : 0
Keywords             : 36028797018963968
RecordId             : 27959
ProviderName         : Microsoft-Windows-Security-SPP
ProviderId           : e23b33b0-c8c9-472c-a5f9-f2bdfea0f156
LogName              : Application
ProcessId            : 103968
ThreadId             : 0
MachineName          : DESKTOP-HUU77M6
UserId               : 
TimeCreated          : 2026/04/19 日曜日 0:40:55
ActivityId           : 
RelatedActivityId    : 
ContainerLog         : Application
MatchedQueryIds      : {}
Bookmark             : System.Diagnostics.Eventing.Reader.EventBookmark
LevelDisplayName     : 情報
OpcodeDisplayName    : 
TaskDisplayName      : 
KeywordsDisplayNames : {クラシック}
Properties           : {}

Message              : Service stopped.
Id                   : 0
Version              : 0
Qualifiers           : 0
Level                : 4
Task                 : 0
Opcode               : 0
Keywords             : 36028797018963968
RecordId             : 27958
ProviderName         : edgeupdate
ProviderId           : 
LogName              : Application
ProcessId            : 111000
ThreadId             : 0
MachineName          : DESKTOP-HUU77M6
UserId               : 
TimeCreated          : 2026/04/19 日曜日 0:31:23
ActivityId           : 
RelatedActivityId    : 
ContainerLog         : Application
MatchedQueryIds      : {}
Bookmark             : System.Diagnostics.Eventing.Reader.EventBookmark
LevelDisplayName     : 情報
OpcodeDisplayName    : 情報
TaskDisplayName      : なし
KeywordsDisplayNames : {クラシック}
Properties           : {System.Diagnostics.Eventing.Reader.EventProperty}

Message              : ソフトウェア保護サービスの 2126-03-25T15:07:43Z の再起動をスケジュールしました。理由: RulesEngine。
Id                   : 16384
Version              : 0
Qualifiers           : 16384
Level                : 4
Task                 : 0
Opcode               : 0
Keywords             : 36028797018963968
RecordId             : 27957
ProviderName         : Microsoft-Windows-Security-SPP
ProviderId           : e23b33b0-c8c9-472c-a5f9-f2bdfea0f156
LogName              : Application
ProcessId            : 62448
ThreadId             : 0
MachineName          : DESKTOP-HUU77M6
UserId               : 
TimeCreated          : 2026/04/19 日曜日 0:07:43
ActivityId           : 
RelatedActivityId    : 
ContainerLog         : Application
MatchedQueryIds      : {}
Bookmark             : System.Diagnostics.Eventing.Reader.EventBookmark
LevelDisplayName     : 情報
OpcodeDisplayName    : 
TaskDisplayName      : 
KeywordsDisplayNames : {クラシック}
Properties           : {System.Diagnostics.Eventing.Reader.EventProperty, System.Diagnostics.Eventing.Reader.EventProperty}

Message              : オフライン ダウンレベルの移行が成功しました。
Id                   : 16394
Version              : 0
Qualifiers           : 49152
Level                : 4
Task                 : 0
Opcode               : 0
Keywords             : 36028797018963968
RecordId             : 27956
ProviderName         : Microsoft-Windows-Security-SPP
ProviderId           : e23b33b0-c8c9-472c-a5f9-f2bdfea0f156
LogName              : Application
ProcessId            : 62448
ThreadId             : 0
MachineName          : DESKTOP-HUU77M6
UserId               : 
TimeCreated          : 2026/04/19 日曜日 0:07:12
ActivityId           : 
RelatedActivityId    : 
ContainerLog         : Application
MatchedQueryIds      : {}
Bookmark             : System.Diagnostics.Eventing.Reader.EventBookmark
LevelDisplayName     : 情報
OpcodeDisplayName    : 
TaskDisplayName      : 
KeywordsDisplayNames : {クラシック}
Properties           : {}

Message              : ソフトウェア保護サービスの 2126-03-25T14:28:11Z の再起動をスケジュールしました。理由: RulesEngine。
Id                   : 16384
Version              : 0
Qualifiers           : 16384
Level                : 4
Task                 : 0
Opcode               : 0
Keywords             : 36028797018963968
RecordId             : 27955
ProviderName         : Microsoft-Windows-Security-SPP
ProviderId           : e23b33b0-c8c9-472c-a5f9-f2bdfea0f156
LogName              : Application
ProcessId            : 38976
ThreadId             : 0
MachineName          : DESKTOP-HUU77M6
UserId               : 
TimeCreated          : 2026/04/18 土曜日 23:28:11
ActivityId           : 
RelatedActivityId    : 
ContainerLog         : Application
MatchedQueryIds      : {}
Bookmark             : System.Diagnostics.Eventing.Reader.EventBookmark
LevelDisplayName     : 情報
OpcodeDisplayName    : 
TaskDisplayName      : 
KeywordsDisplayNames : {クラシック}
Properties           : {System.Diagnostics.Eventing.Reader.EventProperty, System.Diagnostics.Eventing.Reader.EventProperty}

Message              : オフライン ダウンレベルの移行が成功しました。
Id                   : 16394
Version              : 0
Qualifiers           : 49152
Level                : 4
Task                 : 0
Opcode               : 0
Keywords             : 36028797018963968
RecordId             : 27954
ProviderName         : Microsoft-Windows-Security-SPP
ProviderId           : e23b33b0-c8c9-472c-a5f9-f2bdfea0f156
LogName              : Application
ProcessId            : 38976
ThreadId             : 0
MachineName          : DESKTOP-HUU77M6
UserId               : 
TimeCreated          : 2026/04/18 土曜日 23:27:40
ActivityId           : 
RelatedActivityId    : 
ContainerLog         : Application
MatchedQueryIds      : {}
Bookmark             : System.Diagnostics.Eventing.Reader.EventBookmark
LevelDisplayName     : 情報
OpcodeDisplayName    : 
TaskDisplayName      : 
KeywordsDisplayNames : {クラシック}
Properties           : {}

Message              : ソフトウェア保護サービスの 2126-03-25T14:10:33Z の再起動をスケジュールしました。理由: RulesEngine。
Id                   : 16384
Version              : 0
Qualifiers           : 16384
Level                : 4
Task                 : 0
Opcode               : 0
Keywords             : 36028797018963968
RecordId             : 27953
ProviderName         : Microsoft-Windows-Security-SPP
ProviderId           : e23b33b0-c8c9-472c-a5f9-f2bdfea0f156
LogName              : Application
ProcessId            : 170704
ThreadId             : 0
MachineName          : DESKTOP-HUU77M6
UserId               : 
TimeCreated          : 2026/04/18 土曜日 23:10:33
ActivityId           : 
RelatedActivityId    : 
ContainerLog         : Application
MatchedQueryIds      : {}
Bookmark             : System.Diagnostics.Eventing.Reader.EventBookmark
LevelDisplayName     : 情報
OpcodeDisplayName    : 
TaskDisplayName      : 
KeywordsDisplayNames : {クラシック}
Properties           : {System.Diagnostics.Eventing.Reader.EventProperty, System.Diagnostics.Eventing.Reader.EventProperty}

Message              : オフライン ダウンレベルの移行が成功しました。
Id                   : 16394
Version              : 0
Qualifiers           : 49152
Level                : 4
Task                 : 0
Opcode               : 0
Keywords             : 36028797018963968
RecordId             : 27952
ProviderName         : Microsoft-Windows-Security-SPP
ProviderId           : e23b33b0-c8c9-472c-a5f9-f2bdfea0f156
LogName              : Application
ProcessId            : 170704
ThreadId             : 0
MachineName          : DESKTOP-HUU77M6
UserId               : 
TimeCreated          : 2026/04/18 土曜日 23:10:03
ActivityId           : 
RelatedActivityId    : 
ContainerLog         : Application
MatchedQueryIds      : {}
Bookmark             : System.Diagnostics.Eventing.Reader.EventBookmark
LevelDisplayName     : 情報
OpcodeDisplayName    : 
TaskDisplayName      : 
KeywordsDisplayNames : {クラシック}
Properties           : {}

Message              : ソフトウェア保護サービスの 2126-03-25T13:45:13Z の再起動をスケジュールしました。理由: RulesEngine。
Id                   : 16384
Version              : 0
Qualifiers           : 16384
Level                : 4
Task                 : 0
Opcode               : 0
Keywords             : 36028797018963968
RecordId             : 27951
ProviderName         : Microsoft-Windows-Security-SPP
ProviderId           : e23b33b0-c8c9-472c-a5f9-f2bdfea0f156
LogName              : Application
ProcessId            : 146624
ThreadId             : 0
MachineName          : DESKTOP-HUU77M6
UserId               : 
TimeCreated          : 2026/04/18 土曜日 22:45:13
ActivityId           : 
RelatedActivityId    : 
ContainerLog         : Application
MatchedQueryIds      : {}
Bookmark             : System.Diagnostics.Eventing.Reader.EventBookmark
LevelDisplayName     : 情報
OpcodeDisplayName    : 
TaskDisplayName      : 
KeywordsDisplayNames : {クラシック}
Properties           : {System.Diagnostics.Eventing.Reader.EventProperty, System.Diagnostics.Eventing.Reader.EventProperty}

Message              : オフライン ダウンレベルの移行が成功しました。
Id                   : 16394
Version              : 0
Qualifiers           : 49152
Level                : 4
Task                 : 0
Opcode               : 0
Keywords             : 36028797018963968
RecordId             : 27950
ProviderName         : Microsoft-Windows-Security-SPP
ProviderId           : e23b33b0-c8c9-472c-a5f9-f2bdfea0f156
LogName              : Application
ProcessId            : 146624
ThreadId             : 0
MachineName          : DESKTOP-HUU77M6
UserId               : 
TimeCreated          : 2026/04/18 土曜日 22:44:43
ActivityId           : 
RelatedActivityId    : 
ContainerLog         : Application
MatchedQueryIds      : {}
Bookmark             : System.Diagnostics.Eventing.Reader.EventBookmark
LevelDisplayName     : 情報
OpcodeDisplayName    : 
TaskDisplayName      : 
KeywordsDisplayNames : {クラシック}
Properties           : {}

Message              : 障害バケット 、種類 0
                       イベント名: crashpad_log
                       応答: 使用不可
                       Cab ID: 0
                       
                       問題の署名:
                       P1: MicrosoftEdgeUpdate.exe
                       P2: 1.3.229.3
                       P3: InstallError|copilot
                       P4: 0x80040905
                       P5: 
                       P6: 
                       P7: 
                       P8: 
                       P9: 
                       P10: 
                       
                       添付ファイル:
                       \\?\C:\ProgramData\Microsoft\EdgeUpdate\Log\MicrosoftEdgeUpdate.log
                       \\?\C:\Windows\SystemTemp\msedge_installer.log
                       
                       これらのファイルは次の場所にある可能性があります:
                       NULL
                       
                       分析記号: 
                       解決策を再確認中: 0
                       レポート ID: 33373136-ee21-4918-94f0-0c6cf49bb2e4
                       レポートの状態: 268697600
                       ハッシュされたバケット: 
                       Cab GUID: 0
Id                   : 1001
Version              : 0
Qualifiers           : 
Level                : 4
Task                 : 0
Opcode               : 0
Keywords             : -9223372036854775808
RecordId             : 27949
ProviderName         : Windows Error Reporting
ProviderId           : 0ead09bd-2157-539a-8d6d-c87f95b64d70
LogName              : Application
ProcessId            : 230620
ThreadId             : 260912
MachineName          : DESKTOP-HUU77M6
UserId               : S-1-5-18
TimeCreated          : 2026/04/18 土曜日 22:31:28
ActivityId           : 
RelatedActivityId    : 
ContainerLog         : Application
MatchedQueryIds      : {}
Bookmark             : System.Diagnostics.Eventing.Reader.EventBookmark
LevelDisplayName     : 情報
OpcodeDisplayName    : 情報
TaskDisplayName      : 
KeywordsDisplayNames : {}
Properties           : {System.Diagnostics.Eventing.Reader.EventProperty, System.Diagnostics.Eventing.Reader.EventProperty, System.Diagnostics.Eventing.Reader.EventProperty, System.Diagnostics.Eventing.Reader.EventProperty…}

Message              : 障害バケット 1927553643478403836、種類 5
                       イベント名: crashpad_log
                       応答: 使用不可
                       Cab ID: 0
                       
                       問題の署名:
                       P1: MicrosoftEdgeUpdate.exe
                       P2: 1.3.229.3
                       P3: InstallError|copilot
                       P4: 0x80040905
                       P5: 
                       P6: 
                       P7: 
                       P8: 
                       P9: 
                       P10: 
                       
                       添付ファイル:
                       \\?\C:\ProgramData\Microsoft\EdgeUpdate\Log\MicrosoftEdgeUpdate.log
                       \\?\C:\Windows\SystemTemp\msedge_installer.log
                       \\?\C:\ProgramData\Microsoft\Windows\WER\Temp\WER.df302899-2be3-4a69-b4bc-12661a171990.tmp.WERInternalMetadata.xml
                       \\?\C:\ProgramData\Microsoft\Windows\WER\Temp\WER.ead6c919-7e86-4794-bf68-88395e59c471.tmp.csv
                       \\?\C:\ProgramData\Microsoft\Windows\WER\Temp\WER.d9249c79-359f-404a-a954-9d5b367f6e88.tmp.txt
                       \\?\C:\ProgramData\Microsoft\Windows\WER\Temp\WER.4146316a-e3b8-46d3-92fe-c4a4a90ce5bf.tmp.xml
                       
                       これらのファイルは次の場所にある可能性があります:
                       \\?\C:\ProgramData\Microsoft\Windows\WER\ReportArchive\NonCritical_MicrosoftEdgeUpd_a51cc173b0aee1bb13c5fe239582254e5d4466_00000000_33373136-ee21-4918-94f0-0c6cf49bb2e4
                       
                       分析記号: 
                       解決策を再確認中: 0
                       レポート ID: 33373136-ee21-4918-94f0-0c6cf49bb2e4
                       レポートの状態: 268435456
                       ハッシュされたバケット: 69f9a5a97ff6a7903ac00bd37d0a4afc
                       Cab GUID: 0
Id                   : 1001
Version              : 0
Qualifiers           : 
Level                : 4
Task                 : 0
Opcode               : 0
Keywords             : -9223372036854775808
RecordId             : 27948
ProviderName         : Windows Error Reporting
ProviderId           : 0ead09bd-2157-539a-8d6d-c87f95b64d70
LogName              : Application
ProcessId            : 63276
ThreadId             : 117384
MachineName          : DESKTOP-HUU77M6
UserId               : S-1-5-18
TimeCreated          : 2026/04/18 土曜日 22:31:28
ActivityId           : 
RelatedActivityId    : 
ContainerLog         : Application
MatchedQueryIds      : {}
Bookmark             : System.Diagnostics.Eventing.Reader.EventBookmark
LevelDisplayName     : 情報
OpcodeDisplayName    : 情報
TaskDisplayName      : 
KeywordsDisplayNames : {}
Properties           : {System.Diagnostics.Eventing.Reader.EventProperty, System.Diagnostics.Eventing.Reader.EventProperty, System.Diagnostics.Eventing.Reader.EventProperty, System.Diagnostics.Eventing.Reader.EventProperty…}

