Message              : アプリケーション固有 のアクセス許可の設定では、CLSID 
                       {8BC3F05E-D86B-11D0-A075-00C04FB68820}
                        および APPID 
                       {8BC3F05E-D86B-11D0-A075-00C04FB68820}
                        の COM サーバー アプリケーションに対するローカルアクティブ化のアクセス許可を、アプリケーション コンテナー 利用不可 SID (S-1-15-2-2034283098-2252572593-1072577386-2659511007-3245387615-27016815-3920691934) で実行中のアドレス LocalHost (LRPC 使用) のユーザー DESKTOP-HUU77M6\infin SID (S-1-5-21-4281057113-1115555198-1931880163-1001) に与えることはできません。このセキュリティ アクセス許可は、コンポーネント サービス管理ツールを使って変更できます。
Id                   : 10016
Version              : 0
Qualifiers           : 0
Level                : 3
Task                 : 0
Opcode               : 0
Keywords             : -9187343239835811840
RecordId             : 8014
ProviderName         : Microsoft-Windows-DistributedCOM
ProviderId           : 1b562e86-b7aa-4131-badc-b6f3a001407e
LogName              : System
ProcessId            : 1848
ThreadId             : 11256
MachineName          : DESKTOP-HUU77M6
UserId               : S-1-5-21-4281057113-1115555198-1931880163-1001
TimeCreated          : 2026/04/16 木曜日 0:02:14
ActivityId           : 9678ebd8-be4d-0009-c992-1d984dbedc01
RelatedActivityId    : 
ContainerLog         : System
MatchedQueryIds      : {}
Bookmark             : System.Diagnostics.Eventing.Reader.EventBookmark
LevelDisplayName     : 警告
OpcodeDisplayName    : 情報
TaskDisplayName      : 
KeywordsDisplayNames : {クラシック}
Properties           : {System.Diagnostics.Eventing.Reader.EventProperty, System.Diagnostics.Eventing.Reader.EventProperty, System.Diagnostics.Eventing.Reader.EventProperty, System.Diagnostics.Eventing.Reader.EventProperty…}

Message              : アプリケーション固有 のアクセス許可の設定では、CLSID 
                       {2593F8B9-4EAF-457C-B68A-50F6B8EA6B54}
                        および APPID 
                       {15C20B67-12E7-4BB6-92BB-7AFF07997402}
                        の COM サーバー アプリケーションに対するローカルアクティブ化のアクセス許可を、アプリケーション コンテナー 利用不可 SID (利用不可) で実行中のアドレス LocalHost (LRPC 使用) のユーザー DESKTOP-HUU77M6\infin SID (S-1-5-21-4281057113-1115555198-1931880163-1001) に与えることはできません。このセキュリティ アクセス許可は、コンポーネント サービス管理ツールを使って変更できます。
Id                   : 10016
Version              : 0
Qualifiers           : 0
Level                : 3
Task                 : 0
Opcode               : 0
Keywords             : -9187343239835811840
RecordId             : 8013
ProviderName         : Microsoft-Windows-DistributedCOM
ProviderId           : 1b562e86-b7aa-4131-badc-b6f3a001407e
LogName              : System
ProcessId            : 1848
ThreadId             : 11256
MachineName          : DESKTOP-HUU77M6
UserId               : S-1-5-21-4281057113-1115555198-1931880163-1001
TimeCreated          : 2026/04/16 木曜日 0:02:11
ActivityId           : 9678ebd8-be4d-000b-0629-73994dbedc01
RelatedActivityId    : 
ContainerLog         : System
MatchedQueryIds      : {}
Bookmark             : System.Diagnostics.Eventing.Reader.EventBookmark
LevelDisplayName     : 警告
OpcodeDisplayName    : 情報
TaskDisplayName      : 
KeywordsDisplayNames : {クラシック}
Properties           : {System.Diagnostics.Eventing.Reader.EventProperty, System.Diagnostics.Eventing.Reader.EventProperty, System.Diagnostics.Eventing.Reader.EventProperty, System.Diagnostics.Eventing.Reader.EventProperty…}

Message              : ハイブ \??\C:\Users\infin\AppData\Local\Packages\Windows.PrintDialog_cw5n1h2txyewy\Settings\settings.dat のアクセス履歴がクリアされました。これにより、2 のキーが更新され、1 の変更されたページが作成されました。
Id                   : 16
Version              : 0
Qualifiers           : 
Level                : 4
Task                 : 0
Opcode               : 0
Keywords             : -9223372036854775808
RecordId             : 8012
ProviderName         : Microsoft-Windows-Kernel-General
ProviderId           : a68ca8b7-004f-d7b6-a698-07e2de0f1f5d
LogName              : System
ProcessId            : 42188
ThreadId             : 160016
MachineName          : DESKTOP-HUU77M6
UserId               : S-1-5-18
TimeCreated          : 2026/04/16 木曜日 0:01:16
ActivityId           : 
RelatedActivityId    : 
ContainerLog         : System
MatchedQueryIds      : {}
Bookmark             : System.Diagnostics.Eventing.Reader.EventBookmark
LevelDisplayName     : 情報
OpcodeDisplayName    : 情報
TaskDisplayName      : 
KeywordsDisplayNames : {}
Properties           : {System.Diagnostics.Eventing.Reader.EventProperty, System.Diagnostics.Eventing.Reader.EventProperty, System.Diagnostics.Eventing.Reader.EventProperty, System.Diagnostics.Eventing.Reader.EventProperty}

Message              : ハイブ \??\C:\Users\infin\AppData\Local\Packages\Microsoft.WindowsTerminal_8wekyb3d8bbwe\SystemAppData\Helium\UserClasses.dat のアクセス履歴がクリアされました。これにより、10 のキーが更新され、2 の変更されたページが作成されました。
Id                   : 16
Version              : 0
Qualifiers           : 
Level                : 4
Task                 : 0
Opcode               : 0
Keywords             : -9223372036854775808
RecordId             : 8011
ProviderName         : Microsoft-Windows-Kernel-General
ProviderId           : a68ca8b7-004f-d7b6-a698-07e2de0f1f5d
LogName              : System
ProcessId            : 1732
ThreadId             : 99156
MachineName          : DESKTOP-HUU77M6
UserId               : S-1-5-18
TimeCreated          : 2026/04/15 水曜日 20:27:25
ActivityId           : 
RelatedActivityId    : 
ContainerLog         : System
MatchedQueryIds      : {}
Bookmark             : System.Diagnostics.Eventing.Reader.EventBookmark
LevelDisplayName     : 情報
OpcodeDisplayName    : 情報
TaskDisplayName      : 
KeywordsDisplayNames : {}
Properties           : {System.Diagnostics.Eventing.Reader.EventProperty, System.Diagnostics.Eventing.Reader.EventProperty, System.Diagnostics.Eventing.Reader.EventProperty, System.Diagnostics.Eventing.Reader.EventProperty}

Message              : ハイブ \??\C:\Users\infin\AppData\Local\Packages\Microsoft.WindowsTerminal_8wekyb3d8bbwe\SystemAppData\Helium\User.dat のアクセス履歴がクリアされました。これにより、6 のキーが更新され、1 の変更されたページが作成されました。
Id                   : 16
Version              : 0
Qualifiers           : 
Level                : 4
Task                 : 0
Opcode               : 0
Keywords             : -9223372036854775808
RecordId             : 8010
ProviderName         : Microsoft-Windows-Kernel-General
ProviderId           : a68ca8b7-004f-d7b6-a698-07e2de0f1f5d
LogName              : System
ProcessId            : 1732
ThreadId             : 99156
MachineName          : DESKTOP-HUU77M6
UserId               : S-1-5-18
TimeCreated          : 2026/04/15 水曜日 20:27:25
ActivityId           : 
RelatedActivityId    : 
ContainerLog         : System
MatchedQueryIds      : {}
Bookmark             : System.Diagnostics.Eventing.Reader.EventBookmark
LevelDisplayName     : 情報
OpcodeDisplayName    : 情報
TaskDisplayName      : 
KeywordsDisplayNames : {}
Properties           : {System.Diagnostics.Eventing.Reader.EventProperty, System.Diagnostics.Eventing.Reader.EventProperty, System.Diagnostics.Eventing.Reader.EventProperty, System.Diagnostics.Eventing.Reader.EventProperty}

Message              : タッチ/タッチパッド ハードウェアの品質保証の検証に成功しました。
Id                   : 267
Version              : 0
Qualifiers           : 16384
Level                : 4
Task                 : 0
Opcode               : 0
Keywords             : 36028797018963968
RecordId             : 8009
ProviderName         : Win32k
ProviderId           : 
LogName              : System
ProcessId            : 4
ThreadId             : 202772
MachineName          : DESKTOP-HUU77M6
UserId               : 
TimeCreated          : 2026/04/15 水曜日 19:49:29
ActivityId           : 
RelatedActivityId    : 
ContainerLog         : System
MatchedQueryIds      : {}
Bookmark             : System.Diagnostics.Eventing.Reader.EventBookmark
LevelDisplayName     : 情報
OpcodeDisplayName    : 
TaskDisplayName      : なし
KeywordsDisplayNames : {クラシック}
Properties           : {System.Diagnostics.Eventing.Reader.EventProperty, System.Diagnostics.Eventing.Reader.EventProperty}

Message              : システムの稼働時間は 1562655 秒です。
Id                   : 6013
Version              : 0
Qualifiers           : 32768
Level                : 4
Task                 : 0
Opcode               : 0
Keywords             : 36028797018963968
RecordId             : 8008
ProviderName         : EventLog
ProviderId           : 
LogName              : System
ProcessId            : 3176
ThreadId             : 3360
MachineName          : DESKTOP-HUU77M6
UserId               : 
TimeCreated          : 2026/04/15 水曜日 12:00:00
ActivityId           : 
RelatedActivityId    : 
ContainerLog         : System
MatchedQueryIds      : {}
Bookmark             : System.Diagnostics.Eventing.Reader.EventBookmark
LevelDisplayName     : 情報
OpcodeDisplayName    : 
TaskDisplayName      : なし
KeywordsDisplayNames : {クラシック}
Properties           : {System.Diagnostics.Eventing.Reader.EventProperty, System.Diagnostics.Eventing.Reader.EventProperty, System.Diagnostics.Eventing.Reader.EventProperty, System.Diagnostics.Eventing.Reader.EventProperty…}

Message              : ボリューム C: の最も古いシャドウ コピーは、ボリューム C: のシャドウ コピーの使用ディスク領域をユーザーが定義した制限より小さく保つために削除されました。
Id                   : 33
Version              : 0
Qualifiers           : 16390
Level                : 4
Task                 : 0
Opcode               : 0
Keywords             : 36028797018963968
RecordId             : 8007
ProviderName         : Volsnap
ProviderId           : cb017cd2-1f37-4e65-82bc-3e91f6a37559
LogName              : System
ProcessId            : 4
ThreadId             : 102164
MachineName          : DESKTOP-HUU77M6
UserId               : 
TimeCreated          : 2026/04/15 水曜日 6:47:35
ActivityId           : 
RelatedActivityId    : 
ContainerLog         : System
MatchedQueryIds      : {}
Bookmark             : System.Diagnostics.Eventing.Reader.EventBookmark
LevelDisplayName     : 情報
OpcodeDisplayName    : 
TaskDisplayName      : 
KeywordsDisplayNames : {クラシック}
Properties           : {System.Diagnostics.Eventing.Reader.EventProperty, System.Diagnostics.Eventing.Reader.EventProperty, System.Diagnostics.Eventing.Reader.EventProperty, System.Diagnostics.Eventing.Reader.EventProperty…}

Message              : ボリューム ?? (\Device\HarddiskVolumeShadowCopy18) 正常です。必要な操作はありません。
Id                   : 98
Version              : 0
Qualifiers           : 
Level                : 4
Task                 : 0
Opcode               : 0
Keywords             : -9223372036854775806
RecordId             : 8006
ProviderName         : Microsoft-Windows-Ntfs
ProviderId           : 3ff37a1c-a68d-4d6e-8c9b-f79e8b16c482
LogName              : System
ProcessId            : 4
ThreadId             : 160868
MachineName          : DESKTOP-HUU77M6
UserId               : S-1-5-18
TimeCreated          : 2026/04/15 水曜日 6:47:35
ActivityId           : 
RelatedActivityId    : 
ContainerLog         : System
MatchedQueryIds      : {}
Bookmark             : System.Diagnostics.Eventing.Reader.EventBookmark
LevelDisplayName     : 情報
OpcodeDisplayName    : 情報
TaskDisplayName      : 
KeywordsDisplayNames : {}
Properties           : {System.Diagnostics.Eventing.Reader.EventProperty, System.Diagnostics.Eventing.Reader.EventProperty, System.Diagnostics.Eventing.Reader.EventProperty}

Message              : Windows Modules Installer サービスの開始の種類は 自動的な開始 から 要求による開始 に変更されました。
Id                   : 7040
Version              : 0
Qualifiers           : 16384
Level                : 4
Task                 : 0
Opcode               : 0
Keywords             : -9187343239835811840
RecordId             : 8005
ProviderName         : Service Control Manager
ProviderId           : 555908d1-a6d7-4695-8e1e-26931d2012f4
LogName              : System
ProcessId            : 1508
ThreadId             : 171484
MachineName          : DESKTOP-HUU77M6
UserId               : S-1-5-18
TimeCreated          : 2026/04/15 水曜日 6:46:34
ActivityId           : 
RelatedActivityId    : 
ContainerLog         : System
MatchedQueryIds      : {}
Bookmark             : System.Diagnostics.Eventing.Reader.EventBookmark
LevelDisplayName     : 情報
OpcodeDisplayName    : 
TaskDisplayName      : 
KeywordsDisplayNames : {クラシック}
Properties           : {System.Diagnostics.Eventing.Reader.EventProperty, System.Diagnostics.Eventing.Reader.EventProperty, System.Diagnostics.Eventing.Reader.EventProperty, System.Diagnostics.Eventing.Reader.EventProperty}

Message              : Windows Modules Installer サービスの開始の種類は 要求による開始 から 自動的な開始 に変更されました。
Id                   : 7040
Version              : 0
Qualifiers           : 16384
Level                : 4
Task                 : 0
Opcode               : 0
Keywords             : -9187343239835811840
RecordId             : 8004
ProviderName         : Service Control Manager
ProviderId           : 555908d1-a6d7-4695-8e1e-26931d2012f4
LogName              : System
ProcessId            : 1508
ThreadId             : 15944
MachineName          : DESKTOP-HUU77M6
UserId               : S-1-5-18
TimeCreated          : 2026/04/15 水曜日 6:46:16
ActivityId           : 
RelatedActivityId    : 
ContainerLog         : System
MatchedQueryIds      : {}
Bookmark             : System.Diagnostics.Eventing.Reader.EventBookmark
LevelDisplayName     : 情報
OpcodeDisplayName    : 
TaskDisplayName      : 
KeywordsDisplayNames : {クラシック}
Properties           : {System.Diagnostics.Eventing.Reader.EventProperty, System.Diagnostics.Eventing.Reader.EventProperty, System.Diagnostics.Eventing.Reader.EventProperty, System.Diagnostics.Eventing.Reader.EventProperty}

Message              : Windows Modules Installer サービスの開始の種類は 自動的な開始 から 要求による開始 に変更されました。
Id                   : 7040
Version              : 0
Qualifiers           : 16384
Level                : 4
Task                 : 0
Opcode               : 0
Keywords             : -9187343239835811840
RecordId             : 8003
ProviderName         : Service Control Manager
ProviderId           : 555908d1-a6d7-4695-8e1e-26931d2012f4
LogName              : System
ProcessId            : 1508
ThreadId             : 15944
MachineName          : DESKTOP-HUU77M6
UserId               : S-1-5-18
TimeCreated          : 2026/04/15 水曜日 6:46:16
ActivityId           : 
RelatedActivityId    : 
ContainerLog         : System
MatchedQueryIds      : {}
Bookmark             : System.Diagnostics.Eventing.Reader.EventBookmark
LevelDisplayName     : 情報
OpcodeDisplayName    : 
TaskDisplayName      : 
KeywordsDisplayNames : {クラシック}
Properties           : {System.Diagnostics.Eventing.Reader.EventProperty, System.Diagnostics.Eventing.Reader.EventProperty, System.Diagnostics.Eventing.Reader.EventProperty, System.Diagnostics.Eventing.Reader.EventProperty}

Message              : Windows Modules Installer サービスの開始の種類は 要求による開始 から 自動的な開始 に変更されました。
Id                   : 7040
Version              : 0
Qualifiers           : 16384
Level                : 4
Task                 : 0
Opcode               : 0
Keywords             : -9187343239835811840
RecordId             : 8002
ProviderName         : Service Control Manager
ProviderId           : 555908d1-a6d7-4695-8e1e-26931d2012f4
LogName              : System
ProcessId            : 1508
ThreadId             : 15944
MachineName          : DESKTOP-HUU77M6
UserId               : S-1-5-18
TimeCreated          : 2026/04/15 水曜日 6:45:28
ActivityId           : 
RelatedActivityId    : 
ContainerLog         : System
MatchedQueryIds      : {}
Bookmark             : System.Diagnostics.Eventing.Reader.EventBookmark
LevelDisplayName     : 情報
OpcodeDisplayName    : 
TaskDisplayName      : 
KeywordsDisplayNames : {クラシック}
Properties           : {System.Diagnostics.Eventing.Reader.EventProperty, System.Diagnostics.Eventing.Reader.EventProperty, System.Diagnostics.Eventing.Reader.EventProperty, System.Diagnostics.Eventing.Reader.EventProperty}

Message              : Windows Modules Installer サービスの開始の種類は 自動的な開始 から 要求による開始 に変更されました。
Id                   : 7040
Version              : 0
Qualifiers           : 16384
Level                : 4
Task                 : 0
Opcode               : 0
Keywords             : -9187343239835811840
RecordId             : 8001
ProviderName         : Service Control Manager
ProviderId           : 555908d1-a6d7-4695-8e1e-26931d2012f4
LogName              : System
ProcessId            : 1508
ThreadId             : 15944
MachineName          : DESKTOP-HUU77M6
UserId               : S-1-5-18
TimeCreated          : 2026/04/15 水曜日 6:45:28
ActivityId           : 
RelatedActivityId    : 
ContainerLog         : System
MatchedQueryIds      : {}
Bookmark             : System.Diagnostics.Eventing.Reader.EventBookmark
LevelDisplayName     : 情報
OpcodeDisplayName    : 
TaskDisplayName      : 
KeywordsDisplayNames : {クラシック}
Properties           : {System.Diagnostics.Eventing.Reader.EventProperty, System.Diagnostics.Eventing.Reader.EventProperty, System.Diagnostics.Eventing.Reader.EventProperty, System.Diagnostics.Eventing.Reader.EventProperty}

Message              : Windows Modules Installer サービスの開始の種類は 要求による開始 から 自動的な開始 に変更されました。
Id                   : 7040
Version              : 0
Qualifiers           : 16384
Level                : 4
Task                 : 0
Opcode               : 0
Keywords             : -9187343239835811840
RecordId             : 8000
ProviderName         : Service Control Manager
ProviderId           : 555908d1-a6d7-4695-8e1e-26931d2012f4
LogName              : System
ProcessId            : 1508
ThreadId             : 81716
MachineName          : DESKTOP-HUU77M6
UserId               : S-1-5-18
TimeCreated          : 2026/04/15 水曜日 6:43:33
ActivityId           : 
RelatedActivityId    : 
ContainerLog         : System
MatchedQueryIds      : {}
Bookmark             : System.Diagnostics.Eventing.Reader.EventBookmark
LevelDisplayName     : 情報
OpcodeDisplayName    : 
TaskDisplayName      : 
KeywordsDisplayNames : {クラシック}
Properties           : {System.Diagnostics.Eventing.Reader.EventProperty, System.Diagnostics.Eventing.Reader.EventProperty, System.Diagnostics.Eventing.Reader.EventProperty, System.Diagnostics.Eventing.Reader.EventProperty}

Message              : Windows Update は更新プログラムのダウンロードを開始しました。
Id                   : 44
Version              : 1
Qualifiers           : 
Level                : 4
Task                 : 1
Opcode               : 12
Keywords             : -9223372036854767612
RecordId             : 7999
ProviderName         : Microsoft-Windows-WindowsUpdateClient
ProviderId           : 945a8954-c147-4acd-923f-40c45405a658
LogName              : System
ProcessId            : 61512
ThreadId             : 84776
MachineName          : DESKTOP-HUU77M6
UserId               : S-1-5-18
TimeCreated          : 2026/04/15 水曜日 6:43:22
ActivityId           : 
RelatedActivityId    : 
ContainerLog         : System
MatchedQueryIds      : {}
Bookmark             : System.Diagnostics.Eventing.Reader.EventBookmark
LevelDisplayName     : 情報
OpcodeDisplayName    : インストール
TaskDisplayName      : Windows Update エージェント
KeywordsDisplayNames : {ダウンロード, 開始済み}
Properties           : {System.Diagnostics.Eventing.Reader.EventProperty, System.Diagnostics.Eventing.Reader.EventProperty, System.Diagnostics.Eventing.Reader.EventProperty}

Message              : Windows Update は更新プログラムのダウンロードを開始しました。
Id                   : 44
Version              : 1
Qualifiers           : 
Level                : 4
Task                 : 1
Opcode               : 12
Keywords             : -9223372036854767612
RecordId             : 7998
ProviderName         : Microsoft-Windows-WindowsUpdateClient
ProviderId           : 945a8954-c147-4acd-923f-40c45405a658
LogName              : System
ProcessId            : 61512
ThreadId             : 84776
MachineName          : DESKTOP-HUU77M6
UserId               : S-1-5-18
TimeCreated          : 2026/04/15 水曜日 6:43:22
ActivityId           : 
RelatedActivityId    : 
ContainerLog         : System
MatchedQueryIds      : {}
Bookmark             : System.Diagnostics.Eventing.Reader.EventBookmark
LevelDisplayName     : 情報
OpcodeDisplayName    : インストール
TaskDisplayName      : Windows Update エージェント
KeywordsDisplayNames : {ダウンロード, 開始済み}
Properties           : {System.Diagnostics.Eventing.Reader.EventProperty, System.Diagnostics.Eventing.Reader.EventProperty, System.Diagnostics.Eventing.Reader.EventProperty}

Message              : Windows Update は更新プログラムのダウンロードを開始しました。
Id                   : 44
Version              : 1
Qualifiers           : 
Level                : 4
Task                 : 1
Opcode               : 12
Keywords             : -9223372036854767612
RecordId             : 7997
ProviderName         : Microsoft-Windows-WindowsUpdateClient
ProviderId           : 945a8954-c147-4acd-923f-40c45405a658
LogName              : System
ProcessId            : 61512
ThreadId             : 84776
MachineName          : DESKTOP-HUU77M6
UserId               : S-1-5-18
TimeCreated          : 2026/04/15 水曜日 6:43:07
ActivityId           : 
RelatedActivityId    : 
ContainerLog         : System
MatchedQueryIds      : {}
Bookmark             : System.Diagnostics.Eventing.Reader.EventBookmark
LevelDisplayName     : 情報
OpcodeDisplayName    : インストール
TaskDisplayName      : Windows Update エージェント
KeywordsDisplayNames : {ダウンロード, 開始済み}
Properties           : {System.Diagnostics.Eventing.Reader.EventProperty, System.Diagnostics.Eventing.Reader.EventProperty, System.Diagnostics.Eventing.Reader.EventProperty}

Message              : Windows Update は更新プログラムのダウンロードを開始しました。
Id                   : 44
Version              : 1
Qualifiers           : 
Level                : 4
Task                 : 1
Opcode               : 12
Keywords             : -9223372036854767612
RecordId             : 7996
ProviderName         : Microsoft-Windows-WindowsUpdateClient
ProviderId           : 945a8954-c147-4acd-923f-40c45405a658
LogName              : System
ProcessId            : 61512
ThreadId             : 84776
MachineName          : DESKTOP-HUU77M6
UserId               : S-1-5-18
TimeCreated          : 2026/04/15 水曜日 6:43:07
ActivityId           : 
RelatedActivityId    : 
ContainerLog         : System
MatchedQueryIds      : {}
Bookmark             : System.Diagnostics.Eventing.Reader.EventBookmark
LevelDisplayName     : 情報
OpcodeDisplayName    : インストール
TaskDisplayName      : Windows Update エージェント
KeywordsDisplayNames : {ダウンロード, 開始済み}
Properties           : {System.Diagnostics.Eventing.Reader.EventProperty, System.Diagnostics.Eventing.Reader.EventProperty, System.Diagnostics.Eventing.Reader.EventProperty}

Message              : Windows Update は更新プログラムのダウンロードを開始しました。
Id                   : 44
Version              : 1
Qualifiers           : 
Level                : 4
Task                 : 1
Opcode               : 12
Keywords             : -9223372036854767612
RecordId             : 7995
ProviderName         : Microsoft-Windows-WindowsUpdateClient
ProviderId           : 945a8954-c147-4acd-923f-40c45405a658
LogName              : System
ProcessId            : 61512
ThreadId             : 84776
MachineName          : DESKTOP-HUU77M6
UserId               : S-1-5-18
TimeCreated          : 2026/04/15 水曜日 6:43:03
ActivityId           : 
RelatedActivityId    : 
ContainerLog         : System
MatchedQueryIds      : {}
Bookmark             : System.Diagnostics.Eventing.Reader.EventBookmark
LevelDisplayName     : 情報
OpcodeDisplayName    : インストール
TaskDisplayName      : Windows Update エージェント
KeywordsDisplayNames : {ダウンロード, 開始済み}
Properties           : {System.Diagnostics.Eventing.Reader.EventProperty, System.Diagnostics.Eventing.Reader.EventProperty, System.Diagnostics.Eventing.Reader.EventProperty}

Message              : Windows Update は更新プログラムのダウンロードを開始しました。
Id                   : 44
Version              : 1
Qualifiers           : 
Level                : 4
Task                 : 1
Opcode               : 12
Keywords             : -9223372036854767612
RecordId             : 7994
ProviderName         : Microsoft-Windows-WindowsUpdateClient
ProviderId           : 945a8954-c147-4acd-923f-40c45405a658
LogName              : System
ProcessId            : 61512
ThreadId             : 84776
MachineName          : DESKTOP-HUU77M6
UserId               : S-1-5-18
TimeCreated          : 2026/04/15 水曜日 6:43:03
ActivityId           : 
RelatedActivityId    : 
ContainerLog         : System
MatchedQueryIds      : {}
Bookmark             : System.Diagnostics.Eventing.Reader.EventBookmark
LevelDisplayName     : 情報
OpcodeDisplayName    : インストール
TaskDisplayName      : Windows Update エージェント
KeywordsDisplayNames : {ダウンロード, 開始済み}
Properties           : {System.Diagnostics.Eventing.Reader.EventProperty, System.Diagnostics.Eventing.Reader.EventProperty, System.Diagnostics.Eventing.Reader.EventProperty}

Message              : インストールの成功: 次の更新プログラムが正しくインストールされました: Microsoft Defender Antivirus のセキュリティ インテリジェンス更新プログラム - KB2267602 (バージョン 1.449.106.0) - 現在のチャネル (広範)
Id                   : 19
Version              : 1
Qualifiers           : 
Level                : 4
Task                 : 1
Opcode               : 13
Keywords             : -9223372036854775784
RecordId             : 7993
ProviderName         : Microsoft-Windows-WindowsUpdateClient
ProviderId           : 945a8954-c147-4acd-923f-40c45405a658
LogName              : System
ProcessId            : 209320
ThreadId             : 192672
MachineName          : DESKTOP-HUU77M6
UserId               : S-1-5-18
TimeCreated          : 2026/04/15 水曜日 6:19:21
ActivityId           : 
RelatedActivityId    : 
ContainerLog         : System
MatchedQueryIds      : {}
Bookmark             : System.Diagnostics.Eventing.Reader.EventBookmark
LevelDisplayName     : 情報
OpcodeDisplayName    : インストール
TaskDisplayName      : Windows Update エージェント
KeywordsDisplayNames : {インストール, 成功}
Properties           : {System.Diagnostics.Eventing.Reader.EventProperty, System.Diagnostics.Eventing.Reader.EventProperty, System.Diagnostics.Eventing.Reader.EventProperty, System.Diagnostics.Eventing.Reader.EventProperty}

Message              : インストールの開始: 次の更新プログラムのインストールが開始されました: Microsoft Defender Antivirus のセキュリティ インテリジェンス更新プログラム - KB2267602 (バージョン 1.449.106.0) - 現在のチャネル (広範)
Id                   : 43
Version              : 1
Qualifiers           : 
Level                : 4
Task                 : 1
Opcode               : 13
Keywords             : -9223372036854767608
RecordId             : 7992
ProviderName         : Microsoft-Windows-WindowsUpdateClient
ProviderId           : 945a8954-c147-4acd-923f-40c45405a658
LogName              : System
ProcessId            : 209320
ThreadId             : 192672
MachineName          : DESKTOP-HUU77M6
UserId               : S-1-5-18
TimeCreated          : 2026/04/15 水曜日 6:19:14
ActivityId           : 
RelatedActivityId    : 
ContainerLog         : System
MatchedQueryIds      : {}
Bookmark             : System.Diagnostics.Eventing.Reader.EventBookmark
LevelDisplayName     : 情報
OpcodeDisplayName    : インストール
TaskDisplayName      : Windows Update エージェント
KeywordsDisplayNames : {インストール, 開始済み}
Properties           : {System.Diagnostics.Eventing.Reader.EventProperty, System.Diagnostics.Eventing.Reader.EventProperty, System.Diagnostics.Eventing.Reader.EventProperty}

Message              : Windows Update は更新プログラムのダウンロードを開始しました。
Id                   : 44
Version              : 1
Qualifiers           : 
Level                : 4
Task                 : 1
Opcode               : 12
Keywords             : -9223372036854767612
RecordId             : 7991
ProviderName         : Microsoft-Windows-WindowsUpdateClient
ProviderId           : 945a8954-c147-4acd-923f-40c45405a658
LogName              : System
ProcessId            : 209320
ThreadId             : 183828
MachineName          : DESKTOP-HUU77M6
UserId               : S-1-5-18
TimeCreated          : 2026/04/15 水曜日 6:19:08
ActivityId           : 
RelatedActivityId    : 
ContainerLog         : System
MatchedQueryIds      : {}
Bookmark             : System.Diagnostics.Eventing.Reader.EventBookmark
LevelDisplayName     : 情報
OpcodeDisplayName    : インストール
TaskDisplayName      : Windows Update エージェント
KeywordsDisplayNames : {ダウンロード, 開始済み}
Properties           : {System.Diagnostics.Eventing.Reader.EventProperty, System.Diagnostics.Eventing.Reader.EventProperty, System.Diagnostics.Eventing.Reader.EventProperty}

Message              : サービスが停止しました。
Id                   : 4
Version              : 0
Qualifiers           : 16896
Level                : 4
Task                 : 0
Opcode               : 0
Keywords             : 36028797018963968
RecordId             : 7990
ProviderName         : Virtual Disk Service
ProviderId           : 
LogName              : System
ProcessId            : 86144
ThreadId             : 0
MachineName          : DESKTOP-HUU77M6
UserId               : 
TimeCreated          : 2026/04/15 水曜日 4:46:18
ActivityId           : 
RelatedActivityId    : 
ContainerLog         : System
MatchedQueryIds      : {}
Bookmark             : System.Diagnostics.Eventing.Reader.EventBookmark
LevelDisplayName     : 情報
OpcodeDisplayName    : 
TaskDisplayName      : なし
KeywordsDisplayNames : {クラシック}
Properties           : {System.Diagnostics.Eventing.Reader.EventProperty}

Message              : Windows Modules Installer サービスの開始の種類は 自動的な開始 から 要求による開始 に変更されました。
Id                   : 7040
Version              : 0
Qualifiers           : 16384
Level                : 4
Task                 : 0
Opcode               : 0
Keywords             : -9187343239835811840
RecordId             : 7989
ProviderName         : Service Control Manager
ProviderId           : 555908d1-a6d7-4695-8e1e-26931d2012f4
LogName              : System
ProcessId            : 1508
ThreadId             : 102932
MachineName          : DESKTOP-HUU77M6
UserId               : S-1-5-18
TimeCreated          : 2026/04/15 水曜日 4:41:16
ActivityId           : 
RelatedActivityId    : 
ContainerLog         : System
MatchedQueryIds      : {}
Bookmark             : System.Diagnostics.Eventing.Reader.EventBookmark
LevelDisplayName     : 情報
OpcodeDisplayName    : 
TaskDisplayName      : 
KeywordsDisplayNames : {クラシック}
Properties           : {System.Diagnostics.Eventing.Reader.EventProperty, System.Diagnostics.Eventing.Reader.EventProperty, System.Diagnostics.Eventing.Reader.EventProperty, System.Diagnostics.Eventing.Reader.EventProperty}

Message              : インストールの失敗: エラー 0x80073712 で次の更新プログラムのインストールに失敗しました: 2026-03 パッチ (KB5086672) (26200.8117)。
Id                   : 20
Version              : 1
Qualifiers           : 
Level                : 2
Task                 : 1
Opcode               : 13
Keywords             : -9223372036854775768
RecordId             : 7988
ProviderName         : Microsoft-Windows-WindowsUpdateClient
ProviderId           : 945a8954-c147-4acd-923f-40c45405a658
LogName              : System
ProcessId            : 66736
ThreadId             : 197488
MachineName          : DESKTOP-HUU77M6
UserId               : S-1-5-18
TimeCreated          : 2026/04/15 水曜日 4:40:17
ActivityId           : 
RelatedActivityId    : 
ContainerLog         : System
MatchedQueryIds      : {}
Bookmark             : System.Diagnostics.Eventing.Reader.EventBookmark
LevelDisplayName     : エラー
OpcodeDisplayName    : インストール
TaskDisplayName      : Windows Update エージェント
KeywordsDisplayNames : {インストール, エラー}
Properties           : {System.Diagnostics.Eventing.Reader.EventProperty, System.Diagnostics.Eventing.Reader.EventProperty, System.Diagnostics.Eventing.Reader.EventProperty, System.Diagnostics.Eventing.Reader.EventProperty…}

Message              : Windows Modules Installer サービスの開始の種類は 要求による開始 から 自動的な開始 に変更されました。
Id                   : 7040
Version              : 0
Qualifiers           : 16384
Level                : 4
Task                 : 0
Opcode               : 0
Keywords             : -9187343239835811840
RecordId             : 7987
ProviderName         : Service Control Manager
ProviderId           : 555908d1-a6d7-4695-8e1e-26931d2012f4
LogName              : System
ProcessId            : 1508
ThreadId             : 137156
MachineName          : DESKTOP-HUU77M6
UserId               : S-1-5-18
TimeCreated          : 2026/04/15 水曜日 4:40:16
ActivityId           : 
RelatedActivityId    : 
ContainerLog         : System
MatchedQueryIds      : {}
Bookmark             : System.Diagnostics.Eventing.Reader.EventBookmark
LevelDisplayName     : 情報
OpcodeDisplayName    : 
TaskDisplayName      : 
KeywordsDisplayNames : {クラシック}
Properties           : {System.Diagnostics.Eventing.Reader.EventProperty, System.Diagnostics.Eventing.Reader.EventProperty, System.Diagnostics.Eventing.Reader.EventProperty, System.Diagnostics.Eventing.Reader.EventProperty}

Message              : Windows Modules Installer サービスの開始の種類は 自動的な開始 から 要求による開始 に変更されました。
Id                   : 7040
Version              : 0
Qualifiers           : 16384
Level                : 4
Task                 : 0
Opcode               : 0
Keywords             : -9187343239835811840
RecordId             : 7986
ProviderName         : Service Control Manager
ProviderId           : 555908d1-a6d7-4695-8e1e-26931d2012f4
LogName              : System
ProcessId            : 1508
ThreadId             : 259248
MachineName          : DESKTOP-HUU77M6
UserId               : S-1-5-18
TimeCreated          : 2026/04/15 水曜日 4:40:15
ActivityId           : 
RelatedActivityId    : 
ContainerLog         : System
MatchedQueryIds      : {}
Bookmark             : System.Diagnostics.Eventing.Reader.EventBookmark
LevelDisplayName     : 情報
OpcodeDisplayName    : 
TaskDisplayName      : 
KeywordsDisplayNames : {クラシック}
Properties           : {System.Diagnostics.Eventing.Reader.EventProperty, System.Diagnostics.Eventing.Reader.EventProperty, System.Diagnostics.Eventing.Reader.EventProperty, System.Diagnostics.Eventing.Reader.EventProperty}

Message              : Windows Modules Installer サービスの開始の種類は 要求による開始 から 自動的な開始 に変更されました。
Id                   : 7040
Version              : 0
Qualifiers           : 16384
Level                : 4
Task                 : 0
Opcode               : 0
Keywords             : -9187343239835811840
RecordId             : 7985
ProviderName         : Service Control Manager
ProviderId           : 555908d1-a6d7-4695-8e1e-26931d2012f4
LogName              : System
ProcessId            : 1508
ThreadId             : 137156
MachineName          : DESKTOP-HUU77M6
UserId               : S-1-5-18
TimeCreated          : 2026/04/15 水曜日 4:39:21
ActivityId           : 
RelatedActivityId    : 
ContainerLog         : System
MatchedQueryIds      : {}
Bookmark             : System.Diagnostics.Eventing.Reader.EventBookmark
LevelDisplayName     : 情報
OpcodeDisplayName    : 
TaskDisplayName      : 
KeywordsDisplayNames : {クラシック}
Properties           : {System.Diagnostics.Eventing.Reader.EventProperty, System.Diagnostics.Eventing.Reader.EventProperty, System.Diagnostics.Eventing.Reader.EventProperty, System.Diagnostics.Eventing.Reader.EventProperty}


