Message              : Windows Update は更新プログラムのダウンロードを開始しました。
Id                   : 44
Version              : 1
Qualifiers           : 
Level                : 4
Task                 : 1
Opcode               : 12
Keywords             : -9223372036854767612
RecordId             : 8057
ProviderName         : Microsoft-Windows-WindowsUpdateClient
ProviderId           : 945a8954-c147-4acd-923f-40c45405a658
LogName              : System
ProcessId            : 58828
ThreadId             : 257908
MachineName          : DESKTOP-HUU77M6
UserId               : S-1-5-18
TimeCreated          : 2026/04/17 金曜日 4:39:14
ActivityId           : 
RelatedActivityId    : 
ContainerLog         : System
MatchedQueryIds      : {}
Bookmark             : System.Diagnostics.Eventing.Reader.EventBookmark
LevelDisplayName     : 情報
OpcodeDisplayName    : インストール
TaskDisplayName      : Windows Update エージェント
KeywordsDisplayNames : {ダウンロード, 開始済み}
Properties           : {System.Diagnostics.Eventing.Reader.EventProperty, System.Diagnostics.Eventing.Reader.EventProperty, System.Diagnostics.Eventing.Reader.EventProperty}

Message              : インストールの成功: 次の更新プログラムが正しくインストールされました: 9NKNC0LD5NN6-Microsoft.Xbox.TCUI
Id                   : 19
Version              : 1
Qualifiers           : 
Level                : 4
Task                 : 1
Opcode               : 13
Keywords             : -9223372036854775784
RecordId             : 8056
ProviderName         : Microsoft-Windows-WindowsUpdateClient
ProviderId           : 945a8954-c147-4acd-923f-40c45405a658
LogName              : System
ProcessId            : 58828
ThreadId             : 47392
MachineName          : DESKTOP-HUU77M6
UserId               : S-1-5-18
TimeCreated          : 2026/04/17 金曜日 4:39:12
ActivityId           : 
RelatedActivityId    : 
ContainerLog         : System
MatchedQueryIds      : {}
Bookmark             : System.Diagnostics.Eventing.Reader.EventBookmark
LevelDisplayName     : 情報
OpcodeDisplayName    : インストール
TaskDisplayName      : Windows Update エージェント
KeywordsDisplayNames : {インストール, 成功}
Properties           : {System.Diagnostics.Eventing.Reader.EventProperty, System.Diagnostics.Eventing.Reader.EventProperty, System.Diagnostics.Eventing.Reader.EventProperty, System.Diagnostics.Eventing.Reader.EventProperty}

Message              : インストールの成功: 次の更新プログラムが正しくインストールされました: 9NBLGGH537C2-Microsoft.XboxGameOverlay
Id                   : 19
Version              : 1
Qualifiers           : 
Level                : 4
Task                 : 1
Opcode               : 13
Keywords             : -9223372036854775784
RecordId             : 8055
ProviderName         : Microsoft-Windows-WindowsUpdateClient
ProviderId           : 945a8954-c147-4acd-923f-40c45405a658
LogName              : System
ProcessId            : 58828
ThreadId             : 270940
MachineName          : DESKTOP-HUU77M6
UserId               : S-1-5-18
TimeCreated          : 2026/04/17 金曜日 4:39:11
ActivityId           : 
RelatedActivityId    : 
ContainerLog         : System
MatchedQueryIds      : {}
Bookmark             : System.Diagnostics.Eventing.Reader.EventBookmark
LevelDisplayName     : 情報
OpcodeDisplayName    : インストール
TaskDisplayName      : Windows Update エージェント
KeywordsDisplayNames : {インストール, 成功}
Properties           : {System.Diagnostics.Eventing.Reader.EventProperty, System.Diagnostics.Eventing.Reader.EventProperty, System.Diagnostics.Eventing.Reader.EventProperty, System.Diagnostics.Eventing.Reader.EventProperty}

Message              : インストールの開始: 次の更新プログラムのインストールが開始されました: Microsoft Defender Antivirus のセキュリティ インテリジェンス更新プログラム - KB2267602 (バージョン 1.449.138.0) - 現在のチャネル (広範)
Id                   : 43
Version              : 1
Qualifiers           : 
Level                : 4
Task                 : 1
Opcode               : 13
Keywords             : -9223372036854767608
RecordId             : 8054
ProviderName         : Microsoft-Windows-WindowsUpdateClient
ProviderId           : 945a8954-c147-4acd-923f-40c45405a658
LogName              : System
ProcessId            : 58828
ThreadId             : 96680
MachineName          : DESKTOP-HUU77M6
UserId               : S-1-5-18
TimeCreated          : 2026/04/17 金曜日 4:39:10
ActivityId           : 
RelatedActivityId    : 
ContainerLog         : System
MatchedQueryIds      : {}
Bookmark             : System.Diagnostics.Eventing.Reader.EventBookmark
LevelDisplayName     : 情報
OpcodeDisplayName    : インストール
TaskDisplayName      : Windows Update エージェント
KeywordsDisplayNames : {インストール, 開始済み}
Properties           : {System.Diagnostics.Eventing.Reader.EventProperty, System.Diagnostics.Eventing.Reader.EventProperty, System.Diagnostics.Eventing.Reader.EventProperty}

Message              : Windows Update は更新プログラムのダウンロードを開始しました。
Id                   : 44
Version              : 1
Qualifiers           : 
Level                : 4
Task                 : 1
Opcode               : 12
Keywords             : -9223372036854767612
RecordId             : 8053
ProviderName         : Microsoft-Windows-WindowsUpdateClient
ProviderId           : 945a8954-c147-4acd-923f-40c45405a658
LogName              : System
ProcessId            : 58828
ThreadId             : 50600
MachineName          : DESKTOP-HUU77M6
UserId               : S-1-5-18
TimeCreated          : 2026/04/17 金曜日 4:39:09
ActivityId           : 
RelatedActivityId    : 
ContainerLog         : System
MatchedQueryIds      : {}
Bookmark             : System.Diagnostics.Eventing.Reader.EventBookmark
LevelDisplayName     : 情報
OpcodeDisplayName    : インストール
TaskDisplayName      : Windows Update エージェント
KeywordsDisplayNames : {ダウンロード, 開始済み}
Properties           : {System.Diagnostics.Eventing.Reader.EventProperty, System.Diagnostics.Eventing.Reader.EventProperty, System.Diagnostics.Eventing.Reader.EventProperty}

Message              : Windows Update は更新プログラムのダウンロードを開始しました。
Id                   : 44
Version              : 1
Qualifiers           : 
Level                : 4
Task                 : 1
Opcode               : 12
Keywords             : -9223372036854767612
RecordId             : 8052
ProviderName         : Microsoft-Windows-WindowsUpdateClient
ProviderId           : 945a8954-c147-4acd-923f-40c45405a658
LogName              : System
ProcessId            : 58828
ThreadId             : 50600
MachineName          : DESKTOP-HUU77M6
UserId               : S-1-5-18
TimeCreated          : 2026/04/17 金曜日 4:39:09
ActivityId           : 
RelatedActivityId    : 
ContainerLog         : System
MatchedQueryIds      : {}
Bookmark             : System.Diagnostics.Eventing.Reader.EventBookmark
LevelDisplayName     : 情報
OpcodeDisplayName    : インストール
TaskDisplayName      : Windows Update エージェント
KeywordsDisplayNames : {ダウンロード, 開始済み}
Properties           : {System.Diagnostics.Eventing.Reader.EventProperty, System.Diagnostics.Eventing.Reader.EventProperty, System.Diagnostics.Eventing.Reader.EventProperty}

Message              : Windows Update は更新プログラムのダウンロードを開始しました。
Id                   : 44
Version              : 1
Qualifiers           : 
Level                : 4
Task                 : 1
Opcode               : 12
Keywords             : -9223372036854767612
RecordId             : 8051
ProviderName         : Microsoft-Windows-WindowsUpdateClient
ProviderId           : 945a8954-c147-4acd-923f-40c45405a658
LogName              : System
ProcessId            : 58828
ThreadId             : 50600
MachineName          : DESKTOP-HUU77M6
UserId               : S-1-5-18
TimeCreated          : 2026/04/17 金曜日 4:39:09
ActivityId           : 
RelatedActivityId    : 
ContainerLog         : System
MatchedQueryIds      : {}
Bookmark             : System.Diagnostics.Eventing.Reader.EventBookmark
LevelDisplayName     : 情報
OpcodeDisplayName    : インストール
TaskDisplayName      : Windows Update エージェント
KeywordsDisplayNames : {ダウンロード, 開始済み}
Properties           : {System.Diagnostics.Eventing.Reader.EventProperty, System.Diagnostics.Eventing.Reader.EventProperty, System.Diagnostics.Eventing.Reader.EventProperty}

Message              : Windows Update は更新プログラムのダウンロードを開始しました。
Id                   : 44
Version              : 1
Qualifiers           : 
Level                : 4
Task                 : 1
Opcode               : 12
Keywords             : -9223372036854767612
RecordId             : 8050
ProviderName         : Microsoft-Windows-WindowsUpdateClient
ProviderId           : 945a8954-c147-4acd-923f-40c45405a658
LogName              : System
ProcessId            : 58828
ThreadId             : 50600
MachineName          : DESKTOP-HUU77M6
UserId               : S-1-5-18
TimeCreated          : 2026/04/17 金曜日 4:39:09
ActivityId           : 
RelatedActivityId    : 
ContainerLog         : System
MatchedQueryIds      : {}
Bookmark             : System.Diagnostics.Eventing.Reader.EventBookmark
LevelDisplayName     : 情報
OpcodeDisplayName    : インストール
TaskDisplayName      : Windows Update エージェント
KeywordsDisplayNames : {ダウンロード, 開始済み}
Properties           : {System.Diagnostics.Eventing.Reader.EventProperty, System.Diagnostics.Eventing.Reader.EventProperty, System.Diagnostics.Eventing.Reader.EventProperty}

Message              : ハイブ \??\C:\ProgramData\Packages\Microsoft.XboxGamingOverlay_8wekyb3d8bbwe\S-1-5-21-4281057113-1115555198-1931880163-1001\SystemAppData\Helium\Cache\2493a00208b469f1_COM15.dat のアクセス履歴がクリアされました。これにより、1 のキーが更新され、1 の変更されたページが作成されました。
Id                   : 16
Version              : 0
Qualifiers           : 
Level                : 4
Task                 : 0
Opcode               : 0
Keywords             : -9223372036854775808
RecordId             : 8049
ProviderName         : Microsoft-Windows-Kernel-General
ProviderId           : a68ca8b7-004f-d7b6-a698-07e2de0f1f5d
LogName              : System
ProcessId            : 1732
ThreadId             : 102244
MachineName          : DESKTOP-HUU77M6
UserId               : S-1-5-18
TimeCreated          : 2026/04/17 金曜日 4:36:52
ActivityId           : 
RelatedActivityId    : 
ContainerLog         : System
MatchedQueryIds      : {}
Bookmark             : System.Diagnostics.Eventing.Reader.EventBookmark
LevelDisplayName     : 情報
OpcodeDisplayName    : 情報
TaskDisplayName      : 
KeywordsDisplayNames : {}
Properties           : {System.Diagnostics.Eventing.Reader.EventProperty, System.Diagnostics.Eventing.Reader.EventProperty, System.Diagnostics.Eventing.Reader.EventProperty, System.Diagnostics.Eventing.Reader.EventProperty}

Message              : ハイブ \??\C:\Users\infin\AppData\Local\Packages\Microsoft.XboxGamingOverlay_8wekyb3d8bbwe\Settings\settings.dat のアクセス履歴がクリアされました。これにより、5 のキーが更新され、2 の変更されたページが作成されました。
Id                   : 16
Version              : 0
Qualifiers           : 
Level                : 4
Task                 : 0
Opcode               : 0
Keywords             : -9223372036854775808
RecordId             : 8048
ProviderName         : Microsoft-Windows-Kernel-General
ProviderId           : a68ca8b7-004f-d7b6-a698-07e2de0f1f5d
LogName              : System
ProcessId            : 269884
ThreadId             : 90516
MachineName          : DESKTOP-HUU77M6
UserId               : S-1-5-18
TimeCreated          : 2026/04/17 金曜日 4:36:52
ActivityId           : 
RelatedActivityId    : 
ContainerLog         : System
MatchedQueryIds      : {}
Bookmark             : System.Diagnostics.Eventing.Reader.EventBookmark
LevelDisplayName     : 情報
OpcodeDisplayName    : 情報
TaskDisplayName      : 
KeywordsDisplayNames : {}
Properties           : {System.Diagnostics.Eventing.Reader.EventProperty, System.Diagnostics.Eventing.Reader.EventProperty, System.Diagnostics.Eventing.Reader.EventProperty, System.Diagnostics.Eventing.Reader.EventProperty}

Message              : ハイブ \??\C:\Users\infin\AppData\Local\Packages\DTSInc.DTSSoundUnbound_t5j2fzbtdg37r\Settings\settings.dat のアクセス履歴がクリアされました。これにより、4 のキーが更新され、1 の変更されたページが作成されました。
Id                   : 16
Version              : 0
Qualifiers           : 
Level                : 4
Task                 : 0
Opcode               : 0
Keywords             : -9223372036854775808
RecordId             : 8047
ProviderName         : Microsoft-Windows-Kernel-General
ProviderId           : a68ca8b7-004f-d7b6-a698-07e2de0f1f5d
LogName              : System
ProcessId            : 42940
ThreadId             : 124728
MachineName          : DESKTOP-HUU77M6
UserId               : S-1-5-18
TimeCreated          : 2026/04/17 金曜日 0:26:36
ActivityId           : 
RelatedActivityId    : 
ContainerLog         : System
MatchedQueryIds      : {}
Bookmark             : System.Diagnostics.Eventing.Reader.EventBookmark
LevelDisplayName     : 情報
OpcodeDisplayName    : 情報
TaskDisplayName      : 
KeywordsDisplayNames : {}
Properties           : {System.Diagnostics.Eventing.Reader.EventProperty, System.Diagnostics.Eventing.Reader.EventProperty, System.Diagnostics.Eventing.Reader.EventProperty, System.Diagnostics.Eventing.Reader.EventProperty}

Message              : タッチ/タッチパッド ハードウェアの品質保証の検証に成功しました。
Id                   : 267
Version              : 0
Qualifiers           : 16384
Level                : 4
Task                 : 0
Opcode               : 0
Keywords             : 36028797018963968
RecordId             : 8046
ProviderName         : Win32k
ProviderId           : 
LogName              : System
ProcessId            : 4
ThreadId             : 91760
MachineName          : DESKTOP-HUU77M6
UserId               : 
TimeCreated          : 2026/04/16 木曜日 20:13:11
ActivityId           : 
RelatedActivityId    : 
ContainerLog         : System
MatchedQueryIds      : {}
Bookmark             : System.Diagnostics.Eventing.Reader.EventBookmark
LevelDisplayName     : 情報
OpcodeDisplayName    : 
TaskDisplayName      : なし
KeywordsDisplayNames : {クラシック}
Properties           : {System.Diagnostics.Eventing.Reader.EventProperty, System.Diagnostics.Eventing.Reader.EventProperty}

Message              : ハイブ \??\C:\ProgramData\Microsoft\Windows\AppRepository\Packages\MSTeams_26072.521.4595.7966_x64__8wekyb3d8bbwe\ActivationStore.dat のアクセス履歴がクリアされました。これにより、0 のキーが更新され、0 の変更されたページが作成されました。
Id                   : 16
Version              : 0
Qualifiers           : 
Level                : 4
Task                 : 0
Opcode               : 0
Keywords             : -9223372036854775808
RecordId             : 8045
ProviderName         : Microsoft-Windows-Kernel-General
ProviderId           : a68ca8b7-004f-d7b6-a698-07e2de0f1f5d
LogName              : System
ProcessId            : 113996
ThreadId             : 71276
MachineName          : DESKTOP-HUU77M6
UserId               : S-1-5-18
TimeCreated          : 2026/04/16 木曜日 18:43:01
ActivityId           : 
RelatedActivityId    : 
ContainerLog         : System
MatchedQueryIds      : {}
Bookmark             : System.Diagnostics.Eventing.Reader.EventBookmark
LevelDisplayName     : 情報
OpcodeDisplayName    : 情報
TaskDisplayName      : 
KeywordsDisplayNames : {}
Properties           : {System.Diagnostics.Eventing.Reader.EventProperty, System.Diagnostics.Eventing.Reader.EventProperty, System.Diagnostics.Eventing.Reader.EventProperty, System.Diagnostics.Eventing.Reader.EventProperty}

Message              : インストールの成功: 次の更新プログラムが正しくインストールされました: Microsoft Defender Antivirus のセキュリティ インテリジェンス更新プログラム - KB2267602 (バージョン 1.449.129.0) - 現在のチャネル (広範)
Id                   : 19
Version              : 1
Qualifiers           : 
Level                : 4
Task                 : 1
Opcode               : 13
Keywords             : -9223372036854775784
RecordId             : 8044
ProviderName         : Microsoft-Windows-WindowsUpdateClient
ProviderId           : 945a8954-c147-4acd-923f-40c45405a658
LogName              : System
ProcessId            : 175352
ThreadId             : 88264
MachineName          : DESKTOP-HUU77M6
UserId               : S-1-5-18
TimeCreated          : 2026/04/16 木曜日 16:34:40
ActivityId           : 
RelatedActivityId    : 
ContainerLog         : System
MatchedQueryIds      : {}
Bookmark             : System.Diagnostics.Eventing.Reader.EventBookmark
LevelDisplayName     : 情報
OpcodeDisplayName    : インストール
TaskDisplayName      : Windows Update エージェント
KeywordsDisplayNames : {インストール, 成功}
Properties           : {System.Diagnostics.Eventing.Reader.EventProperty, System.Diagnostics.Eventing.Reader.EventProperty, System.Diagnostics.Eventing.Reader.EventProperty, System.Diagnostics.Eventing.Reader.EventProperty}

Message              : インストールの開始: 次の更新プログラムのインストールが開始されました: Microsoft Defender Antivirus のセキュリティ インテリジェンス更新プログラム - KB2267602 (バージョン 1.449.129.0) - 現在のチャネル (広範)
Id                   : 43
Version              : 1
Qualifiers           : 
Level                : 4
Task                 : 1
Opcode               : 13
Keywords             : -9223372036854767608
RecordId             : 8043
ProviderName         : Microsoft-Windows-WindowsUpdateClient
ProviderId           : 945a8954-c147-4acd-923f-40c45405a658
LogName              : System
ProcessId            : 175352
ThreadId             : 88264
MachineName          : DESKTOP-HUU77M6
UserId               : S-1-5-18
TimeCreated          : 2026/04/16 木曜日 16:34:32
ActivityId           : 
RelatedActivityId    : 
ContainerLog         : System
MatchedQueryIds      : {}
Bookmark             : System.Diagnostics.Eventing.Reader.EventBookmark
LevelDisplayName     : 情報
OpcodeDisplayName    : インストール
TaskDisplayName      : Windows Update エージェント
KeywordsDisplayNames : {インストール, 開始済み}
Properties           : {System.Diagnostics.Eventing.Reader.EventProperty, System.Diagnostics.Eventing.Reader.EventProperty, System.Diagnostics.Eventing.Reader.EventProperty}

Message              : Windows Update は更新プログラムのダウンロードを開始しました。
Id                   : 44
Version              : 1
Qualifiers           : 
Level                : 4
Task                 : 1
Opcode               : 12
Keywords             : -9223372036854767612
RecordId             : 8042
ProviderName         : Microsoft-Windows-WindowsUpdateClient
ProviderId           : 945a8954-c147-4acd-923f-40c45405a658
LogName              : System
ProcessId            : 175352
ThreadId             : 88264
MachineName          : DESKTOP-HUU77M6
UserId               : S-1-5-18
TimeCreated          : 2026/04/16 木曜日 16:34:32
ActivityId           : 
RelatedActivityId    : 
ContainerLog         : System
MatchedQueryIds      : {}
Bookmark             : System.Diagnostics.Eventing.Reader.EventBookmark
LevelDisplayName     : 情報
OpcodeDisplayName    : インストール
TaskDisplayName      : Windows Update エージェント
KeywordsDisplayNames : {ダウンロード, 開始済み}
Properties           : {System.Diagnostics.Eventing.Reader.EventProperty, System.Diagnostics.Eventing.Reader.EventProperty, System.Diagnostics.Eventing.Reader.EventProperty}

Message              : ハイブ \??\C:\Users\infin\AppData\Local\Packages\Microsoft.WindowsFeedbackHub_8wekyb3d8bbwe\Settings\settings.dat のアクセス履歴がクリアされました。これにより、2 のキーが更新され、1 の変更されたページが作成されました。
Id                   : 16
Version              : 0
Qualifiers           : 
Level                : 4
Task                 : 0
Opcode               : 0
Keywords             : -9223372036854775808
RecordId             : 8041
ProviderName         : Microsoft-Windows-Kernel-General
ProviderId           : a68ca8b7-004f-d7b6-a698-07e2de0f1f5d
LogName              : System
ProcessId            : 149408
ThreadId             : 37316
MachineName          : DESKTOP-HUU77M6
UserId               : S-1-5-18
TimeCreated          : 2026/04/16 木曜日 12:26:20
ActivityId           : 
RelatedActivityId    : 
ContainerLog         : System
MatchedQueryIds      : {}
Bookmark             : System.Diagnostics.Eventing.Reader.EventBookmark
LevelDisplayName     : 情報
OpcodeDisplayName    : 情報
TaskDisplayName      : 
KeywordsDisplayNames : {}
Properties           : {System.Diagnostics.Eventing.Reader.EventProperty, System.Diagnostics.Eventing.Reader.EventProperty, System.Diagnostics.Eventing.Reader.EventProperty, System.Diagnostics.Eventing.Reader.EventProperty}

Message              : システムの稼働時間は 1649055 秒です。
Id                   : 6013
Version              : 0
Qualifiers           : 32768
Level                : 4
Task                 : 0
Opcode               : 0
Keywords             : 36028797018963968
RecordId             : 8040
ProviderName         : EventLog
ProviderId           : 
LogName              : System
ProcessId            : 3176
ThreadId             : 3360
MachineName          : DESKTOP-HUU77M6
UserId               : 
TimeCreated          : 2026/04/16 木曜日 12:00:00
ActivityId           : 
RelatedActivityId    : 
ContainerLog         : System
MatchedQueryIds      : {}
Bookmark             : System.Diagnostics.Eventing.Reader.EventBookmark
LevelDisplayName     : 情報
OpcodeDisplayName    : 
TaskDisplayName      : なし
KeywordsDisplayNames : {クラシック}
Properties           : {System.Diagnostics.Eventing.Reader.EventProperty, System.Diagnostics.Eventing.Reader.EventProperty, System.Diagnostics.Eventing.Reader.EventProperty, System.Diagnostics.Eventing.Reader.EventProperty…}

Message              : 
Id                   : 1
Version              : 0
Qualifiers           : 
Level                : 4
Task                 : 0
Opcode               : 0
Keywords             : -9223372036854775808
RecordId             : 8039
ProviderName         : Microsoft-Windows-Configuration-Change-Monitor
ProviderId           : a148cf02-be6d-5f08-94e3-b68de60d8422
LogName              : System
ProcessId            : 213184
ThreadId             : 173444
MachineName          : DESKTOP-HUU77M6
UserId               : S-1-5-18
TimeCreated          : 2026/04/16 木曜日 10:33:10
ActivityId           : 
RelatedActivityId    : 
ContainerLog         : System
MatchedQueryIds      : {}
Bookmark             : System.Diagnostics.Eventing.Reader.EventBookmark
LevelDisplayName     : 情報
OpcodeDisplayName    : 情報
TaskDisplayName      : 
KeywordsDisplayNames : {}
Properties           : {System.Diagnostics.Eventing.Reader.EventProperty, System.Diagnostics.Eventing.Reader.EventProperty, System.Diagnostics.Eventing.Reader.EventProperty, System.Diagnostics.Eventing.Reader.EventProperty…}

Message              : 
Id                   : 1
Version              : 0
Qualifiers           : 
Level                : 4
Task                 : 0
Opcode               : 0
Keywords             : -9223372036854775808
RecordId             : 8038
ProviderName         : Microsoft-Windows-Configuration-Change-Monitor
ProviderId           : a148cf02-be6d-5f08-94e3-b68de60d8422
LogName              : System
ProcessId            : 187432
ThreadId             : 228552
MachineName          : DESKTOP-HUU77M6
UserId               : S-1-5-18
TimeCreated          : 2026/04/16 木曜日 10:33:10
ActivityId           : 
RelatedActivityId    : 
ContainerLog         : System
MatchedQueryIds      : {}
Bookmark             : System.Diagnostics.Eventing.Reader.EventBookmark
LevelDisplayName     : 情報
OpcodeDisplayName    : 情報
TaskDisplayName      : 
KeywordsDisplayNames : {}
Properties           : {System.Diagnostics.Eventing.Reader.EventProperty, System.Diagnostics.Eventing.Reader.EventProperty, System.Diagnostics.Eventing.Reader.EventProperty, System.Diagnostics.Eventing.Reader.EventProperty…}

Message              : 
Id                   : 1
Version              : 0
Qualifiers           : 
Level                : 4
Task                 : 0
Opcode               : 0
Keywords             : -9223372036854775808
RecordId             : 8037
ProviderName         : Microsoft-Windows-Configuration-Change-Monitor
ProviderId           : a148cf02-be6d-5f08-94e3-b68de60d8422
LogName              : System
ProcessId            : 102592
ThreadId             : 143140
MachineName          : DESKTOP-HUU77M6
UserId               : S-1-5-18
TimeCreated          : 2026/04/16 木曜日 10:33:10
ActivityId           : 
RelatedActivityId    : 
ContainerLog         : System
MatchedQueryIds      : {}
Bookmark             : System.Diagnostics.Eventing.Reader.EventBookmark
LevelDisplayName     : 情報
OpcodeDisplayName    : 情報
TaskDisplayName      : 
KeywordsDisplayNames : {}
Properties           : {System.Diagnostics.Eventing.Reader.EventProperty, System.Diagnostics.Eventing.Reader.EventProperty, System.Diagnostics.Eventing.Reader.EventProperty, System.Diagnostics.Eventing.Reader.EventProperty…}

Message              : ファイル システム フィルター 'dbx' (6.1、‎2026‎-‎01‎-‎31T03:06:19.000000000Z) が正常に読み込まれ、フィルター マネージャーに登録されました。
Id                   : 6
Version              : 0
Qualifiers           : 
Level                : 4
Task                 : 0
Opcode               : 0
Keywords             : -9223372036854775808
RecordId             : 8036
ProviderName         : Microsoft-Windows-FilterManager
ProviderId           : f3c5e28e-63f6-49c7-a204-e48a1bc4b09d
LogName              : System
ProcessId            : 4
ThreadId             : 178944
MachineName          : DESKTOP-HUU77M6
UserId               : S-1-5-18
TimeCreated          : 2026/04/16 木曜日 7:53:54
ActivityId           : 
RelatedActivityId    : 
ContainerLog         : System
MatchedQueryIds      : {}
Bookmark             : System.Diagnostics.Eventing.Reader.EventBookmark
LevelDisplayName     : 情報
OpcodeDisplayName    : 情報
TaskDisplayName      : 
KeywordsDisplayNames : {}
Properties           : {System.Diagnostics.Eventing.Reader.EventProperty, System.Diagnostics.Eventing.Reader.EventProperty, System.Diagnostics.Eventing.Reader.EventProperty, System.Diagnostics.Eventing.Reader.EventProperty…}

Message              : ハイブ \??\C:\Users\infin\AppData\Local\Packages\DropboxInc.Dropbox_wkt425jdc3sga\Settings\settings.dat のアクセス履歴がクリアされました。これにより、1 のキーが更新され、1 の変更されたページが作成されました。
Id                   : 16
Version              : 0
Qualifiers           : 
Level                : 4
Task                 : 0
Opcode               : 0
Keywords             : -9223372036854775808
RecordId             : 8035
ProviderName         : Microsoft-Windows-Kernel-General
ProviderId           : a68ca8b7-004f-d7b6-a698-07e2de0f1f5d
LogName              : System
ProcessId            : 97008
ThreadId             : 202368
MachineName          : DESKTOP-HUU77M6
UserId               : S-1-5-21-4281057113-1115555198-1931880163-1001
TimeCreated          : 2026/04/16 木曜日 7:53:47
ActivityId           : 
RelatedActivityId    : 
ContainerLog         : System
MatchedQueryIds      : {}
Bookmark             : System.Diagnostics.Eventing.Reader.EventBookmark
LevelDisplayName     : 情報
OpcodeDisplayName    : 情報
TaskDisplayName      : 
KeywordsDisplayNames : {}
Properties           : {System.Diagnostics.Eventing.Reader.EventProperty, System.Diagnostics.Eventing.Reader.EventProperty, System.Diagnostics.Eventing.Reader.EventProperty, System.Diagnostics.Eventing.Reader.EventProperty}

Message              : ファイル システム フィルター 'dbx' (バージョン 6.1、‎2026‎-‎01‎-‎31T03:06:19.000000000Z) は正常にアンロードされました。
Id                   : 1
Version              : 0
Qualifiers           : 
Level                : 4
Task                 : 0
Opcode               : 0
Keywords             : -9223372036854775808
RecordId             : 8034
ProviderName         : Microsoft-Windows-FilterManager
ProviderId           : f3c5e28e-63f6-49c7-a204-e48a1bc4b09d
LogName              : System
ProcessId            : 4
ThreadId             : 136908
MachineName          : DESKTOP-HUU77M6
UserId               : S-1-5-18
TimeCreated          : 2026/04/16 木曜日 7:52:04
ActivityId           : 
RelatedActivityId    : 
ContainerLog         : System
MatchedQueryIds      : {}
Bookmark             : System.Diagnostics.Eventing.Reader.EventBookmark
LevelDisplayName     : 情報
OpcodeDisplayName    : 情報
TaskDisplayName      : 
KeywordsDisplayNames : {}
Properties           : {System.Diagnostics.Eventing.Reader.EventProperty, System.Diagnostics.Eventing.Reader.EventProperty, System.Diagnostics.Eventing.Reader.EventProperty, System.Diagnostics.Eventing.Reader.EventProperty…}

Message              : 
Id                   : 1
Version              : 0
Qualifiers           : 
Level                : 4
Task                 : 0
Opcode               : 0
Keywords             : -9223372036854775808
RecordId             : 8033
ProviderName         : Microsoft-Windows-Configuration-Change-Monitor
ProviderId           : a148cf02-be6d-5f08-94e3-b68de60d8422
LogName              : System
ProcessId            : 240312
ThreadId             : 146696
MachineName          : DESKTOP-HUU77M6
UserId               : S-1-5-18
TimeCreated          : 2026/04/16 木曜日 7:52:03
ActivityId           : 
RelatedActivityId    : 
ContainerLog         : System
MatchedQueryIds      : {}
Bookmark             : System.Diagnostics.Eventing.Reader.EventBookmark
LevelDisplayName     : 情報
OpcodeDisplayName    : 情報
TaskDisplayName      : 
KeywordsDisplayNames : {}
Properties           : {System.Diagnostics.Eventing.Reader.EventProperty, System.Diagnostics.Eventing.Reader.EventProperty, System.Diagnostics.Eventing.Reader.EventProperty, System.Diagnostics.Eventing.Reader.EventProperty…}

Message              : 
Id                   : 1
Version              : 0
Qualifiers           : 
Level                : 4
Task                 : 0
Opcode               : 0
Keywords             : -9223372036854775808
RecordId             : 8032
ProviderName         : Microsoft-Windows-Configuration-Change-Monitor
ProviderId           : a148cf02-be6d-5f08-94e3-b68de60d8422
LogName              : System
ProcessId            : 173772
ThreadId             : 62160
MachineName          : DESKTOP-HUU77M6
UserId               : S-1-5-18
TimeCreated          : 2026/04/16 木曜日 7:52:03
ActivityId           : 
RelatedActivityId    : 
ContainerLog         : System
MatchedQueryIds      : {}
Bookmark             : System.Diagnostics.Eventing.Reader.EventBookmark
LevelDisplayName     : 情報
OpcodeDisplayName    : 情報
TaskDisplayName      : 
KeywordsDisplayNames : {}
Properties           : {System.Diagnostics.Eventing.Reader.EventProperty, System.Diagnostics.Eventing.Reader.EventProperty, System.Diagnostics.Eventing.Reader.EventProperty, System.Diagnostics.Eventing.Reader.EventProperty…}

Message              : 
Id                   : 1
Version              : 0
Qualifiers           : 
Level                : 4
Task                 : 0
Opcode               : 0
Keywords             : -9223372036854775808
RecordId             : 8031
ProviderName         : Microsoft-Windows-Configuration-Change-Monitor
ProviderId           : a148cf02-be6d-5f08-94e3-b68de60d8422
LogName              : System
ProcessId            : 61124
ThreadId             : 113368
MachineName          : DESKTOP-HUU77M6
UserId               : S-1-5-18
TimeCreated          : 2026/04/16 木曜日 7:52:03
ActivityId           : 
RelatedActivityId    : 
ContainerLog         : System
MatchedQueryIds      : {}
Bookmark             : System.Diagnostics.Eventing.Reader.EventBookmark
LevelDisplayName     : 情報
OpcodeDisplayName    : 情報
TaskDisplayName      : 
KeywordsDisplayNames : {}
Properties           : {System.Diagnostics.Eventing.Reader.EventProperty, System.Diagnostics.Eventing.Reader.EventProperty, System.Diagnostics.Eventing.Reader.EventProperty, System.Diagnostics.Eventing.Reader.EventProperty…}

Message              : タッチ/タッチパッド ハードウェアの品質保証の検証に成功しました。
Id                   : 267
Version              : 0
Qualifiers           : 16384
Level                : 4
Task                 : 0
Opcode               : 0
Keywords             : 36028797018963968
RecordId             : 8030
ProviderName         : Win32k
ProviderId           : 
LogName              : System
ProcessId            : 4
ThreadId             : 178944
MachineName          : DESKTOP-HUU77M6
UserId               : 
TimeCreated          : 2026/04/16 木曜日 7:47:27
ActivityId           : 
RelatedActivityId    : 
ContainerLog         : System
MatchedQueryIds      : {}
Bookmark             : System.Diagnostics.Eventing.Reader.EventBookmark
LevelDisplayName     : 情報
OpcodeDisplayName    : 
TaskDisplayName      : なし
KeywordsDisplayNames : {クラシック}
Properties           : {System.Diagnostics.Eventing.Reader.EventProperty, System.Diagnostics.Eventing.Reader.EventProperty}

Message              : インストールの成功: 次の更新プログラムが正しくインストールされました: Microsoft Defender Antivirus のセキュリティ インテリジェンス更新プログラム - KB2267602 (バージョン 1.449.122.0) - 現在のチャネル (広範)
Id                   : 19
Version              : 1
Qualifiers           : 
Level                : 4
Task                 : 1
Opcode               : 13
Keywords             : -9223372036854775784
RecordId             : 8029
ProviderName         : Microsoft-Windows-WindowsUpdateClient
ProviderId           : 945a8954-c147-4acd-923f-40c45405a658
LogName              : System
ProcessId            : 63912
ThreadId             : 214604
MachineName          : DESKTOP-HUU77M6
UserId               : S-1-5-18
TimeCreated          : 2026/04/16 木曜日 6:19:08
ActivityId           : 
RelatedActivityId    : 
ContainerLog         : System
MatchedQueryIds      : {}
Bookmark             : System.Diagnostics.Eventing.Reader.EventBookmark
LevelDisplayName     : 情報
OpcodeDisplayName    : インストール
TaskDisplayName      : Windows Update エージェント
KeywordsDisplayNames : {インストール, 成功}
Properties           : {System.Diagnostics.Eventing.Reader.EventProperty, System.Diagnostics.Eventing.Reader.EventProperty, System.Diagnostics.Eventing.Reader.EventProperty, System.Diagnostics.Eventing.Reader.EventProperty}

Message              : インストールの開始: 次の更新プログラムのインストールが開始されました: Microsoft Defender Antivirus のセキュリティ インテリジェンス更新プログラム - KB2267602 (バージョン 1.449.122.0) - 現在のチャネル (広範)
Id                   : 43
Version              : 1
Qualifiers           : 
Level                : 4
Task                 : 1
Opcode               : 13
Keywords             : -9223372036854767608
RecordId             : 8028
ProviderName         : Microsoft-Windows-WindowsUpdateClient
ProviderId           : 945a8954-c147-4acd-923f-40c45405a658
LogName              : System
ProcessId            : 63912
ThreadId             : 214604
MachineName          : DESKTOP-HUU77M6
UserId               : S-1-5-18
TimeCreated          : 2026/04/16 木曜日 6:19:01
ActivityId           : 
RelatedActivityId    : 
ContainerLog         : System
MatchedQueryIds      : {}
Bookmark             : System.Diagnostics.Eventing.Reader.EventBookmark
LevelDisplayName     : 情報
OpcodeDisplayName    : インストール
TaskDisplayName      : Windows Update エージェント
KeywordsDisplayNames : {インストール, 開始済み}
Properties           : {System.Diagnostics.Eventing.Reader.EventProperty, System.Diagnostics.Eventing.Reader.EventProperty, System.Diagnostics.Eventing.Reader.EventProperty}

Message              : Windows Update は更新プログラムのダウンロードを開始しました。
Id                   : 44
Version              : 1
Qualifiers           : 
Level                : 4
Task                 : 1
Opcode               : 12
Keywords             : -9223372036854767612
RecordId             : 8027
ProviderName         : Microsoft-Windows-WindowsUpdateClient
ProviderId           : 945a8954-c147-4acd-923f-40c45405a658
LogName              : System
ProcessId            : 63912
ThreadId             : 214604
MachineName          : DESKTOP-HUU77M6
UserId               : S-1-5-18
TimeCreated          : 2026/04/16 木曜日 6:19:01
ActivityId           : 
RelatedActivityId    : 
ContainerLog         : System
MatchedQueryIds      : {}
Bookmark             : System.Diagnostics.Eventing.Reader.EventBookmark
LevelDisplayName     : 情報
OpcodeDisplayName    : インストール
TaskDisplayName      : Windows Update エージェント
KeywordsDisplayNames : {ダウンロード, 開始済み}
Properties           : {System.Diagnostics.Eventing.Reader.EventProperty, System.Diagnostics.Eventing.Reader.EventProperty, System.Diagnostics.Eventing.Reader.EventProperty}

Message              : Windows Update は更新プログラムのダウンロードを開始しました。
Id                   : 44
Version              : 1
Qualifiers           : 
Level                : 4
Task                 : 1
Opcode               : 12
Keywords             : -9223372036854767612
RecordId             : 8026
ProviderName         : Microsoft-Windows-WindowsUpdateClient
ProviderId           : 945a8954-c147-4acd-923f-40c45405a658
LogName              : System
ProcessId            : 136560
ThreadId             : 227500
MachineName          : DESKTOP-HUU77M6
UserId               : S-1-5-18
TimeCreated          : 2026/04/16 木曜日 5:23:50
ActivityId           : 
RelatedActivityId    : 
ContainerLog         : System
MatchedQueryIds      : {}
Bookmark             : System.Diagnostics.Eventing.Reader.EventBookmark
LevelDisplayName     : 情報
OpcodeDisplayName    : インストール
TaskDisplayName      : Windows Update エージェント
KeywordsDisplayNames : {ダウンロード, 開始済み}
Properties           : {System.Diagnostics.Eventing.Reader.EventProperty, System.Diagnostics.Eventing.Reader.EventProperty, System.Diagnostics.Eventing.Reader.EventProperty}

Message              : インストールの失敗: エラー 0x80073D02 で次の更新プログラムのインストールに失敗しました: 9NMPJ99VJBWV-Microsoft.YourPhone。
Id                   : 20
Version              : 1
Qualifiers           : 
Level                : 2
Task                 : 1
Opcode               : 13
Keywords             : -9223372036854775768
RecordId             : 8025
ProviderName         : Microsoft-Windows-WindowsUpdateClient
ProviderId           : 945a8954-c147-4acd-923f-40c45405a658
LogName              : System
ProcessId            : 169572
ThreadId             : 237520
MachineName          : DESKTOP-HUU77M6
UserId               : S-1-5-18
TimeCreated          : 2026/04/16 木曜日 4:36:02
ActivityId           : 9678ebd8-be4d-0005-cccc-e09d4dbedc01
RelatedActivityId    : 
ContainerLog         : System
MatchedQueryIds      : {}
Bookmark             : System.Diagnostics.Eventing.Reader.EventBookmark
LevelDisplayName     : エラー
OpcodeDisplayName    : インストール
TaskDisplayName      : Windows Update エージェント
KeywordsDisplayNames : {インストール, エラー}
Properties           : {System.Diagnostics.Eventing.Reader.EventProperty, System.Diagnostics.Eventing.Reader.EventProperty, System.Diagnostics.Eventing.Reader.EventProperty, System.Diagnostics.Eventing.Reader.EventProperty…}

Message              : インストールの開始: 次の更新プログラムのインストールが開始されました: 9NMPJ99VJBWV-Microsoft.YourPhone
Id                   : 43
Version              : 1
Qualifiers           : 
Level                : 4
Task                 : 1
Opcode               : 13
Keywords             : -9223372036854767608
RecordId             : 8024
ProviderName         : Microsoft-Windows-WindowsUpdateClient
ProviderId           : 945a8954-c147-4acd-923f-40c45405a658
LogName              : System
ProcessId            : 169572
ThreadId             : 237520
MachineName          : DESKTOP-HUU77M6
UserId               : S-1-5-18
TimeCreated          : 2026/04/16 木曜日 4:36:02
ActivityId           : 
RelatedActivityId    : 
ContainerLog         : System
MatchedQueryIds      : {}
Bookmark             : System.Diagnostics.Eventing.Reader.EventBookmark
LevelDisplayName     : 情報
OpcodeDisplayName    : インストール
TaskDisplayName      : Windows Update エージェント
KeywordsDisplayNames : {インストール, 開始済み}
Properties           : {System.Diagnostics.Eventing.Reader.EventProperty, System.Diagnostics.Eventing.Reader.EventProperty, System.Diagnostics.Eventing.Reader.EventProperty}

Message              : インストールの失敗: エラー 0x80073D02 で次の更新プログラムのインストールに失敗しました: 9NTXGKQ8P7N0-MicrosoftWindows.CrossDevice。
Id                   : 20
Version              : 1
Qualifiers           : 
Level                : 2
Task                 : 1
Opcode               : 13
Keywords             : -9223372036854775768
RecordId             : 8023
ProviderName         : Microsoft-Windows-WindowsUpdateClient
ProviderId           : 945a8954-c147-4acd-923f-40c45405a658
LogName              : System
ProcessId            : 169572
ThreadId             : 91608
MachineName          : DESKTOP-HUU77M6
UserId               : S-1-5-18
TimeCreated          : 2026/04/16 木曜日 4:36:01
ActivityId           : 9678ebd8-be4d-0007-1786-719b4dbedc01
RelatedActivityId    : 
ContainerLog         : System
MatchedQueryIds      : {}
Bookmark             : System.Diagnostics.Eventing.Reader.EventBookmark
LevelDisplayName     : エラー
OpcodeDisplayName    : インストール
TaskDisplayName      : Windows Update エージェント
KeywordsDisplayNames : {インストール, エラー}
Properties           : {System.Diagnostics.Eventing.Reader.EventProperty, System.Diagnostics.Eventing.Reader.EventProperty, System.Diagnostics.Eventing.Reader.EventProperty, System.Diagnostics.Eventing.Reader.EventProperty…}

Message              : インストールの開始: 次の更新プログラムのインストールが開始されました: 9NTXGKQ8P7N0-MicrosoftWindows.CrossDevice
Id                   : 43
Version              : 1
Qualifiers           : 
Level                : 4
Task                 : 1
Opcode               : 13
Keywords             : -9223372036854767608
RecordId             : 8022
ProviderName         : Microsoft-Windows-WindowsUpdateClient
ProviderId           : 945a8954-c147-4acd-923f-40c45405a658
LogName              : System
ProcessId            : 169572
ThreadId             : 91608
MachineName          : DESKTOP-HUU77M6
UserId               : S-1-5-18
TimeCreated          : 2026/04/16 木曜日 4:36:01
ActivityId           : 
RelatedActivityId    : 
ContainerLog         : System
MatchedQueryIds      : {}
Bookmark             : System.Diagnostics.Eventing.Reader.EventBookmark
LevelDisplayName     : 情報
OpcodeDisplayName    : インストール
TaskDisplayName      : Windows Update エージェント
KeywordsDisplayNames : {インストール, 開始済み}
Properties           : {System.Diagnostics.Eventing.Reader.EventProperty, System.Diagnostics.Eventing.Reader.EventProperty, System.Diagnostics.Eventing.Reader.EventProperty}

Message              : Windows Update は更新プログラムのダウンロードを開始しました。
Id                   : 44
Version              : 1
Qualifiers           : 
Level                : 4
Task                 : 1
Opcode               : 12
Keywords             : -9223372036854767612
RecordId             : 8021
ProviderName         : Microsoft-Windows-WindowsUpdateClient
ProviderId           : 945a8954-c147-4acd-923f-40c45405a658
LogName              : System
ProcessId            : 169572
ThreadId             : 54100
MachineName          : DESKTOP-HUU77M6
UserId               : S-1-5-18
TimeCreated          : 2026/04/16 木曜日 4:35:56
ActivityId           : 
RelatedActivityId    : 
ContainerLog         : System
MatchedQueryIds      : {}
Bookmark             : System.Diagnostics.Eventing.Reader.EventBookmark
LevelDisplayName     : 情報
OpcodeDisplayName    : インストール
TaskDisplayName      : Windows Update エージェント
KeywordsDisplayNames : {ダウンロード, 開始済み}
Properties           : {System.Diagnostics.Eventing.Reader.EventProperty, System.Diagnostics.Eventing.Reader.EventProperty, System.Diagnostics.Eventing.Reader.EventProperty}

Message              : Windows Update は更新プログラムのダウンロードを開始しました。
Id                   : 44
Version              : 1
Qualifiers           : 
Level                : 4
Task                 : 1
Opcode               : 12
Keywords             : -9223372036854767612
RecordId             : 8020
ProviderName         : Microsoft-Windows-WindowsUpdateClient
ProviderId           : 945a8954-c147-4acd-923f-40c45405a658
LogName              : System
ProcessId            : 169572
ThreadId             : 54100
MachineName          : DESKTOP-HUU77M6
UserId               : S-1-5-18
TimeCreated          : 2026/04/16 木曜日 4:35:56
ActivityId           : 
RelatedActivityId    : 
ContainerLog         : System
MatchedQueryIds      : {}
Bookmark             : System.Diagnostics.Eventing.Reader.EventBookmark
LevelDisplayName     : 情報
OpcodeDisplayName    : インストール
TaskDisplayName      : Windows Update エージェント
KeywordsDisplayNames : {ダウンロード, 開始済み}
Properties           : {System.Diagnostics.Eventing.Reader.EventProperty, System.Diagnostics.Eventing.Reader.EventProperty, System.Diagnostics.Eventing.Reader.EventProperty}

Message              : インストールの成功: 次の更新プログラムが正しくインストールされました: Microsoft Defender Antivirus のセキュリティ インテリジェンス更新プログラム - KB2267602 (バージョン 1.449.118.0) - 現在のチャネル (広範)
Id                   : 19
Version              : 1
Qualifiers           : 
Level                : 4
Task                 : 1
Opcode               : 13
Keywords             : -9223372036854775784
RecordId             : 8019
ProviderName         : Microsoft-Windows-WindowsUpdateClient
ProviderId           : 945a8954-c147-4acd-923f-40c45405a658
LogName              : System
ProcessId            : 201608
ThreadId             : 51372
MachineName          : DESKTOP-HUU77M6
UserId               : S-1-5-18
TimeCreated          : 2026/04/16 木曜日 1:27:21
ActivityId           : 
RelatedActivityId    : 
ContainerLog         : System
MatchedQueryIds      : {}
Bookmark             : System.Diagnostics.Eventing.Reader.EventBookmark
LevelDisplayName     : 情報
OpcodeDisplayName    : インストール
TaskDisplayName      : Windows Update エージェント
KeywordsDisplayNames : {インストール, 成功}
Properties           : {System.Diagnostics.Eventing.Reader.EventProperty, System.Diagnostics.Eventing.Reader.EventProperty, System.Diagnostics.Eventing.Reader.EventProperty, System.Diagnostics.Eventing.Reader.EventProperty}

Message              : インストールの開始: 次の更新プログラムのインストールが開始されました: Microsoft Defender Antivirus のセキュリティ インテリジェンス更新プログラム - KB2267602 (バージョン 1.449.118.0) - 現在のチャネル (広範)
Id                   : 43
Version              : 1
Qualifiers           : 
Level                : 4
Task                 : 1
Opcode               : 13
Keywords             : -9223372036854767608
RecordId             : 8018
ProviderName         : Microsoft-Windows-WindowsUpdateClient
ProviderId           : 945a8954-c147-4acd-923f-40c45405a658
LogName              : System
ProcessId            : 201608
ThreadId             : 51372
MachineName          : DESKTOP-HUU77M6
UserId               : S-1-5-18
TimeCreated          : 2026/04/16 木曜日 1:27:14
ActivityId           : 
RelatedActivityId    : 
ContainerLog         : System
MatchedQueryIds      : {}
Bookmark             : System.Diagnostics.Eventing.Reader.EventBookmark
LevelDisplayName     : 情報
OpcodeDisplayName    : インストール
TaskDisplayName      : Windows Update エージェント
KeywordsDisplayNames : {インストール, 開始済み}
Properties           : {System.Diagnostics.Eventing.Reader.EventProperty, System.Diagnostics.Eventing.Reader.EventProperty, System.Diagnostics.Eventing.Reader.EventProperty}

Message              : Windows Update は更新プログラムのダウンロードを開始しました。
Id                   : 44
Version              : 1
Qualifiers           : 
Level                : 4
Task                 : 1
Opcode               : 12
Keywords             : -9223372036854767612
RecordId             : 8017
ProviderName         : Microsoft-Windows-WindowsUpdateClient
ProviderId           : 945a8954-c147-4acd-923f-40c45405a658
LogName              : System
ProcessId            : 201608
ThreadId             : 51372
MachineName          : DESKTOP-HUU77M6
UserId               : S-1-5-18
TimeCreated          : 2026/04/16 木曜日 1:27:14
ActivityId           : 
RelatedActivityId    : 
ContainerLog         : System
MatchedQueryIds      : {}
Bookmark             : System.Diagnostics.Eventing.Reader.EventBookmark
LevelDisplayName     : 情報
OpcodeDisplayName    : インストール
TaskDisplayName      : Windows Update エージェント
KeywordsDisplayNames : {ダウンロード, 開始済み}
Properties           : {System.Diagnostics.Eventing.Reader.EventProperty, System.Diagnostics.Eventing.Reader.EventProperty, System.Diagnostics.Eventing.Reader.EventProperty}

Message              : ハイブ \??\C:\Users\infin\AppData\Local\Packages\Microsoft.WindowsNotepad_8wekyb3d8bbwe\Settings\settings.dat のアクセス履歴がクリアされました。これにより、1 のキーが更新され、1 の変更されたページが作成されました。
Id                   : 16
Version              : 0
Qualifiers           : 
Level                : 4
Task                 : 0
Opcode               : 0
Keywords             : -9223372036854775808
RecordId             : 8016
ProviderName         : Microsoft-Windows-Kernel-General
ProviderId           : a68ca8b7-004f-d7b6-a698-07e2de0f1f5d
LogName              : System
ProcessId            : 20520
ThreadId             : 69716
MachineName          : DESKTOP-HUU77M6
UserId               : S-1-5-18
TimeCreated          : 2026/04/16 木曜日 0:57:57
ActivityId           : 
RelatedActivityId    : 
ContainerLog         : System
MatchedQueryIds      : {}
Bookmark             : System.Diagnostics.Eventing.Reader.EventBookmark
LevelDisplayName     : 情報
OpcodeDisplayName    : 情報
TaskDisplayName      : 
KeywordsDisplayNames : {}
Properties           : {System.Diagnostics.Eventing.Reader.EventProperty, System.Diagnostics.Eventing.Reader.EventProperty, System.Diagnostics.Eventing.Reader.EventProperty, System.Diagnostics.Eventing.Reader.EventProperty}

Message              : アプリケーション固有 のアクセス許可の設定では、CLSID 
                       {8BC3F05E-D86B-11D0-A075-00C04FB68820}
                        および APPID 
                       {8BC3F05E-D86B-11D0-A075-00C04FB68820}
                        の COM サーバー アプリケーションに対するローカルアクティブ化のアクセス許可を、アプリケーション コンテナー 利用不可 SID (S-1-15-2-2034283098-2252572593-1072577386-2659511007-3245387615-27016815-3920691934) で実行中のアドレス LocalHost (LRPC 使用) のユーザー DESKTOP-HUU77M6\infin SID (S-1-5-21-4281057113-1115555198-1931880163-1001) に与えることはできません。このセキュリティ アクセス許可は、コンポーネント サービス管理ツールを使って変更できます。
Id                   : 10016
Version              : 0
Qualifiers           : 0
Level                : 3
Task                 : 0
Opcode               : 0
Keywords             : -9187343239835811840
RecordId             : 8015
ProviderName         : Microsoft-Windows-DistributedCOM
ProviderId           : 1b562e86-b7aa-4131-badc-b6f3a001407e
LogName              : System
ProcessId            : 1848
ThreadId             : 11256
MachineName          : DESKTOP-HUU77M6
UserId               : S-1-5-21-4281057113-1115555198-1931880163-1001
TimeCreated          : 2026/04/16 木曜日 0:02:14
ActivityId           : 9678ebd8-be4d-0011-f452-c5964dbedc01
RelatedActivityId    : 
ContainerLog         : System
MatchedQueryIds      : {}
Bookmark             : System.Diagnostics.Eventing.Reader.EventBookmark
LevelDisplayName     : 警告
OpcodeDisplayName    : 情報
TaskDisplayName      : 
KeywordsDisplayNames : {クラシック}
Properties           : {System.Diagnostics.Eventing.Reader.EventProperty, System.Diagnostics.Eventing.Reader.EventProperty, System.Diagnostics.Eventing.Reader.EventProperty, System.Diagnostics.Eventing.Reader.EventProperty…}

