Message              : ハイブ \??\C:\$WinREAgent\Scratch\Mount\Windows\System32\config\DEFAULT のアクセス履歴がクリアされました。これにより、1 のキーが更新され、1 の変更されたページが作成されました。
Id                   : 16
Version              : 0
Qualifiers           : 
Level                : 4
Task                 : 0
Opcode               : 0
Keywords             : -9223372036854775808
RecordId             : 8143
ProviderName         : Microsoft-Windows-Kernel-General
ProviderId           : a68ca8b7-004f-d7b6-a698-07e2de0f1f5d
LogName              : System
ProcessId            : 107524
ThreadId             : 269508
MachineName          : DESKTOP-HUU77M6
UserId               : S-1-5-18
TimeCreated          : 2026/04/18 土曜日 0:59:42
ActivityId           : 
RelatedActivityId    : 
ContainerLog         : System
MatchedQueryIds      : {}
Bookmark             : System.Diagnostics.Eventing.Reader.EventBookmark
LevelDisplayName     : 情報
OpcodeDisplayName    : 情報
TaskDisplayName      : 
KeywordsDisplayNames : {}
Properties           : {System.Diagnostics.Eventing.Reader.EventProperty, System.Diagnostics.Eventing.Reader.EventProperty, System.Diagnostics.Eventing.Reader.EventProperty, System.Diagnostics.Eventing.Reader.EventProperty}

Message              : ハイブ \??\C:\$WinREAgent\Scratch\Mount\Windows\System32\config\DRIVERS のアクセス履歴がクリアされました。これにより、355 のキーが更新され、40 の変更されたページが作成されました。
Id                   : 16
Version              : 0
Qualifiers           : 
Level                : 4
Task                 : 0
Opcode               : 0
Keywords             : -9223372036854775808
RecordId             : 8142
ProviderName         : Microsoft-Windows-Kernel-General
ProviderId           : a68ca8b7-004f-d7b6-a698-07e2de0f1f5d
LogName              : System
ProcessId            : 107524
ThreadId             : 269508
MachineName          : DESKTOP-HUU77M6
UserId               : S-1-5-18
TimeCreated          : 2026/04/18 土曜日 0:59:42
ActivityId           : 
RelatedActivityId    : 
ContainerLog         : System
MatchedQueryIds      : {}
Bookmark             : System.Diagnostics.Eventing.Reader.EventBookmark
LevelDisplayName     : 情報
OpcodeDisplayName    : 情報
TaskDisplayName      : 
KeywordsDisplayNames : {}
Properties           : {System.Diagnostics.Eventing.Reader.EventProperty, System.Diagnostics.Eventing.Reader.EventProperty, System.Diagnostics.Eventing.Reader.EventProperty, System.Diagnostics.Eventing.Reader.EventProperty}

Message              : ハイブ \??\C:\$WinREAgent\Scratch\Mount\Windows\System32\config\COMPONENTS は、開始サイズ 9437184 バイト、終了サイズ 7335936 バイトで再構成されました。
Id                   : 15
Version              : 0
Qualifiers           : 
Level                : 4
Task                 : 10
Opcode               : 0
Keywords             : -9223372036854775808
RecordId             : 8141
ProviderName         : Microsoft-Windows-Kernel-General
ProviderId           : a68ca8b7-004f-d7b6-a698-07e2de0f1f5d
LogName              : System
ProcessId            : 107524
ThreadId             : 269508
MachineName          : DESKTOP-HUU77M6
UserId               : S-1-5-18
TimeCreated          : 2026/04/18 土曜日 0:59:42
ActivityId           : 
RelatedActivityId    : 
ContainerLog         : System
MatchedQueryIds      : {}
Bookmark             : System.Diagnostics.Eventing.Reader.EventBookmark
LevelDisplayName     : 情報
OpcodeDisplayName    : 情報
TaskDisplayName      : 
KeywordsDisplayNames : {}
Properties           : {System.Diagnostics.Eventing.Reader.EventProperty, System.Diagnostics.Eventing.Reader.EventProperty, System.Diagnostics.Eventing.Reader.EventProperty, System.Diagnostics.Eventing.Reader.EventProperty}

Message              : ハイブ \??\C:\$WinREAgent\Scratch\Mount\Windows\System32\config\SAM のアクセス履歴がクリアされました。これにより、1 のキーが更新され、1 の変更されたページが作成されました。
Id                   : 16
Version              : 0
Qualifiers           : 
Level                : 4
Task                 : 0
Opcode               : 0
Keywords             : -9223372036854775808
RecordId             : 8140
ProviderName         : Microsoft-Windows-Kernel-General
ProviderId           : a68ca8b7-004f-d7b6-a698-07e2de0f1f5d
LogName              : System
ProcessId            : 107524
ThreadId             : 269508
MachineName          : DESKTOP-HUU77M6
UserId               : S-1-5-18
TimeCreated          : 2026/04/18 土曜日 0:59:42
ActivityId           : 
RelatedActivityId    : 
ContainerLog         : System
MatchedQueryIds      : {}
Bookmark             : System.Diagnostics.Eventing.Reader.EventBookmark
LevelDisplayName     : 情報
OpcodeDisplayName    : 情報
TaskDisplayName      : 
KeywordsDisplayNames : {}
Properties           : {System.Diagnostics.Eventing.Reader.EventProperty, System.Diagnostics.Eventing.Reader.EventProperty, System.Diagnostics.Eventing.Reader.EventProperty, System.Diagnostics.Eventing.Reader.EventProperty}

Message              : ハイブ \??\C:\$WinREAgent\Scratch\Mount\Windows\System32\config\SECURITY のアクセス履歴がクリアされました。これにより、1 のキーが更新され、1 の変更されたページが作成されました。
Id                   : 16
Version              : 0
Qualifiers           : 
Level                : 4
Task                 : 0
Opcode               : 0
Keywords             : -9223372036854775808
RecordId             : 8139
ProviderName         : Microsoft-Windows-Kernel-General
ProviderId           : a68ca8b7-004f-d7b6-a698-07e2de0f1f5d
LogName              : System
ProcessId            : 107524
ThreadId             : 269508
MachineName          : DESKTOP-HUU77M6
UserId               : S-1-5-18
TimeCreated          : 2026/04/18 土曜日 0:59:42
ActivityId           : 
RelatedActivityId    : 
ContainerLog         : System
MatchedQueryIds      : {}
Bookmark             : System.Diagnostics.Eventing.Reader.EventBookmark
LevelDisplayName     : 情報
OpcodeDisplayName    : 情報
TaskDisplayName      : 
KeywordsDisplayNames : {}
Properties           : {System.Diagnostics.Eventing.Reader.EventProperty, System.Diagnostics.Eventing.Reader.EventProperty, System.Diagnostics.Eventing.Reader.EventProperty, System.Diagnostics.Eventing.Reader.EventProperty}

Message              : ハイブ \??\C:\$WinREAgent\Scratch\Mount\Windows\System32\config\SYSTEM は、開始サイズ 8290304 バイト、終了サイズ 8044544 バイトで再構成されました。
Id                   : 15
Version              : 0
Qualifiers           : 
Level                : 4
Task                 : 10
Opcode               : 0
Keywords             : -9223372036854775808
RecordId             : 8138
ProviderName         : Microsoft-Windows-Kernel-General
ProviderId           : a68ca8b7-004f-d7b6-a698-07e2de0f1f5d
LogName              : System
ProcessId            : 107524
ThreadId             : 269508
MachineName          : DESKTOP-HUU77M6
UserId               : S-1-5-18
TimeCreated          : 2026/04/18 土曜日 0:59:42
ActivityId           : 
RelatedActivityId    : 
ContainerLog         : System
MatchedQueryIds      : {}
Bookmark             : System.Diagnostics.Eventing.Reader.EventBookmark
LevelDisplayName     : 情報
OpcodeDisplayName    : 情報
TaskDisplayName      : 
KeywordsDisplayNames : {}
Properties           : {System.Diagnostics.Eventing.Reader.EventProperty, System.Diagnostics.Eventing.Reader.EventProperty, System.Diagnostics.Eventing.Reader.EventProperty, System.Diagnostics.Eventing.Reader.EventProperty}

Message              : ハイブ \??\C:\$WinREAgent\Scratch\Mount\Windows\system32\config\SOFTWARE は、開始サイズ 11849728 バイト、終了サイズ 11698176 バイトで再構成されました。
Id                   : 15
Version              : 0
Qualifiers           : 
Level                : 4
Task                 : 10
Opcode               : 0
Keywords             : -9223372036854775808
RecordId             : 8137
ProviderName         : Microsoft-Windows-Kernel-General
ProviderId           : a68ca8b7-004f-d7b6-a698-07e2de0f1f5d
LogName              : System
ProcessId            : 107524
ThreadId             : 114436
MachineName          : DESKTOP-HUU77M6
UserId               : S-1-5-18
TimeCreated          : 2026/04/18 土曜日 0:59:41
ActivityId           : 
RelatedActivityId    : 
ContainerLog         : System
MatchedQueryIds      : {}
Bookmark             : System.Diagnostics.Eventing.Reader.EventBookmark
LevelDisplayName     : 情報
OpcodeDisplayName    : 情報
TaskDisplayName      : 
KeywordsDisplayNames : {}
Properties           : {System.Diagnostics.Eventing.Reader.EventProperty, System.Diagnostics.Eventing.Reader.EventProperty, System.Diagnostics.Eventing.Reader.EventProperty, System.Diagnostics.Eventing.Reader.EventProperty}

Message              : Windows 回復環境サービスを開始しています。
Id                   : 4500
Version              : 0
Qualifiers           : 
Level                : 4
Task                 : 0
Opcode               : 0
Keywords             : -9223372036854775808
RecordId             : 8136
ProviderName         : Microsoft-Windows-WinREAgent
ProviderId           : 1f7a6c55-5532-573b-35b7-2107e43a6ef5
LogName              : System
ProcessId            : 67640
ThreadId             : 95696
MachineName          : DESKTOP-HUU77M6
UserId               : S-1-5-18
TimeCreated          : 2026/04/18 土曜日 0:59:23
ActivityId           : 
RelatedActivityId    : 
ContainerLog         : System
MatchedQueryIds      : {}
Bookmark             : System.Diagnostics.Eventing.Reader.EventBookmark
LevelDisplayName     : 情報
OpcodeDisplayName    : 情報
TaskDisplayName      : 
KeywordsDisplayNames : {}
Properties           : {}

Message              : サービスが開始されました。
Id                   : 3
Version              : 0
Qualifiers           : 16896
Level                : 4
Task                 : 0
Opcode               : 0
Keywords             : 36028797018963968
RecordId             : 8135
ProviderName         : Virtual Disk Service
ProviderId           : 
LogName              : System
ProcessId            : 190488
ThreadId             : 0
MachineName          : DESKTOP-HUU77M6
UserId               : 
TimeCreated          : 2026/04/18 土曜日 0:59:22
ActivityId           : 
RelatedActivityId    : 
ContainerLog         : System
MatchedQueryIds      : {}
Bookmark             : System.Diagnostics.Eventing.Reader.EventBookmark
LevelDisplayName     : 情報
OpcodeDisplayName    : 
TaskDisplayName      : なし
KeywordsDisplayNames : {クラシック}
Properties           : {System.Diagnostics.Eventing.Reader.EventProperty}

Message              : インストールの開始: 次の更新プログラムのインストールが開始されました: 2026-04 セキュリティ パッチ (KB5083769) (26200.8246)
Id                   : 43
Version              : 1
Qualifiers           : 
Level                : 4
Task                 : 1
Opcode               : 13
Keywords             : -9223372036854767608
RecordId             : 8134
ProviderName         : Microsoft-Windows-WindowsUpdateClient
ProviderId           : 945a8954-c147-4acd-923f-40c45405a658
LogName              : System
ProcessId            : 252564
ThreadId             : 21708
MachineName          : DESKTOP-HUU77M6
UserId               : S-1-5-18
TimeCreated          : 2026/04/18 土曜日 0:59:01
ActivityId           : 
RelatedActivityId    : 
ContainerLog         : System
MatchedQueryIds      : {}
Bookmark             : System.Diagnostics.Eventing.Reader.EventBookmark
LevelDisplayName     : 情報
OpcodeDisplayName    : インストール
TaskDisplayName      : Windows Update エージェント
KeywordsDisplayNames : {インストール, 開始済み}
Properties           : {System.Diagnostics.Eventing.Reader.EventProperty, System.Diagnostics.Eventing.Reader.EventProperty, System.Diagnostics.Eventing.Reader.EventProperty}

Message              : Windows Update は更新プログラムのダウンロードを開始しました。
Id                   : 44
Version              : 1
Qualifiers           : 
Level                : 4
Task                 : 1
Opcode               : 12
Keywords             : -9223372036854767612
RecordId             : 8133
ProviderName         : Microsoft-Windows-WindowsUpdateClient
ProviderId           : 945a8954-c147-4acd-923f-40c45405a658
LogName              : System
ProcessId            : 252564
ThreadId             : 243676
MachineName          : DESKTOP-HUU77M6
UserId               : S-1-5-18
TimeCreated          : 2026/04/18 土曜日 0:56:44
ActivityId           : 
RelatedActivityId    : 
ContainerLog         : System
MatchedQueryIds      : {}
Bookmark             : System.Diagnostics.Eventing.Reader.EventBookmark
LevelDisplayName     : 情報
OpcodeDisplayName    : インストール
TaskDisplayName      : Windows Update エージェント
KeywordsDisplayNames : {ダウンロード, 開始済み}
Properties           : {System.Diagnostics.Eventing.Reader.EventProperty, System.Diagnostics.Eventing.Reader.EventProperty, System.Diagnostics.Eventing.Reader.EventProperty}

Message              : ハイブ \??\C:\ProgramData\Packages\ohmyposh.cli_96v55e8n804z4\S-1-5-21-4281057113-1115555198-1931880163-1001\SystemAppData\Helium\Cache\d9dca328d0ab7dff_COM15.dat のアクセス履歴がクリアされました。これにより、1 のキーが更新され、1 の変更されたページが作成されました。
Id                   : 16
Version              : 0
Qualifiers           : 
Level                : 4
Task                 : 0
Opcode               : 0
Keywords             : -9223372036854775808
RecordId             : 8132
ProviderName         : Microsoft-Windows-Kernel-General
ProviderId           : a68ca8b7-004f-d7b6-a698-07e2de0f1f5d
LogName              : System
ProcessId            : 16044
ThreadId             : 42920
MachineName          : DESKTOP-HUU77M6
UserId               : S-1-5-18
TimeCreated          : 2026/04/17 金曜日 23:03:48
ActivityId           : 
RelatedActivityId    : 
ContainerLog         : System
MatchedQueryIds      : {}
Bookmark             : System.Diagnostics.Eventing.Reader.EventBookmark
LevelDisplayName     : 情報
OpcodeDisplayName    : 情報
TaskDisplayName      : 
KeywordsDisplayNames : {}
Properties           : {System.Diagnostics.Eventing.Reader.EventProperty, System.Diagnostics.Eventing.Reader.EventProperty, System.Diagnostics.Eventing.Reader.EventProperty, System.Diagnostics.Eventing.Reader.EventProperty}

Message              : タッチ/タッチパッド ハードウェアの品質保証の検証に成功しました。
Id                   : 267
Version              : 0
Qualifiers           : 16384
Level                : 4
Task                 : 0
Opcode               : 0
Keywords             : 36028797018963968
RecordId             : 8131
ProviderName         : Win32k
ProviderId           : 
LogName              : System
ProcessId            : 4
ThreadId             : 144804
MachineName          : DESKTOP-HUU77M6
UserId               : 
TimeCreated          : 2026/04/17 金曜日 22:51:11
ActivityId           : 
RelatedActivityId    : 
ContainerLog         : System
MatchedQueryIds      : {}
Bookmark             : System.Diagnostics.Eventing.Reader.EventBookmark
LevelDisplayName     : 情報
OpcodeDisplayName    : 
TaskDisplayName      : なし
KeywordsDisplayNames : {クラシック}
Properties           : {System.Diagnostics.Eventing.Reader.EventProperty, System.Diagnostics.Eventing.Reader.EventProperty}

Message              : インストールの成功: 次の更新プログラムが正しくインストールされました: Microsoft Defender Antivirus のセキュリティ インテリジェンス更新プログラム - KB2267602 (バージョン 1.449.148.0) - 現在のチャネル (広範)
Id                   : 19
Version              : 1
Qualifiers           : 
Level                : 4
Task                 : 1
Opcode               : 13
Keywords             : -9223372036854775784
RecordId             : 8130
ProviderName         : Microsoft-Windows-WindowsUpdateClient
ProviderId           : 945a8954-c147-4acd-923f-40c45405a658
LogName              : System
ProcessId            : 243276
ThreadId             : 158848
MachineName          : DESKTOP-HUU77M6
UserId               : S-1-5-18
TimeCreated          : 2026/04/17 金曜日 16:50:32
ActivityId           : 
RelatedActivityId    : 
ContainerLog         : System
MatchedQueryIds      : {}
Bookmark             : System.Diagnostics.Eventing.Reader.EventBookmark
LevelDisplayName     : 情報
OpcodeDisplayName    : インストール
TaskDisplayName      : Windows Update エージェント
KeywordsDisplayNames : {インストール, 成功}
Properties           : {System.Diagnostics.Eventing.Reader.EventProperty, System.Diagnostics.Eventing.Reader.EventProperty, System.Diagnostics.Eventing.Reader.EventProperty, System.Diagnostics.Eventing.Reader.EventProperty}

Message              : インストールの開始: 次の更新プログラムのインストールが開始されました: Microsoft Defender Antivirus のセキュリティ インテリジェンス更新プログラム - KB2267602 (バージョン 1.449.148.0) - 現在のチャネル (広範)
Id                   : 43
Version              : 1
Qualifiers           : 
Level                : 4
Task                 : 1
Opcode               : 13
Keywords             : -9223372036854767608
RecordId             : 8129
ProviderName         : Microsoft-Windows-WindowsUpdateClient
ProviderId           : 945a8954-c147-4acd-923f-40c45405a658
LogName              : System
ProcessId            : 243276
ThreadId             : 158848
MachineName          : DESKTOP-HUU77M6
UserId               : S-1-5-18
TimeCreated          : 2026/04/17 金曜日 16:50:24
ActivityId           : 
RelatedActivityId    : 
ContainerLog         : System
MatchedQueryIds      : {}
Bookmark             : System.Diagnostics.Eventing.Reader.EventBookmark
LevelDisplayName     : 情報
OpcodeDisplayName    : インストール
TaskDisplayName      : Windows Update エージェント
KeywordsDisplayNames : {インストール, 開始済み}
Properties           : {System.Diagnostics.Eventing.Reader.EventProperty, System.Diagnostics.Eventing.Reader.EventProperty, System.Diagnostics.Eventing.Reader.EventProperty}

Message              : Windows Update は更新プログラムのダウンロードを開始しました。
Id                   : 44
Version              : 1
Qualifiers           : 
Level                : 4
Task                 : 1
Opcode               : 12
Keywords             : -9223372036854767612
RecordId             : 8128
ProviderName         : Microsoft-Windows-WindowsUpdateClient
ProviderId           : 945a8954-c147-4acd-923f-40c45405a658
LogName              : System
ProcessId            : 243276
ThreadId             : 158848
MachineName          : DESKTOP-HUU77M6
UserId               : S-1-5-18
TimeCreated          : 2026/04/17 金曜日 16:50:24
ActivityId           : 
RelatedActivityId    : 
ContainerLog         : System
MatchedQueryIds      : {}
Bookmark             : System.Diagnostics.Eventing.Reader.EventBookmark
LevelDisplayName     : 情報
OpcodeDisplayName    : インストール
TaskDisplayName      : Windows Update エージェント
KeywordsDisplayNames : {ダウンロード, 開始済み}
Properties           : {System.Diagnostics.Eventing.Reader.EventProperty, System.Diagnostics.Eventing.Reader.EventProperty, System.Diagnostics.Eventing.Reader.EventProperty}

Message              : インストールの失敗: エラー 0x80073712 で次の更新プログラムのインストールに失敗しました: 2026-04 セキュリティ パッチ (KB5083769) (26200.8246)。
Id                   : 20
Version              : 1
Qualifiers           : 
Level                : 2
Task                 : 1
Opcode               : 13
Keywords             : -9223372036854775768
RecordId             : 8127
ProviderName         : Microsoft-Windows-WindowsUpdateClient
ProviderId           : 945a8954-c147-4acd-923f-40c45405a658
LogName              : System
ProcessId            : 237772
ThreadId             : 20224
MachineName          : DESKTOP-HUU77M6
UserId               : S-1-5-18
TimeCreated          : 2026/04/17 金曜日 12:03:46
ActivityId           : 
RelatedActivityId    : 
ContainerLog         : System
MatchedQueryIds      : {}
Bookmark             : System.Diagnostics.Eventing.Reader.EventBookmark
LevelDisplayName     : エラー
OpcodeDisplayName    : インストール
TaskDisplayName      : Windows Update エージェント
KeywordsDisplayNames : {インストール, エラー}
Properties           : {System.Diagnostics.Eventing.Reader.EventProperty, System.Diagnostics.Eventing.Reader.EventProperty, System.Diagnostics.Eventing.Reader.EventProperty, System.Diagnostics.Eventing.Reader.EventProperty…}

Message              : サービスが停止しました。
Id                   : 4
Version              : 0
Qualifiers           : 16896
Level                : 4
Task                 : 0
Opcode               : 0
Keywords             : 36028797018963968
RecordId             : 8126
ProviderName         : Virtual Disk Service
ProviderId           : 
LogName              : System
ProcessId            : 268608
ThreadId             : 0
MachineName          : DESKTOP-HUU77M6
UserId               : 
TimeCreated          : 2026/04/17 金曜日 12:03:46
ActivityId           : 
RelatedActivityId    : 
ContainerLog         : System
MatchedQueryIds      : {}
Bookmark             : System.Diagnostics.Eventing.Reader.EventBookmark
LevelDisplayName     : 情報
OpcodeDisplayName    : 
TaskDisplayName      : なし
KeywordsDisplayNames : {クラシック}
Properties           : {System.Diagnostics.Eventing.Reader.EventProperty}

Message              : システムの稼働時間は 1735455 秒です。
Id                   : 6013
Version              : 0
Qualifiers           : 32768
Level                : 4
Task                 : 0
Opcode               : 0
Keywords             : 36028797018963968
RecordId             : 8125
ProviderName         : EventLog
ProviderId           : 
LogName              : System
ProcessId            : 3176
ThreadId             : 3360
MachineName          : DESKTOP-HUU77M6
UserId               : 
TimeCreated          : 2026/04/17 金曜日 12:00:00
ActivityId           : 
RelatedActivityId    : 
ContainerLog         : System
MatchedQueryIds      : {}
Bookmark             : System.Diagnostics.Eventing.Reader.EventBookmark
LevelDisplayName     : 情報
OpcodeDisplayName    : 
TaskDisplayName      : なし
KeywordsDisplayNames : {クラシック}
Properties           : {System.Diagnostics.Eventing.Reader.EventProperty, System.Diagnostics.Eventing.Reader.EventProperty, System.Diagnostics.Eventing.Reader.EventProperty, System.Diagnostics.Eventing.Reader.EventProperty…}

Message              : ハイブ \??\C:\$WinREAgent\Scratch\Mount\Windows\system32\smi\store\Machine\schema.dat のアクセス履歴がクリアされました。これにより、301 のキーが更新され、68 の変更されたページが作成されました。
Id                   : 16
Version              : 0
Qualifiers           : 
Level                : 4
Task                 : 0
Opcode               : 0
Keywords             : -9223372036854775808
RecordId             : 8124
ProviderName         : Microsoft-Windows-Kernel-General
ProviderId           : a68ca8b7-004f-d7b6-a698-07e2de0f1f5d
LogName              : System
ProcessId            : 166016
ThreadId             : 201096
MachineName          : DESKTOP-HUU77M6
UserId               : S-1-5-18
TimeCreated          : 2026/04/17 金曜日 11:59:37
ActivityId           : 
RelatedActivityId    : 
ContainerLog         : System
MatchedQueryIds      : {}
Bookmark             : System.Diagnostics.Eventing.Reader.EventBookmark
LevelDisplayName     : 情報
OpcodeDisplayName    : 情報
TaskDisplayName      : 
KeywordsDisplayNames : {}
Properties           : {System.Diagnostics.Eventing.Reader.EventProperty, System.Diagnostics.Eventing.Reader.EventProperty, System.Diagnostics.Eventing.Reader.EventProperty, System.Diagnostics.Eventing.Reader.EventProperty}

Message              : ハイブ \??\C:\$WinREAgent\Scratch\Mount\Users\Default\ntuser.dat のアクセス履歴がクリアされました。これにより、1 のキーが更新され、1 の変更されたページが作成されました。
Id                   : 16
Version              : 0
Qualifiers           : 
Level                : 4
Task                 : 0
Opcode               : 0
Keywords             : -9223372036854775808
RecordId             : 8123
ProviderName         : Microsoft-Windows-Kernel-General
ProviderId           : a68ca8b7-004f-d7b6-a698-07e2de0f1f5d
LogName              : System
ProcessId            : 166016
ThreadId             : 201096
MachineName          : DESKTOP-HUU77M6
UserId               : S-1-5-18
TimeCreated          : 2026/04/17 金曜日 11:59:37
ActivityId           : 
RelatedActivityId    : 
ContainerLog         : System
MatchedQueryIds      : {}
Bookmark             : System.Diagnostics.Eventing.Reader.EventBookmark
LevelDisplayName     : 情報
OpcodeDisplayName    : 情報
TaskDisplayName      : 
KeywordsDisplayNames : {}
Properties           : {System.Diagnostics.Eventing.Reader.EventProperty, System.Diagnostics.Eventing.Reader.EventProperty, System.Diagnostics.Eventing.Reader.EventProperty, System.Diagnostics.Eventing.Reader.EventProperty}

Message              : ハイブ \??\C:\$WinREAgent\Scratch\Mount\Windows\System32\config\DEFAULT のアクセス履歴がクリアされました。これにより、1 のキーが更新され、1 の変更されたページが作成されました。
Id                   : 16
Version              : 0
Qualifiers           : 
Level                : 4
Task                 : 0
Opcode               : 0
Keywords             : -9223372036854775808
RecordId             : 8122
ProviderName         : Microsoft-Windows-Kernel-General
ProviderId           : a68ca8b7-004f-d7b6-a698-07e2de0f1f5d
LogName              : System
ProcessId            : 166016
ThreadId             : 201096
MachineName          : DESKTOP-HUU77M6
UserId               : S-1-5-18
TimeCreated          : 2026/04/17 金曜日 11:59:37
ActivityId           : 
RelatedActivityId    : 
ContainerLog         : System
MatchedQueryIds      : {}
Bookmark             : System.Diagnostics.Eventing.Reader.EventBookmark
LevelDisplayName     : 情報
OpcodeDisplayName    : 情報
TaskDisplayName      : 
KeywordsDisplayNames : {}
Properties           : {System.Diagnostics.Eventing.Reader.EventProperty, System.Diagnostics.Eventing.Reader.EventProperty, System.Diagnostics.Eventing.Reader.EventProperty, System.Diagnostics.Eventing.Reader.EventProperty}

Message              : ハイブ \??\C:\$WinREAgent\Scratch\Mount\Windows\System32\config\DRIVERS のアクセス履歴がクリアされました。これにより、355 のキーが更新され、40 の変更されたページが作成されました。
Id                   : 16
Version              : 0
Qualifiers           : 
Level                : 4
Task                 : 0
Opcode               : 0
Keywords             : -9223372036854775808
RecordId             : 8121
ProviderName         : Microsoft-Windows-Kernel-General
ProviderId           : a68ca8b7-004f-d7b6-a698-07e2de0f1f5d
LogName              : System
ProcessId            : 166016
ThreadId             : 201096
MachineName          : DESKTOP-HUU77M6
UserId               : S-1-5-18
TimeCreated          : 2026/04/17 金曜日 11:59:37
ActivityId           : 
RelatedActivityId    : 
ContainerLog         : System
MatchedQueryIds      : {}
Bookmark             : System.Diagnostics.Eventing.Reader.EventBookmark
LevelDisplayName     : 情報
OpcodeDisplayName    : 情報
TaskDisplayName      : 
KeywordsDisplayNames : {}
Properties           : {System.Diagnostics.Eventing.Reader.EventProperty, System.Diagnostics.Eventing.Reader.EventProperty, System.Diagnostics.Eventing.Reader.EventProperty, System.Diagnostics.Eventing.Reader.EventProperty}

Message              : ハイブ \??\C:\$WinREAgent\Scratch\Mount\Windows\System32\config\COMPONENTS は、開始サイズ 9437184 バイト、終了サイズ 7335936 バイトで再構成されました。
Id                   : 15
Version              : 0
Qualifiers           : 
Level                : 4
Task                 : 10
Opcode               : 0
Keywords             : -9223372036854775808
RecordId             : 8120
ProviderName         : Microsoft-Windows-Kernel-General
ProviderId           : a68ca8b7-004f-d7b6-a698-07e2de0f1f5d
LogName              : System
ProcessId            : 166016
ThreadId             : 201096
MachineName          : DESKTOP-HUU77M6
UserId               : S-1-5-18
TimeCreated          : 2026/04/17 金曜日 11:59:37
ActivityId           : 
RelatedActivityId    : 
ContainerLog         : System
MatchedQueryIds      : {}
Bookmark             : System.Diagnostics.Eventing.Reader.EventBookmark
LevelDisplayName     : 情報
OpcodeDisplayName    : 情報
TaskDisplayName      : 
KeywordsDisplayNames : {}
Properties           : {System.Diagnostics.Eventing.Reader.EventProperty, System.Diagnostics.Eventing.Reader.EventProperty, System.Diagnostics.Eventing.Reader.EventProperty, System.Diagnostics.Eventing.Reader.EventProperty}

Message              : ハイブ \??\C:\$WinREAgent\Scratch\Mount\Windows\System32\config\SAM のアクセス履歴がクリアされました。これにより、1 のキーが更新され、1 の変更されたページが作成されました。
Id                   : 16
Version              : 0
Qualifiers           : 
Level                : 4
Task                 : 0
Opcode               : 0
Keywords             : -9223372036854775808
RecordId             : 8119
ProviderName         : Microsoft-Windows-Kernel-General
ProviderId           : a68ca8b7-004f-d7b6-a698-07e2de0f1f5d
LogName              : System
ProcessId            : 166016
ThreadId             : 201096
MachineName          : DESKTOP-HUU77M6
UserId               : S-1-5-18
TimeCreated          : 2026/04/17 金曜日 11:59:37
ActivityId           : 
RelatedActivityId    : 
ContainerLog         : System
MatchedQueryIds      : {}
Bookmark             : System.Diagnostics.Eventing.Reader.EventBookmark
LevelDisplayName     : 情報
OpcodeDisplayName    : 情報
TaskDisplayName      : 
KeywordsDisplayNames : {}
Properties           : {System.Diagnostics.Eventing.Reader.EventProperty, System.Diagnostics.Eventing.Reader.EventProperty, System.Diagnostics.Eventing.Reader.EventProperty, System.Diagnostics.Eventing.Reader.EventProperty}

Message              : ハイブ \??\C:\$WinREAgent\Scratch\Mount\Windows\System32\config\SECURITY のアクセス履歴がクリアされました。これにより、1 のキーが更新され、1 の変更されたページが作成されました。
Id                   : 16
Version              : 0
Qualifiers           : 
Level                : 4
Task                 : 0
Opcode               : 0
Keywords             : -9223372036854775808
RecordId             : 8118
ProviderName         : Microsoft-Windows-Kernel-General
ProviderId           : a68ca8b7-004f-d7b6-a698-07e2de0f1f5d
LogName              : System
ProcessId            : 166016
ThreadId             : 201096
MachineName          : DESKTOP-HUU77M6
UserId               : S-1-5-18
TimeCreated          : 2026/04/17 金曜日 11:59:37
ActivityId           : 
RelatedActivityId    : 
ContainerLog         : System
MatchedQueryIds      : {}
Bookmark             : System.Diagnostics.Eventing.Reader.EventBookmark
LevelDisplayName     : 情報
OpcodeDisplayName    : 情報
TaskDisplayName      : 
KeywordsDisplayNames : {}
Properties           : {System.Diagnostics.Eventing.Reader.EventProperty, System.Diagnostics.Eventing.Reader.EventProperty, System.Diagnostics.Eventing.Reader.EventProperty, System.Diagnostics.Eventing.Reader.EventProperty}

Message              : ハイブ \??\C:\$WinREAgent\Scratch\Mount\Windows\System32\config\SYSTEM は、開始サイズ 8290304 バイト、終了サイズ 8044544 バイトで再構成されました。
Id                   : 15
Version              : 0
Qualifiers           : 
Level                : 4
Task                 : 10
Opcode               : 0
Keywords             : -9223372036854775808
RecordId             : 8117
ProviderName         : Microsoft-Windows-Kernel-General
ProviderId           : a68ca8b7-004f-d7b6-a698-07e2de0f1f5d
LogName              : System
ProcessId            : 166016
ThreadId             : 201096
MachineName          : DESKTOP-HUU77M6
UserId               : S-1-5-18
TimeCreated          : 2026/04/17 金曜日 11:59:37
ActivityId           : 
RelatedActivityId    : 
ContainerLog         : System
MatchedQueryIds      : {}
Bookmark             : System.Diagnostics.Eventing.Reader.EventBookmark
LevelDisplayName     : 情報
OpcodeDisplayName    : 情報
TaskDisplayName      : 
KeywordsDisplayNames : {}
Properties           : {System.Diagnostics.Eventing.Reader.EventProperty, System.Diagnostics.Eventing.Reader.EventProperty, System.Diagnostics.Eventing.Reader.EventProperty, System.Diagnostics.Eventing.Reader.EventProperty}

Message              : ハイブ \??\C:\$WinREAgent\Scratch\Mount\Windows\system32\config\SOFTWARE は、開始サイズ 11849728 バイト、終了サイズ 11698176 バイトで再構成されました。
Id                   : 15
Version              : 0
Qualifiers           : 
Level                : 4
Task                 : 10
Opcode               : 0
Keywords             : -9223372036854775808
RecordId             : 8116
ProviderName         : Microsoft-Windows-Kernel-General
ProviderId           : a68ca8b7-004f-d7b6-a698-07e2de0f1f5d
LogName              : System
ProcessId            : 166016
ThreadId             : 197200
MachineName          : DESKTOP-HUU77M6
UserId               : S-1-5-18
TimeCreated          : 2026/04/17 金曜日 11:59:36
ActivityId           : 
RelatedActivityId    : 
ContainerLog         : System
MatchedQueryIds      : {}
Bookmark             : System.Diagnostics.Eventing.Reader.EventBookmark
LevelDisplayName     : 情報
OpcodeDisplayName    : 情報
TaskDisplayName      : 
KeywordsDisplayNames : {}
Properties           : {System.Diagnostics.Eventing.Reader.EventProperty, System.Diagnostics.Eventing.Reader.EventProperty, System.Diagnostics.Eventing.Reader.EventProperty, System.Diagnostics.Eventing.Reader.EventProperty}

Message              : Windows 回復環境サービスを開始しています。
Id                   : 4500
Version              : 0
Qualifiers           : 
Level                : 4
Task                 : 0
Opcode               : 0
Keywords             : -9223372036854775808
RecordId             : 8115
ProviderName         : Microsoft-Windows-WinREAgent
ProviderId           : 1f7a6c55-5532-573b-35b7-2107e43a6ef5
LogName              : System
ProcessId            : 153736
ThreadId             : 64100
MachineName          : DESKTOP-HUU77M6
UserId               : S-1-5-18
TimeCreated          : 2026/04/17 金曜日 11:59:18
ActivityId           : 
RelatedActivityId    : 
ContainerLog         : System
MatchedQueryIds      : {}
Bookmark             : System.Diagnostics.Eventing.Reader.EventBookmark
LevelDisplayName     : 情報
OpcodeDisplayName    : 情報
TaskDisplayName      : 
KeywordsDisplayNames : {}
Properties           : {}

Message              : サービスが開始されました。
Id                   : 3
Version              : 0
Qualifiers           : 16896
Level                : 4
Task                 : 0
Opcode               : 0
Keywords             : 36028797018963968
RecordId             : 8114
ProviderName         : Virtual Disk Service
ProviderId           : 
LogName              : System
ProcessId            : 268608
ThreadId             : 0
MachineName          : DESKTOP-HUU77M6
UserId               : 
TimeCreated          : 2026/04/17 金曜日 11:59:17
ActivityId           : 
RelatedActivityId    : 
ContainerLog         : System
MatchedQueryIds      : {}
Bookmark             : System.Diagnostics.Eventing.Reader.EventBookmark
LevelDisplayName     : 情報
OpcodeDisplayName    : 
TaskDisplayName      : なし
KeywordsDisplayNames : {クラシック}
Properties           : {System.Diagnostics.Eventing.Reader.EventProperty}

Message              : インストールの開始: 次の更新プログラムのインストールが開始されました: 2026-04 セキュリティ パッチ (KB5083769) (26200.8246)
Id                   : 43
Version              : 1
Qualifiers           : 
Level                : 4
Task                 : 1
Opcode               : 13
Keywords             : -9223372036854767608
RecordId             : 8113
ProviderName         : Microsoft-Windows-WindowsUpdateClient
ProviderId           : 945a8954-c147-4acd-923f-40c45405a658
LogName              : System
ProcessId            : 237772
ThreadId             : 20224
MachineName          : DESKTOP-HUU77M6
UserId               : S-1-5-18
TimeCreated          : 2026/04/17 金曜日 11:58:56
ActivityId           : 
RelatedActivityId    : 
ContainerLog         : System
MatchedQueryIds      : {}
Bookmark             : System.Diagnostics.Eventing.Reader.EventBookmark
LevelDisplayName     : 情報
OpcodeDisplayName    : インストール
TaskDisplayName      : Windows Update エージェント
KeywordsDisplayNames : {インストール, 開始済み}
Properties           : {System.Diagnostics.Eventing.Reader.EventProperty, System.Diagnostics.Eventing.Reader.EventProperty, System.Diagnostics.Eventing.Reader.EventProperty}

Message              : Windows Update は更新プログラムのダウンロードを開始しました。
Id                   : 44
Version              : 1
Qualifiers           : 
Level                : 4
Task                 : 1
Opcode               : 12
Keywords             : -9223372036854767612
RecordId             : 8112
ProviderName         : Microsoft-Windows-WindowsUpdateClient
ProviderId           : 945a8954-c147-4acd-923f-40c45405a658
LogName              : System
ProcessId            : 237772
ThreadId             : 4740
MachineName          : DESKTOP-HUU77M6
UserId               : S-1-5-18
TimeCreated          : 2026/04/17 金曜日 11:56:38
ActivityId           : 
RelatedActivityId    : 
ContainerLog         : System
MatchedQueryIds      : {}
Bookmark             : System.Diagnostics.Eventing.Reader.EventBookmark
LevelDisplayName     : 情報
OpcodeDisplayName    : インストール
TaskDisplayName      : Windows Update エージェント
KeywordsDisplayNames : {ダウンロード, 開始済み}
Properties           : {System.Diagnostics.Eventing.Reader.EventProperty, System.Diagnostics.Eventing.Reader.EventProperty, System.Diagnostics.Eventing.Reader.EventProperty}

Message              : インストールの成功: 次の更新プログラムが正しくインストールされました: 悪意のあるソフトウェアの削除ツール x64 - v5.140 (KB890830)
Id                   : 19
Version              : 1
Qualifiers           : 
Level                : 4
Task                 : 1
Opcode               : 13
Keywords             : -9223372036854775784
RecordId             : 8111
ProviderName         : Microsoft-Windows-WindowsUpdateClient
ProviderId           : 945a8954-c147-4acd-923f-40c45405a658
LogName              : System
ProcessId            : 82856
ThreadId             : 253148
MachineName          : DESKTOP-HUU77M6
UserId               : S-1-5-18
TimeCreated          : 2026/04/17 金曜日 9:50:57
ActivityId           : 
RelatedActivityId    : 
ContainerLog         : System
MatchedQueryIds      : {}
Bookmark             : System.Diagnostics.Eventing.Reader.EventBookmark
LevelDisplayName     : 情報
OpcodeDisplayName    : インストール
TaskDisplayName      : Windows Update エージェント
KeywordsDisplayNames : {インストール, 成功}
Properties           : {System.Diagnostics.Eventing.Reader.EventProperty, System.Diagnostics.Eventing.Reader.EventProperty, System.Diagnostics.Eventing.Reader.EventProperty, System.Diagnostics.Eventing.Reader.EventProperty}

Message              : サービスが停止しました。
Id                   : 4
Version              : 0
Qualifiers           : 16896
Level                : 4
Task                 : 0
Opcode               : 0
Keywords             : 36028797018963968
RecordId             : 8110
ProviderName         : Virtual Disk Service
ProviderId           : 
LogName              : System
ProcessId            : 190208
ThreadId             : 0
MachineName          : DESKTOP-HUU77M6
UserId               : 
TimeCreated          : 2026/04/17 金曜日 9:50:55
ActivityId           : 
RelatedActivityId    : 
ContainerLog         : System
MatchedQueryIds      : {}
Bookmark             : System.Diagnostics.Eventing.Reader.EventBookmark
LevelDisplayName     : 情報
OpcodeDisplayName    : 
TaskDisplayName      : なし
KeywordsDisplayNames : {クラシック}
Properties           : {System.Diagnostics.Eventing.Reader.EventProperty}

Message              : ボリューム ?? (\Device\HarddiskVolumeShadowCopy19) 正常です。必要な操作はありません。
Id                   : 98
Version              : 0
Qualifiers           : 
Level                : 4
Task                 : 0
Opcode               : 0
Keywords             : -9223372036854775806
RecordId             : 8109
ProviderName         : Microsoft-Windows-Ntfs
ProviderId           : 3ff37a1c-a68d-4d6e-8c9b-f79e8b16c482
LogName              : System
ProcessId            : 4
ThreadId             : 85084
MachineName          : DESKTOP-HUU77M6
UserId               : S-1-5-18
TimeCreated          : 2026/04/17 金曜日 9:46:09
ActivityId           : 
RelatedActivityId    : 
ContainerLog         : System
MatchedQueryIds      : {}
Bookmark             : System.Diagnostics.Eventing.Reader.EventBookmark
LevelDisplayName     : 情報
OpcodeDisplayName    : 情報
TaskDisplayName      : 
KeywordsDisplayNames : {}
Properties           : {System.Diagnostics.Eventing.Reader.EventProperty, System.Diagnostics.Eventing.Reader.EventProperty, System.Diagnostics.Eventing.Reader.EventProperty}

Message              : インストールの開始: 次の更新プログラムのインストールが開始されました: 悪意のあるソフトウェアの削除ツール x64 - v5.140 (KB890830)
Id                   : 43
Version              : 1
Qualifiers           : 
Level                : 4
Task                 : 1
Opcode               : 13
Keywords             : -9223372036854767608
RecordId             : 8108
ProviderName         : Microsoft-Windows-WindowsUpdateClient
ProviderId           : 945a8954-c147-4acd-923f-40c45405a658
LogName              : System
ProcessId            : 82856
ThreadId             : 253148
MachineName          : DESKTOP-HUU77M6
UserId               : S-1-5-18
TimeCreated          : 2026/04/17 金曜日 9:45:08
ActivityId           : 
RelatedActivityId    : 
ContainerLog         : System
MatchedQueryIds      : {}
Bookmark             : System.Diagnostics.Eventing.Reader.EventBookmark
LevelDisplayName     : 情報
OpcodeDisplayName    : インストール
TaskDisplayName      : Windows Update エージェント
KeywordsDisplayNames : {インストール, 開始済み}
Properties           : {System.Diagnostics.Eventing.Reader.EventProperty, System.Diagnostics.Eventing.Reader.EventProperty, System.Diagnostics.Eventing.Reader.EventProperty}

Message              : インストールの失敗: エラー 0x80073712 で次の更新プログラムのインストールに失敗しました: 2026-04 セキュリティ パッチ (KB5083769) (26200.8246)。
Id                   : 20
Version              : 1
Qualifiers           : 
Level                : 2
Task                 : 1
Opcode               : 13
Keywords             : -9223372036854775768
RecordId             : 8107
ProviderName         : Microsoft-Windows-WindowsUpdateClient
ProviderId           : 945a8954-c147-4acd-923f-40c45405a658
LogName              : System
ProcessId            : 82856
ThreadId             : 103972
MachineName          : DESKTOP-HUU77M6
UserId               : S-1-5-18
TimeCreated          : 2026/04/17 金曜日 9:44:54
ActivityId           : 
RelatedActivityId    : 
ContainerLog         : System
MatchedQueryIds      : {}
Bookmark             : System.Diagnostics.Eventing.Reader.EventBookmark
LevelDisplayName     : エラー
OpcodeDisplayName    : インストール
TaskDisplayName      : Windows Update エージェント
KeywordsDisplayNames : {インストール, エラー}
Properties           : {System.Diagnostics.Eventing.Reader.EventProperty, System.Diagnostics.Eventing.Reader.EventProperty, System.Diagnostics.Eventing.Reader.EventProperty, System.Diagnostics.Eventing.Reader.EventProperty…}

Message              : シャドウ コピーの記憶域を拡張できなかったためにボリューム C: のシャドウ コピーが中止しました。
Id                   : 35
Version              : 0
Qualifiers           : 49158
Level                : 2
Task                 : 0
Opcode               : 0
Keywords             : 36028797018963968
RecordId             : 8106
ProviderName         : Volsnap
ProviderId           : cb017cd2-1f37-4e65-82bc-3e91f6a37559
LogName              : System
ProcessId            : 4
ThreadId             : 24116
MachineName          : DESKTOP-HUU77M6
UserId               : 
TimeCreated          : 2026/04/17 金曜日 9:40:12
ActivityId           : 
RelatedActivityId    : 
ContainerLog         : System
MatchedQueryIds      : {}
Bookmark             : System.Diagnostics.Eventing.Reader.EventBookmark
LevelDisplayName     : エラー
OpcodeDisplayName    : 
TaskDisplayName      : 
KeywordsDisplayNames : {クラシック}
Properties           : {System.Diagnostics.Eventing.Reader.EventProperty, System.Diagnostics.Eventing.Reader.EventProperty, System.Diagnostics.Eventing.Reader.EventProperty, System.Diagnostics.Eventing.Reader.EventProperty…}

Message              : C: のシャドウ コピーのシャドウ コピーの記憶域を拡大するためのディスク領域がボリューム C: に十分ありませんでした。このエラーの結果、ボリューム C: のシャドウ コピーすべてが削除される危険があります。
Id                   : 24
Version              : 0
Qualifiers           : 32774
Level                : 3
Task                 : 0
Opcode               : 0
Keywords             : 36028797018963968
RecordId             : 8105
ProviderName         : Volsnap
ProviderId           : cb017cd2-1f37-4e65-82bc-3e91f6a37559
LogName              : System
ProcessId            : 4
ThreadId             : 114228
MachineName          : DESKTOP-HUU77M6
UserId               : 
TimeCreated          : 2026/04/17 金曜日 9:39:57
ActivityId           : 
RelatedActivityId    : 
ContainerLog         : System
MatchedQueryIds      : {}
Bookmark             : System.Diagnostics.Eventing.Reader.EventBookmark
LevelDisplayName     : 警告
OpcodeDisplayName    : 
TaskDisplayName      : 
KeywordsDisplayNames : {クラシック}
Properties           : {System.Diagnostics.Eventing.Reader.EventProperty, System.Diagnostics.Eventing.Reader.EventProperty, System.Diagnostics.Eventing.Reader.EventProperty, System.Diagnostics.Eventing.Reader.EventProperty…}

Message              : ハイブ \??\C:\$WinREAgent\Scratch\Mount\Windows\system32\smi\store\Machine\schema.dat のアクセス履歴がクリアされました。これにより、301 のキーが更新され、68 の変更されたページが作成されました。
Id                   : 16
Version              : 0
Qualifiers           : 
Level                : 4
Task                 : 0
Opcode               : 0
Keywords             : -9223372036854775808
RecordId             : 8104
ProviderName         : Microsoft-Windows-Kernel-General
ProviderId           : a68ca8b7-004f-d7b6-a698-07e2de0f1f5d
LogName              : System
ProcessId            : 187508
ThreadId             : 239572
MachineName          : DESKTOP-HUU77M6
UserId               : S-1-5-18
TimeCreated          : 2026/04/17 金曜日 9:38:54
ActivityId           : 
RelatedActivityId    : 
ContainerLog         : System
MatchedQueryIds      : {}
Bookmark             : System.Diagnostics.Eventing.Reader.EventBookmark
LevelDisplayName     : 情報
OpcodeDisplayName    : 情報
TaskDisplayName      : 
KeywordsDisplayNames : {}
Properties           : {System.Diagnostics.Eventing.Reader.EventProperty, System.Diagnostics.Eventing.Reader.EventProperty, System.Diagnostics.Eventing.Reader.EventProperty, System.Diagnostics.Eventing.Reader.EventProperty}

Message              : ハイブ \??\C:\$WinREAgent\Scratch\Mount\Users\Default\ntuser.dat のアクセス履歴がクリアされました。これにより、1 のキーが更新され、1 の変更されたページが作成されました。
Id                   : 16
Version              : 0
Qualifiers           : 
Level                : 4
Task                 : 0
Opcode               : 0
Keywords             : -9223372036854775808
RecordId             : 8103
ProviderName         : Microsoft-Windows-Kernel-General
ProviderId           : a68ca8b7-004f-d7b6-a698-07e2de0f1f5d
LogName              : System
ProcessId            : 187508
ThreadId             : 239572
MachineName          : DESKTOP-HUU77M6
UserId               : S-1-5-18
TimeCreated          : 2026/04/17 金曜日 9:38:54
ActivityId           : 
RelatedActivityId    : 
ContainerLog         : System
MatchedQueryIds      : {}
Bookmark             : System.Diagnostics.Eventing.Reader.EventBookmark
LevelDisplayName     : 情報
OpcodeDisplayName    : 情報
TaskDisplayName      : 
KeywordsDisplayNames : {}
Properties           : {System.Diagnostics.Eventing.Reader.EventProperty, System.Diagnostics.Eventing.Reader.EventProperty, System.Diagnostics.Eventing.Reader.EventProperty, System.Diagnostics.Eventing.Reader.EventProperty}

Message              : ハイブ \??\C:\$WinREAgent\Scratch\Mount\Windows\System32\config\DEFAULT のアクセス履歴がクリアされました。これにより、1 のキーが更新され、1 の変更されたページが作成されました。
Id                   : 16
Version              : 0
Qualifiers           : 
Level                : 4
Task                 : 0
Opcode               : 0
Keywords             : -9223372036854775808
RecordId             : 8102
ProviderName         : Microsoft-Windows-Kernel-General
ProviderId           : a68ca8b7-004f-d7b6-a698-07e2de0f1f5d
LogName              : System
ProcessId            : 187508
ThreadId             : 239572
MachineName          : DESKTOP-HUU77M6
UserId               : S-1-5-18
TimeCreated          : 2026/04/17 金曜日 9:38:54
ActivityId           : 
RelatedActivityId    : 
ContainerLog         : System
MatchedQueryIds      : {}
Bookmark             : System.Diagnostics.Eventing.Reader.EventBookmark
LevelDisplayName     : 情報
OpcodeDisplayName    : 情報
TaskDisplayName      : 
KeywordsDisplayNames : {}
Properties           : {System.Diagnostics.Eventing.Reader.EventProperty, System.Diagnostics.Eventing.Reader.EventProperty, System.Diagnostics.Eventing.Reader.EventProperty, System.Diagnostics.Eventing.Reader.EventProperty}

Message              : ハイブ \??\C:\$WinREAgent\Scratch\Mount\Windows\System32\config\DRIVERS のアクセス履歴がクリアされました。これにより、355 のキーが更新され、40 の変更されたページが作成されました。
Id                   : 16
Version              : 0
Qualifiers           : 
Level                : 4
Task                 : 0
Opcode               : 0
Keywords             : -9223372036854775808
RecordId             : 8101
ProviderName         : Microsoft-Windows-Kernel-General
ProviderId           : a68ca8b7-004f-d7b6-a698-07e2de0f1f5d
LogName              : System
ProcessId            : 187508
ThreadId             : 239572
MachineName          : DESKTOP-HUU77M6
UserId               : S-1-5-18
TimeCreated          : 2026/04/17 金曜日 9:38:54
ActivityId           : 
RelatedActivityId    : 
ContainerLog         : System
MatchedQueryIds      : {}
Bookmark             : System.Diagnostics.Eventing.Reader.EventBookmark
LevelDisplayName     : 情報
OpcodeDisplayName    : 情報
TaskDisplayName      : 
KeywordsDisplayNames : {}
Properties           : {System.Diagnostics.Eventing.Reader.EventProperty, System.Diagnostics.Eventing.Reader.EventProperty, System.Diagnostics.Eventing.Reader.EventProperty, System.Diagnostics.Eventing.Reader.EventProperty}

Message              : ハイブ \??\C:\$WinREAgent\Scratch\Mount\Windows\System32\config\COMPONENTS は、開始サイズ 9437184 バイト、終了サイズ 7335936 バイトで再構成されました。
Id                   : 15
Version              : 0
Qualifiers           : 
Level                : 4
Task                 : 10
Opcode               : 0
Keywords             : -9223372036854775808
RecordId             : 8100
ProviderName         : Microsoft-Windows-Kernel-General
ProviderId           : a68ca8b7-004f-d7b6-a698-07e2de0f1f5d
LogName              : System
ProcessId            : 187508
ThreadId             : 239572
MachineName          : DESKTOP-HUU77M6
UserId               : S-1-5-18
TimeCreated          : 2026/04/17 金曜日 9:38:54
ActivityId           : 
RelatedActivityId    : 
ContainerLog         : System
MatchedQueryIds      : {}
Bookmark             : System.Diagnostics.Eventing.Reader.EventBookmark
LevelDisplayName     : 情報
OpcodeDisplayName    : 情報
TaskDisplayName      : 
KeywordsDisplayNames : {}
Properties           : {System.Diagnostics.Eventing.Reader.EventProperty, System.Diagnostics.Eventing.Reader.EventProperty, System.Diagnostics.Eventing.Reader.EventProperty, System.Diagnostics.Eventing.Reader.EventProperty}

