Message              : 障害バケット 、種類 0
                       イベント名: CbsPackageServicingFailure2
                       応答: 使用不可
                       Cab ID: 0
                       
                       問題の署名:
                       P1: 10.0.26100.8247
                       P2: Package_for_RollupFix
                       P3: 26100.8246.1.23
                       P4: amd64
                       P5: unknown
                       P6: 80073712
                       P7: Resolve
                       P8: Absent
                       P9: Staged
                       P10: UpdateAgentLCU
                       
                       添付ファイル:
                       \\?\C:\Windows\Logs\CBS\CBS.log
                       \\?\C:\Windows\Logs\CBS\CbsPersist_20260415005601.log
                       \\?\C:\Windows\Logs\CBS\CbsPersist_20260414214211.cab
                       \\?\C:\Windows\Logs\CBS\CbsPersist_20260413143333.cab
                       \\?\C:\Windows\Logs\CBS\CbsPersist_20260412115437.cab
                       \\?\C:\Windows\Logs\CBS\CbsPersist_20260411004825.cab
                       \\?\C:\Windows\Logs\CBS\container.etl
                       \\?\C:\WINDOWS\servicing\Sessions\Sessions.xml
                       \\?\C:\WINDOWS\winsxs\poqexec.log
                       \\?\C:\WINDOWS\inf\setupapi.dev.log
                       
                       これらのファイルは次の場所にある可能性があります:
                       NULL
                       
                       分析記号: 
                       解決策を再確認中: 0
                       レポート ID: 145b69df-4050-461c-8a94-dc245cd8e22c
                       レポートの状態: 262148
                       ハッシュされたバケット: 
                       Cab GUID: 0
Id                   : 1001
Version              : 0
Qualifiers           : 
Level                : 4
Task                 : 0
Opcode               : 0
Keywords             : -9223372036854775808
RecordId             : 27653
ProviderName         : Windows Error Reporting
ProviderId           : 0ead09bd-2157-539a-8d6d-c87f95b64d70
LogName              : Application
ProcessId            : 76944
ThreadId             : 112324
MachineName          : DESKTOP-HUU77M6
UserId               : S-1-5-18
TimeCreated          : 2026/04/17 金曜日 9:44:51
ActivityId           : 
RelatedActivityId    : 
ContainerLog         : Application
MatchedQueryIds      : {}
Bookmark             : System.Diagnostics.Eventing.Reader.EventBookmark
LevelDisplayName     : 情報
OpcodeDisplayName    : 情報
TaskDisplayName      : 
KeywordsDisplayNames : {}
Properties           : {System.Diagnostics.Eventing.Reader.EventProperty, System.Diagnostics.Eventing.Reader.EventProperty, System.Diagnostics.Eventing.Reader.EventProperty, System.Diagnostics.Eventing.Reader.EventProperty…}

Message              : 障害バケット 、種類 0
                       イベント名: CbsPackageServicingFailure2
                       応答: 使用不可
                       Cab ID: 0
                       
                       問題の署名:
                       P1: 10.0.26100.8247
                       P2: Package_for_RollupFix
                       P3: 26100.8246.1.23
                       P4: amd64
                       P5: unknown
                       P6: 80073712
                       P7: Resolve
                       P8: Absent
                       P9: Staged
                       P10: UpdateAgentLCU
                       
                       添付ファイル:
                       
                       これらのファイルは次の場所にある可能性があります:
                       \\?\C:\ProgramData\Microsoft\Windows\WER\ReportQueue\Critical_10.0.26100.8247_48cba6f43f325a3acb3532259ee72278bd951d_00000000_145b69df-4050-461c-8a94-dc245cd8e22c
                       
                       分析記号: 
                       解決策を再確認中: 0
                       レポート ID: 145b69df-4050-461c-8a94-dc245cd8e22c
                       レポートの状態: 4
                       ハッシュされたバケット: 
                       Cab GUID: 0
Id                   : 1001
Version              : 0
Qualifiers           : 
Level                : 4
Task                 : 0
Opcode               : 0
Keywords             : -9223372036854775808
RecordId             : 27652
ProviderName         : Windows Error Reporting
ProviderId           : 0ead09bd-2157-539a-8d6d-c87f95b64d70
LogName              : Application
ProcessId            : 67020
ThreadId             : 159180
MachineName          : DESKTOP-HUU77M6
UserId               : S-1-5-18
TimeCreated          : 2026/04/17 金曜日 9:44:51
ActivityId           : 
RelatedActivityId    : 
ContainerLog         : Application
MatchedQueryIds      : {}
Bookmark             : System.Diagnostics.Eventing.Reader.EventBookmark
LevelDisplayName     : 情報
OpcodeDisplayName    : 情報
TaskDisplayName      : 
KeywordsDisplayNames : {}
Properties           : {System.Diagnostics.Eventing.Reader.EventProperty, System.Diagnostics.Eventing.Reader.EventProperty, System.Diagnostics.Eventing.Reader.EventProperty, System.Diagnostics.Eventing.Reader.EventProperty…}

Message              : Windows インストーラー トランザクションを終了しています: {AC76BA86-1041-1033-7760-BC15014EA700}。クライアント プロセス ID: 207296。
Id                   : 1042
Version              : 0
Qualifiers           : 0
Level                : 4
Task                 : 0
Opcode               : 0
Keywords             : 36028797018963968
RecordId             : 27651
ProviderName         : MsiInstaller
ProviderId           : 
LogName              : Application
ProcessId            : 39164
ThreadId             : 0
MachineName          : DESKTOP-HUU77M6
UserId               : S-1-5-18
TimeCreated          : 2026/04/17 金曜日 9:44:26
ActivityId           : 
RelatedActivityId    : 
ContainerLog         : Application
MatchedQueryIds      : {}
Bookmark             : System.Diagnostics.Eventing.Reader.EventBookmark
LevelDisplayName     : 情報
OpcodeDisplayName    : 情報
TaskDisplayName      : なし
KeywordsDisplayNames : {クラシック}
Properties           : {System.Diagnostics.Eventing.Reader.EventProperty, System.Diagnostics.Eventing.Reader.EventProperty, System.Diagnostics.Eventing.Reader.EventProperty, System.Diagnostics.Eventing.Reader.EventProperty…}

Message              : Windows インストーラーにより製品が再構成されました。製品名: Adobe Acrobat (64-bit)、製品バージョン: 26.001.21431、製品の言語: 1041、製造元: Adobe、再構成の成功またはエラーの状態: 0
Id                   : 1035
Version              : 0
Qualifiers           : 0
Level                : 4
Task                 : 0
Opcode               : 0
Keywords             : 36028797018963968
RecordId             : 27650
ProviderName         : MsiInstaller
ProviderId           : 
LogName              : Application
ProcessId            : 39164
ThreadId             : 0
MachineName          : DESKTOP-HUU77M6
UserId               : S-1-5-18
TimeCreated          : 2026/04/17 金曜日 9:44:25
ActivityId           : 
RelatedActivityId    : 
ContainerLog         : Application
MatchedQueryIds      : {}
Bookmark             : System.Diagnostics.Eventing.Reader.EventBookmark
LevelDisplayName     : 情報
OpcodeDisplayName    : 情報
TaskDisplayName      : なし
KeywordsDisplayNames : {クラシック}
Properties           : {System.Diagnostics.Eventing.Reader.EventProperty, System.Diagnostics.Eventing.Reader.EventProperty, System.Diagnostics.Eventing.Reader.EventProperty, System.Diagnostics.Eventing.Reader.EventProperty…}

Message              : 製品 : Adobe Acrobat (64-bit) -- Configuration completed successfully.
Id                   : 11728
Version              : 0
Qualifiers           : 0
Level                : 4
Task                 : 0
Opcode               : 0
Keywords             : 36028797018963968
RecordId             : 27649
ProviderName         : MsiInstaller
ProviderId           : 
LogName              : Application
ProcessId            : 39164
ThreadId             : 0
MachineName          : DESKTOP-HUU77M6
UserId               : S-1-5-18
TimeCreated          : 2026/04/17 金曜日 9:44:25
ActivityId           : 
RelatedActivityId    : 
ContainerLog         : Application
MatchedQueryIds      : {}
Bookmark             : System.Diagnostics.Eventing.Reader.EventBookmark
LevelDisplayName     : 情報
OpcodeDisplayName    : 情報
TaskDisplayName      : なし
KeywordsDisplayNames : {クラシック}
Properties           : {System.Diagnostics.Eventing.Reader.EventProperty, System.Diagnostics.Eventing.Reader.EventProperty, System.Diagnostics.Eventing.Reader.EventProperty, System.Diagnostics.Eventing.Reader.EventProperty…}

Message              : Windows インストーラーにより更新プログラムがインストールされました。製品名: Adobe Acrobat (64-bit)、製品バージョン: 26.001.21431、製品の言語: 1041、製造元: Adobe、更新プログラム名: Adobe Acrobat Reader (26.001.21431)、インストールの成功またはエラーの状態: 0
Id                   : 1036
Version              : 0
Qualifiers           : 0
Level                : 4
Task                 : 0
Opcode               : 0
Keywords             : 36028797018963968
RecordId             : 27648
ProviderName         : MsiInstaller
ProviderId           : 
LogName              : Application
ProcessId            : 39164
ThreadId             : 0
MachineName          : DESKTOP-HUU77M6
UserId               : S-1-5-18
TimeCreated          : 2026/04/17 金曜日 9:44:25
ActivityId           : 
RelatedActivityId    : 
ContainerLog         : Application
MatchedQueryIds      : {}
Bookmark             : System.Diagnostics.Eventing.Reader.EventBookmark
LevelDisplayName     : 情報
OpcodeDisplayName    : 情報
TaskDisplayName      : なし
KeywordsDisplayNames : {クラシック}
Properties           : {System.Diagnostics.Eventing.Reader.EventProperty, System.Diagnostics.Eventing.Reader.EventProperty, System.Diagnostics.Eventing.Reader.EventProperty, System.Diagnostics.Eventing.Reader.EventProperty…}

Message              : 製品: Adobe Acrobat (64-bit) - 更新 'Adobe Acrobat Reader (26.001.21431)' は正しくインストールされました。
Id                   : 1022
Version              : 0
Qualifiers           : 0
Level                : 4
Task                 : 0
Opcode               : 0
Keywords             : 36028797018963968
RecordId             : 27647
ProviderName         : MsiInstaller
ProviderId           : 
LogName              : Application
ProcessId            : 39164
ThreadId             : 0
MachineName          : DESKTOP-HUU77M6
UserId               : S-1-5-18
TimeCreated          : 2026/04/17 金曜日 9:44:25
ActivityId           : 
RelatedActivityId    : 
ContainerLog         : Application
MatchedQueryIds      : {}
Bookmark             : System.Diagnostics.Eventing.Reader.EventBookmark
LevelDisplayName     : 情報
OpcodeDisplayName    : 情報
TaskDisplayName      : なし
KeywordsDisplayNames : {クラシック}
Properties           : {System.Diagnostics.Eventing.Reader.EventProperty, System.Diagnostics.Eventing.Reader.EventProperty, System.Diagnostics.Eventing.Reader.EventProperty, System.Diagnostics.Eventing.Reader.EventProperty…}

Message              : Windows Search サービスが開始されました。
                       
Id                   : 1003
Version              : 0
Qualifiers           : 16384
Level                : 4
Task                 : 1
Opcode               : 0
Keywords             : 36028797018963968
RecordId             : 27646
ProviderName         : Microsoft-Windows-Search
ProviderId           : ca4e628d-8567-4896-ab6b-835b221f373f
LogName              : Application
ProcessId            : 64964
ThreadId             : 0
MachineName          : DESKTOP-HUU77M6
UserId               : 
TimeCreated          : 2026/04/17 金曜日 9:44:18
ActivityId           : 
RelatedActivityId    : 
ContainerLog         : Application
MatchedQueryIds      : {}
Bookmark             : System.Diagnostics.Eventing.Reader.EventBookmark
LevelDisplayName     : 情報
OpcodeDisplayName    : 
TaskDisplayName      : Search サービス
KeywordsDisplayNames : {クラシック}
Properties           : {System.Diagnostics.Eventing.Reader.EventProperty}

Message              : Windows Search サービスが正常に停止しました。
                       
Id                   : 1013
Version              : 0
Qualifiers           : 16384
Level                : 4
Task                 : 1
Opcode               : 0
Keywords             : 36028797018963968
RecordId             : 27645
ProviderName         : Microsoft-Windows-Search
ProviderId           : ca4e628d-8567-4896-ab6b-835b221f373f
LogName              : Application
ProcessId            : 248516
ThreadId             : 0
MachineName          : DESKTOP-HUU77M6
UserId               : 
TimeCreated          : 2026/04/17 金曜日 9:43:52
ActivityId           : 
RelatedActivityId    : 
ContainerLog         : Application
MatchedQueryIds      : {}
Bookmark             : System.Diagnostics.Eventing.Reader.EventBookmark
LevelDisplayName     : 情報
OpcodeDisplayName    : 
TaskDisplayName      : Search サービス
KeywordsDisplayNames : {クラシック}
Properties           : {System.Diagnostics.Eventing.Reader.EventProperty}

Message              : Windows インストーラー トランザクションを開始しています: {AC76BA86-1041-1033-7760-BC15014EA700}。クライアント プロセス ID: 207296。
Id                   : 1040
Version              : 0
Qualifiers           : 0
Level                : 4
Task                 : 0
Opcode               : 0
Keywords             : 36028797018963968
RecordId             : 27644
ProviderName         : MsiInstaller
ProviderId           : 
LogName              : Application
ProcessId            : 39164
ThreadId             : 0
MachineName          : DESKTOP-HUU77M6
UserId               : S-1-5-18
TimeCreated          : 2026/04/17 金曜日 9:43:19
ActivityId           : 
RelatedActivityId    : 
ContainerLog         : Application
MatchedQueryIds      : {}
Bookmark             : System.Diagnostics.Eventing.Reader.EventBookmark
LevelDisplayName     : 情報
OpcodeDisplayName    : 情報
TaskDisplayName      : なし
KeywordsDisplayNames : {クラシック}
Properties           : {System.Diagnostics.Eventing.Reader.EventProperty, System.Diagnostics.Eventing.Reader.EventProperty, System.Diagnostics.Eventing.Reader.EventProperty, System.Diagnostics.Eventing.Reader.EventProperty…}

Message              : Windows インストーラー トランザクションを終了しています: {AC76BA86-1041-1033-7760-BC15014EA700}。クライアント プロセス ID: 45288。
Id                   : 1042
Version              : 0
Qualifiers           : 0
Level                : 4
Task                 : 0
Opcode               : 0
Keywords             : 36028797018963968
RecordId             : 27643
ProviderName         : MsiInstaller
ProviderId           : 
LogName              : Application
ProcessId            : 39164
ThreadId             : 0
MachineName          : DESKTOP-HUU77M6
UserId               : S-1-5-18
TimeCreated          : 2026/04/17 金曜日 9:43:05
ActivityId           : 
RelatedActivityId    : 
ContainerLog         : Application
MatchedQueryIds      : {}
Bookmark             : System.Diagnostics.Eventing.Reader.EventBookmark
LevelDisplayName     : 情報
OpcodeDisplayName    : 情報
TaskDisplayName      : なし
KeywordsDisplayNames : {クラシック}
Properties           : {System.Diagnostics.Eventing.Reader.EventProperty, System.Diagnostics.Eventing.Reader.EventProperty, System.Diagnostics.Eventing.Reader.EventProperty, System.Diagnostics.Eventing.Reader.EventProperty…}

Message              : Windows インストーラーにより製品が再構成されました。製品名: Adobe Acrobat (64-bit)、製品バージョン: 26.001.21431、製品の言語: 1041、製造元: Adobe、再構成の成功またはエラーの状態: 1602
Id                   : 1035
Version              : 0
Qualifiers           : 0
Level                : 4
Task                 : 0
Opcode               : 0
Keywords             : 36028797018963968
RecordId             : 27642
ProviderName         : MsiInstaller
ProviderId           : 
LogName              : Application
ProcessId            : 39164
ThreadId             : 0
MachineName          : DESKTOP-HUU77M6
UserId               : S-1-5-21-4281057113-1115555198-1931880163-1001
TimeCreated          : 2026/04/17 金曜日 9:43:05
ActivityId           : 
RelatedActivityId    : 
ContainerLog         : Application
MatchedQueryIds      : {}
Bookmark             : System.Diagnostics.Eventing.Reader.EventBookmark
LevelDisplayName     : 情報
OpcodeDisplayName    : 情報
TaskDisplayName      : なし
KeywordsDisplayNames : {クラシック}
Properties           : {System.Diagnostics.Eventing.Reader.EventProperty, System.Diagnostics.Eventing.Reader.EventProperty, System.Diagnostics.Eventing.Reader.EventProperty, System.Diagnostics.Eventing.Reader.EventProperty…}

Message              : 製品 : Adobe Acrobat (64-bit) -- Configuration failed.
Id                   : 11729
Version              : 0
Qualifiers           : 0
Level                : 4
Task                 : 0
Opcode               : 0
Keywords             : 36028797018963968
RecordId             : 27641
ProviderName         : MsiInstaller
ProviderId           : 
LogName              : Application
ProcessId            : 39164
ThreadId             : 0
MachineName          : DESKTOP-HUU77M6
UserId               : S-1-5-21-4281057113-1115555198-1931880163-1001
TimeCreated          : 2026/04/17 金曜日 9:43:05
ActivityId           : 
RelatedActivityId    : 
ContainerLog         : Application
MatchedQueryIds      : {}
Bookmark             : System.Diagnostics.Eventing.Reader.EventBookmark
LevelDisplayName     : 情報
OpcodeDisplayName    : 情報
TaskDisplayName      : なし
KeywordsDisplayNames : {クラシック}
Properties           : {System.Diagnostics.Eventing.Reader.EventProperty, System.Diagnostics.Eventing.Reader.EventProperty, System.Diagnostics.Eventing.Reader.EventProperty, System.Diagnostics.Eventing.Reader.EventProperty…}

Message              : ソフトウェア保護サービスの 2126-03-24T00:42:37Z の再起動をスケジュールしました。理由: RulesEngine。
Id                   : 16384
Version              : 0
Qualifiers           : 16384
Level                : 4
Task                 : 0
Opcode               : 0
Keywords             : 36028797018963968
RecordId             : 27640
ProviderName         : Microsoft-Windows-Security-SPP
ProviderId           : e23b33b0-c8c9-472c-a5f9-f2bdfea0f156
LogName              : Application
ProcessId            : 50096
ThreadId             : 0
MachineName          : DESKTOP-HUU77M6
UserId               : 
TimeCreated          : 2026/04/17 金曜日 9:42:37
ActivityId           : 
RelatedActivityId    : 
ContainerLog         : Application
MatchedQueryIds      : {}
Bookmark             : System.Diagnostics.Eventing.Reader.EventBookmark
LevelDisplayName     : 情報
OpcodeDisplayName    : 
TaskDisplayName      : 
KeywordsDisplayNames : {クラシック}
Properties           : {System.Diagnostics.Eventing.Reader.EventProperty, System.Diagnostics.Eventing.Reader.EventProperty}

Message              : これらのポリシーは、上書き専用属性でのみ定義されてるため、除外されています。
                       ポリシー名=(Security-SPP-Reserved-EnableNotificationMode) 
                       アプリケーション ID=55c92734-d682-4d71-983e-d6ec3f16059f
                       Sku ID=4de7cb65-cdf1-4de9-8ae8-e3cce27b9f2c
Id                   : 1033
Version              : 0
Qualifiers           : 16384
Level                : 4
Task                 : 0
Opcode               : 0
Keywords             : 36028797018963968
RecordId             : 27639
ProviderName         : Microsoft-Windows-Security-SPP
ProviderId           : e23b33b0-c8c9-472c-a5f9-f2bdfea0f156
LogName              : Application
ProcessId            : 50096
ThreadId             : 0
MachineName          : DESKTOP-HUU77M6
UserId               : 
TimeCreated          : 2026/04/17 金曜日 9:42:07
ActivityId           : 
RelatedActivityId    : 
ContainerLog         : Application
MatchedQueryIds      : {}
Bookmark             : System.Diagnostics.Eventing.Reader.EventBookmark
LevelDisplayName     : 情報
OpcodeDisplayName    : 
TaskDisplayName      : 
KeywordsDisplayNames : {クラシック}
Properties           : {System.Diagnostics.Eventing.Reader.EventProperty, System.Diagnostics.Eventing.Reader.EventProperty, System.Diagnostics.Eventing.Reader.EventProperty}

Message              : ポリシーの重複した定義が見つかりました。ポリシー名=Security-SPP-WriteWauMarker  優先度=500
Id                   : 1034
Version              : 0
Qualifiers           : 16384
Level                : 4
Task                 : 0
Opcode               : 0
Keywords             : 36028797018963968
RecordId             : 27638
ProviderName         : Microsoft-Windows-Security-SPP
ProviderId           : e23b33b0-c8c9-472c-a5f9-f2bdfea0f156
LogName              : Application
ProcessId            : 50096
ThreadId             : 0
MachineName          : DESKTOP-HUU77M6
UserId               : 
TimeCreated          : 2026/04/17 金曜日 9:42:07
ActivityId           : 
RelatedActivityId    : 
ContainerLog         : Application
MatchedQueryIds      : {}
Bookmark             : System.Diagnostics.Eventing.Reader.EventBookmark
LevelDisplayName     : 情報
OpcodeDisplayName    : 
TaskDisplayName      : 
KeywordsDisplayNames : {クラシック}
Properties           : {System.Diagnostics.Eventing.Reader.EventProperty, System.Diagnostics.Eventing.Reader.EventProperty}

Message              : ポリシーの重複した定義が見つかりました。ポリシー名=AAD-AddDeviceJoinUserToAdminGroup-Policy  優先度=100
Id                   : 1034
Version              : 0
Qualifiers           : 16384
Level                : 4
Task                 : 0
Opcode               : 0
Keywords             : 36028797018963968
RecordId             : 27637
ProviderName         : Microsoft-Windows-Security-SPP
ProviderId           : e23b33b0-c8c9-472c-a5f9-f2bdfea0f156
LogName              : Application
ProcessId            : 50096
ThreadId             : 0
MachineName          : DESKTOP-HUU77M6
UserId               : 
TimeCreated          : 2026/04/17 金曜日 9:42:07
ActivityId           : 
RelatedActivityId    : 
ContainerLog         : Application
MatchedQueryIds      : {}
Bookmark             : System.Diagnostics.Eventing.Reader.EventBookmark
LevelDisplayName     : 情報
OpcodeDisplayName    : 
TaskDisplayName      : 
KeywordsDisplayNames : {クラシック}
Properties           : {System.Diagnostics.Eventing.Reader.EventProperty, System.Diagnostics.Eventing.Reader.EventProperty}

Message              : ポリシーの重複した定義が見つかりました。ポリシー名=AAD-AddDeviceJoinUserToAdminGroup-Policy  優先度=100
Id                   : 1034
Version              : 0
Qualifiers           : 16384
Level                : 4
Task                 : 0
Opcode               : 0
Keywords             : 36028797018963968
RecordId             : 27636
ProviderName         : Microsoft-Windows-Security-SPP
ProviderId           : e23b33b0-c8c9-472c-a5f9-f2bdfea0f156
LogName              : Application
ProcessId            : 50096
ThreadId             : 0
MachineName          : DESKTOP-HUU77M6
UserId               : 
TimeCreated          : 2026/04/17 金曜日 9:42:07
ActivityId           : 
RelatedActivityId    : 
ContainerLog         : Application
MatchedQueryIds      : {}
Bookmark             : System.Diagnostics.Eventing.Reader.EventBookmark
LevelDisplayName     : 情報
OpcodeDisplayName    : 
TaskDisplayName      : 
KeywordsDisplayNames : {クラシック}
Properties           : {System.Diagnostics.Eventing.Reader.EventProperty, System.Diagnostics.Eventing.Reader.EventProperty}

Message              : ポリシーの重複した定義が見つかりました。ポリシー名=AAD-AddDeviceJoinUserToAdminGroup-Policy  優先度=100
Id                   : 1034
Version              : 0
Qualifiers           : 16384
Level                : 4
Task                 : 0
Opcode               : 0
Keywords             : 36028797018963968
RecordId             : 27635
ProviderName         : Microsoft-Windows-Security-SPP
ProviderId           : e23b33b0-c8c9-472c-a5f9-f2bdfea0f156
LogName              : Application
ProcessId            : 50096
ThreadId             : 0
MachineName          : DESKTOP-HUU77M6
UserId               : 
TimeCreated          : 2026/04/17 金曜日 9:42:07
ActivityId           : 
RelatedActivityId    : 
ContainerLog         : Application
MatchedQueryIds      : {}
Bookmark             : System.Diagnostics.Eventing.Reader.EventBookmark
LevelDisplayName     : 情報
OpcodeDisplayName    : 
TaskDisplayName      : 
KeywordsDisplayNames : {クラシック}
Properties           : {System.Diagnostics.Eventing.Reader.EventProperty, System.Diagnostics.Eventing.Reader.EventProperty}

Message              : ポリシーの重複した定義が見つかりました。ポリシー名=AAD-AddDeviceJoinUserToAdminGroup-Policy  優先度=100
Id                   : 1034
Version              : 0
Qualifiers           : 16384
Level                : 4
Task                 : 0
Opcode               : 0
Keywords             : 36028797018963968
RecordId             : 27634
ProviderName         : Microsoft-Windows-Security-SPP
ProviderId           : e23b33b0-c8c9-472c-a5f9-f2bdfea0f156
LogName              : Application
ProcessId            : 50096
ThreadId             : 0
MachineName          : DESKTOP-HUU77M6
UserId               : 
TimeCreated          : 2026/04/17 金曜日 9:42:07
ActivityId           : 
RelatedActivityId    : 
ContainerLog         : Application
MatchedQueryIds      : {}
Bookmark             : System.Diagnostics.Eventing.Reader.EventBookmark
LevelDisplayName     : 情報
OpcodeDisplayName    : 
TaskDisplayName      : 
KeywordsDisplayNames : {クラシック}
Properties           : {System.Diagnostics.Eventing.Reader.EventProperty, System.Diagnostics.Eventing.Reader.EventProperty}

Message              : ポリシーの重複した定義が見つかりました。ポリシー名=AAD-AddDeviceJoinUserToAdminGroup-Policy  優先度=100
Id                   : 1034
Version              : 0
Qualifiers           : 16384
Level                : 4
Task                 : 0
Opcode               : 0
Keywords             : 36028797018963968
RecordId             : 27633
ProviderName         : Microsoft-Windows-Security-SPP
ProviderId           : e23b33b0-c8c9-472c-a5f9-f2bdfea0f156
LogName              : Application
ProcessId            : 50096
ThreadId             : 0
MachineName          : DESKTOP-HUU77M6
UserId               : 
TimeCreated          : 2026/04/17 金曜日 9:42:07
ActivityId           : 
RelatedActivityId    : 
ContainerLog         : Application
MatchedQueryIds      : {}
Bookmark             : System.Diagnostics.Eventing.Reader.EventBookmark
LevelDisplayName     : 情報
OpcodeDisplayName    : 
TaskDisplayName      : 
KeywordsDisplayNames : {クラシック}
Properties           : {System.Diagnostics.Eventing.Reader.EventProperty, System.Diagnostics.Eventing.Reader.EventProperty}

Message              : ポリシーの重複した定義が見つかりました。ポリシー名=AAD-AddDeviceJoinUserToAdminGroup-Policy  優先度=100
Id                   : 1034
Version              : 0
Qualifiers           : 16384
Level                : 4
Task                 : 0
Opcode               : 0
Keywords             : 36028797018963968
RecordId             : 27632
ProviderName         : Microsoft-Windows-Security-SPP
ProviderId           : e23b33b0-c8c9-472c-a5f9-f2bdfea0f156
LogName              : Application
ProcessId            : 50096
ThreadId             : 0
MachineName          : DESKTOP-HUU77M6
UserId               : 
TimeCreated          : 2026/04/17 金曜日 9:42:07
ActivityId           : 
RelatedActivityId    : 
ContainerLog         : Application
MatchedQueryIds      : {}
Bookmark             : System.Diagnostics.Eventing.Reader.EventBookmark
LevelDisplayName     : 情報
OpcodeDisplayName    : 
TaskDisplayName      : 
KeywordsDisplayNames : {クラシック}
Properties           : {System.Diagnostics.Eventing.Reader.EventProperty, System.Diagnostics.Eventing.Reader.EventProperty}

Message              : ポリシーの重複した定義が見つかりました。ポリシー名=AAD-AddDeviceJoinUserToAdminGroup-Policy  優先度=100
Id                   : 1034
Version              : 0
Qualifiers           : 16384
Level                : 4
Task                 : 0
Opcode               : 0
Keywords             : 36028797018963968
RecordId             : 27631
ProviderName         : Microsoft-Windows-Security-SPP
ProviderId           : e23b33b0-c8c9-472c-a5f9-f2bdfea0f156
LogName              : Application
ProcessId            : 50096
ThreadId             : 0
MachineName          : DESKTOP-HUU77M6
UserId               : 
TimeCreated          : 2026/04/17 金曜日 9:42:07
ActivityId           : 
RelatedActivityId    : 
ContainerLog         : Application
MatchedQueryIds      : {}
Bookmark             : System.Diagnostics.Eventing.Reader.EventBookmark
LevelDisplayName     : 情報
OpcodeDisplayName    : 
TaskDisplayName      : 
KeywordsDisplayNames : {クラシック}
Properties           : {System.Diagnostics.Eventing.Reader.EventProperty, System.Diagnostics.Eventing.Reader.EventProperty}

Message              : ポリシーの重複した定義が見つかりました。ポリシー名=AAD-AddDeviceJoinUserToAdminGroup-Policy  優先度=100
Id                   : 1034
Version              : 0
Qualifiers           : 16384
Level                : 4
Task                 : 0
Opcode               : 0
Keywords             : 36028797018963968
RecordId             : 27630
ProviderName         : Microsoft-Windows-Security-SPP
ProviderId           : e23b33b0-c8c9-472c-a5f9-f2bdfea0f156
LogName              : Application
ProcessId            : 50096
ThreadId             : 0
MachineName          : DESKTOP-HUU77M6
UserId               : 
TimeCreated          : 2026/04/17 金曜日 9:42:07
ActivityId           : 
RelatedActivityId    : 
ContainerLog         : Application
MatchedQueryIds      : {}
Bookmark             : System.Diagnostics.Eventing.Reader.EventBookmark
LevelDisplayName     : 情報
OpcodeDisplayName    : 
TaskDisplayName      : 
KeywordsDisplayNames : {クラシック}
Properties           : {System.Diagnostics.Eventing.Reader.EventProperty, System.Diagnostics.Eventing.Reader.EventProperty}

Message              : ポリシーの重複した定義が見つかりました。ポリシー名=AAD-AddDeviceJoinUserToAdminGroup-Policy  優先度=100
Id                   : 1034
Version              : 0
Qualifiers           : 16384
Level                : 4
Task                 : 0
Opcode               : 0
Keywords             : 36028797018963968
RecordId             : 27629
ProviderName         : Microsoft-Windows-Security-SPP
ProviderId           : e23b33b0-c8c9-472c-a5f9-f2bdfea0f156
LogName              : Application
ProcessId            : 50096
ThreadId             : 0
MachineName          : DESKTOP-HUU77M6
UserId               : 
TimeCreated          : 2026/04/17 金曜日 9:42:07
ActivityId           : 
RelatedActivityId    : 
ContainerLog         : Application
MatchedQueryIds      : {}
Bookmark             : System.Diagnostics.Eventing.Reader.EventBookmark
LevelDisplayName     : 情報
OpcodeDisplayName    : 
TaskDisplayName      : 
KeywordsDisplayNames : {クラシック}
Properties           : {System.Diagnostics.Eventing.Reader.EventProperty, System.Diagnostics.Eventing.Reader.EventProperty}

Message              : ポリシーの重複した定義が見つかりました。ポリシー名=AAD-AddDeviceJoinUserToAdminGroup-Policy  優先度=100
Id                   : 1034
Version              : 0
Qualifiers           : 16384
Level                : 4
Task                 : 0
Opcode               : 0
Keywords             : 36028797018963968
RecordId             : 27628
ProviderName         : Microsoft-Windows-Security-SPP
ProviderId           : e23b33b0-c8c9-472c-a5f9-f2bdfea0f156
LogName              : Application
ProcessId            : 50096
ThreadId             : 0
MachineName          : DESKTOP-HUU77M6
UserId               : 
TimeCreated          : 2026/04/17 金曜日 9:42:07
ActivityId           : 
RelatedActivityId    : 
ContainerLog         : Application
MatchedQueryIds      : {}
Bookmark             : System.Diagnostics.Eventing.Reader.EventBookmark
LevelDisplayName     : 情報
OpcodeDisplayName    : 
TaskDisplayName      : 
KeywordsDisplayNames : {クラシック}
Properties           : {System.Diagnostics.Eventing.Reader.EventProperty, System.Diagnostics.Eventing.Reader.EventProperty}

Message              : ポリシーの重複した定義が見つかりました。ポリシー名=AAD-AddDeviceJoinUserToAdminGroup-Policy  優先度=100
Id                   : 1034
Version              : 0
Qualifiers           : 16384
Level                : 4
Task                 : 0
Opcode               : 0
Keywords             : 36028797018963968
RecordId             : 27627
ProviderName         : Microsoft-Windows-Security-SPP
ProviderId           : e23b33b0-c8c9-472c-a5f9-f2bdfea0f156
LogName              : Application
ProcessId            : 50096
ThreadId             : 0
MachineName          : DESKTOP-HUU77M6
UserId               : 
TimeCreated          : 2026/04/17 金曜日 9:42:07
ActivityId           : 
RelatedActivityId    : 
ContainerLog         : Application
MatchedQueryIds      : {}
Bookmark             : System.Diagnostics.Eventing.Reader.EventBookmark
LevelDisplayName     : 情報
OpcodeDisplayName    : 
TaskDisplayName      : 
KeywordsDisplayNames : {クラシック}
Properties           : {System.Diagnostics.Eventing.Reader.EventProperty, System.Diagnostics.Eventing.Reader.EventProperty}

Message              : オフライン ダウンレベルの移行が成功しました。
Id                   : 16394
Version              : 0
Qualifiers           : 49152
Level                : 4
Task                 : 0
Opcode               : 0
Keywords             : 36028797018963968
RecordId             : 27626
ProviderName         : Microsoft-Windows-Security-SPP
ProviderId           : e23b33b0-c8c9-472c-a5f9-f2bdfea0f156
LogName              : Application
ProcessId            : 50096
ThreadId             : 0
MachineName          : DESKTOP-HUU77M6
UserId               : 
TimeCreated          : 2026/04/17 金曜日 9:42:06
ActivityId           : 
RelatedActivityId    : 
ContainerLog         : Application
MatchedQueryIds      : {}
Bookmark             : System.Diagnostics.Eventing.Reader.EventBookmark
LevelDisplayName     : 情報
OpcodeDisplayName    : 
TaskDisplayName      : 
KeywordsDisplayNames : {クラシック}
Properties           : {}

Message              : 障害バケット 、種類 0
                       イベント名: WindowsWcpOtherFailure3
                       応答: 使用不可
                       Cab ID: 0
                       
                       問題の署名:
                       P1: 10.0.26100.8247:1
                       P2: wcp\componentstore\storelayout.cpp
                       P3: ComponentStore::CRawStoreLayout::OpenComponentFile
                       P4: 2203
                       P5: 800f0983
                       P6: 0x137fad3f
                       P7: 
                       P8: 
                       P9: 
                       P10: 
                       
                       添付ファイル:
                       \\?\C:\ProgramData\Microsoft\Windows\WER\Temp\WER.a46f8f7d-fe4b-4d37-8032-4a1c000d577c.tmp.WERInternalMetadata.xml
                       
                       これらのファイルは次の場所にある可能性があります:
                       \\?\C:\ProgramData\Microsoft\Windows\WER\ReportArchive\Critical_10.0.26100.8247__e8f9487f5735ece7214d4b852f0c79828d3babf_00000000_7a9aa60e-c182-42fa-baca-17d7f5ad1530
                       
                       分析記号: 
                       解決策を再確認中: 0
                       レポート ID: 7a9aa60e-c182-42fa-baca-17d7f5ad1530
                       レポートの状態: 2147491840
                       ハッシュされたバケット: 
                       Cab GUID: 0
Id                   : 1001
Version              : 0
Qualifiers           : 
Level                : 4
Task                 : 0
Opcode               : 0
Keywords             : -9223372036854775808
RecordId             : 27625
ProviderName         : Windows Error Reporting
ProviderId           : 0ead09bd-2157-539a-8d6d-c87f95b64d70
LogName              : Application
ProcessId            : 6228
ThreadId             : 193504
MachineName          : DESKTOP-HUU77M6
UserId               : S-1-5-18
TimeCreated          : 2026/04/17 金曜日 9:41:51
ActivityId           : 
RelatedActivityId    : 
ContainerLog         : Application
MatchedQueryIds      : {}
Bookmark             : System.Diagnostics.Eventing.Reader.EventBookmark
LevelDisplayName     : 情報
OpcodeDisplayName    : 情報
TaskDisplayName      : 
KeywordsDisplayNames : {}
Properties           : {System.Diagnostics.Eventing.Reader.EventProperty, System.Diagnostics.Eventing.Reader.EventProperty, System.Diagnostics.Eventing.Reader.EventProperty, System.Diagnostics.Eventing.Reader.EventProperty…}

Message              : 障害バケット 、種類 0
                       イベント名: WindowsWcpOtherFailure3
                       応答: 使用不可
                       Cab ID: 0
                       
                       問題の署名:
                       P1: 10.0.26100.8247:1
                       P2: wcp\componentstore\storelayout.cpp
                       P3: ComponentStore::CRawStoreLayout::OpenComponentFile
                       P4: 2203
                       P5: 800f0983
                       P6: 0x137fad3f
                       P7: 
                       P8: 
                       P9: 
                       P10: 
                       
                       添付ファイル:
                       \\?\C:\Windows\Logs\CBS\CBS.log
                       \\?\C:\Windows\Logs\CBS\CbsPersist_20260415005601.log
                       \\?\C:\Windows\Logs\CBS\CbsPersist_20260414214211.cab
                       \\?\C:\Windows\Logs\CBS\CbsPersist_20260413143333.cab
                       \\?\C:\Windows\Logs\CBS\CbsPersist_20260412115437.cab
                       \\?\C:\Windows\Logs\CBS\CbsPersist_20260411004825.cab
                       \\?\C:\Windows\Logs\CBS\container.etl
                       \\?\C:\WINDOWS\servicing\Sessions\Sessions.xml
                       \\?\C:\WINDOWS\WinSxs\poqexec.log
                       
                       これらのファイルは次の場所にある可能性があります:
                       NULL
                       
                       分析記号: 
                       解決策を再確認中: 0
                       レポート ID: 5caa1e96-f704-4a87-9aba-ba604ddb2f45
                       レポートの状態: 262148
                       ハッシュされたバケット: 
                       Cab GUID: 0
Id                   : 1001
Version              : 0
Qualifiers           : 
Level                : 4
Task                 : 0
Opcode               : 0
Keywords             : -9223372036854775808
RecordId             : 27624
ProviderName         : Windows Error Reporting
ProviderId           : 0ead09bd-2157-539a-8d6d-c87f95b64d70
LogName              : Application
ProcessId            : 76944
ThreadId             : 253572
MachineName          : DESKTOP-HUU77M6
UserId               : S-1-5-18
TimeCreated          : 2026/04/17 金曜日 9:41:49
ActivityId           : 
RelatedActivityId    : 
ContainerLog         : Application
MatchedQueryIds      : {}
Bookmark             : System.Diagnostics.Eventing.Reader.EventBookmark
LevelDisplayName     : 情報
OpcodeDisplayName    : 情報
TaskDisplayName      : 
KeywordsDisplayNames : {}
Properties           : {System.Diagnostics.Eventing.Reader.EventProperty, System.Diagnostics.Eventing.Reader.EventProperty, System.Diagnostics.Eventing.Reader.EventProperty, System.Diagnostics.Eventing.Reader.EventProperty…}

Message              : 障害バケット 、種類 0
                       イベント名: WindowsWcpOtherFailure3
                       応答: 使用不可
                       Cab ID: 0
                       
                       問題の署名:
                       P1: 10.0.26100.8247:1
                       P2: wcp\componentstore\storelayout.cpp
                       P3: ComponentStore::CRawStoreLayout::OpenComponentFile
                       P4: 2203
                       P5: 800f0983
                       P6: 0x137fad3f
                       P7: 
                       P8: 
                       P9: 
                       P10: 
                       
                       添付ファイル:
                       \\?\C:\Windows\Logs\CBS\CBS.log
                       \\?\C:\Windows\Logs\CBS\CbsPersist_20260415005601.log
                       \\?\C:\Windows\Logs\CBS\CbsPersist_20260414214211.cab
                       \\?\C:\Windows\Logs\CBS\CbsPersist_20260413143333.cab
                       \\?\C:\Windows\Logs\CBS\CbsPersist_20260412115437.cab
                       \\?\C:\Windows\Logs\CBS\CbsPersist_20260411004825.cab
                       \\?\C:\Windows\Logs\CBS\container.etl
                       \\?\C:\WINDOWS\servicing\Sessions\Sessions.xml
                       \\?\C:\WINDOWS\WinSxs\poqexec.log
                       \\?\C:\WINDOWS\Logs\Cbs\FilterList.log
                       
                       これらのファイルは次の場所にある可能性があります:
                       NULL
                       
                       分析記号: 
                       解決策を再確認中: 0
                       レポート ID: 5e98c019-cbed-4a4f-ad19-c41fcbf53b9a
                       レポートの状態: 262148
                       ハッシュされたバケット: 
                       Cab GUID: 0
Id                   : 1001
Version              : 0
Qualifiers           : 
Level                : 4
Task                 : 0
Opcode               : 0
Keywords             : -9223372036854775808
RecordId             : 27623
ProviderName         : Windows Error Reporting
ProviderId           : 0ead09bd-2157-539a-8d6d-c87f95b64d70
LogName              : Application
ProcessId            : 76944
ThreadId             : 75668
MachineName          : DESKTOP-HUU77M6
UserId               : S-1-5-18
TimeCreated          : 2026/04/17 金曜日 9:41:49
ActivityId           : 
RelatedActivityId    : 
ContainerLog         : Application
MatchedQueryIds      : {}
Bookmark             : System.Diagnostics.Eventing.Reader.EventBookmark
LevelDisplayName     : 情報
OpcodeDisplayName    : 情報
TaskDisplayName      : 
KeywordsDisplayNames : {}
Properties           : {System.Diagnostics.Eventing.Reader.EventProperty, System.Diagnostics.Eventing.Reader.EventProperty, System.Diagnostics.Eventing.Reader.EventProperty, System.Diagnostics.Eventing.Reader.EventProperty…}

Message              : 障害バケット 、種類 0
                       イベント名: WindowsWcpOtherFailure3
                       応答: 使用不可
                       Cab ID: 0
                       
                       問題の署名:
                       P1: 10.0.26100.8247:1
                       P2: wcp\componentstore\storelayout.cpp
                       P3: ComponentStore::CRawStoreLayout::OpenComponentFile
                       P4: 2203
                       P5: 800f0983
                       P6: 0x137fad3f
                       P7: 
                       P8: 
                       P9: 
                       P10: 
                       
                       添付ファイル:
                       
                       これらのファイルは次の場所にある可能性があります:
                       \\?\C:\ProgramData\Microsoft\Windows\WER\ReportQueue\Critical_10.0.26100.8247__e8f9487f5735ece7214d4b852f0c79828d3babf_00000000_5e98c019-cbed-4a4f-ad19-c41fcbf53b9a
                       
                       分析記号: 
                       解決策を再確認中: 0
                       レポート ID: 5e98c019-cbed-4a4f-ad19-c41fcbf53b9a
                       レポートの状態: 4
                       ハッシュされたバケット: 
                       Cab GUID: 0
Id                   : 1001
Version              : 0
Qualifiers           : 
Level                : 4
Task                 : 0
Opcode               : 0
Keywords             : -9223372036854775808
RecordId             : 27622
ProviderName         : Windows Error Reporting
ProviderId           : 0ead09bd-2157-539a-8d6d-c87f95b64d70
LogName              : Application
ProcessId            : 101528
ThreadId             : 105908
MachineName          : DESKTOP-HUU77M6
UserId               : S-1-5-18
TimeCreated          : 2026/04/17 金曜日 9:41:49
ActivityId           : 
RelatedActivityId    : 
ContainerLog         : Application
MatchedQueryIds      : {}
Bookmark             : System.Diagnostics.Eventing.Reader.EventBookmark
LevelDisplayName     : 情報
OpcodeDisplayName    : 情報
TaskDisplayName      : 
KeywordsDisplayNames : {}
Properties           : {System.Diagnostics.Eventing.Reader.EventProperty, System.Diagnostics.Eventing.Reader.EventProperty, System.Diagnostics.Eventing.Reader.EventProperty, System.Diagnostics.Eventing.Reader.EventProperty…}

Message              : 障害バケット 、種類 0
                       イベント名: WindowsWcpOtherFailure3
                       応答: 使用不可
                       Cab ID: 0
                       
                       問題の署名:
                       P1: 10.0.26100.8247:1
                       P2: wcp\componentstore\storelayout.cpp
                       P3: ComponentStore::CRawStoreLayout::OpenComponentFile
                       P4: 2203
                       P5: 800f0983
                       P6: 0x137fad3f
                       P7: 
                       P8: 
                       P9: 
                       P10: 
                       
                       添付ファイル:
                       
                       これらのファイルは次の場所にある可能性があります:
                       \\?\C:\ProgramData\Microsoft\Windows\WER\ReportQueue\Critical_10.0.26100.8247__e8f9487f5735ece7214d4b852f0c79828d3babf_00000000_5caa1e96-f704-4a87-9aba-ba604ddb2f45
                       
                       分析記号: 
                       解決策を再確認中: 0
                       レポート ID: 5caa1e96-f704-4a87-9aba-ba604ddb2f45
                       レポートの状態: 4
                       ハッシュされたバケット: 
                       Cab GUID: 0
Id                   : 1001
Version              : 0
Qualifiers           : 
Level                : 4
Task                 : 0
Opcode               : 0
Keywords             : -9223372036854775808
RecordId             : 27621
ProviderName         : Windows Error Reporting
ProviderId           : 0ead09bd-2157-539a-8d6d-c87f95b64d70
LogName              : Application
ProcessId            : 98116
ThreadId             : 58064
MachineName          : DESKTOP-HUU77M6
UserId               : S-1-5-18
TimeCreated          : 2026/04/17 金曜日 9:41:49
ActivityId           : 
RelatedActivityId    : 
ContainerLog         : Application
MatchedQueryIds      : {}
Bookmark             : System.Diagnostics.Eventing.Reader.EventBookmark
LevelDisplayName     : 情報
OpcodeDisplayName    : 情報
TaskDisplayName      : 
KeywordsDisplayNames : {}
Properties           : {System.Diagnostics.Eventing.Reader.EventProperty, System.Diagnostics.Eventing.Reader.EventProperty, System.Diagnostics.Eventing.Reader.EventProperty, System.Diagnostics.Eventing.Reader.EventProperty…}

Message              : 障害バケット 、種類 0
                       イベント名: WindowsWcpOtherFailure3
                       応答: 使用不可
                       Cab ID: 0
                       
                       問題の署名:
                       P1: 10.0.26100.8247:1
                       P2: wcp\componentstore\storelayout.cpp
                       P3: ComponentStore::CRawStoreLayout::OpenComponentFile
                       P4: 2203
                       P5: 800f0983
                       P6: 0x137fad3f
                       P7: 
                       P8: 
                       P9: 
                       P10: 
                       
                       添付ファイル:
                       \\?\C:\Windows\Logs\CBS\CBS.log
                       \\?\C:\Windows\Logs\CBS\CbsPersist_20260415005601.log
                       \\?\C:\Windows\Logs\CBS\CbsPersist_20260414214211.cab
                       \\?\C:\Windows\Logs\CBS\CbsPersist_20260413143333.cab
                       \\?\C:\Windows\Logs\CBS\CbsPersist_20260412115437.cab
                       \\?\C:\Windows\Logs\CBS\CbsPersist_20260411004825.cab
                       \\?\C:\Windows\Logs\CBS\container.etl
                       \\?\C:\WINDOWS\servicing\Sessions\Sessions.xml
                       \\?\C:\WINDOWS\WinSxs\poqexec.log
                       \\?\C:\WINDOWS\Logs\Cbs\FilterList.log
                       
                       これらのファイルは次の場所にある可能性があります:
                       NULL
                       
                       分析記号: 
                       解決策を再確認中: 0
                       レポート ID: 5f5ec590-3e2a-47d1-9d71-f3595cb0a230
                       レポートの状態: 262148
                       ハッシュされたバケット: 
                       Cab GUID: 0
Id                   : 1001
Version              : 0
Qualifiers           : 
Level                : 4
Task                 : 0
Opcode               : 0
Keywords             : -9223372036854775808
RecordId             : 27620
ProviderName         : Windows Error Reporting
ProviderId           : 0ead09bd-2157-539a-8d6d-c87f95b64d70
LogName              : Application
ProcessId            : 76944
ThreadId             : 154180
MachineName          : DESKTOP-HUU77M6
UserId               : S-1-5-18
TimeCreated          : 2026/04/17 金曜日 9:41:49
ActivityId           : 
RelatedActivityId    : 
ContainerLog         : Application
MatchedQueryIds      : {}
Bookmark             : System.Diagnostics.Eventing.Reader.EventBookmark
LevelDisplayName     : 情報
OpcodeDisplayName    : 情報
TaskDisplayName      : 
KeywordsDisplayNames : {}
Properties           : {System.Diagnostics.Eventing.Reader.EventProperty, System.Diagnostics.Eventing.Reader.EventProperty, System.Diagnostics.Eventing.Reader.EventProperty, System.Diagnostics.Eventing.Reader.EventProperty…}

