Message              : Service stopped.
Id                   : 0
Version              : 0
Qualifiers           : 0
Level                : 4
Task                 : 0
Opcode               : 0
Keywords             : 36028797018963968
RecordId             : 27694
ProviderName         : edgeupdate
ProviderId           : 
LogName              : Application
ProcessId            : 15808
ThreadId             : 0
MachineName          : DESKTOP-HUU77M6
UserId               : 
TimeCreated          : 2026/04/17 金曜日 14:31:22
ActivityId           : 
RelatedActivityId    : 
ContainerLog         : Application
MatchedQueryIds      : {}
Bookmark             : System.Diagnostics.Eventing.Reader.EventBookmark
LevelDisplayName     : 情報
OpcodeDisplayName    : 情報
TaskDisplayName      : なし
KeywordsDisplayNames : {クラシック}
Properties           : {System.Diagnostics.Eventing.Reader.EventProperty}

Message              : ソフトウェア保護サービスの 2126-03-24T04:37:50Z の再起動をスケジュールしました。理由: RulesEngine。
Id                   : 16384
Version              : 0
Qualifiers           : 16384
Level                : 4
Task                 : 0
Opcode               : 0
Keywords             : 36028797018963968
RecordId             : 27693
ProviderName         : Microsoft-Windows-Security-SPP
ProviderId           : e23b33b0-c8c9-472c-a5f9-f2bdfea0f156
LogName              : Application
ProcessId            : 121128
ThreadId             : 0
MachineName          : DESKTOP-HUU77M6
UserId               : 
TimeCreated          : 2026/04/17 金曜日 13:37:50
ActivityId           : 
RelatedActivityId    : 
ContainerLog         : Application
MatchedQueryIds      : {}
Bookmark             : System.Diagnostics.Eventing.Reader.EventBookmark
LevelDisplayName     : 情報
OpcodeDisplayName    : 
TaskDisplayName      : 
KeywordsDisplayNames : {クラシック}
Properties           : {System.Diagnostics.Eventing.Reader.EventProperty, System.Diagnostics.Eventing.Reader.EventProperty}

Message              : オフライン ダウンレベルの移行が成功しました。
Id                   : 16394
Version              : 0
Qualifiers           : 49152
Level                : 4
Task                 : 0
Opcode               : 0
Keywords             : 36028797018963968
RecordId             : 27692
ProviderName         : Microsoft-Windows-Security-SPP
ProviderId           : e23b33b0-c8c9-472c-a5f9-f2bdfea0f156
LogName              : Application
ProcessId            : 121128
ThreadId             : 0
MachineName          : DESKTOP-HUU77M6
UserId               : 
TimeCreated          : 2026/04/17 金曜日 13:37:20
ActivityId           : 
RelatedActivityId    : 
ContainerLog         : Application
MatchedQueryIds      : {}
Bookmark             : System.Diagnostics.Eventing.Reader.EventBookmark
LevelDisplayName     : 情報
OpcodeDisplayName    : 
TaskDisplayName      : 
KeywordsDisplayNames : {クラシック}
Properties           : {}

Message              : 障害バケット 、種類 0
                       イベント名: crashpad_log
                       応答: 使用不可
                       Cab ID: 0
                       
                       問題の署名:
                       P1: MicrosoftEdgeUpdate.exe
                       P2: 1.3.229.3
                       P3: InstallError|copilot
                       P4: 0x80040905
                       P5: 
                       P6: 
                       P7: 
                       P8: 
                       P9: 
                       P10: 
                       
                       添付ファイル:
                       \\?\C:\ProgramData\Microsoft\EdgeUpdate\Log\MicrosoftEdgeUpdate.log
                       \\?\C:\Windows\SystemTemp\msedge_installer.log
                       
                       これらのファイルは次の場所にある可能性があります:
                       NULL
                       
                       分析記号: 
                       解決策を再確認中: 0
                       レポート ID: a0c04ba8-0605-4beb-82d3-00cd4db1dcb8
                       レポートの状態: 268697600
                       ハッシュされたバケット: 
                       Cab GUID: 0
Id                   : 1001
Version              : 0
Qualifiers           : 
Level                : 4
Task                 : 0
Opcode               : 0
Keywords             : -9223372036854775808
RecordId             : 27691
ProviderName         : Windows Error Reporting
ProviderId           : 0ead09bd-2157-539a-8d6d-c87f95b64d70
LogName              : Application
ProcessId            : 25504
ThreadId             : 108260
MachineName          : DESKTOP-HUU77M6
UserId               : S-1-5-18
TimeCreated          : 2026/04/17 金曜日 13:31:27
ActivityId           : 
RelatedActivityId    : 
ContainerLog         : Application
MatchedQueryIds      : {}
Bookmark             : System.Diagnostics.Eventing.Reader.EventBookmark
LevelDisplayName     : 情報
OpcodeDisplayName    : 情報
TaskDisplayName      : 
KeywordsDisplayNames : {}
Properties           : {System.Diagnostics.Eventing.Reader.EventProperty, System.Diagnostics.Eventing.Reader.EventProperty, System.Diagnostics.Eventing.Reader.EventProperty, System.Diagnostics.Eventing.Reader.EventProperty…}

Message              : 障害バケット 1927553643478403836、種類 5
                       イベント名: crashpad_log
                       応答: 使用不可
                       Cab ID: 0
                       
                       問題の署名:
                       P1: MicrosoftEdgeUpdate.exe
                       P2: 1.3.229.3
                       P3: InstallError|copilot
                       P4: 0x80040905
                       P5: 
                       P6: 
                       P7: 
                       P8: 
                       P9: 
                       P10: 
                       
                       添付ファイル:
                       \\?\C:\ProgramData\Microsoft\EdgeUpdate\Log\MicrosoftEdgeUpdate.log
                       \\?\C:\Windows\SystemTemp\msedge_installer.log
                       \\?\C:\ProgramData\Microsoft\Windows\WER\Temp\WER.bf61ee9c-5757-4ff7-b4a2-9e8095f2df37.tmp.WERInternalMetadata.xml
                       \\?\C:\ProgramData\Microsoft\Windows\WER\Temp\WER.14371e7f-970f-4df6-8cc0-1a102fc20820.tmp.csv
                       \\?\C:\ProgramData\Microsoft\Windows\WER\Temp\WER.095e9fa1-afef-41d4-9ba0-5c1f0d9df7b7.tmp.txt
                       \\?\C:\ProgramData\Microsoft\Windows\WER\Temp\WER.06dce4f0-d5c5-4949-bb1a-aadd19a7c93c.tmp.xml
                       
                       これらのファイルは次の場所にある可能性があります:
                       \\?\C:\ProgramData\Microsoft\Windows\WER\ReportArchive\NonCritical_MicrosoftEdgeUpd_a51cc173b0aee1bb13c5fe239582254e5d4466_00000000_a0c04ba8-0605-4beb-82d3-00cd4db1dcb8
                       
                       分析記号: 
                       解決策を再確認中: 0
                       レポート ID: a0c04ba8-0605-4beb-82d3-00cd4db1dcb8
                       レポートの状態: 268435456
                       ハッシュされたバケット: 69f9a5a97ff6a7903ac00bd37d0a4afc
                       Cab GUID: 0
Id                   : 1001
Version              : 0
Qualifiers           : 
Level                : 4
Task                 : 0
Opcode               : 0
Keywords             : -9223372036854775808
RecordId             : 27690
ProviderName         : Windows Error Reporting
ProviderId           : 0ead09bd-2157-539a-8d6d-c87f95b64d70
LogName              : Application
ProcessId            : 94800
ThreadId             : 140888
MachineName          : DESKTOP-HUU77M6
UserId               : S-1-5-18
TimeCreated          : 2026/04/17 金曜日 13:31:27
ActivityId           : 
RelatedActivityId    : 
ContainerLog         : Application
MatchedQueryIds      : {}
Bookmark             : System.Diagnostics.Eventing.Reader.EventBookmark
LevelDisplayName     : 情報
OpcodeDisplayName    : 情報
TaskDisplayName      : 
KeywordsDisplayNames : {}
Properties           : {System.Diagnostics.Eventing.Reader.EventProperty, System.Diagnostics.Eventing.Reader.EventProperty, System.Diagnostics.Eventing.Reader.EventProperty, System.Diagnostics.Eventing.Reader.EventProperty…}

Message              : Service stopped.
Id                   : 0
Version              : 0
Qualifiers           : 0
Level                : 4
Task                 : 0
Opcode               : 0
Keywords             : 36028797018963968
RecordId             : 27689
ProviderName         : edgeupdate
ProviderId           : 
LogName              : Application
ProcessId            : 158064
ThreadId             : 0
MachineName          : DESKTOP-HUU77M6
UserId               : 
TimeCreated          : 2026/04/17 金曜日 13:31:28
ActivityId           : 
RelatedActivityId    : 
ContainerLog         : Application
MatchedQueryIds      : {}
Bookmark             : System.Diagnostics.Eventing.Reader.EventBookmark
LevelDisplayName     : 情報
OpcodeDisplayName    : 情報
TaskDisplayName      : なし
KeywordsDisplayNames : {クラシック}
Properties           : {System.Diagnostics.Eventing.Reader.EventProperty}

Message              : ソフトウェア保護サービスの 2126-03-24T04:23:01Z の再起動をスケジュールしました。理由: RulesEngine。
Id                   : 16384
Version              : 0
Qualifiers           : 16384
Level                : 4
Task                 : 0
Opcode               : 0
Keywords             : 36028797018963968
RecordId             : 27688
ProviderName         : Microsoft-Windows-Security-SPP
ProviderId           : e23b33b0-c8c9-472c-a5f9-f2bdfea0f156
LogName              : Application
ProcessId            : 253148
ThreadId             : 0
MachineName          : DESKTOP-HUU77M6
UserId               : 
TimeCreated          : 2026/04/17 金曜日 13:23:01
ActivityId           : 
RelatedActivityId    : 
ContainerLog         : Application
MatchedQueryIds      : {}
Bookmark             : System.Diagnostics.Eventing.Reader.EventBookmark
LevelDisplayName     : 情報
OpcodeDisplayName    : 
TaskDisplayName      : 
KeywordsDisplayNames : {クラシック}
Properties           : {System.Diagnostics.Eventing.Reader.EventProperty, System.Diagnostics.Eventing.Reader.EventProperty}

Message              : オフライン ダウンレベルの移行が成功しました。
Id                   : 16394
Version              : 0
Qualifiers           : 49152
Level                : 4
Task                 : 0
Opcode               : 0
Keywords             : 36028797018963968
RecordId             : 27687
ProviderName         : Microsoft-Windows-Security-SPP
ProviderId           : e23b33b0-c8c9-472c-a5f9-f2bdfea0f156
LogName              : Application
ProcessId            : 253148
ThreadId             : 0
MachineName          : DESKTOP-HUU77M6
UserId               : 
TimeCreated          : 2026/04/17 金曜日 13:22:31
ActivityId           : 
RelatedActivityId    : 
ContainerLog         : Application
MatchedQueryIds      : {}
Bookmark             : System.Diagnostics.Eventing.Reader.EventBookmark
LevelDisplayName     : 情報
OpcodeDisplayName    : 
TaskDisplayName      : 
KeywordsDisplayNames : {クラシック}
Properties           : {}

Message              : ソフトウェア保護サービスの 2126-03-24T04:21:24Z の再起動をスケジュールしました。理由: RulesEngine。
Id                   : 16384
Version              : 0
Qualifiers           : 16384
Level                : 4
Task                 : 0
Opcode               : 0
Keywords             : 36028797018963968
RecordId             : 27686
ProviderName         : Microsoft-Windows-Security-SPP
ProviderId           : e23b33b0-c8c9-472c-a5f9-f2bdfea0f156
LogName              : Application
ProcessId            : 265780
ThreadId             : 0
MachineName          : DESKTOP-HUU77M6
UserId               : 
TimeCreated          : 2026/04/17 金曜日 13:21:24
ActivityId           : 
RelatedActivityId    : 
ContainerLog         : Application
MatchedQueryIds      : {}
Bookmark             : System.Diagnostics.Eventing.Reader.EventBookmark
LevelDisplayName     : 情報
OpcodeDisplayName    : 
TaskDisplayName      : 
KeywordsDisplayNames : {クラシック}
Properties           : {System.Diagnostics.Eventing.Reader.EventProperty, System.Diagnostics.Eventing.Reader.EventProperty}

Message              : オフライン ダウンレベルの移行が成功しました。
Id                   : 16394
Version              : 0
Qualifiers           : 49152
Level                : 4
Task                 : 0
Opcode               : 0
Keywords             : 36028797018963968
RecordId             : 27685
ProviderName         : Microsoft-Windows-Security-SPP
ProviderId           : e23b33b0-c8c9-472c-a5f9-f2bdfea0f156
LogName              : Application
ProcessId            : 265780
ThreadId             : 0
MachineName          : DESKTOP-HUU77M6
UserId               : 
TimeCreated          : 2026/04/17 金曜日 13:20:54
ActivityId           : 
RelatedActivityId    : 
ContainerLog         : Application
MatchedQueryIds      : {}
Bookmark             : System.Diagnostics.Eventing.Reader.EventBookmark
LevelDisplayName     : 情報
OpcodeDisplayName    : 
TaskDisplayName      : 
KeywordsDisplayNames : {クラシック}
Properties           : {}

Message              : ソフトウェア保護サービスの 2126-03-24T03:52:23Z の再起動をスケジュールしました。理由: RulesEngine。
Id                   : 16384
Version              : 0
Qualifiers           : 16384
Level                : 4
Task                 : 0
Opcode               : 0
Keywords             : 36028797018963968
RecordId             : 27684
ProviderName         : Microsoft-Windows-Security-SPP
ProviderId           : e23b33b0-c8c9-472c-a5f9-f2bdfea0f156
LogName              : Application
ProcessId            : 272832
ThreadId             : 0
MachineName          : DESKTOP-HUU77M6
UserId               : 
TimeCreated          : 2026/04/17 金曜日 12:52:23
ActivityId           : 
RelatedActivityId    : 
ContainerLog         : Application
MatchedQueryIds      : {}
Bookmark             : System.Diagnostics.Eventing.Reader.EventBookmark
LevelDisplayName     : 情報
OpcodeDisplayName    : 
TaskDisplayName      : 
KeywordsDisplayNames : {クラシック}
Properties           : {System.Diagnostics.Eventing.Reader.EventProperty, System.Diagnostics.Eventing.Reader.EventProperty}

Message              : オフライン ダウンレベルの移行が成功しました。
Id                   : 16394
Version              : 0
Qualifiers           : 49152
Level                : 4
Task                 : 0
Opcode               : 0
Keywords             : 36028797018963968
RecordId             : 27683
ProviderName         : Microsoft-Windows-Security-SPP
ProviderId           : e23b33b0-c8c9-472c-a5f9-f2bdfea0f156
LogName              : Application
ProcessId            : 272832
ThreadId             : 0
MachineName          : DESKTOP-HUU77M6
UserId               : 
TimeCreated          : 2026/04/17 金曜日 12:51:53
ActivityId           : 
RelatedActivityId    : 
ContainerLog         : Application
MatchedQueryIds      : {}
Bookmark             : System.Diagnostics.Eventing.Reader.EventBookmark
LevelDisplayName     : 情報
OpcodeDisplayName    : 
TaskDisplayName      : 
KeywordsDisplayNames : {クラシック}
Properties           : {}

Message              : Service stopped.
Id                   : 0
Version              : 0
Qualifiers           : 0
Level                : 4
Task                 : 0
Opcode               : 0
Keywords             : 36028797018963968
RecordId             : 27682
ProviderName         : edgeupdate
ProviderId           : 
LogName              : Application
ProcessId            : 150556
ThreadId             : 0
MachineName          : DESKTOP-HUU77M6
UserId               : 
TimeCreated          : 2026/04/17 金曜日 12:31:26
ActivityId           : 
RelatedActivityId    : 
ContainerLog         : Application
MatchedQueryIds      : {}
Bookmark             : System.Diagnostics.Eventing.Reader.EventBookmark
LevelDisplayName     : 情報
OpcodeDisplayName    : 情報
TaskDisplayName      : なし
KeywordsDisplayNames : {クラシック}
Properties           : {System.Diagnostics.Eventing.Reader.EventProperty}

Message              : ソフトウェア保護サービスの 2126-03-24T03:17:37Z の再起動をスケジュールしました。理由: RulesEngine。
Id                   : 16384
Version              : 0
Qualifiers           : 16384
Level                : 4
Task                 : 0
Opcode               : 0
Keywords             : 36028797018963968
RecordId             : 27681
ProviderName         : Microsoft-Windows-Security-SPP
ProviderId           : e23b33b0-c8c9-472c-a5f9-f2bdfea0f156
LogName              : Application
ProcessId            : 269968
ThreadId             : 0
MachineName          : DESKTOP-HUU77M6
UserId               : 
TimeCreated          : 2026/04/17 金曜日 12:17:37
ActivityId           : 
RelatedActivityId    : 
ContainerLog         : Application
MatchedQueryIds      : {}
Bookmark             : System.Diagnostics.Eventing.Reader.EventBookmark
LevelDisplayName     : 情報
OpcodeDisplayName    : 
TaskDisplayName      : 
KeywordsDisplayNames : {クラシック}
Properties           : {System.Diagnostics.Eventing.Reader.EventProperty, System.Diagnostics.Eventing.Reader.EventProperty}

Message              : オフライン ダウンレベルの移行が成功しました。
Id                   : 16394
Version              : 0
Qualifiers           : 49152
Level                : 4
Task                 : 0
Opcode               : 0
Keywords             : 36028797018963968
RecordId             : 27680
ProviderName         : Microsoft-Windows-Security-SPP
ProviderId           : e23b33b0-c8c9-472c-a5f9-f2bdfea0f156
LogName              : Application
ProcessId            : 269968
ThreadId             : 0
MachineName          : DESKTOP-HUU77M6
UserId               : 
TimeCreated          : 2026/04/17 金曜日 12:17:06
ActivityId           : 
RelatedActivityId    : 
ContainerLog         : Application
MatchedQueryIds      : {}
Bookmark             : System.Diagnostics.Eventing.Reader.EventBookmark
LevelDisplayName     : 情報
OpcodeDisplayName    : 
TaskDisplayName      : 
KeywordsDisplayNames : {クラシック}
Properties           : {}

Message              : アイドル タイムアウトにより VSS サービスをシャットダウンしています。 
Id                   : 8224
Version              : 0
Qualifiers           : 0
Level                : 4
Task                 : 0
Opcode               : 0
Keywords             : 36028797018963968
RecordId             : 27679
ProviderName         : VSS
ProviderId           : 
LogName              : Application
ProcessId            : 110840
ThreadId             : 0
MachineName          : DESKTOP-HUU77M6
UserId               : 
TimeCreated          : 2026/04/17 金曜日 12:03:57
ActivityId           : 
RelatedActivityId    : 
ContainerLog         : Application
MatchedQueryIds      : {}
Bookmark             : System.Diagnostics.Eventing.Reader.EventBookmark
LevelDisplayName     : 情報
OpcodeDisplayName    : 情報
TaskDisplayName      : なし
KeywordsDisplayNames : {クラシック}
Properties           : {System.Diagnostics.Eventing.Reader.EventProperty, System.Diagnostics.Eventing.Reader.EventProperty}

Message              : 障害バケット 1294640832800928975、種類 5
                       イベント名: CbsPackageServicingFailure2
                       応答: 使用不可
                       Cab ID: 0
                       
                       問題の署名:
                       P1: 10.0.26100.8247
                       P2: Package_for_RollupFix
                       P3: 26100.8246.1.23
                       P4: amd64
                       P5: unknown
                       P6: 80073712
                       P7: Resolve
                       P8: Absent
                       P9: Staged
                       P10: UpdateAgentLCU
                       
                       添付ファイル:
                       \\?\C:\ProgramData\Microsoft\Windows\WER\Temp\WER.6084d424-6912-4827-9cf6-c3b5d2ea2058.tmp.WERInternalMetadata.xml
                       
                       これらのファイルは次の場所にある可能性があります:
                       \\?\C:\ProgramData\Microsoft\Windows\WER\ReportArchive\Critical_10.0.26100.8247_48cba6f43f325a3acb3532259ee72278bd951d_00000000_47f324cc-35ab-476c-9bfb-97455bb52cac
                       
                       分析記号: 
                       解決策を再確認中: 0
                       レポート ID: 47f324cc-35ab-476c-9bfb-97455bb52cac
                       レポートの状態: 268435456
                       ハッシュされたバケット: a9b3c8c656e931d2d1f77cfa66d0b4cf
                       Cab GUID: 0
Id                   : 1001
Version              : 0
Qualifiers           : 
Level                : 4
Task                 : 0
Opcode               : 0
Keywords             : -9223372036854775808
RecordId             : 27678
ProviderName         : Windows Error Reporting
ProviderId           : 0ead09bd-2157-539a-8d6d-c87f95b64d70
LogName              : Application
ProcessId            : 194156
ThreadId             : 217240
MachineName          : DESKTOP-HUU77M6
UserId               : S-1-5-18
TimeCreated          : 2026/04/17 金曜日 12:03:42
ActivityId           : 
RelatedActivityId    : 
ContainerLog         : Application
MatchedQueryIds      : {}
Bookmark             : System.Diagnostics.Eventing.Reader.EventBookmark
LevelDisplayName     : 情報
OpcodeDisplayName    : 情報
TaskDisplayName      : 
KeywordsDisplayNames : {}
Properties           : {System.Diagnostics.Eventing.Reader.EventProperty, System.Diagnostics.Eventing.Reader.EventProperty, System.Diagnostics.Eventing.Reader.EventProperty, System.Diagnostics.Eventing.Reader.EventProperty…}

Message              : 障害バケット 、種類 0
                       イベント名: CbsPackageServicingFailure2
                       応答: 使用不可
                       Cab ID: 0
                       
                       問題の署名:
                       P1: 10.0.26100.8247
                       P2: Package_for_RollupFix
                       P3: 26100.8246.1.23
                       P4: amd64
                       P5: unknown
                       P6: 80073712
                       P7: Resolve
                       P8: Absent
                       P9: Staged
                       P10: UpdateAgentLCU
                       
                       添付ファイル:
                       \\?\C:\Windows\Logs\CBS\CBS.log
                       \\?\C:\Windows\Logs\CBS\CbsPersist_20260415005601.log
                       \\?\C:\Windows\Logs\CBS\CbsPersist_20260414214211.cab
                       \\?\C:\Windows\Logs\CBS\CbsPersist_20260413143333.cab
                       \\?\C:\Windows\Logs\CBS\CbsPersist_20260412115437.cab
                       \\?\C:\Windows\Logs\CBS\CbsPersist_20260411004825.cab
                       \\?\C:\Windows\Logs\CBS\container.etl
                       \\?\C:\WINDOWS\servicing\Sessions\Sessions.xml
                       \\?\C:\WINDOWS\winsxs\poqexec.log
                       \\?\C:\WINDOWS\inf\setupapi.dev.log
                       
                       これらのファイルは次の場所にある可能性があります:
                       NULL
                       
                       分析記号: 
                       解決策を再確認中: 0
                       レポート ID: 47f324cc-35ab-476c-9bfb-97455bb52cac
                       レポートの状態: 262148
                       ハッシュされたバケット: 
                       Cab GUID: 0
Id                   : 1001
Version              : 0
Qualifiers           : 
Level                : 4
Task                 : 0
Opcode               : 0
Keywords             : -9223372036854775808
RecordId             : 27677
ProviderName         : Windows Error Reporting
ProviderId           : 0ead09bd-2157-539a-8d6d-c87f95b64d70
LogName              : Application
ProcessId            : 26884
ThreadId             : 6412
MachineName          : DESKTOP-HUU77M6
UserId               : S-1-5-18
TimeCreated          : 2026/04/17 金曜日 12:03:41
ActivityId           : 
RelatedActivityId    : 
ContainerLog         : Application
MatchedQueryIds      : {}
Bookmark             : System.Diagnostics.Eventing.Reader.EventBookmark
LevelDisplayName     : 情報
OpcodeDisplayName    : 情報
TaskDisplayName      : 
KeywordsDisplayNames : {}
Properties           : {System.Diagnostics.Eventing.Reader.EventProperty, System.Diagnostics.Eventing.Reader.EventProperty, System.Diagnostics.Eventing.Reader.EventProperty, System.Diagnostics.Eventing.Reader.EventProperty…}

Message              : 障害バケット 、種類 0
                       イベント名: CbsPackageServicingFailure2
                       応答: 使用不可
                       Cab ID: 0
                       
                       問題の署名:
                       P1: 10.0.26100.8247
                       P2: Package_for_RollupFix
                       P3: 26100.8246.1.23
                       P4: amd64
                       P5: unknown
                       P6: 80073712
                       P7: Resolve
                       P8: Absent
                       P9: Staged
                       P10: UpdateAgentLCU
                       
                       添付ファイル:
                       
                       これらのファイルは次の場所にある可能性があります:
                       \\?\C:\ProgramData\Microsoft\Windows\WER\ReportQueue\Critical_10.0.26100.8247_48cba6f43f325a3acb3532259ee72278bd951d_00000000_47f324cc-35ab-476c-9bfb-97455bb52cac
                       
                       分析記号: 
                       解決策を再確認中: 0
                       レポート ID: 47f324cc-35ab-476c-9bfb-97455bb52cac
                       レポートの状態: 4
                       ハッシュされたバケット: 
                       Cab GUID: 0
Id                   : 1001
Version              : 0
Qualifiers           : 
Level                : 4
Task                 : 0
Opcode               : 0
Keywords             : -9223372036854775808
RecordId             : 27676
ProviderName         : Windows Error Reporting
ProviderId           : 0ead09bd-2157-539a-8d6d-c87f95b64d70
LogName              : Application
ProcessId            : 185052
ThreadId             : 273280
MachineName          : DESKTOP-HUU77M6
UserId               : S-1-5-18
TimeCreated          : 2026/04/17 金曜日 12:03:40
ActivityId           : 
RelatedActivityId    : 
ContainerLog         : Application
MatchedQueryIds      : {}
Bookmark             : System.Diagnostics.Eventing.Reader.EventBookmark
LevelDisplayName     : 情報
OpcodeDisplayName    : 情報
TaskDisplayName      : 
KeywordsDisplayNames : {}
Properties           : {System.Diagnostics.Eventing.Reader.EventProperty, System.Diagnostics.Eventing.Reader.EventProperty, System.Diagnostics.Eventing.Reader.EventProperty, System.Diagnostics.Eventing.Reader.EventProperty…}

Message              : ソフトウェア保護サービスの 2126-03-24T02:59:24Z の再起動をスケジュールしました。理由: RulesEngine。
Id                   : 16384
Version              : 0
Qualifiers           : 16384
Level                : 4
Task                 : 0
Opcode               : 0
Keywords             : 36028797018963968
RecordId             : 27675
ProviderName         : Microsoft-Windows-Security-SPP
ProviderId           : e23b33b0-c8c9-472c-a5f9-f2bdfea0f156
LogName              : Application
ProcessId            : 232112
ThreadId             : 0
MachineName          : DESKTOP-HUU77M6
UserId               : 
TimeCreated          : 2026/04/17 金曜日 11:59:24
ActivityId           : 
RelatedActivityId    : 
ContainerLog         : Application
MatchedQueryIds      : {}
Bookmark             : System.Diagnostics.Eventing.Reader.EventBookmark
LevelDisplayName     : 情報
OpcodeDisplayName    : 
TaskDisplayName      : 
KeywordsDisplayNames : {クラシック}
Properties           : {System.Diagnostics.Eventing.Reader.EventProperty, System.Diagnostics.Eventing.Reader.EventProperty}

Message              : システムの復元に使用できる最近の復元ポイントがあるため、復元ポイントの作成 (プロセス = C:\WINDOWS\system32\svchost.exe -k netsvcs -p -s wuauserv; 説明 = Windows Update) をスキップしています。
Id                   : 8216
Version              : 0
Qualifiers           : 0
Level                : 4
Task                 : 0
Opcode               : 0
Keywords             : 36028797018963968
RecordId             : 27674
ProviderName         : System Restore
ProviderId           : 
LogName              : Application
ProcessId            : 237772
ThreadId             : 0
MachineName          : DESKTOP-HUU77M6
UserId               : 
TimeCreated          : 2026/04/17 金曜日 11:58:55
ActivityId           : 
RelatedActivityId    : 
ContainerLog         : Application
MatchedQueryIds      : {}
Bookmark             : System.Diagnostics.Eventing.Reader.EventBookmark
LevelDisplayName     : 情報
OpcodeDisplayName    : 情報
TaskDisplayName      : なし
KeywordsDisplayNames : {クラシック}
Properties           : {System.Diagnostics.Eventing.Reader.EventProperty, System.Diagnostics.Eventing.Reader.EventProperty, System.Diagnostics.Eventing.Reader.EventProperty}

Message              : オフライン ダウンレベルの移行が成功しました。
Id                   : 16394
Version              : 0
Qualifiers           : 49152
Level                : 4
Task                 : 0
Opcode               : 0
Keywords             : 36028797018963968
RecordId             : 27673
ProviderName         : Microsoft-Windows-Security-SPP
ProviderId           : e23b33b0-c8c9-472c-a5f9-f2bdfea0f156
LogName              : Application
ProcessId            : 232112
ThreadId             : 0
MachineName          : DESKTOP-HUU77M6
UserId               : 
TimeCreated          : 2026/04/17 金曜日 11:58:54
ActivityId           : 
RelatedActivityId    : 
ContainerLog         : Application
MatchedQueryIds      : {}
Bookmark             : System.Diagnostics.Eventing.Reader.EventBookmark
LevelDisplayName     : 情報
OpcodeDisplayName    : 
TaskDisplayName      : 
KeywordsDisplayNames : {クラシック}
Properties           : {}

Message              : ソフトウェア保護サービスの 2126-03-24T02:57:00Z の再起動をスケジュールしました。理由: RulesEngine。
Id                   : 16384
Version              : 0
Qualifiers           : 16384
Level                : 4
Task                 : 0
Opcode               : 0
Keywords             : 36028797018963968
RecordId             : 27672
ProviderName         : Microsoft-Windows-Security-SPP
ProviderId           : e23b33b0-c8c9-472c-a5f9-f2bdfea0f156
LogName              : Application
ProcessId            : 124504
ThreadId             : 0
MachineName          : DESKTOP-HUU77M6
UserId               : 
TimeCreated          : 2026/04/17 金曜日 11:57:00
ActivityId           : 
RelatedActivityId    : 
ContainerLog         : Application
MatchedQueryIds      : {}
Bookmark             : System.Diagnostics.Eventing.Reader.EventBookmark
LevelDisplayName     : 情報
OpcodeDisplayName    : 
TaskDisplayName      : 
KeywordsDisplayNames : {クラシック}
Properties           : {System.Diagnostics.Eventing.Reader.EventProperty, System.Diagnostics.Eventing.Reader.EventProperty}

Message              : オフライン ダウンレベルの移行が成功しました。
Id                   : 16394
Version              : 0
Qualifiers           : 49152
Level                : 4
Task                 : 0
Opcode               : 0
Keywords             : 36028797018963968
RecordId             : 27671
ProviderName         : Microsoft-Windows-Security-SPP
ProviderId           : e23b33b0-c8c9-472c-a5f9-f2bdfea0f156
LogName              : Application
ProcessId            : 124504
ThreadId             : 0
MachineName          : DESKTOP-HUU77M6
UserId               : 
TimeCreated          : 2026/04/17 金曜日 11:56:28
ActivityId           : 
RelatedActivityId    : 
ContainerLog         : Application
MatchedQueryIds      : {}
Bookmark             : System.Diagnostics.Eventing.Reader.EventBookmark
LevelDisplayName     : 情報
OpcodeDisplayName    : 
TaskDisplayName      : 
KeywordsDisplayNames : {クラシック}
Properties           : {}

Message              : ソフトウェア保護サービスの 2126-03-24T02:36:15Z の再起動をスケジュールしました。理由: RulesEngine。
Id                   : 16384
Version              : 0
Qualifiers           : 16384
Level                : 4
Task                 : 0
Opcode               : 0
Keywords             : 36028797018963968
RecordId             : 27670
ProviderName         : Microsoft-Windows-Security-SPP
ProviderId           : e23b33b0-c8c9-472c-a5f9-f2bdfea0f156
LogName              : Application
ProcessId            : 179176
ThreadId             : 0
MachineName          : DESKTOP-HUU77M6
UserId               : 
TimeCreated          : 2026/04/17 金曜日 11:36:15
ActivityId           : 
RelatedActivityId    : 
ContainerLog         : Application
MatchedQueryIds      : {}
Bookmark             : System.Diagnostics.Eventing.Reader.EventBookmark
LevelDisplayName     : 情報
OpcodeDisplayName    : 
TaskDisplayName      : 
KeywordsDisplayNames : {クラシック}
Properties           : {System.Diagnostics.Eventing.Reader.EventProperty, System.Diagnostics.Eventing.Reader.EventProperty}

Message              : オフライン ダウンレベルの移行が成功しました。
Id                   : 16394
Version              : 0
Qualifiers           : 49152
Level                : 4
Task                 : 0
Opcode               : 0
Keywords             : 36028797018963968
RecordId             : 27669
ProviderName         : Microsoft-Windows-Security-SPP
ProviderId           : e23b33b0-c8c9-472c-a5f9-f2bdfea0f156
LogName              : Application
ProcessId            : 179176
ThreadId             : 0
MachineName          : DESKTOP-HUU77M6
UserId               : 
TimeCreated          : 2026/04/17 金曜日 11:35:44
ActivityId           : 
RelatedActivityId    : 
ContainerLog         : Application
MatchedQueryIds      : {}
Bookmark             : System.Diagnostics.Eventing.Reader.EventBookmark
LevelDisplayName     : 情報
OpcodeDisplayName    : 
TaskDisplayName      : 
KeywordsDisplayNames : {クラシック}
Properties           : {}

Message              : Service stopped.
Id                   : 0
Version              : 0
Qualifiers           : 0
Level                : 4
Task                 : 0
Opcode               : 0
Keywords             : 36028797018963968
RecordId             : 27668
ProviderName         : edgeupdate
ProviderId           : 
LogName              : Application
ProcessId            : 244096
ThreadId             : 0
MachineName          : DESKTOP-HUU77M6
UserId               : 
TimeCreated          : 2026/04/17 金曜日 11:31:22
ActivityId           : 
RelatedActivityId    : 
ContainerLog         : Application
MatchedQueryIds      : {}
Bookmark             : System.Diagnostics.Eventing.Reader.EventBookmark
LevelDisplayName     : 情報
OpcodeDisplayName    : 情報
TaskDisplayName      : なし
KeywordsDisplayNames : {クラシック}
Properties           : {System.Diagnostics.Eventing.Reader.EventProperty}

Message              : ソフトウェア保護サービスの 2126-03-24T01:52:28Z の再起動をスケジュールしました。理由: RulesEngine。
Id                   : 16384
Version              : 0
Qualifiers           : 16384
Level                : 4
Task                 : 0
Opcode               : 0
Keywords             : 36028797018963968
RecordId             : 27667
ProviderName         : Microsoft-Windows-Security-SPP
ProviderId           : e23b33b0-c8c9-472c-a5f9-f2bdfea0f156
LogName              : Application
ProcessId            : 151816
ThreadId             : 0
MachineName          : DESKTOP-HUU77M6
UserId               : 
TimeCreated          : 2026/04/17 金曜日 10:52:28
ActivityId           : 
RelatedActivityId    : 
ContainerLog         : Application
MatchedQueryIds      : {}
Bookmark             : System.Diagnostics.Eventing.Reader.EventBookmark
LevelDisplayName     : 情報
OpcodeDisplayName    : 
TaskDisplayName      : 
KeywordsDisplayNames : {クラシック}
Properties           : {System.Diagnostics.Eventing.Reader.EventProperty, System.Diagnostics.Eventing.Reader.EventProperty}

Message              : オフライン ダウンレベルの移行が成功しました。
Id                   : 16394
Version              : 0
Qualifiers           : 49152
Level                : 4
Task                 : 0
Opcode               : 0
Keywords             : 36028797018963968
RecordId             : 27666
ProviderName         : Microsoft-Windows-Security-SPP
ProviderId           : e23b33b0-c8c9-472c-a5f9-f2bdfea0f156
LogName              : Application
ProcessId            : 151816
ThreadId             : 0
MachineName          : DESKTOP-HUU77M6
UserId               : 
TimeCreated          : 2026/04/17 金曜日 10:51:56
ActivityId           : 
RelatedActivityId    : 
ContainerLog         : Application
MatchedQueryIds      : {}
Bookmark             : System.Diagnostics.Eventing.Reader.EventBookmark
LevelDisplayName     : 情報
OpcodeDisplayName    : 
TaskDisplayName      : 
KeywordsDisplayNames : {クラシック}
Properties           : {}

Message              : 
Id                   : 0
Version              : 0
Qualifiers           : 0
Level                : 4
Task                 : 0
Opcode               : 0
Keywords             : 36028797018963968
RecordId             : 27665
ProviderName         : asus
ProviderId           : 
LogName              : Application
ProcessId            : 66876
ThreadId             : 0
MachineName          : DESKTOP-HUU77M6
UserId               : 
TimeCreated          : 2026/04/17 金曜日 10:34:41
ActivityId           : 
RelatedActivityId    : 
ContainerLog         : Application
MatchedQueryIds      : {}
Bookmark             : System.Diagnostics.Eventing.Reader.EventBookmark
LevelDisplayName     : 
OpcodeDisplayName    : 
TaskDisplayName      : 
KeywordsDisplayNames : 
Properties           : {System.Diagnostics.Eventing.Reader.EventProperty}

Message              : ソフトウェア保護サービスの 2126-03-24T01:33:23Z の再起動をスケジュールしました。理由: RulesEngine。
Id                   : 16384
Version              : 0
Qualifiers           : 16384
Level                : 4
Task                 : 0
Opcode               : 0
Keywords             : 36028797018963968
RecordId             : 27664
ProviderName         : Microsoft-Windows-Security-SPP
ProviderId           : e23b33b0-c8c9-472c-a5f9-f2bdfea0f156
LogName              : Application
ProcessId            : 30036
ThreadId             : 0
MachineName          : DESKTOP-HUU77M6
UserId               : 
TimeCreated          : 2026/04/17 金曜日 10:33:23
ActivityId           : 
RelatedActivityId    : 
ContainerLog         : Application
MatchedQueryIds      : {}
Bookmark             : System.Diagnostics.Eventing.Reader.EventBookmark
LevelDisplayName     : 情報
OpcodeDisplayName    : 
TaskDisplayName      : 
KeywordsDisplayNames : {クラシック}
Properties           : {System.Diagnostics.Eventing.Reader.EventProperty, System.Diagnostics.Eventing.Reader.EventProperty}

Message              : オフライン ダウンレベルの移行が成功しました。
Id                   : 16394
Version              : 0
Qualifiers           : 49152
Level                : 4
Task                 : 0
Opcode               : 0
Keywords             : 36028797018963968
RecordId             : 27663
ProviderName         : Microsoft-Windows-Security-SPP
ProviderId           : e23b33b0-c8c9-472c-a5f9-f2bdfea0f156
LogName              : Application
ProcessId            : 30036
ThreadId             : 0
MachineName          : DESKTOP-HUU77M6
UserId               : 
TimeCreated          : 2026/04/17 金曜日 10:32:53
ActivityId           : 
RelatedActivityId    : 
ContainerLog         : Application
MatchedQueryIds      : {}
Bookmark             : System.Diagnostics.Eventing.Reader.EventBookmark
LevelDisplayName     : 情報
OpcodeDisplayName    : 
TaskDisplayName      : 
KeywordsDisplayNames : {クラシック}
Properties           : {}

Message              : Service stopped.
Id                   : 0
Version              : 0
Qualifiers           : 0
Level                : 4
Task                 : 0
Opcode               : 0
Keywords             : 36028797018963968
RecordId             : 27662
ProviderName         : edgeupdate
ProviderId           : 
LogName              : Application
ProcessId            : 250048
ThreadId             : 0
MachineName          : DESKTOP-HUU77M6
UserId               : 
TimeCreated          : 2026/04/17 金曜日 10:31:29
ActivityId           : 
RelatedActivityId    : 
ContainerLog         : Application
MatchedQueryIds      : {}
Bookmark             : System.Diagnostics.Eventing.Reader.EventBookmark
LevelDisplayName     : 情報
OpcodeDisplayName    : 情報
TaskDisplayName      : なし
KeywordsDisplayNames : {クラシック}
Properties           : {System.Diagnostics.Eventing.Reader.EventProperty}

Message              : 拇印 a4 af 32 42 97 92 fc 94 bf 06 88 e3 21 7e 5d b1 31 94 cf f0 の ローカル システム の証明書の有効期限がまもなく切れるか、既に切れています。
Id                   : 64
Version              : 0
Qualifiers           : 32768
Level                : 3
Task                 : 0
Opcode               : 0
Keywords             : 36028797018963968
RecordId             : 27661
ProviderName         : Microsoft-Windows-CertificateServicesClient-AutoEnrollment
ProviderId           : f0db7ef8-b6f3-4005-9937-feb77b9e1b43
LogName              : Application
ProcessId            : 228252
ThreadId             : 0
MachineName          : DESKTOP-HUU77M6
UserId               : 
TimeCreated          : 2026/04/17 金曜日 9:56:08
ActivityId           : 
RelatedActivityId    : 
ContainerLog         : Application
MatchedQueryIds      : {}
Bookmark             : System.Diagnostics.Eventing.Reader.EventBookmark
LevelDisplayName     : 警告
OpcodeDisplayName    : 
TaskDisplayName      : 
KeywordsDisplayNames : {クラシック}
Properties           : {System.Diagnostics.Eventing.Reader.EventProperty, System.Diagnostics.Eventing.Reader.EventProperty}

Message              : アイドル タイムアウトにより VSS サービスをシャットダウンしています。 
Id                   : 8224
Version              : 0
Qualifiers           : 0
Level                : 4
Task                 : 0
Opcode               : 0
Keywords             : 36028797018963968
RecordId             : 27660
ProviderName         : VSS
ProviderId           : 
LogName              : Application
ProcessId            : 8444
ThreadId             : 0
MachineName          : DESKTOP-HUU77M6
UserId               : 
TimeCreated          : 2026/04/17 金曜日 9:49:39
ActivityId           : 
RelatedActivityId    : 
ContainerLog         : Application
MatchedQueryIds      : {}
Bookmark             : System.Diagnostics.Eventing.Reader.EventBookmark
LevelDisplayName     : 情報
OpcodeDisplayName    : 情報
TaskDisplayName      : なし
KeywordsDisplayNames : {クラシック}
Properties           : {System.Diagnostics.Eventing.Reader.EventProperty, System.Diagnostics.Eventing.Reader.EventProperty}

Message              : Scoping successfully completed for shadowcopy \\?\GLOBALROOT\Device\HarddiskVolumeShadowCopy19.
Id                   : 8302
Version              : 0
Qualifiers           : 
Level                : 4
Task                 : 0
Opcode               : 0
Keywords             : -9223372036854775808
RecordId             : 27659
ProviderName         : Microsoft-Windows-System-Restore
ProviderId           : 126cdb97-d346-4894-8a34-658da5eea1b6
LogName              : Application
ProcessId            : 56148
ThreadId             : 262412
MachineName          : DESKTOP-HUU77M6
UserId               : S-1-5-18
TimeCreated          : 2026/04/17 金曜日 9:48:01
ActivityId           : 
RelatedActivityId    : 
ContainerLog         : Application
MatchedQueryIds      : {}
Bookmark             : System.Diagnostics.Eventing.Reader.EventBookmark
LevelDisplayName     : 情報
OpcodeDisplayName    : 情報
TaskDisplayName      : 
KeywordsDisplayNames : {}
Properties           : {System.Diagnostics.Eventing.Reader.EventProperty, System.Diagnostics.Eventing.Reader.EventProperty, System.Diagnostics.Eventing.Reader.EventProperty, System.Diagnostics.Eventing.Reader.EventProperty…}

Message              : Scoping completed for shadowcopy \\?\GLOBALROOT\Device\HarddiskVolumeShadowCopy19.
Id                   : 8301
Version              : 0
Qualifiers           : 
Level                : 4
Task                 : 0
Opcode               : 2
Keywords             : -9223090561878065151
RecordId             : 27658
ProviderName         : Microsoft-Windows-System-Restore
ProviderId           : 126cdb97-d346-4894-8a34-658da5eea1b6
LogName              : Application
ProcessId            : 56148
ThreadId             : 262412
MachineName          : DESKTOP-HUU77M6
UserId               : S-1-5-18
TimeCreated          : 2026/04/17 金曜日 9:48:01
ActivityId           : 
RelatedActivityId    : 
ContainerLog         : Application
MatchedQueryIds      : {}
Bookmark             : System.Diagnostics.Eventing.Reader.EventBookmark
LevelDisplayName     : 情報
OpcodeDisplayName    : 情報
TaskDisplayName      : 
KeywordsDisplayNames : {Performance, Response Time}
Properties           : {System.Diagnostics.Eventing.Reader.EventProperty, System.Diagnostics.Eventing.Reader.EventProperty, System.Diagnostics.Eventing.Reader.EventProperty, System.Diagnostics.Eventing.Reader.EventProperty…}

Message              : Scoping started for shadowcopy \\?\GLOBALROOT\Device\HarddiskVolumeShadowCopy19.
Id                   : 8300
Version              : 0
Qualifiers           : 
Level                : 4
Task                 : 0
Opcode               : 1
Keywords             : -9223090561878065151
RecordId             : 27657
ProviderName         : Microsoft-Windows-System-Restore
ProviderId           : 126cdb97-d346-4894-8a34-658da5eea1b6
LogName              : Application
ProcessId            : 56148
ThreadId             : 262412
MachineName          : DESKTOP-HUU77M6
UserId               : S-1-5-18
TimeCreated          : 2026/04/17 金曜日 9:46:43
ActivityId           : 
RelatedActivityId    : 
ContainerLog         : Application
MatchedQueryIds      : {}
Bookmark             : System.Diagnostics.Eventing.Reader.EventBookmark
LevelDisplayName     : 情報
OpcodeDisplayName    : 情報
TaskDisplayName      : 
KeywordsDisplayNames : {Performance, Response Time}
Properties           : {System.Diagnostics.Eventing.Reader.EventProperty}

Message              : 復元ポイントが作成されました (プロセス = C:\WINDOWS\system32\svchost.exe -k netsvcs -p -s wuauserv; 説明 = Windows Update)。
Id                   : 8194
Version              : 0
Qualifiers           : 0
Level                : 4
Task                 : 0
Opcode               : 0
Keywords             : 36028797018963968
RecordId             : 27656
ProviderName         : System Restore
ProviderId           : 
LogName              : Application
ProcessId            : 82856
ThreadId             : 0
MachineName          : DESKTOP-HUU77M6
UserId               : 
TimeCreated          : 2026/04/17 金曜日 9:45:08
ActivityId           : 
RelatedActivityId    : 
ContainerLog         : Application
MatchedQueryIds      : {}
Bookmark             : System.Diagnostics.Eventing.Reader.EventBookmark
LevelDisplayName     : 情報
OpcodeDisplayName    : 情報
TaskDisplayName      : なし
KeywordsDisplayNames : {クラシック}
Properties           : {System.Diagnostics.Eventing.Reader.EventProperty, System.Diagnostics.Eventing.Reader.EventProperty, System.Diagnostics.Eventing.Reader.EventProperty}

Message              : ボリューム シャドウ コピー サービス情報: スナップショット セット {078fca7a-d53f-46f0-8e50-c50f57699503}.
                        のスナップショット作成が開始されました プロセス コマンド ライン: C:\WINDOWS\system32\svchost.exe -k netsvcs -p -s wuauserv
                        プロセス呼び出し元スタック:
                        Process[0]: svchost.exe
                        Process[1]: services.exe
                        Process[2]: wininit.exe
                       
Id                   : 8231
Version              : 0
Qualifiers           : 0
Level                : 4
Task                 : 0
Opcode               : 0
Keywords             : 36028797018963968
RecordId             : 27655
ProviderName         : VSS
ProviderId           : 
LogName              : Application
ProcessId            : 82856
ThreadId             : 0
MachineName          : DESKTOP-HUU77M6
UserId               : 
TimeCreated          : 2026/04/17 金曜日 9:45:04
ActivityId           : 
RelatedActivityId    : 
ContainerLog         : Application
MatchedQueryIds      : {}
Bookmark             : System.Diagnostics.Eventing.Reader.EventBookmark
LevelDisplayName     : 情報
OpcodeDisplayName    : 情報
TaskDisplayName      : なし
KeywordsDisplayNames : {クラシック}
Properties           : {System.Diagnostics.Eventing.Reader.EventProperty, System.Diagnostics.Eventing.Reader.EventProperty, System.Diagnostics.Eventing.Reader.EventProperty, System.Diagnostics.Eventing.Reader.EventProperty…}

Message              : 障害バケット 1294640832800928975、種類 5
                       イベント名: CbsPackageServicingFailure2
                       応答: 使用不可
                       Cab ID: 0
                       
                       問題の署名:
                       P1: 10.0.26100.8247
                       P2: Package_for_RollupFix
                       P3: 26100.8246.1.23
                       P4: amd64
                       P5: unknown
                       P6: 80073712
                       P7: Resolve
                       P8: Absent
                       P9: Staged
                       P10: UpdateAgentLCU
                       
                       添付ファイル:
                       \\?\C:\ProgramData\Microsoft\Windows\WER\Temp\WER.f455a2c5-dbde-4e57-b796-9221bea68492.tmp.WERInternalMetadata.xml
                       
                       これらのファイルは次の場所にある可能性があります:
                       \\?\C:\ProgramData\Microsoft\Windows\WER\ReportArchive\Critical_10.0.26100.8247_48cba6f43f325a3acb3532259ee72278bd951d_00000000_145b69df-4050-461c-8a94-dc245cd8e22c
                       
                       分析記号: 
                       解決策を再確認中: 0
                       レポート ID: 145b69df-4050-461c-8a94-dc245cd8e22c
                       レポートの状態: 268435456
                       ハッシュされたバケット: a9b3c8c656e931d2d1f77cfa66d0b4cf
                       Cab GUID: 0
Id                   : 1001
Version              : 0
Qualifiers           : 
Level                : 4
Task                 : 0
Opcode               : 0
Keywords             : -9223372036854775808
RecordId             : 27654
ProviderName         : Windows Error Reporting
ProviderId           : 0ead09bd-2157-539a-8d6d-c87f95b64d70
LogName              : Application
ProcessId            : 262112
ThreadId             : 40100
MachineName          : DESKTOP-HUU77M6
UserId               : S-1-5-18
TimeCreated          : 2026/04/17 金曜日 9:44:53
ActivityId           : 
RelatedActivityId    : 
ContainerLog         : Application
MatchedQueryIds      : {}
Bookmark             : System.Diagnostics.Eventing.Reader.EventBookmark
LevelDisplayName     : 情報
OpcodeDisplayName    : 情報
TaskDisplayName      : 
KeywordsDisplayNames : {}
Properties           : {System.Diagnostics.Eventing.Reader.EventProperty, System.Diagnostics.Eventing.Reader.EventProperty, System.Diagnostics.Eventing.Reader.EventProperty, System.Diagnostics.Eventing.Reader.EventProperty…}

