
Message              : Service stopped.
Id                   : 0
Version              : 0
Qualifiers           : 0
Level                : 4
Task                 : 0
Opcode               : 0
Keywords             : 36028797018963968
RecordId             : 27785
ProviderName         : edgeupdate
ProviderId           : 
LogName              : Application
ProcessId            : 136128
ThreadId             : 0
MachineName          : DESKTOP-HUU77M6
UserId               : 
TimeCreated          : 2026/04/18 土曜日 2:31:23
ActivityId           : 
RelatedActivityId    : 
ContainerLog         : Application
MatchedQueryIds      : {}
Bookmark             : System.Diagnostics.Eventing.Reader.EventBookmark
LevelDisplayName     : 情報
OpcodeDisplayName    : 情報
TaskDisplayName      : なし
KeywordsDisplayNames : {クラシック}
Properties           : {System.Diagnostics.Eventing.Reader.EventProperty}

Message              : 拇印 a4 af 32 42 97 92 fc 94 bf 06 88 e3 21 7e 5d b1 31 94 cf f0 の ローカル システム の証明書の有効期限がまもなく切れるか、既に切れています。
Id                   : 64
Version              : 0
Qualifiers           : 32768
Level                : 3
Task                 : 0
Opcode               : 0
Keywords             : 36028797018963968
RecordId             : 27784
ProviderName         : Microsoft-Windows-CertificateServicesClient-AutoEnrollment
ProviderId           : f0db7ef8-b6f3-4005-9937-feb77b9e1b43
LogName              : Application
ProcessId            : 116836
ThreadId             : 0
MachineName          : DESKTOP-HUU77M6
UserId               : 
TimeCreated          : 2026/04/18 土曜日 1:56:08
ActivityId           : 
RelatedActivityId    : 
ContainerLog         : Application
MatchedQueryIds      : {}
Bookmark             : System.Diagnostics.Eventing.Reader.EventBookmark
LevelDisplayName     : 警告
OpcodeDisplayName    : 
TaskDisplayName      : 
KeywordsDisplayNames : {クラシック}
Properties           : {System.Diagnostics.Eventing.Reader.EventProperty, System.Diagnostics.Eventing.Reader.EventProperty}

Message              : ソフトウェア保護サービスの 2126-03-24T16:54:19Z の再起動をスケジュールしました。理由: RulesEngine。
Id                   : 16384
Version              : 0
Qualifiers           : 16384
Level                : 4
Task                 : 0
Opcode               : 0
Keywords             : 36028797018963968
RecordId             : 27783
ProviderName         : Microsoft-Windows-Security-SPP
ProviderId           : e23b33b0-c8c9-472c-a5f9-f2bdfea0f156
LogName              : Application
ProcessId            : 216044
ThreadId             : 0
MachineName          : DESKTOP-HUU77M6
UserId               : 
TimeCreated          : 2026/04/18 土曜日 1:54:19
ActivityId           : 
RelatedActivityId    : 
ContainerLog         : Application
MatchedQueryIds      : {}
Bookmark             : System.Diagnostics.Eventing.Reader.EventBookmark
LevelDisplayName     : 情報
OpcodeDisplayName    : 
TaskDisplayName      : 
KeywordsDisplayNames : {クラシック}
Properties           : {System.Diagnostics.Eventing.Reader.EventProperty, System.Diagnostics.Eventing.Reader.EventProperty}

Message              : オフライン ダウンレベルの移行が成功しました。
Id                   : 16394
Version              : 0
Qualifiers           : 49152
Level                : 4
Task                 : 0
Opcode               : 0
Keywords             : 36028797018963968
RecordId             : 27782
ProviderName         : Microsoft-Windows-Security-SPP
ProviderId           : e23b33b0-c8c9-472c-a5f9-f2bdfea0f156
LogName              : Application
ProcessId            : 216044
ThreadId             : 0
MachineName          : DESKTOP-HUU77M6
UserId               : 
TimeCreated          : 2026/04/18 土曜日 1:53:48
ActivityId           : 
RelatedActivityId    : 
ContainerLog         : Application
MatchedQueryIds      : {}
Bookmark             : System.Diagnostics.Eventing.Reader.EventBookmark
LevelDisplayName     : 情報
OpcodeDisplayName    : 
TaskDisplayName      : 
KeywordsDisplayNames : {クラシック}
Properties           : {}

Message              : Service stopped.
Id                   : 0
Version              : 0
Qualifiers           : 0
Level                : 4
Task                 : 0
Opcode               : 0
Keywords             : 36028797018963968
RecordId             : 27781
ProviderName         : edgeupdate
ProviderId           : 
LogName              : Application
ProcessId            : 22412
ThreadId             : 0
MachineName          : DESKTOP-HUU77M6
UserId               : 
TimeCreated          : 2026/04/18 土曜日 1:31:23
ActivityId           : 
RelatedActivityId    : 
ContainerLog         : Application
MatchedQueryIds      : {}
Bookmark             : System.Diagnostics.Eventing.Reader.EventBookmark
LevelDisplayName     : 情報
OpcodeDisplayName    : 情報
TaskDisplayName      : なし
KeywordsDisplayNames : {クラシック}
Properties           : {System.Diagnostics.Eventing.Reader.EventProperty}

Message              : ソフトウェア保護サービスの 2126-03-24T16:20:52Z の再起動をスケジュールしました。理由: RulesEngine。
Id                   : 16384
Version              : 0
Qualifiers           : 16384
Level                : 4
Task                 : 0
Opcode               : 0
Keywords             : 36028797018963968
RecordId             : 27780
ProviderName         : Microsoft-Windows-Security-SPP
ProviderId           : e23b33b0-c8c9-472c-a5f9-f2bdfea0f156
LogName              : Application
ProcessId            : 21976
ThreadId             : 0
MachineName          : DESKTOP-HUU77M6
UserId               : 
TimeCreated          : 2026/04/18 土曜日 1:20:52
ActivityId           : 
RelatedActivityId    : 
ContainerLog         : Application
MatchedQueryIds      : {}
Bookmark             : System.Diagnostics.Eventing.Reader.EventBookmark
LevelDisplayName     : 情報
OpcodeDisplayName    : 
TaskDisplayName      : 
KeywordsDisplayNames : {クラシック}
Properties           : {System.Diagnostics.Eventing.Reader.EventProperty, System.Diagnostics.Eventing.Reader.EventProperty}

Message              : オフライン ダウンレベルの移行が成功しました。
Id                   : 16394
Version              : 0
Qualifiers           : 49152
Level                : 4
Task                 : 0
Opcode               : 0
Keywords             : 36028797018963968
RecordId             : 27779
ProviderName         : Microsoft-Windows-Security-SPP
ProviderId           : e23b33b0-c8c9-472c-a5f9-f2bdfea0f156
LogName              : Application
ProcessId            : 21976
ThreadId             : 0
MachineName          : DESKTOP-HUU77M6
UserId               : 
TimeCreated          : 2026/04/18 土曜日 1:20:22
ActivityId           : 
RelatedActivityId    : 
ContainerLog         : Application
MatchedQueryIds      : {}
Bookmark             : System.Diagnostics.Eventing.Reader.EventBookmark
LevelDisplayName     : 情報
OpcodeDisplayName    : 
TaskDisplayName      : 
KeywordsDisplayNames : {クラシック}
Properties           : {}

Message              : 障害バケット 1294640832800928975、種類 5
                       イベント名: CbsPackageServicingFailure2
                       応答: 使用不可
                       Cab ID: 0
                       
                       問題の署名:
                       P1: 10.0.26100.8247
                       P2: Package_for_RollupFix
                       P3: 26100.8246.1.23
                       P4: amd64
                       P5: unknown
                       P6: 80073712
                       P7: Resolve
                       P8: Absent
                       P9: Staged
                       P10: UpdateAgentLCU
                       
                       添付ファイル:
                       \\?\C:\ProgramData\Microsoft\Windows\WER\Temp\WER.fe23658e-90b1-4293-8cf3-86b74c274da1.tmp.WERInternalMetadata.xml
                       
                       これらのファイルは次の場所にある可能性があります:
                       \\?\C:\ProgramData\Microsoft\Windows\WER\ReportArchive\Critical_10.0.26100.8247_48cba6f43f325a3acb3532259ee72278bd951d_00000000_8c682fe2-1954-4ba1-89f6-12ca66c1235c
                       
                       分析記号: 
                       解決策を再確認中: 0
                       レポート ID: 8c682fe2-1954-4ba1-89f6-12ca66c1235c
                       レポートの状態: 268435456
                       ハッシュされたバケット: a9b3c8c656e931d2d1f77cfa66d0b4cf
                       Cab GUID: 0
Id                   : 1001
Version              : 0
Qualifiers           : 
Level                : 4
Task                 : 0
Opcode               : 0
Keywords             : -9223372036854775808
RecordId             : 27778
ProviderName         : Windows Error Reporting
ProviderId           : 0ead09bd-2157-539a-8d6d-c87f95b64d70
LogName              : Application
ProcessId            : 63928
ThreadId             : 103812
MachineName          : DESKTOP-HUU77M6
UserId               : S-1-5-18
TimeCreated          : 2026/04/18 土曜日 1:04:03
ActivityId           : 
RelatedActivityId    : 
ContainerLog         : Application
MatchedQueryIds      : {}
Bookmark             : System.Diagnostics.Eventing.Reader.EventBookmark
LevelDisplayName     : 情報
OpcodeDisplayName    : 情報
TaskDisplayName      : 
KeywordsDisplayNames : {}
Properties           : {System.Diagnostics.Eventing.Reader.EventProperty, System.Diagnostics.Eventing.Reader.EventProperty, System.Diagnostics.Eventing.Reader.EventProperty, System.Diagnostics.Eventing.Reader.EventProperty…}

Message              : 障害バケット 、種類 0
                       イベント名: CbsPackageServicingFailure2
                       応答: 使用不可
                       Cab ID: 0
                       
                       問題の署名:
                       P1: 10.0.26100.8247
                       P2: Package_for_RollupFix
                       P3: 26100.8246.1.23
                       P4: amd64
                       P5: unknown
                       P6: 80073712
                       P7: Resolve
                       P8: Absent
                       P9: Staged
                       P10: UpdateAgentLCU
                       
                       添付ファイル:
                       \\?\C:\Windows\Logs\CBS\CBS.log
                       \\?\C:\Windows\Logs\CBS\CbsPersist_20260417035147.log
                       \\?\C:\Windows\Logs\CBS\CbsPersist_20260415005601.log
                       \\?\C:\Windows\Logs\CBS\CbsPersist_20260414214211.cab
                       \\?\C:\Windows\Logs\CBS\CbsPersist_20260413143333.cab
                       \\?\C:\Windows\Logs\CBS\CbsPersist_20260412115437.cab
                       \\?\C:\Windows\Logs\CBS\container.etl
                       \\?\C:\WINDOWS\servicing\Sessions\Sessions.xml
                       \\?\C:\WINDOWS\winsxs\poqexec.log
                       \\?\C:\WINDOWS\inf\setupapi.dev.log
                       
                       これらのファイルは次の場所にある可能性があります:
                       NULL
                       
                       分析記号: 
                       解決策を再確認中: 0
                       レポート ID: 8c682fe2-1954-4ba1-89f6-12ca66c1235c
                       レポートの状態: 262148
                       ハッシュされたバケット: 
                       Cab GUID: 0
Id                   : 1001
Version              : 0
Qualifiers           : 
Level                : 4
Task                 : 0
Opcode               : 0
Keywords             : -9223372036854775808
RecordId             : 27777
ProviderName         : Windows Error Reporting
ProviderId           : 0ead09bd-2157-539a-8d6d-c87f95b64d70
LogName              : Application
ProcessId            : 190772
ThreadId             : 125280
MachineName          : DESKTOP-HUU77M6
UserId               : S-1-5-18
TimeCreated          : 2026/04/18 土曜日 1:04:01
ActivityId           : 
RelatedActivityId    : 
ContainerLog         : Application
MatchedQueryIds      : {}
Bookmark             : System.Diagnostics.Eventing.Reader.EventBookmark
LevelDisplayName     : 情報
OpcodeDisplayName    : 情報
TaskDisplayName      : 
KeywordsDisplayNames : {}
Properties           : {System.Diagnostics.Eventing.Reader.EventProperty, System.Diagnostics.Eventing.Reader.EventProperty, System.Diagnostics.Eventing.Reader.EventProperty, System.Diagnostics.Eventing.Reader.EventProperty…}

Message              : 障害バケット 、種類 0
                       イベント名: CbsPackageServicingFailure2
                       応答: 使用不可
                       Cab ID: 0
                       
                       問題の署名:
                       P1: 10.0.26100.8247
                       P2: Package_for_RollupFix
                       P3: 26100.8246.1.23
                       P4: amd64
                       P5: unknown
                       P6: 80073712
                       P7: Resolve
                       P8: Absent
                       P9: Staged
                       P10: UpdateAgentLCU
                       
                       添付ファイル:
                       
                       これらのファイルは次の場所にある可能性があります:
                       \\?\C:\ProgramData\Microsoft\Windows\WER\ReportQueue\Critical_10.0.26100.8247_48cba6f43f325a3acb3532259ee72278bd951d_00000000_8c682fe2-1954-4ba1-89f6-12ca66c1235c
                       
                       分析記号: 
                       解決策を再確認中: 0
                       レポート ID: 8c682fe2-1954-4ba1-89f6-12ca66c1235c
                       レポートの状態: 4
                       ハッシュされたバケット: 
                       Cab GUID: 0
Id                   : 1001
Version              : 0
Qualifiers           : 
Level                : 4
Task                 : 0
Opcode               : 0
Keywords             : -9223372036854775808
RecordId             : 27776
ProviderName         : Windows Error Reporting
ProviderId           : 0ead09bd-2157-539a-8d6d-c87f95b64d70
LogName              : Application
ProcessId            : 42504
ThreadId             : 129920
MachineName          : DESKTOP-HUU77M6
UserId               : S-1-5-18
TimeCreated          : 2026/04/18 土曜日 1:04:01
ActivityId           : 
RelatedActivityId    : 
ContainerLog         : Application
MatchedQueryIds      : {}
Bookmark             : System.Diagnostics.Eventing.Reader.EventBookmark
LevelDisplayName     : 情報
OpcodeDisplayName    : 情報
TaskDisplayName      : 
KeywordsDisplayNames : {}
Properties           : {System.Diagnostics.Eventing.Reader.EventProperty, System.Diagnostics.Eventing.Reader.EventProperty, System.Diagnostics.Eventing.Reader.EventProperty, System.Diagnostics.Eventing.Reader.EventProperty…}

Message              : アイドル タイムアウトにより VSS サービスをシャットダウンしています。 
Id                   : 8224
Version              : 0
Qualifiers           : 0
Level                : 4
Task                 : 0
Opcode               : 0
Keywords             : 36028797018963968
RecordId             : 27775
ProviderName         : VSS
ProviderId           : 
LogName              : Application
ProcessId            : 132720
ThreadId             : 0
MachineName          : DESKTOP-HUU77M6
UserId               : 
TimeCreated          : 2026/04/18 土曜日 1:02:00
ActivityId           : 
RelatedActivityId    : 
ContainerLog         : Application
MatchedQueryIds      : {}
Bookmark             : System.Diagnostics.Eventing.Reader.EventBookmark
LevelDisplayName     : 情報
OpcodeDisplayName    : 情報
TaskDisplayName      : なし
KeywordsDisplayNames : {クラシック}
Properties           : {System.Diagnostics.Eventing.Reader.EventProperty, System.Diagnostics.Eventing.Reader.EventProperty}

Message              : ソフトウェア保護サービスの 2126-03-24T15:59:29Z の再起動をスケジュールしました。理由: RulesEngine。
Id                   : 16384
Version              : 0
Qualifiers           : 16384
Level                : 4
Task                 : 0
Opcode               : 0
Keywords             : 36028797018963968
RecordId             : 27774
ProviderName         : Microsoft-Windows-Security-SPP
ProviderId           : e23b33b0-c8c9-472c-a5f9-f2bdfea0f156
LogName              : Application
ProcessId            : 273372
ThreadId             : 0
MachineName          : DESKTOP-HUU77M6
UserId               : 
TimeCreated          : 2026/04/18 土曜日 0:59:29
ActivityId           : 
RelatedActivityId    : 
ContainerLog         : Application
MatchedQueryIds      : {}
Bookmark             : System.Diagnostics.Eventing.Reader.EventBookmark
LevelDisplayName     : 情報
OpcodeDisplayName    : 
TaskDisplayName      : 
KeywordsDisplayNames : {クラシック}
Properties           : {System.Diagnostics.Eventing.Reader.EventProperty, System.Diagnostics.Eventing.Reader.EventProperty}

Message              : システムの復元に使用できる最近の復元ポイントがあるため、復元ポイントの作成 (プロセス = C:\WINDOWS\system32\svchost.exe -k netsvcs -p -s wuauserv; 説明 = Windows Update) をスキップしています。
Id                   : 8216
Version              : 0
Qualifiers           : 0
Level                : 4
Task                 : 0
Opcode               : 0
Keywords             : 36028797018963968
RecordId             : 27773
ProviderName         : System Restore
ProviderId           : 
LogName              : Application
ProcessId            : 252564
ThreadId             : 0
MachineName          : DESKTOP-HUU77M6
UserId               : 
TimeCreated          : 2026/04/18 土曜日 0:59:00
ActivityId           : 
RelatedActivityId    : 
ContainerLog         : Application
MatchedQueryIds      : {}
Bookmark             : System.Diagnostics.Eventing.Reader.EventBookmark
LevelDisplayName     : 情報
OpcodeDisplayName    : 情報
TaskDisplayName      : なし
KeywordsDisplayNames : {クラシック}
Properties           : {System.Diagnostics.Eventing.Reader.EventProperty, System.Diagnostics.Eventing.Reader.EventProperty, System.Diagnostics.Eventing.Reader.EventProperty}

Message              : オフライン ダウンレベルの移行が成功しました。
Id                   : 16394
Version              : 0
Qualifiers           : 49152
Level                : 4
Task                 : 0
Opcode               : 0
Keywords             : 36028797018963968
RecordId             : 27772
ProviderName         : Microsoft-Windows-Security-SPP
ProviderId           : e23b33b0-c8c9-472c-a5f9-f2bdfea0f156
LogName              : Application
ProcessId            : 273372
ThreadId             : 0
MachineName          : DESKTOP-HUU77M6
UserId               : 
TimeCreated          : 2026/04/18 土曜日 0:58:59
ActivityId           : 
RelatedActivityId    : 
ContainerLog         : Application
MatchedQueryIds      : {}
Bookmark             : System.Diagnostics.Eventing.Reader.EventBookmark
LevelDisplayName     : 情報
OpcodeDisplayName    : 
TaskDisplayName      : 
KeywordsDisplayNames : {クラシック}
Properties           : {}

Message              : ソフトウェア保護サービスの 2126-03-24T15:57:04Z の再起動をスケジュールしました。理由: RulesEngine。
Id                   : 16384
Version              : 0
Qualifiers           : 16384
Level                : 4
Task                 : 0
Opcode               : 0
Keywords             : 36028797018963968
RecordId             : 27771
ProviderName         : Microsoft-Windows-Security-SPP
ProviderId           : e23b33b0-c8c9-472c-a5f9-f2bdfea0f156
LogName              : Application
ProcessId            : 265600
ThreadId             : 0
MachineName          : DESKTOP-HUU77M6
UserId               : 
TimeCreated          : 2026/04/18 土曜日 0:57:04
ActivityId           : 
RelatedActivityId    : 
ContainerLog         : Application
MatchedQueryIds      : {}
Bookmark             : System.Diagnostics.Eventing.Reader.EventBookmark
LevelDisplayName     : 情報
OpcodeDisplayName    : 
TaskDisplayName      : 
KeywordsDisplayNames : {クラシック}
Properties           : {System.Diagnostics.Eventing.Reader.EventProperty, System.Diagnostics.Eventing.Reader.EventProperty}

Message              : オフライン ダウンレベルの移行が成功しました。
Id                   : 16394
Version              : 0
Qualifiers           : 49152
Level                : 4
Task                 : 0
Opcode               : 0
Keywords             : 36028797018963968
RecordId             : 27770
ProviderName         : Microsoft-Windows-Security-SPP
ProviderId           : e23b33b0-c8c9-472c-a5f9-f2bdfea0f156
LogName              : Application
ProcessId            : 265600
ThreadId             : 0
MachineName          : DESKTOP-HUU77M6
UserId               : 
TimeCreated          : 2026/04/18 土曜日 0:56:33
ActivityId           : 
RelatedActivityId    : 
ContainerLog         : Application
MatchedQueryIds      : {}
Bookmark             : System.Diagnostics.Eventing.Reader.EventBookmark
LevelDisplayName     : 情報
OpcodeDisplayName    : 
TaskDisplayName      : 
KeywordsDisplayNames : {クラシック}
Properties           : {}

Message              : ソフトウェア保護サービスの 2126-03-24T15:38:30Z の再起動をスケジュールしました。理由: RulesEngine。
Id                   : 16384
Version              : 0
Qualifiers           : 16384
Level                : 4
Task                 : 0
Opcode               : 0
Keywords             : 36028797018963968
RecordId             : 27769
ProviderName         : Microsoft-Windows-Security-SPP
ProviderId           : e23b33b0-c8c9-472c-a5f9-f2bdfea0f156
LogName              : Application
ProcessId            : 264080
ThreadId             : 0
MachineName          : DESKTOP-HUU77M6
UserId               : 
TimeCreated          : 2026/04/18 土曜日 0:38:30
ActivityId           : 
RelatedActivityId    : 
ContainerLog         : Application
MatchedQueryIds      : {}
Bookmark             : System.Diagnostics.Eventing.Reader.EventBookmark
LevelDisplayName     : 情報
OpcodeDisplayName    : 
TaskDisplayName      : 
KeywordsDisplayNames : {クラシック}
Properties           : {System.Diagnostics.Eventing.Reader.EventProperty, System.Diagnostics.Eventing.Reader.EventProperty}

Message              : オフライン ダウンレベルの移行が成功しました。
Id                   : 16394
Version              : 0
Qualifiers           : 49152
Level                : 4
Task                 : 0
Opcode               : 0
Keywords             : 36028797018963968
RecordId             : 27768
ProviderName         : Microsoft-Windows-Security-SPP
ProviderId           : e23b33b0-c8c9-472c-a5f9-f2bdfea0f156
LogName              : Application
ProcessId            : 264080
ThreadId             : 0
MachineName          : DESKTOP-HUU77M6
UserId               : 
TimeCreated          : 2026/04/18 土曜日 0:38:00
ActivityId           : 
RelatedActivityId    : 
ContainerLog         : Application
MatchedQueryIds      : {}
Bookmark             : System.Diagnostics.Eventing.Reader.EventBookmark
LevelDisplayName     : 情報
OpcodeDisplayName    : 
TaskDisplayName      : 
KeywordsDisplayNames : {クラシック}
Properties           : {}

Message              : 障害バケット 、種類 0
                       イベント名: crashpad_log
                       応答: 使用不可
                       Cab ID: 0
                       
                       問題の署名:
                       P1: MicrosoftEdgeUpdate.exe
                       P2: 1.3.229.3
                       P3: InstallError|copilot
                       P4: 0x80040905
                       P5: 
                       P6: 
                       P7: 
                       P8: 
                       P9: 
                       P10: 
                       
                       添付ファイル:
                       \\?\C:\ProgramData\Microsoft\EdgeUpdate\Log\MicrosoftEdgeUpdate.log
                       \\?\C:\Windows\SystemTemp\msedge_installer.log
                       
                       これらのファイルは次の場所にある可能性があります:
                       NULL
                       
                       分析記号: 
                       解決策を再確認中: 0
                       レポート ID: 333fb748-4e31-4fb9-9858-13bd80a0df9d
                       レポートの状態: 268697600
                       ハッシュされたバケット: 
                       Cab GUID: 0
Id                   : 1001
Version              : 0
Qualifiers           : 
Level                : 4
Task                 : 0
Opcode               : 0
Keywords             : -9223372036854775808
RecordId             : 27767
ProviderName         : Windows Error Reporting
ProviderId           : 0ead09bd-2157-539a-8d6d-c87f95b64d70
LogName              : Application
ProcessId            : 41820
ThreadId             : 61000
MachineName          : DESKTOP-HUU77M6
UserId               : S-1-5-18
TimeCreated          : 2026/04/18 土曜日 0:31:24
ActivityId           : 
RelatedActivityId    : 
ContainerLog         : Application
MatchedQueryIds      : {}
Bookmark             : System.Diagnostics.Eventing.Reader.EventBookmark
LevelDisplayName     : 情報
OpcodeDisplayName    : 情報
TaskDisplayName      : 
KeywordsDisplayNames : {}
Properties           : {System.Diagnostics.Eventing.Reader.EventProperty, System.Diagnostics.Eventing.Reader.EventProperty, System.Diagnostics.Eventing.Reader.EventProperty, System.Diagnostics.Eventing.Reader.EventProperty…}

Message              : 障害バケット 1927553643478403836、種類 5
                       イベント名: crashpad_log
                       応答: 使用不可
                       Cab ID: 0
                       
                       問題の署名:
                       P1: MicrosoftEdgeUpdate.exe
                       P2: 1.3.229.3
                       P3: InstallError|copilot
                       P4: 0x80040905
                       P5: 
                       P6: 
                       P7: 
                       P8: 
                       P9: 
                       P10: 
                       
                       添付ファイル:
                       \\?\C:\ProgramData\Microsoft\EdgeUpdate\Log\MicrosoftEdgeUpdate.log
                       \\?\C:\Windows\SystemTemp\msedge_installer.log
                       \\?\C:\ProgramData\Microsoft\Windows\WER\Temp\WER.514a698c-4254-439f-9747-743444a8b7a7.tmp.WERInternalMetadata.xml
                       \\?\C:\ProgramData\Microsoft\Windows\WER\Temp\WER.135e8f4e-c47f-4c89-b02e-ff2d2f99506b.tmp.csv
                       \\?\C:\ProgramData\Microsoft\Windows\WER\Temp\WER.9bad0c76-56ef-42a7-9830-84463d39a4cc.tmp.txt
                       \\?\C:\ProgramData\Microsoft\Windows\WER\Temp\WER.d13d82af-2214-471a-9a2e-50c0b0463326.tmp.xml
                       
                       これらのファイルは次の場所にある可能性があります:
                       \\?\C:\ProgramData\Microsoft\Windows\WER\ReportArchive\NonCritical_MicrosoftEdgeUpd_a51cc173b0aee1bb13c5fe239582254e5d4466_00000000_333fb748-4e31-4fb9-9858-13bd80a0df9d
                       
                       分析記号: 
                       解決策を再確認中: 0
                       レポート ID: 333fb748-4e31-4fb9-9858-13bd80a0df9d
                       レポートの状態: 268435456
                       ハッシュされたバケット: 69f9a5a97ff6a7903ac00bd37d0a4afc
                       Cab GUID: 0
Id                   : 1001
Version              : 0
Qualifiers           : 
Level                : 4
Task                 : 0
Opcode               : 0
Keywords             : -9223372036854775808
RecordId             : 27766
ProviderName         : Windows Error Reporting
ProviderId           : 0ead09bd-2157-539a-8d6d-c87f95b64d70
LogName              : Application
ProcessId            : 54712
ThreadId             : 182060
MachineName          : DESKTOP-HUU77M6
UserId               : S-1-5-18
TimeCreated          : 2026/04/18 土曜日 0:31:24
ActivityId           : 
RelatedActivityId    : 
ContainerLog         : Application
MatchedQueryIds      : {}
Bookmark             : System.Diagnostics.Eventing.Reader.EventBookmark
LevelDisplayName     : 情報
OpcodeDisplayName    : 情報
TaskDisplayName      : 
KeywordsDisplayNames : {}
Properties           : {System.Diagnostics.Eventing.Reader.EventProperty, System.Diagnostics.Eventing.Reader.EventProperty, System.Diagnostics.Eventing.Reader.EventProperty, System.Diagnostics.Eventing.Reader.EventProperty…}

Message              : Service stopped.
Id                   : 0
Version              : 0
Qualifiers           : 0
Level                : 4
Task                 : 0
Opcode               : 0
Keywords             : 36028797018963968
RecordId             : 27765
ProviderName         : edgeupdate
ProviderId           : 
LogName              : Application
ProcessId            : 99080
ThreadId             : 0
MachineName          : DESKTOP-HUU77M6
UserId               : 
TimeCreated          : 2026/04/18 土曜日 0:31:24
ActivityId           : 
RelatedActivityId    : 
ContainerLog         : Application
MatchedQueryIds      : {}
Bookmark             : System.Diagnostics.Eventing.Reader.EventBookmark
LevelDisplayName     : 情報
OpcodeDisplayName    : 情報
TaskDisplayName      : なし
KeywordsDisplayNames : {クラシック}
Properties           : {System.Diagnostics.Eventing.Reader.EventProperty}

Message              : ソフトウェア保護サービスの 2126-03-24T14:59:22Z の再起動をスケジュールしました。理由: RulesEngine。
Id                   : 16384
Version              : 0
Qualifiers           : 16384
Level                : 4
Task                 : 0
Opcode               : 0
Keywords             : 36028797018963968
RecordId             : 27764
ProviderName         : Microsoft-Windows-Security-SPP
ProviderId           : e23b33b0-c8c9-472c-a5f9-f2bdfea0f156
LogName              : Application
ProcessId            : 26400
ThreadId             : 0
MachineName          : DESKTOP-HUU77M6
UserId               : 
TimeCreated          : 2026/04/17 金曜日 23:59:22
ActivityId           : 
RelatedActivityId    : 
ContainerLog         : Application
MatchedQueryIds      : {}
Bookmark             : System.Diagnostics.Eventing.Reader.EventBookmark
LevelDisplayName     : 情報
OpcodeDisplayName    : 
TaskDisplayName      : 
KeywordsDisplayNames : {クラシック}
Properties           : {System.Diagnostics.Eventing.Reader.EventProperty, System.Diagnostics.Eventing.Reader.EventProperty}

Message              : オフライン ダウンレベルの移行が成功しました。
Id                   : 16394
Version              : 0
Qualifiers           : 49152
Level                : 4
Task                 : 0
Opcode               : 0
Keywords             : 36028797018963968
RecordId             : 27763
ProviderName         : Microsoft-Windows-Security-SPP
ProviderId           : e23b33b0-c8c9-472c-a5f9-f2bdfea0f156
LogName              : Application
ProcessId            : 26400
ThreadId             : 0
MachineName          : DESKTOP-HUU77M6
UserId               : 
TimeCreated          : 2026/04/17 金曜日 23:58:51
ActivityId           : 
RelatedActivityId    : 
ContainerLog         : Application
MatchedQueryIds      : {}
Bookmark             : System.Diagnostics.Eventing.Reader.EventBookmark
LevelDisplayName     : 情報
OpcodeDisplayName    : 
TaskDisplayName      : 
KeywordsDisplayNames : {クラシック}
Properties           : {}

Message              : ソフトウェア保護サービスの 2126-03-24T14:53:10Z の再起動をスケジュールしました。理由: RulesEngine。
Id                   : 16384
Version              : 0
Qualifiers           : 16384
Level                : 4
Task                 : 0
Opcode               : 0
Keywords             : 36028797018963968
RecordId             : 27762
ProviderName         : Microsoft-Windows-Security-SPP
ProviderId           : e23b33b0-c8c9-472c-a5f9-f2bdfea0f156
LogName              : Application
ProcessId            : 572
ThreadId             : 0
MachineName          : DESKTOP-HUU77M6
UserId               : 
TimeCreated          : 2026/04/17 金曜日 23:53:10
ActivityId           : 
RelatedActivityId    : 
ContainerLog         : Application
MatchedQueryIds      : {}
Bookmark             : System.Diagnostics.Eventing.Reader.EventBookmark
LevelDisplayName     : 情報
OpcodeDisplayName    : 
TaskDisplayName      : 
KeywordsDisplayNames : {クラシック}
Properties           : {System.Diagnostics.Eventing.Reader.EventProperty, System.Diagnostics.Eventing.Reader.EventProperty}

Message              : オフライン ダウンレベルの移行が成功しました。
Id                   : 16394
Version              : 0
Qualifiers           : 49152
Level                : 4
Task                 : 0
Opcode               : 0
Keywords             : 36028797018963968
RecordId             : 27761
ProviderName         : Microsoft-Windows-Security-SPP
ProviderId           : e23b33b0-c8c9-472c-a5f9-f2bdfea0f156
LogName              : Application
ProcessId            : 572
ThreadId             : 0
MachineName          : DESKTOP-HUU77M6
UserId               : 
TimeCreated          : 2026/04/17 金曜日 23:52:40
ActivityId           : 
RelatedActivityId    : 
ContainerLog         : Application
MatchedQueryIds      : {}
Bookmark             : System.Diagnostics.Eventing.Reader.EventBookmark
LevelDisplayName     : 情報
OpcodeDisplayName    : 
TaskDisplayName      : 
KeywordsDisplayNames : {クラシック}
Properties           : {}

Message              : Service stopped.
Id                   : 0
Version              : 0
Qualifiers           : 0
Level                : 4
Task                 : 0
Opcode               : 0
Keywords             : 36028797018963968
RecordId             : 27760
ProviderName         : edgeupdate
ProviderId           : 
LogName              : Application
ProcessId            : 44740
ThreadId             : 0
MachineName          : DESKTOP-HUU77M6
UserId               : 
TimeCreated          : 2026/04/17 金曜日 23:31:22
ActivityId           : 
RelatedActivityId    : 
ContainerLog         : Application
MatchedQueryIds      : {}
Bookmark             : System.Diagnostics.Eventing.Reader.EventBookmark
LevelDisplayName     : 情報
OpcodeDisplayName    : 情報
TaskDisplayName      : なし
KeywordsDisplayNames : {クラシック}
Properties           : {System.Diagnostics.Eventing.Reader.EventProperty}

Message              : ソフトウェア保護サービスの 2126-03-24T14:13:56Z の再起動をスケジュールしました。理由: RulesEngine。
Id                   : 16384
Version              : 0
Qualifiers           : 16384
Level                : 4
Task                 : 0
Opcode               : 0
Keywords             : 36028797018963968
RecordId             : 27759
ProviderName         : Microsoft-Windows-Security-SPP
ProviderId           : e23b33b0-c8c9-472c-a5f9-f2bdfea0f156
LogName              : Application
ProcessId            : 78428
ThreadId             : 0
MachineName          : DESKTOP-HUU77M6
UserId               : 
TimeCreated          : 2026/04/17 金曜日 23:13:56
ActivityId           : 
RelatedActivityId    : 
ContainerLog         : Application
MatchedQueryIds      : {}
Bookmark             : System.Diagnostics.Eventing.Reader.EventBookmark
LevelDisplayName     : 情報
OpcodeDisplayName    : 
TaskDisplayName      : 
KeywordsDisplayNames : {クラシック}
Properties           : {System.Diagnostics.Eventing.Reader.EventProperty, System.Diagnostics.Eventing.Reader.EventProperty}

Message              : オフライン ダウンレベルの移行が成功しました。
Id                   : 16394
Version              : 0
Qualifiers           : 49152
Level                : 4
Task                 : 0
Opcode               : 0
Keywords             : 36028797018963968
RecordId             : 27758
ProviderName         : Microsoft-Windows-Security-SPP
ProviderId           : e23b33b0-c8c9-472c-a5f9-f2bdfea0f156
LogName              : Application
ProcessId            : 78428
ThreadId             : 0
MachineName          : DESKTOP-HUU77M6
UserId               : 
TimeCreated          : 2026/04/17 金曜日 23:13:24
ActivityId           : 
RelatedActivityId    : 
ContainerLog         : Application
MatchedQueryIds      : {}
Bookmark             : System.Diagnostics.Eventing.Reader.EventBookmark
LevelDisplayName     : 情報
OpcodeDisplayName    : 
TaskDisplayName      : 
KeywordsDisplayNames : {クラシック}
Properties           : {}

Message              : ソフトウェア保護サービスの 2126-03-24T13:59:45Z の再起動をスケジュールしました。理由: RulesEngine。
Id                   : 16384
Version              : 0
Qualifiers           : 16384
Level                : 4
Task                 : 0
Opcode               : 0
Keywords             : 36028797018963968
RecordId             : 27757
ProviderName         : Microsoft-Windows-Security-SPP
ProviderId           : e23b33b0-c8c9-472c-a5f9-f2bdfea0f156
LogName              : Application
ProcessId            : 60192
ThreadId             : 0
MachineName          : DESKTOP-HUU77M6
UserId               : 
TimeCreated          : 2026/04/17 金曜日 22:59:45
ActivityId           : 
RelatedActivityId    : 
ContainerLog         : Application
MatchedQueryIds      : {}
Bookmark             : System.Diagnostics.Eventing.Reader.EventBookmark
LevelDisplayName     : 情報
OpcodeDisplayName    : 
TaskDisplayName      : 
KeywordsDisplayNames : {クラシック}
Properties           : {System.Diagnostics.Eventing.Reader.EventProperty, System.Diagnostics.Eventing.Reader.EventProperty}

Message              : オフライン ダウンレベルの移行が成功しました。
Id                   : 16394
Version              : 0
Qualifiers           : 49152
Level                : 4
Task                 : 0
Opcode               : 0
Keywords             : 36028797018963968
RecordId             : 27756
ProviderName         : Microsoft-Windows-Security-SPP
ProviderId           : e23b33b0-c8c9-472c-a5f9-f2bdfea0f156
LogName              : Application
ProcessId            : 60192
ThreadId             : 0
MachineName          : DESKTOP-HUU77M6
UserId               : 
TimeCreated          : 2026/04/17 金曜日 22:59:15
ActivityId           : 
RelatedActivityId    : 
ContainerLog         : Application
MatchedQueryIds      : {}
Bookmark             : System.Diagnostics.Eventing.Reader.EventBookmark
LevelDisplayName     : 情報
OpcodeDisplayName    : 
TaskDisplayName      : 
KeywordsDisplayNames : {クラシック}
Properties           : {}

Message              : ソフトウェア保護サービスの 2126-03-24T13:34:02Z の再起動をスケジュールしました。理由: RulesEngine。
Id                   : 16384
Version              : 0
Qualifiers           : 16384
Level                : 4
Task                 : 0
Opcode               : 0
Keywords             : 36028797018963968
RecordId             : 27755
ProviderName         : Microsoft-Windows-Security-SPP
ProviderId           : e23b33b0-c8c9-472c-a5f9-f2bdfea0f156
LogName              : Application
ProcessId            : 97380
ThreadId             : 0
MachineName          : DESKTOP-HUU77M6
UserId               : 
TimeCreated          : 2026/04/17 金曜日 22:34:02
ActivityId           : 
RelatedActivityId    : 
ContainerLog         : Application
MatchedQueryIds      : {}
Bookmark             : System.Diagnostics.Eventing.Reader.EventBookmark
LevelDisplayName     : 情報
OpcodeDisplayName    : 
TaskDisplayName      : 
KeywordsDisplayNames : {クラシック}
Properties           : {System.Diagnostics.Eventing.Reader.EventProperty, System.Diagnostics.Eventing.Reader.EventProperty}

Message              : オフライン ダウンレベルの移行が成功しました。
Id                   : 16394
Version              : 0
Qualifiers           : 49152
Level                : 4
Task                 : 0
Opcode               : 0
Keywords             : 36028797018963968
RecordId             : 27754
ProviderName         : Microsoft-Windows-Security-SPP
ProviderId           : e23b33b0-c8c9-472c-a5f9-f2bdfea0f156
LogName              : Application
ProcessId            : 97380
ThreadId             : 0
MachineName          : DESKTOP-HUU77M6
UserId               : 
TimeCreated          : 2026/04/17 金曜日 22:33:31
ActivityId           : 
RelatedActivityId    : 
ContainerLog         : Application
MatchedQueryIds      : {}
Bookmark             : System.Diagnostics.Eventing.Reader.EventBookmark
LevelDisplayName     : 情報
OpcodeDisplayName    : 
TaskDisplayName      : 
KeywordsDisplayNames : {クラシック}
Properties           : {}

Message              : Service stopped.
Id                   : 0
Version              : 0
Qualifiers           : 0
Level                : 4
Task                 : 0
Opcode               : 0
Keywords             : 36028797018963968
RecordId             : 27753
ProviderName         : edgeupdate
ProviderId           : 
LogName              : Application
ProcessId            : 22700
ThreadId             : 0
MachineName          : DESKTOP-HUU77M6
UserId               : 
TimeCreated          : 2026/04/17 金曜日 22:31:23
ActivityId           : 
RelatedActivityId    : 
ContainerLog         : Application
MatchedQueryIds      : {}
Bookmark             : System.Diagnostics.Eventing.Reader.EventBookmark
LevelDisplayName     : 情報
OpcodeDisplayName    : 情報
TaskDisplayName      : なし
KeywordsDisplayNames : {クラシック}
Properties           : {System.Diagnostics.Eventing.Reader.EventProperty}

Message              : ソフトウェア保護サービスの 2126-03-24T13:25:26Z の再起動をスケジュールしました。理由: RulesEngine。
Id                   : 16384
Version              : 0
Qualifiers           : 16384
Level                : 4
Task                 : 0
Opcode               : 0
Keywords             : 36028797018963968
RecordId             : 27752
ProviderName         : Microsoft-Windows-Security-SPP
ProviderId           : e23b33b0-c8c9-472c-a5f9-f2bdfea0f156
LogName              : Application
ProcessId            : 59964
ThreadId             : 0
MachineName          : DESKTOP-HUU77M6
UserId               : 
TimeCreated          : 2026/04/17 金曜日 22:25:26
ActivityId           : 
RelatedActivityId    : 
ContainerLog         : Application
MatchedQueryIds      : {}
Bookmark             : System.Diagnostics.Eventing.Reader.EventBookmark
LevelDisplayName     : 情報
OpcodeDisplayName    : 
TaskDisplayName      : 
KeywordsDisplayNames : {クラシック}
Properties           : {System.Diagnostics.Eventing.Reader.EventProperty, System.Diagnostics.Eventing.Reader.EventProperty}

Message              : オフライン ダウンレベルの移行が成功しました。
Id                   : 16394
Version              : 0
Qualifiers           : 49152
Level                : 4
Task                 : 0
Opcode               : 0
Keywords             : 36028797018963968
RecordId             : 27751
ProviderName         : Microsoft-Windows-Security-SPP
ProviderId           : e23b33b0-c8c9-472c-a5f9-f2bdfea0f156
LogName              : Application
ProcessId            : 59964
ThreadId             : 0
MachineName          : DESKTOP-HUU77M6
UserId               : 
TimeCreated          : 2026/04/17 金曜日 22:24:56
ActivityId           : 
RelatedActivityId    : 
ContainerLog         : Application
MatchedQueryIds      : {}
Bookmark             : System.Diagnostics.Eventing.Reader.EventBookmark
LevelDisplayName     : 情報
OpcodeDisplayName    : 
TaskDisplayName      : 
KeywordsDisplayNames : {クラシック}
Properties           : {}

Message              : ソフトウェア保護サービスの 2126-03-24T12:47:10Z の再起動をスケジュールしました。理由: RulesEngine。
Id                   : 16384
Version              : 0
Qualifiers           : 16384
Level                : 4
Task                 : 0
Opcode               : 0
Keywords             : 36028797018963968
RecordId             : 27750
ProviderName         : Microsoft-Windows-Security-SPP
ProviderId           : e23b33b0-c8c9-472c-a5f9-f2bdfea0f156
LogName              : Application
ProcessId            : 75568
ThreadId             : 0
MachineName          : DESKTOP-HUU77M6
UserId               : 
TimeCreated          : 2026/04/17 金曜日 21:47:10
ActivityId           : 
RelatedActivityId    : 
ContainerLog         : Application
MatchedQueryIds      : {}
Bookmark             : System.Diagnostics.Eventing.Reader.EventBookmark
LevelDisplayName     : 情報
OpcodeDisplayName    : 
TaskDisplayName      : 
KeywordsDisplayNames : {クラシック}
Properties           : {System.Diagnostics.Eventing.Reader.EventProperty, System.Diagnostics.Eventing.Reader.EventProperty}

Message              : オフライン ダウンレベルの移行が成功しました。
Id                   : 16394
Version              : 0
Qualifiers           : 49152
Level                : 4
Task                 : 0
Opcode               : 0
Keywords             : 36028797018963968
RecordId             : 27749
ProviderName         : Microsoft-Windows-Security-SPP
ProviderId           : e23b33b0-c8c9-472c-a5f9-f2bdfea0f156
LogName              : Application
ProcessId            : 75568
ThreadId             : 0
MachineName          : DESKTOP-HUU77M6
UserId               : 
TimeCreated          : 2026/04/17 金曜日 21:46:40
ActivityId           : 
RelatedActivityId    : 
ContainerLog         : Application
MatchedQueryIds      : {}
Bookmark             : System.Diagnostics.Eventing.Reader.EventBookmark
LevelDisplayName     : 情報
OpcodeDisplayName    : 
TaskDisplayName      : 
KeywordsDisplayNames : {クラシック}
Properties           : {}

Message              : ソフトウェア保護サービスの 2126-03-24T12:35:10Z の再起動をスケジュールしました。理由: RulesEngine。
Id                   : 16384
Version              : 0
Qualifiers           : 16384
Level                : 4
Task                 : 0
Opcode               : 0
Keywords             : 36028797018963968
RecordId             : 27748
ProviderName         : Microsoft-Windows-Security-SPP
ProviderId           : e23b33b0-c8c9-472c-a5f9-f2bdfea0f156
LogName              : Application
ProcessId            : 73304
ThreadId             : 0
MachineName          : DESKTOP-HUU77M6
UserId               : 
TimeCreated          : 2026/04/17 金曜日 21:35:11
ActivityId           : 
RelatedActivityId    : 
ContainerLog         : Application
MatchedQueryIds      : {}
Bookmark             : System.Diagnostics.Eventing.Reader.EventBookmark
LevelDisplayName     : 情報
OpcodeDisplayName    : 
TaskDisplayName      : 
KeywordsDisplayNames : {クラシック}
Properties           : {System.Diagnostics.Eventing.Reader.EventProperty, System.Diagnostics.Eventing.Reader.EventProperty}

Message              : オフライン ダウンレベルの移行が成功しました。
Id                   : 16394
Version              : 0
Qualifiers           : 49152
Level                : 4
Task                 : 0
Opcode               : 0
Keywords             : 36028797018963968
RecordId             : 27747
ProviderName         : Microsoft-Windows-Security-SPP
ProviderId           : e23b33b0-c8c9-472c-a5f9-f2bdfea0f156
LogName              : Application
ProcessId            : 73304
ThreadId             : 0
MachineName          : DESKTOP-HUU77M6
UserId               : 
TimeCreated          : 2026/04/17 金曜日 21:34:40
ActivityId           : 
RelatedActivityId    : 
ContainerLog         : Application
MatchedQueryIds      : {}
Bookmark             : System.Diagnostics.Eventing.Reader.EventBookmark
LevelDisplayName     : 情報
OpcodeDisplayName    : 
TaskDisplayName      : 
KeywordsDisplayNames : {クラシック}
Properties           : {}

Message              : Service stopped.
Id                   : 0
Version              : 0
Qualifiers           : 0
Level                : 4
Task                 : 0
Opcode               : 0
Keywords             : 36028797018963968
RecordId             : 27746
ProviderName         : edgeupdate
ProviderId           : 
LogName              : Application
ProcessId            : 10628
ThreadId             : 0
MachineName          : DESKTOP-HUU77M6
UserId               : 
TimeCreated          : 2026/04/17 金曜日 21:31:22
ActivityId           : 
RelatedActivityId    : 
ContainerLog         : Application
MatchedQueryIds      : {}
Bookmark             : System.Diagnostics.Eventing.Reader.EventBookmark
LevelDisplayName     : 情報
OpcodeDisplayName    : 情報
TaskDisplayName      : なし
KeywordsDisplayNames : {クラシック}
Properties           : {System.Diagnostics.Eventing.Reader.EventProperty}

Message              : ソフトウェア保護サービスの 2126-03-24T12:02:02Z の再起動をスケジュールしました。理由: RulesEngine。
Id                   : 16384
Version              : 0
Qualifiers           : 16384
Level                : 4
Task                 : 0
Opcode               : 0
Keywords             : 36028797018963968
RecordId             : 27745
ProviderName         : Microsoft-Windows-Security-SPP
ProviderId           : e23b33b0-c8c9-472c-a5f9-f2bdfea0f156
LogName              : Application
ProcessId            : 210956
ThreadId             : 0
MachineName          : DESKTOP-HUU77M6
UserId               : 
TimeCreated          : 2026/04/17 金曜日 21:02:02
ActivityId           : 
RelatedActivityId    : 
ContainerLog         : Application
MatchedQueryIds      : {}
Bookmark             : System.Diagnostics.Eventing.Reader.EventBookmark
LevelDisplayName     : 情報
OpcodeDisplayName    : 
TaskDisplayName      : 
KeywordsDisplayNames : {クラシック}
Properties           : {System.Diagnostics.Eventing.Reader.EventProperty, System.Diagnostics.Eventing.Reader.EventProperty}

Message              : オフライン ダウンレベルの移行が成功しました。
Id                   : 16394
Version              : 0
Qualifiers           : 49152
Level                : 4
Task                 : 0
Opcode               : 0
Keywords             : 36028797018963968
RecordId             : 27744
ProviderName         : Microsoft-Windows-Security-SPP
ProviderId           : e23b33b0-c8c9-472c-a5f9-f2bdfea0f156
LogName              : Application
ProcessId            : 210956
ThreadId             : 0
MachineName          : DESKTOP-HUU77M6
UserId               : 
TimeCreated          : 2026/04/17 金曜日 21:01:30
ActivityId           : 
RelatedActivityId    : 
ContainerLog         : Application
MatchedQueryIds      : {}
Bookmark             : System.Diagnostics.Eventing.Reader.EventBookmark
LevelDisplayName     : 情報
OpcodeDisplayName    : 
TaskDisplayName      : 
KeywordsDisplayNames : {クラシック}
Properties           : {}

Message              : Service stopped.
Id                   : 0
Version              : 0
Qualifiers           : 0
Level                : 4
Task                 : 0
Opcode               : 0
Keywords             : 36028797018963968
RecordId             : 27743
ProviderName         : edgeupdate
ProviderId           : 
LogName              : Application
ProcessId            : 59268
ThreadId             : 0
MachineName          : DESKTOP-HUU77M6
UserId               : 
TimeCreated          : 2026/04/17 金曜日 20:31:23
ActivityId           : 
RelatedActivityId    : 
ContainerLog         : Application
MatchedQueryIds      : {}
Bookmark             : System.Diagnostics.Eventing.Reader.EventBookmark
LevelDisplayName     : 情報
OpcodeDisplayName    : 情報
TaskDisplayName      : なし
KeywordsDisplayNames : {クラシック}
Properties           : {System.Diagnostics.Eventing.Reader.EventProperty}

