Message              : 障害バケット 、種類 0
                       イベント名: WindowsWcpOtherFailure3
                       応答: 使用不可
                       Cab ID: 0
                       
                       問題の署名:
                       P1: 10.0.26100.8247:1
                       P2: wcp\componentstore\storelayout.cpp
                       P3: ComponentStore::CRawStoreLayout::OpenComponentFile
                       P4: 2203
                       P5: 800f0983
                       P6: 0x137fad3f
                       P7: 
                       P8: 
                       P9: 
                       P10: 
                       
                       添付ファイル:
                       
                       これらのファイルは次の場所にある可能性があります:
                       \\?\C:\ProgramData\Microsoft\Windows\WER\ReportQueue\Critical_10.0.26100.8247__e8f9487f5735ece7214d4b852f0c79828d3babf_00000000_5f5ec590-3e2a-47d1-9d71-f3595cb0a230
                       
                       分析記号: 
                       解決策を再確認中: 0
                       レポート ID: 5f5ec590-3e2a-47d1-9d71-f3595cb0a230
                       レポートの状態: 4
                       ハッシュされたバケット: 
                       Cab GUID: 0
Id                   : 1001
Version              : 0
Qualifiers           : 
Level                : 4
Task                 : 0
Opcode               : 0
Keywords             : -9223372036854775808
RecordId             : 27619
ProviderName         : Windows Error Reporting
ProviderId           : 0ead09bd-2157-539a-8d6d-c87f95b64d70
LogName              : Application
ProcessId            : 104716
ThreadId             : 261696
MachineName          : DESKTOP-HUU77M6
UserId               : S-1-5-18
TimeCreated          : 2026/04/17 金曜日 9:41:49
ActivityId           : 
RelatedActivityId    : 
ContainerLog         : Application
MatchedQueryIds      : {}
Bookmark             : System.Diagnostics.Eventing.Reader.EventBookmark
LevelDisplayName     : 情報
OpcodeDisplayName    : 情報
TaskDisplayName      : 
KeywordsDisplayNames : {}
Properties           : {System.Diagnostics.Eventing.Reader.EventProperty, System.Diagnostics.Eventing.Reader.EventProperty, System.Diagnostics.Eventing.Reader.EventProperty, System.Diagnostics.Eventing.Reader.EventProperty…}

Message              : 障害バケット 、種類 0
                       イベント名: WindowsWcpOtherFailure3
                       応答: 使用不可
                       Cab ID: 0
                       
                       問題の署名:
                       P1: 10.0.26100.8247:1
                       P2: wcp\componentstore\storelayout.cpp
                       P3: ComponentStore::CRawStoreLayout::OpenComponentFile
                       P4: 2203
                       P5: 800f0983
                       P6: 0x137fad3f
                       P7: 
                       P8: 
                       P9: 
                       P10: 
                       
                       添付ファイル:
                       \\?\C:\Windows\Logs\CBS\CBS.log
                       \\?\C:\Windows\Logs\CBS\CbsPersist_20260415005601.log
                       \\?\C:\Windows\Logs\CBS\CbsPersist_20260414214211.cab
                       \\?\C:\Windows\Logs\CBS\CbsPersist_20260413143333.cab
                       \\?\C:\Windows\Logs\CBS\CbsPersist_20260412115437.cab
                       \\?\C:\Windows\Logs\CBS\CbsPersist_20260411004825.cab
                       \\?\C:\Windows\Logs\CBS\container.etl
                       \\?\C:\WINDOWS\servicing\Sessions\Sessions.xml
                       \\?\C:\WINDOWS\WinSxs\poqexec.log
                       \\?\C:\WINDOWS\Logs\Cbs\FilterList.log
                       
                       これらのファイルは次の場所にある可能性があります:
                       NULL
                       
                       分析記号: 
                       解決策を再確認中: 0
                       レポート ID: 7a9aa60e-c182-42fa-baca-17d7f5ad1530
                       レポートの状態: 262148
                       ハッシュされたバケット: 
                       Cab GUID: 0
Id                   : 1001
Version              : 0
Qualifiers           : 
Level                : 4
Task                 : 0
Opcode               : 0
Keywords             : -9223372036854775808
RecordId             : 27618
ProviderName         : Windows Error Reporting
ProviderId           : 0ead09bd-2157-539a-8d6d-c87f95b64d70
LogName              : Application
ProcessId            : 76944
ThreadId             : 120916
MachineName          : DESKTOP-HUU77M6
UserId               : S-1-5-18
TimeCreated          : 2026/04/17 金曜日 9:41:49
ActivityId           : 
RelatedActivityId    : 
ContainerLog         : Application
MatchedQueryIds      : {}
Bookmark             : System.Diagnostics.Eventing.Reader.EventBookmark
LevelDisplayName     : 情報
OpcodeDisplayName    : 情報
TaskDisplayName      : 
KeywordsDisplayNames : {}
Properties           : {System.Diagnostics.Eventing.Reader.EventProperty, System.Diagnostics.Eventing.Reader.EventProperty, System.Diagnostics.Eventing.Reader.EventProperty, System.Diagnostics.Eventing.Reader.EventProperty…}

Message              : 障害バケット 、種類 0
                       イベント名: WindowsWcpOtherFailure3
                       応答: 使用不可
                       Cab ID: 0
                       
                       問題の署名:
                       P1: 10.0.26100.8247:1
                       P2: wcp\componentstore\storelayout.cpp
                       P3: ComponentStore::CRawStoreLayout::OpenComponentFile
                       P4: 2203
                       P5: 800f0983
                       P6: 0x137fad3f
                       P7: 
                       P8: 
                       P9: 
                       P10: 
                       
                       添付ファイル:
                       
                       これらのファイルは次の場所にある可能性があります:
                       \\?\C:\ProgramData\Microsoft\Windows\WER\ReportQueue\Critical_10.0.26100.8247__e8f9487f5735ece7214d4b852f0c79828d3babf_00000000_7a9aa60e-c182-42fa-baca-17d7f5ad1530
                       
                       分析記号: 
                       解決策を再確認中: 0
                       レポート ID: 7a9aa60e-c182-42fa-baca-17d7f5ad1530
                       レポートの状態: 4
                       ハッシュされたバケット: 
                       Cab GUID: 0
Id                   : 1001
Version              : 0
Qualifiers           : 
Level                : 4
Task                 : 0
Opcode               : 0
Keywords             : -9223372036854775808
RecordId             : 27617
ProviderName         : Windows Error Reporting
ProviderId           : 0ead09bd-2157-539a-8d6d-c87f95b64d70
LogName              : Application
ProcessId            : 184344
ThreadId             : 55984
MachineName          : DESKTOP-HUU77M6
UserId               : S-1-5-18
TimeCreated          : 2026/04/17 金曜日 9:41:49
ActivityId           : 
RelatedActivityId    : 
ContainerLog         : Application
MatchedQueryIds      : {}
Bookmark             : System.Diagnostics.Eventing.Reader.EventBookmark
LevelDisplayName     : 情報
OpcodeDisplayName    : 情報
TaskDisplayName      : 
KeywordsDisplayNames : {}
Properties           : {System.Diagnostics.Eventing.Reader.EventProperty, System.Diagnostics.Eventing.Reader.EventProperty, System.Diagnostics.Eventing.Reader.EventProperty, System.Diagnostics.Eventing.Reader.EventProperty…}

Message              : アイドル タイムアウトにより VSS サービスをシャットダウンしています。 
Id                   : 8224
Version              : 0
Qualifiers           : 0
Level                : 4
Task                 : 0
Opcode               : 0
Keywords             : 36028797018963968
RecordId             : 27616
ProviderName         : VSS
ProviderId           : 
LogName              : Application
ProcessId            : 77168
ThreadId             : 0
MachineName          : DESKTOP-HUU77M6
UserId               : 
TimeCreated          : 2026/04/17 金曜日 9:41:06
ActivityId           : 
RelatedActivityId    : 
ContainerLog         : Application
MatchedQueryIds      : {}
Bookmark             : System.Diagnostics.Eventing.Reader.EventBookmark
LevelDisplayName     : 情報
OpcodeDisplayName    : 情報
TaskDisplayName      : なし
KeywordsDisplayNames : {クラシック}
Properties           : {System.Diagnostics.Eventing.Reader.EventProperty, System.Diagnostics.Eventing.Reader.EventProperty}

Message              : Windows インストーラー トランザクションを開始しています: {AC76BA86-1041-1033-7760-BC15014EA700}。クライアント プロセス ID: 45288。
Id                   : 1040
Version              : 0
Qualifiers           : 0
Level                : 4
Task                 : 0
Opcode               : 0
Keywords             : 36028797018963968
RecordId             : 27615
ProviderName         : MsiInstaller
ProviderId           : 
LogName              : Application
ProcessId            : 39164
ThreadId             : 0
MachineName          : DESKTOP-HUU77M6
UserId               : S-1-5-21-4281057113-1115555198-1931880163-1001
TimeCreated          : 2026/04/17 金曜日 9:39:54
ActivityId           : 
RelatedActivityId    : 
ContainerLog         : Application
MatchedQueryIds      : {}
Bookmark             : System.Diagnostics.Eventing.Reader.EventBookmark
LevelDisplayName     : 情報
OpcodeDisplayName    : 情報
TaskDisplayName      : なし
KeywordsDisplayNames : {クラシック}
Properties           : {System.Diagnostics.Eventing.Reader.EventProperty, System.Diagnostics.Eventing.Reader.EventProperty, System.Diagnostics.Eventing.Reader.EventProperty, System.Diagnostics.Eventing.Reader.EventProperty…}

Message              : ソフトウェア保護サービスの 2126-03-24T00:38:36Z の再起動をスケジュールしました。理由: RulesEngine。
Id                   : 16384
Version              : 0
Qualifiers           : 16384
Level                : 4
Task                 : 0
Opcode               : 0
Keywords             : 36028797018963968
RecordId             : 27614
ProviderName         : Microsoft-Windows-Security-SPP
ProviderId           : e23b33b0-c8c9-472c-a5f9-f2bdfea0f156
LogName              : Application
ProcessId            : 111280
ThreadId             : 0
MachineName          : DESKTOP-HUU77M6
UserId               : 
TimeCreated          : 2026/04/17 金曜日 9:38:36
ActivityId           : 
RelatedActivityId    : 
ContainerLog         : Application
MatchedQueryIds      : {}
Bookmark             : System.Diagnostics.Eventing.Reader.EventBookmark
LevelDisplayName     : 情報
OpcodeDisplayName    : 
TaskDisplayName      : 
KeywordsDisplayNames : {クラシック}
Properties           : {System.Diagnostics.Eventing.Reader.EventProperty, System.Diagnostics.Eventing.Reader.EventProperty}

Message              : システムの復元に使用できる最近の復元ポイントがあるため、復元ポイントの作成 (プロセス = C:\WINDOWS\system32\svchost.exe -k netsvcs -p -s wuauserv; 説明 = Windows Update) をスキップしています。
Id                   : 8216
Version              : 0
Qualifiers           : 0
Level                : 4
Task                 : 0
Opcode               : 0
Keywords             : 36028797018963968
RecordId             : 27613
ProviderName         : System Restore
ProviderId           : 
LogName              : Application
ProcessId            : 82856
ThreadId             : 0
MachineName          : DESKTOP-HUU77M6
UserId               : 
TimeCreated          : 2026/04/17 金曜日 9:38:06
ActivityId           : 
RelatedActivityId    : 
ContainerLog         : Application
MatchedQueryIds      : {}
Bookmark             : System.Diagnostics.Eventing.Reader.EventBookmark
LevelDisplayName     : 情報
OpcodeDisplayName    : 情報
TaskDisplayName      : なし
KeywordsDisplayNames : {クラシック}
Properties           : {System.Diagnostics.Eventing.Reader.EventProperty, System.Diagnostics.Eventing.Reader.EventProperty, System.Diagnostics.Eventing.Reader.EventProperty}

Message              : オフライン ダウンレベルの移行が成功しました。
Id                   : 16394
Version              : 0
Qualifiers           : 49152
Level                : 4
Task                 : 0
Opcode               : 0
Keywords             : 36028797018963968
RecordId             : 27612
ProviderName         : Microsoft-Windows-Security-SPP
ProviderId           : e23b33b0-c8c9-472c-a5f9-f2bdfea0f156
LogName              : Application
ProcessId            : 111280
ThreadId             : 0
MachineName          : DESKTOP-HUU77M6
UserId               : 
TimeCreated          : 2026/04/17 金曜日 9:38:06
ActivityId           : 
RelatedActivityId    : 
ContainerLog         : Application
MatchedQueryIds      : {}
Bookmark             : System.Diagnostics.Eventing.Reader.EventBookmark
LevelDisplayName     : 情報
OpcodeDisplayName    : 
TaskDisplayName      : 
KeywordsDisplayNames : {クラシック}
Properties           : {}

Message              : セッション 0 を終了し、‎2026‎-‎04‎-‎17T00:38:02.544242100Z を起動しました。
Id                   : 10001
Version              : 0
Qualifiers           : 
Level                : 4
Task                 : 0
Opcode               : 0
Keywords             : -9223372036854775808
RecordId             : 27611
ProviderName         : Microsoft-Windows-RestartManager
ProviderId           : 0888e5ef-9b98-4695-979d-e92ce4247224
LogName              : Application
ProcessId            : 87864
ThreadId             : 59568
MachineName          : DESKTOP-HUU77M6
UserId               : S-1-5-18
TimeCreated          : 2026/04/17 金曜日 9:38:04
ActivityId           : 
RelatedActivityId    : 
ContainerLog         : Application
MatchedQueryIds      : {}
Bookmark             : System.Diagnostics.Eventing.Reader.EventBookmark
LevelDisplayName     : 情報
OpcodeDisplayName    : 情報
TaskDisplayName      : 
KeywordsDisplayNames : {}
Properties           : {System.Diagnostics.Eventing.Reader.EventProperty, System.Diagnostics.Eventing.Reader.EventProperty}

Message              : コンピューターの再起動が必要です。
Id                   : 10005
Version              : 0
Qualifiers           : 
Level                : 4
Task                 : 0
Opcode               : 0
Keywords             : -9223372036854775808
RecordId             : 27610
ProviderName         : Microsoft-Windows-RestartManager
ProviderId           : 0888e5ef-9b98-4695-979d-e92ce4247224
LogName              : Application
ProcessId            : 87864
ThreadId             : 59568
MachineName          : DESKTOP-HUU77M6
UserId               : S-1-5-18
TimeCreated          : 2026/04/17 金曜日 9:38:04
ActivityId           : 
RelatedActivityId    : 
ContainerLog         : Application
MatchedQueryIds      : {}
Bookmark             : System.Diagnostics.Eventing.Reader.EventBookmark
LevelDisplayName     : 情報
OpcodeDisplayName    : 情報
TaskDisplayName      : 
KeywordsDisplayNames : {}
Properties           : {System.Diagnostics.Eventing.Reader.EventProperty, System.Diagnostics.Eventing.Reader.EventProperty, System.Diagnostics.Eventing.Reader.EventProperty, System.Diagnostics.Eventing.Reader.EventProperty}

Message              : アプリケーション 'C:\Program Files (x86)\Razer\Synapse3\WPFUI\Framework\Razer Synapse 3 Host\CefSharp.BrowserSubprocess.exe' (pid 32568) を再起動できませんでした - Application SID does not match Conductor SID.。
Id                   : 10010
Version              : 0
Qualifiers           : 
Level                : 3
Task                 : 0
Opcode               : 0
Keywords             : -9223372036854775808
RecordId             : 27609
ProviderName         : Microsoft-Windows-RestartManager
ProviderId           : 0888e5ef-9b98-4695-979d-e92ce4247224
LogName              : Application
ProcessId            : 87864
ThreadId             : 59568
MachineName          : DESKTOP-HUU77M6
UserId               : S-1-5-18
TimeCreated          : 2026/04/17 金曜日 9:38:03
ActivityId           : 
RelatedActivityId    : 
ContainerLog         : Application
MatchedQueryIds      : {}
Bookmark             : System.Diagnostics.Eventing.Reader.EventBookmark
LevelDisplayName     : 警告
OpcodeDisplayName    : 情報
TaskDisplayName      : 
KeywordsDisplayNames : {}
Properties           : {System.Diagnostics.Eventing.Reader.EventProperty, System.Diagnostics.Eventing.Reader.EventProperty, System.Diagnostics.Eventing.Reader.EventProperty, System.Diagnostics.Eventing.Reader.EventProperty…}

Message              : アプリケーション 'C:\Program Files (x86)\Razer\Synapse3\WPFUI\Framework\Razer Synapse 3 Host\Razer Synapse 3.exe' (pid 29640) を再起動できませんでした - Application SID does not match Conductor SID.。
Id                   : 10010
Version              : 0
Qualifiers           : 
Level                : 3
Task                 : 0
Opcode               : 0
Keywords             : -9223372036854775808
RecordId             : 27608
ProviderName         : Microsoft-Windows-RestartManager
ProviderId           : 0888e5ef-9b98-4695-979d-e92ce4247224
LogName              : Application
ProcessId            : 87864
ThreadId             : 59568
MachineName          : DESKTOP-HUU77M6
UserId               : S-1-5-18
TimeCreated          : 2026/04/17 金曜日 9:38:03
ActivityId           : 
RelatedActivityId    : 
ContainerLog         : Application
MatchedQueryIds      : {}
Bookmark             : System.Diagnostics.Eventing.Reader.EventBookmark
LevelDisplayName     : 警告
OpcodeDisplayName    : 情報
TaskDisplayName      : 
KeywordsDisplayNames : {}
Properties           : {System.Diagnostics.Eventing.Reader.EventProperty, System.Diagnostics.Eventing.Reader.EventProperty, System.Diagnostics.Eventing.Reader.EventProperty, System.Diagnostics.Eventing.Reader.EventProperty…}

Message              : アプリケーション 'C:\Program Files (x86)\Razer\Razer Services\Razer Central\Razer Central.exe' (pid 28288) を再起動できませんでした - Application SID does not match Conductor SID.。
Id                   : 10010
Version              : 0
Qualifiers           : 
Level                : 3
Task                 : 0
Opcode               : 0
Keywords             : -9223372036854775808
RecordId             : 27607
ProviderName         : Microsoft-Windows-RestartManager
ProviderId           : 0888e5ef-9b98-4695-979d-e92ce4247224
LogName              : Application
ProcessId            : 87864
ThreadId             : 59568
MachineName          : DESKTOP-HUU77M6
UserId               : S-1-5-18
TimeCreated          : 2026/04/17 金曜日 9:38:03
ActivityId           : 
RelatedActivityId    : 
ContainerLog         : Application
MatchedQueryIds      : {}
Bookmark             : System.Diagnostics.Eventing.Reader.EventBookmark
LevelDisplayName     : 警告
OpcodeDisplayName    : 情報
TaskDisplayName      : 
KeywordsDisplayNames : {}
Properties           : {System.Diagnostics.Eventing.Reader.EventProperty, System.Diagnostics.Eventing.Reader.EventProperty, System.Diagnostics.Eventing.Reader.EventProperty, System.Diagnostics.Eventing.Reader.EventProperty…}

Message              : アプリケーション 'C:\Program Files (x86)\Razer\Synapse3\UserProcess\Razer Synapse Service Process.exe' (pid 26128) を再起動できませんでした - Application SID does not match Conductor SID.。
Id                   : 10010
Version              : 0
Qualifiers           : 
Level                : 3
Task                 : 0
Opcode               : 0
Keywords             : -9223372036854775808
RecordId             : 27606
ProviderName         : Microsoft-Windows-RestartManager
ProviderId           : 0888e5ef-9b98-4695-979d-e92ce4247224
LogName              : Application
ProcessId            : 87864
ThreadId             : 59568
MachineName          : DESKTOP-HUU77M6
UserId               : S-1-5-18
TimeCreated          : 2026/04/17 金曜日 9:38:03
ActivityId           : 
RelatedActivityId    : 
ContainerLog         : Application
MatchedQueryIds      : {}
Bookmark             : System.Diagnostics.Eventing.Reader.EventBookmark
LevelDisplayName     : 警告
OpcodeDisplayName    : 情報
TaskDisplayName      : 
KeywordsDisplayNames : {}
Properties           : {System.Diagnostics.Eventing.Reader.EventProperty, System.Diagnostics.Eventing.Reader.EventProperty, System.Diagnostics.Eventing.Reader.EventProperty, System.Diagnostics.Eventing.Reader.EventProperty…}

Message              : セッション 0 - ‎2026‎-‎04‎-‎17T00:38:02.544242100Z を起動しています。
Id                   : 10000
Version              : 0
Qualifiers           : 
Level                : 4
Task                 : 0
Opcode               : 0
Keywords             : -9223372036854775808
RecordId             : 27605
ProviderName         : Microsoft-Windows-RestartManager
ProviderId           : 0888e5ef-9b98-4695-979d-e92ce4247224
LogName              : Application
ProcessId            : 87864
ThreadId             : 59568
MachineName          : DESKTOP-HUU77M6
UserId               : S-1-5-18
TimeCreated          : 2026/04/17 金曜日 9:38:02
ActivityId           : 
RelatedActivityId    : 
ContainerLog         : Application
MatchedQueryIds      : {}
Bookmark             : System.Diagnostics.Eventing.Reader.EventBookmark
LevelDisplayName     : 情報
OpcodeDisplayName    : 情報
TaskDisplayName      : 
KeywordsDisplayNames : {}
Properties           : {System.Diagnostics.Eventing.Reader.EventProperty, System.Diagnostics.Eventing.Reader.EventProperty}

Message              : システムの復元に使用できる最近の復元ポイントがあるため、復元ポイントの作成 (プロセス = C:\WINDOWS\system32\svchost.exe -k netsvcs -p -s wuauserv; 説明 = Windows Update) をスキップしています。
Id                   : 8216
Version              : 0
Qualifiers           : 0
Level                : 4
Task                 : 0
Opcode               : 0
Keywords             : 36028797018963968
RecordId             : 27604
ProviderName         : System Restore
ProviderId           : 
LogName              : Application
ProcessId            : 82856
ThreadId             : 0
MachineName          : DESKTOP-HUU77M6
UserId               : 
TimeCreated          : 2026/04/17 金曜日 9:37:10
ActivityId           : 
RelatedActivityId    : 
ContainerLog         : Application
MatchedQueryIds      : {}
Bookmark             : System.Diagnostics.Eventing.Reader.EventBookmark
LevelDisplayName     : 情報
OpcodeDisplayName    : 情報
TaskDisplayName      : なし
KeywordsDisplayNames : {クラシック}
Properties           : {System.Diagnostics.Eventing.Reader.EventProperty, System.Diagnostics.Eventing.Reader.EventProperty, System.Diagnostics.Eventing.Reader.EventProperty}

Message              : セッション 0 を終了し、‎2026‎-‎04‎-‎17T00:35:45.075484900Z を起動しました。
Id                   : 10001
Version              : 0
Qualifiers           : 
Level                : 4
Task                 : 0
Opcode               : 0
Keywords             : -9223372036854775808
RecordId             : 27603
ProviderName         : Microsoft-Windows-RestartManager
ProviderId           : 0888e5ef-9b98-4695-979d-e92ce4247224
LogName              : Application
ProcessId            : 146232
ThreadId             : 271380
MachineName          : DESKTOP-HUU77M6
UserId               : S-1-5-18
TimeCreated          : 2026/04/17 金曜日 9:37:05
ActivityId           : 
RelatedActivityId    : 
ContainerLog         : Application
MatchedQueryIds      : {}
Bookmark             : System.Diagnostics.Eventing.Reader.EventBookmark
LevelDisplayName     : 情報
OpcodeDisplayName    : 情報
TaskDisplayName      : 
KeywordsDisplayNames : {}
Properties           : {System.Diagnostics.Eventing.Reader.EventProperty, System.Diagnostics.Eventing.Reader.EventProperty}

Message              : セッション 0 を終了し、‎2026‎-‎04‎-‎17T00:35:45.056998500Z を起動しました。
Id                   : 10001
Version              : 0
Qualifiers           : 
Level                : 4
Task                 : 0
Opcode               : 0
Keywords             : -9223372036854775808
RecordId             : 27602
ProviderName         : Microsoft-Windows-RestartManager
ProviderId           : 0888e5ef-9b98-4695-979d-e92ce4247224
LogName              : Application
ProcessId            : 94916
ThreadId             : 192268
MachineName          : DESKTOP-HUU77M6
UserId               : S-1-5-18
TimeCreated          : 2026/04/17 金曜日 9:37:05
ActivityId           : 
RelatedActivityId    : 
ContainerLog         : Application
MatchedQueryIds      : {}
Bookmark             : System.Diagnostics.Eventing.Reader.EventBookmark
LevelDisplayName     : 情報
OpcodeDisplayName    : 情報
TaskDisplayName      : 
KeywordsDisplayNames : {}
Properties           : {System.Diagnostics.Eventing.Reader.EventProperty, System.Diagnostics.Eventing.Reader.EventProperty}

Message              : セッション 0 を終了し、‎2026‎-‎04‎-‎17T00:35:54.205541600Z を起動しました。
Id                   : 10001
Version              : 0
Qualifiers           : 
Level                : 4
Task                 : 0
Opcode               : 0
Keywords             : -9223372036854775808
RecordId             : 27601
ProviderName         : Microsoft-Windows-RestartManager
ProviderId           : 0888e5ef-9b98-4695-979d-e92ce4247224
LogName              : Application
ProcessId            : 146232
ThreadId             : 271380
MachineName          : DESKTOP-HUU77M6
UserId               : S-1-5-18
TimeCreated          : 2026/04/17 金曜日 9:35:54
ActivityId           : 
RelatedActivityId    : 
ContainerLog         : Application
MatchedQueryIds      : {}
Bookmark             : System.Diagnostics.Eventing.Reader.EventBookmark
LevelDisplayName     : 情報
OpcodeDisplayName    : 情報
TaskDisplayName      : 
KeywordsDisplayNames : {}
Properties           : {System.Diagnostics.Eventing.Reader.EventProperty, System.Diagnostics.Eventing.Reader.EventProperty}

Message              : セッション 0 を終了し、‎2026‎-‎04‎-‎17T00:35:54.205541600Z を起動しました。
Id                   : 10001
Version              : 0
Qualifiers           : 
Level                : 4
Task                 : 0
Opcode               : 0
Keywords             : -9223372036854775808
RecordId             : 27600
ProviderName         : Microsoft-Windows-RestartManager
ProviderId           : 0888e5ef-9b98-4695-979d-e92ce4247224
LogName              : Application
ProcessId            : 94916
ThreadId             : 127820
MachineName          : DESKTOP-HUU77M6
UserId               : S-1-5-18
TimeCreated          : 2026/04/17 金曜日 9:35:54
ActivityId           : 
RelatedActivityId    : 
ContainerLog         : Application
MatchedQueryIds      : {}
Bookmark             : System.Diagnostics.Eventing.Reader.EventBookmark
LevelDisplayName     : 情報
OpcodeDisplayName    : 情報
TaskDisplayName      : 
KeywordsDisplayNames : {}
Properties           : {System.Diagnostics.Eventing.Reader.EventProperty, System.Diagnostics.Eventing.Reader.EventProperty}

Message              : セッション 0 - ‎2026‎-‎04‎-‎17T00:35:54.205541600Z を起動しています。
Id                   : 10000
Version              : 0
Qualifiers           : 
Level                : 4
Task                 : 0
Opcode               : 0
Keywords             : -9223372036854775808
RecordId             : 27599
ProviderName         : Microsoft-Windows-RestartManager
ProviderId           : 0888e5ef-9b98-4695-979d-e92ce4247224
LogName              : Application
ProcessId            : 146232
ThreadId             : 271380
MachineName          : DESKTOP-HUU77M6
UserId               : S-1-5-18
TimeCreated          : 2026/04/17 金曜日 9:35:54
ActivityId           : 
RelatedActivityId    : 
ContainerLog         : Application
MatchedQueryIds      : {}
Bookmark             : System.Diagnostics.Eventing.Reader.EventBookmark
LevelDisplayName     : 情報
OpcodeDisplayName    : 情報
TaskDisplayName      : 
KeywordsDisplayNames : {}
Properties           : {System.Diagnostics.Eventing.Reader.EventProperty, System.Diagnostics.Eventing.Reader.EventProperty}

Message              : セッション 0 - ‎2026‎-‎04‎-‎17T00:35:54.205541600Z を起動しています。
Id                   : 10000
Version              : 0
Qualifiers           : 
Level                : 4
Task                 : 0
Opcode               : 0
Keywords             : -9223372036854775808
RecordId             : 27598
ProviderName         : Microsoft-Windows-RestartManager
ProviderId           : 0888e5ef-9b98-4695-979d-e92ce4247224
LogName              : Application
ProcessId            : 94916
ThreadId             : 71196
MachineName          : DESKTOP-HUU77M6
UserId               : S-1-5-18
TimeCreated          : 2026/04/17 金曜日 9:35:54
ActivityId           : 
RelatedActivityId    : 
ContainerLog         : Application
MatchedQueryIds      : {}
Bookmark             : System.Diagnostics.Eventing.Reader.EventBookmark
LevelDisplayName     : 情報
OpcodeDisplayName    : 情報
TaskDisplayName      : 
KeywordsDisplayNames : {}
Properties           : {System.Diagnostics.Eventing.Reader.EventProperty, System.Diagnostics.Eventing.Reader.EventProperty}

Message              : セッション 0 - ‎2026‎-‎04‎-‎17T00:35:45.075484900Z を起動しています。
Id                   : 10000
Version              : 0
Qualifiers           : 
Level                : 4
Task                 : 0
Opcode               : 0
Keywords             : -9223372036854775808
RecordId             : 27597
ProviderName         : Microsoft-Windows-RestartManager
ProviderId           : 0888e5ef-9b98-4695-979d-e92ce4247224
LogName              : Application
ProcessId            : 146232
ThreadId             : 271380
MachineName          : DESKTOP-HUU77M6
UserId               : S-1-5-18
TimeCreated          : 2026/04/17 金曜日 9:35:45
ActivityId           : 
RelatedActivityId    : 
ContainerLog         : Application
MatchedQueryIds      : {}
Bookmark             : System.Diagnostics.Eventing.Reader.EventBookmark
LevelDisplayName     : 情報
OpcodeDisplayName    : 情報
TaskDisplayName      : 
KeywordsDisplayNames : {}
Properties           : {System.Diagnostics.Eventing.Reader.EventProperty, System.Diagnostics.Eventing.Reader.EventProperty}

Message              : セッション 0 - ‎2026‎-‎04‎-‎17T00:35:45.056998500Z を起動しています。
Id                   : 10000
Version              : 0
Qualifiers           : 
Level                : 4
Task                 : 0
Opcode               : 0
Keywords             : -9223372036854775808
RecordId             : 27596
ProviderName         : Microsoft-Windows-RestartManager
ProviderId           : 0888e5ef-9b98-4695-979d-e92ce4247224
LogName              : Application
ProcessId            : 94916
ThreadId             : 203740
MachineName          : DESKTOP-HUU77M6
UserId               : S-1-5-18
TimeCreated          : 2026/04/17 金曜日 9:35:45
ActivityId           : 
RelatedActivityId    : 
ContainerLog         : Application
MatchedQueryIds      : {}
Bookmark             : System.Diagnostics.Eventing.Reader.EventBookmark
LevelDisplayName     : 情報
OpcodeDisplayName    : 情報
TaskDisplayName      : 
KeywordsDisplayNames : {}
Properties           : {System.Diagnostics.Eventing.Reader.EventProperty, System.Diagnostics.Eventing.Reader.EventProperty}

Message              : システムの復元に使用できる最近の復元ポイントがあるため、復元ポイントの作成 (プロセス = C:\WINDOWS\system32\svchost.exe -k netsvcs -p -s wuauserv; 説明 = Windows Update) をスキップしています。
Id                   : 8216
Version              : 0
Qualifiers           : 0
Level                : 4
Task                 : 0
Opcode               : 0
Keywords             : 36028797018963968
RecordId             : 27595
ProviderName         : System Restore
ProviderId           : 
LogName              : Application
ProcessId            : 82856
ThreadId             : 0
MachineName          : DESKTOP-HUU77M6
UserId               : 
TimeCreated          : 2026/04/17 金曜日 9:35:28
ActivityId           : 
RelatedActivityId    : 
ContainerLog         : Application
MatchedQueryIds      : {}
Bookmark             : System.Diagnostics.Eventing.Reader.EventBookmark
LevelDisplayName     : 情報
OpcodeDisplayName    : 情報
TaskDisplayName      : なし
KeywordsDisplayNames : {クラシック}
Properties           : {System.Diagnostics.Eventing.Reader.EventProperty, System.Diagnostics.Eventing.Reader.EventProperty, System.Diagnostics.Eventing.Reader.EventProperty}

Message              : セッション 0 を終了し、‎2026‎-‎04‎-‎17T00:33:19.081203900Z を起動しました。
Id                   : 10001
Version              : 0
Qualifiers           : 
Level                : 4
Task                 : 0
Opcode               : 0
Keywords             : -9223372036854775808
RecordId             : 27594
ProviderName         : Microsoft-Windows-RestartManager
ProviderId           : 0888e5ef-9b98-4695-979d-e92ce4247224
LogName              : Application
ProcessId            : 125748
ThreadId             : 52084
MachineName          : DESKTOP-HUU77M6
UserId               : S-1-5-18
TimeCreated          : 2026/04/17 金曜日 9:35:23
ActivityId           : 
RelatedActivityId    : 
ContainerLog         : Application
MatchedQueryIds      : {}
Bookmark             : System.Diagnostics.Eventing.Reader.EventBookmark
LevelDisplayName     : 情報
OpcodeDisplayName    : 情報
TaskDisplayName      : 
KeywordsDisplayNames : {}
Properties           : {System.Diagnostics.Eventing.Reader.EventProperty, System.Diagnostics.Eventing.Reader.EventProperty}

Message              : セッション 0 を終了し、‎2026‎-‎04‎-‎17T00:33:19.059511700Z を起動しました。
Id                   : 10001
Version              : 0
Qualifiers           : 
Level                : 4
Task                 : 0
Opcode               : 0
Keywords             : -9223372036854775808
RecordId             : 27593
ProviderName         : Microsoft-Windows-RestartManager
ProviderId           : 0888e5ef-9b98-4695-979d-e92ce4247224
LogName              : Application
ProcessId            : 265628
ThreadId             : 173620
MachineName          : DESKTOP-HUU77M6
UserId               : S-1-5-18
TimeCreated          : 2026/04/17 金曜日 9:35:23
ActivityId           : 
RelatedActivityId    : 
ContainerLog         : Application
MatchedQueryIds      : {}
Bookmark             : System.Diagnostics.Eventing.Reader.EventBookmark
LevelDisplayName     : 情報
OpcodeDisplayName    : 情報
TaskDisplayName      : 
KeywordsDisplayNames : {}
Properties           : {System.Diagnostics.Eventing.Reader.EventProperty, System.Diagnostics.Eventing.Reader.EventProperty}

Message              : セッション 0 を終了し、‎2026‎-‎04‎-‎17T00:33:29.986990800Z を起動しました。
Id                   : 10001
Version              : 0
Qualifiers           : 
Level                : 4
Task                 : 0
Opcode               : 0
Keywords             : -9223372036854775808
RecordId             : 27592
ProviderName         : Microsoft-Windows-RestartManager
ProviderId           : 0888e5ef-9b98-4695-979d-e92ce4247224
LogName              : Application
ProcessId            : 125748
ThreadId             : 52084
MachineName          : DESKTOP-HUU77M6
UserId               : S-1-5-18
TimeCreated          : 2026/04/17 金曜日 9:33:30
ActivityId           : 
RelatedActivityId    : 
ContainerLog         : Application
MatchedQueryIds      : {}
Bookmark             : System.Diagnostics.Eventing.Reader.EventBookmark
LevelDisplayName     : 情報
OpcodeDisplayName    : 情報
TaskDisplayName      : 
KeywordsDisplayNames : {}
Properties           : {System.Diagnostics.Eventing.Reader.EventProperty, System.Diagnostics.Eventing.Reader.EventProperty}

Message              : セッション 0 を終了し、‎2026‎-‎04‎-‎17T00:33:29.985990800Z を起動しました。
Id                   : 10001
Version              : 0
Qualifiers           : 
Level                : 4
Task                 : 0
Opcode               : 0
Keywords             : -9223372036854775808
RecordId             : 27591
ProviderName         : Microsoft-Windows-RestartManager
ProviderId           : 0888e5ef-9b98-4695-979d-e92ce4247224
LogName              : Application
ProcessId            : 265628
ThreadId             : 70720
MachineName          : DESKTOP-HUU77M6
UserId               : S-1-5-18
TimeCreated          : 2026/04/17 金曜日 9:33:30
ActivityId           : 
RelatedActivityId    : 
ContainerLog         : Application
MatchedQueryIds      : {}
Bookmark             : System.Diagnostics.Eventing.Reader.EventBookmark
LevelDisplayName     : 情報
OpcodeDisplayName    : 情報
TaskDisplayName      : 
KeywordsDisplayNames : {}
Properties           : {System.Diagnostics.Eventing.Reader.EventProperty, System.Diagnostics.Eventing.Reader.EventProperty}

Message              : セッション 0 - ‎2026‎-‎04‎-‎17T00:33:29.986990800Z を起動しています。
Id                   : 10000
Version              : 0
Qualifiers           : 
Level                : 4
Task                 : 0
Opcode               : 0
Keywords             : -9223372036854775808
RecordId             : 27590
ProviderName         : Microsoft-Windows-RestartManager
ProviderId           : 0888e5ef-9b98-4695-979d-e92ce4247224
LogName              : Application
ProcessId            : 125748
ThreadId             : 52084
MachineName          : DESKTOP-HUU77M6
UserId               : S-1-5-18
TimeCreated          : 2026/04/17 金曜日 9:33:29
ActivityId           : 
RelatedActivityId    : 
ContainerLog         : Application
MatchedQueryIds      : {}
Bookmark             : System.Diagnostics.Eventing.Reader.EventBookmark
LevelDisplayName     : 情報
OpcodeDisplayName    : 情報
TaskDisplayName      : 
KeywordsDisplayNames : {}
Properties           : {System.Diagnostics.Eventing.Reader.EventProperty, System.Diagnostics.Eventing.Reader.EventProperty}

Message              : セッション 0 - ‎2026‎-‎04‎-‎17T00:33:29.985990800Z を起動しています。
Id                   : 10000
Version              : 0
Qualifiers           : 
Level                : 4
Task                 : 0
Opcode               : 0
Keywords             : -9223372036854775808
RecordId             : 27589
ProviderName         : Microsoft-Windows-RestartManager
ProviderId           : 0888e5ef-9b98-4695-979d-e92ce4247224
LogName              : Application
ProcessId            : 265628
ThreadId             : 131140
MachineName          : DESKTOP-HUU77M6
UserId               : S-1-5-18
TimeCreated          : 2026/04/17 金曜日 9:33:29
ActivityId           : 
RelatedActivityId    : 
ContainerLog         : Application
MatchedQueryIds      : {}
Bookmark             : System.Diagnostics.Eventing.Reader.EventBookmark
LevelDisplayName     : 情報
OpcodeDisplayName    : 情報
TaskDisplayName      : 
KeywordsDisplayNames : {}
Properties           : {System.Diagnostics.Eventing.Reader.EventProperty, System.Diagnostics.Eventing.Reader.EventProperty}

Message              : セッション 0 を終了し、‎2026‎-‎04‎-‎17T00:33:29.593613000Z を起動しました。
Id                   : 10001
Version              : 0
Qualifiers           : 
Level                : 4
Task                 : 0
Opcode               : 0
Keywords             : -9223372036854775808
RecordId             : 27588
ProviderName         : Microsoft-Windows-RestartManager
ProviderId           : 0888e5ef-9b98-4695-979d-e92ce4247224
LogName              : Application
ProcessId            : 125748
ThreadId             : 52084
MachineName          : DESKTOP-HUU77M6
UserId               : S-1-5-18
TimeCreated          : 2026/04/17 金曜日 9:33:29
ActivityId           : 
RelatedActivityId    : 
ContainerLog         : Application
MatchedQueryIds      : {}
Bookmark             : System.Diagnostics.Eventing.Reader.EventBookmark
LevelDisplayName     : 情報
OpcodeDisplayName    : 情報
TaskDisplayName      : 
KeywordsDisplayNames : {}
Properties           : {System.Diagnostics.Eventing.Reader.EventProperty, System.Diagnostics.Eventing.Reader.EventProperty}

Message              : セッション 0 を終了し、‎2026‎-‎04‎-‎17T00:33:29.592612600Z を起動しました。
Id                   : 10001
Version              : 0
Qualifiers           : 
Level                : 4
Task                 : 0
Opcode               : 0
Keywords             : -9223372036854775808
RecordId             : 27587
ProviderName         : Microsoft-Windows-RestartManager
ProviderId           : 0888e5ef-9b98-4695-979d-e92ce4247224
LogName              : Application
ProcessId            : 265628
ThreadId             : 113088
MachineName          : DESKTOP-HUU77M6
UserId               : S-1-5-18
TimeCreated          : 2026/04/17 金曜日 9:33:29
ActivityId           : 
RelatedActivityId    : 
ContainerLog         : Application
MatchedQueryIds      : {}
Bookmark             : System.Diagnostics.Eventing.Reader.EventBookmark
LevelDisplayName     : 情報
OpcodeDisplayName    : 情報
TaskDisplayName      : 
KeywordsDisplayNames : {}
Properties           : {System.Diagnostics.Eventing.Reader.EventProperty, System.Diagnostics.Eventing.Reader.EventProperty}

Message              : セッション 0 - ‎2026‎-‎04‎-‎17T00:33:29.593613000Z を起動しています。
Id                   : 10000
Version              : 0
Qualifiers           : 
Level                : 4
Task                 : 0
Opcode               : 0
Keywords             : -9223372036854775808
RecordId             : 27586
ProviderName         : Microsoft-Windows-RestartManager
ProviderId           : 0888e5ef-9b98-4695-979d-e92ce4247224
LogName              : Application
ProcessId            : 125748
ThreadId             : 52084
MachineName          : DESKTOP-HUU77M6
UserId               : S-1-5-18
TimeCreated          : 2026/04/17 金曜日 9:33:29
ActivityId           : 
RelatedActivityId    : 
ContainerLog         : Application
MatchedQueryIds      : {}
Bookmark             : System.Diagnostics.Eventing.Reader.EventBookmark
LevelDisplayName     : 情報
OpcodeDisplayName    : 情報
TaskDisplayName      : 
KeywordsDisplayNames : {}
Properties           : {System.Diagnostics.Eventing.Reader.EventProperty, System.Diagnostics.Eventing.Reader.EventProperty}


